#
# There is insufficient memory for the Java Runtime Environment to continue.
# Native memory allocation (mmap) failed to map 102236160 bytes for committing reserved memory.
# Possible reasons:
#   The system is out of physical RAM or swap space
#   In 32 bit mode, the process size limit was hit
# Possible solutions:
#   Reduce memory load on the system
#   Increase physical memory or swap space
#   Check if swap backing store is full
#   Use 64 bit Java on a 64 bit OS
#   Decrease Java heap size (-Xmx/-Xms)
#   Decrease number of Java threads
#   Decrease Java thread stack sizes (-Xss)
#   Set larger code cache with -XX:ReservedCodeCacheSize=
# This output file may be truncated or incomplete.
#
#  Out of Memory Error (os_linux.cpp:2640), pid=14863, tid=0x00007fa12e9f1700
#
# JRE version: Java(TM) SE Runtime Environment (8.0_161-b12) (build 1.8.0_161-b12)
# Java VM: Java HotSpot(TM) 64-Bit Server VM (25.161-b12 mixed mode linux-amd64 compressed oops)
# Failed to write core dump. Core dumps have been disabled. To enable core dumping, try "ulimit -c unlimited" before starting Java again
#

---------------  T H R E A D  ---------------

Current thread (0x00007fa15407c000):  VMThread [stack: 0x00007fa12e8f1000,0x00007fa12e9f2000] [id=14874]

Stack: [0x00007fa12e8f1000,0x00007fa12e9f2000],  sp=0x00007fa12e9f01a0,  free space=1020k
Native frames: (J=compiled Java code, j=interpreted, Vv=VM code, C=native code)
V  [libjvm.so+0xacf94a]  VMError::report_and_die()+0x2ba
V  [libjvm.so+0x50050b]  report_vm_out_of_memory(char const*, int, unsigned long, VMErrorType, char const*)+0x8b
V  [libjvm.so+0x92b133]  os::Linux::commit_memory_impl(char*, unsigned long, bool)+0x103
V  [libjvm.so+0x92b5c9]  os::pd_commit_memory(char*, unsigned long, unsigned long, bool)+0x29
V  [libjvm.so+0x924c0a]  os::commit_memory(char*, unsigned long, unsigned long, bool)+0x2a
V  [libjvm.so+0x99ab53]  PSVirtualSpace::expand_by(unsigned long)+0x53
V  [libjvm.so+0x99bf58]  PSYoungGen::resize_generation(unsigned long, unsigned long)+0xf8
V  [libjvm.so+0x99b0b2]  PSYoungGen::resize(unsigned long, unsigned long)+0x22
V  [libjvm.so+0x99838b]  PSScavenge::invoke_no_policy()+0xf3b
V  [libjvm.so+0x998b11]  PSScavenge::invoke()+0x41
V  [libjvm.so+0x94f5a0]  ParallelScavengeHeap::failed_mem_allocate(unsigned long)+0x70
V  [libjvm.so+0xad13c7]  VM_ParallelGCFailedAllocation::doit()+0x97
V  [libjvm.so+0xad8ed5]  VM_Operation::evaluate()+0x55
V  [libjvm.so+0xad729a]  VMThread::evaluate_operation(VM_Operation*)+0xba
V  [libjvm.so+0xad761e]  VMThread::loop()+0x1ce
V  [libjvm.so+0xad7a90]  VMThread::run()+0x70
V  [libjvm.so+0x92da28]  java_start(Thread*)+0x108

VM_Operation (0x00007fa10c7facb0): ParallelGCFailedAllocation, mode: safepoint, requested by thread 0x00007fa0ec7a3000


---------------  P R O C E S S  ---------------

Java Threads: ( => current thread )
  0x00007fa0e006e000 JavaThread "Tomcat JDBC Pool Cleaner[1984697014:1560853227862]" daemon [_thread_blocked, id=15165, stack(0x00007fa12cbb8000,0x00007fa12ccb9000)]
  0x00007fa15400e000 JavaThread "DestroyJavaVM" [_thread_blocked, id=14865, stack(0x00007fa15b09f000,0x00007fa15b1a0000)]
  0x00007fa0ec8e8800 JavaThread "http-nio-8082-AsyncTimeout" daemon [_thread_blocked, id=14915, stack(0x00007fa0cb2f3000,0x00007fa0cb3f4000)]
  0x00007fa0ec8e7000 JavaThread "http-nio-8082-Acceptor-0" daemon [_thread_in_native, id=14914, stack(0x00007fa0cb3f4000,0x00007fa0cb4f5000)]
  0x00007fa0ec8e4800 JavaThread "http-nio-8082-ClientPoller-1" daemon [_thread_blocked, id=14913, stack(0x00007fa0cb4f5000,0x00007fa0cb5f6000)]
  0x00007fa0ec8ca000 JavaThread "http-nio-8082-ClientPoller-0" daemon [_thread_blocked, id=14912, stack(0x00007fa0cb5f6000,0x00007fa0cb6f7000)]
  0x00007fa0ec8ae000 JavaThread "http-nio-8082-exec-10" daemon [_thread_blocked, id=14911, stack(0x00007fa0cb6f7000,0x00007fa0cb7f8000)]
  0x00007fa0ec8ac000 JavaThread "http-nio-8082-exec-9" daemon [_thread_blocked, id=14910, stack(0x00007fa0cb7f8000,0x00007fa0cb8f9000)]
  0x00007fa0ec8aa000 JavaThread "http-nio-8082-exec-8" daemon [_thread_blocked, id=14909, stack(0x00007fa0cb8f9000,0x00007fa0cb9fa000)]
  0x00007fa0ec8a8000 JavaThread "http-nio-8082-exec-7" daemon [_thread_blocked, id=14908, stack(0x00007fa0cb9fa000,0x00007fa0cbafb000)]
  0x00007fa0ec8a6800 JavaThread "http-nio-8082-exec-6" daemon [_thread_blocked, id=14907, stack(0x00007fa0cbafb000,0x00007fa0cbbfc000)]
  0x00007fa0ec8a4800 JavaThread "http-nio-8082-exec-5" daemon [_thread_blocked, id=14906, stack(0x00007fa0cbbfc000,0x00007fa0cbcfd000)]
  0x00007fa0ec8a2800 JavaThread "http-nio-8082-exec-4" daemon [_thread_blocked, id=14905, stack(0x00007fa0cbcfd000,0x00007fa0cbdfe000)]
  0x00007fa0ec8a0800 JavaThread "http-nio-8082-exec-3" daemon [_thread_blocked, id=14904, stack(0x00007fa0cbdfe000,0x00007fa0cbeff000)]
  0x00007fa0ec89e800 JavaThread "http-nio-8082-exec-2" daemon [_thread_blocked, id=14903, stack(0x00007fa0cbeff000,0x00007fa0cc000000)]
  0x00007fa0ec89d000 JavaThread "http-nio-8082-exec-1" daemon [_thread_blocked, id=14902, stack(0x00007fa10c0f8000,0x00007fa10c1f9000)]
  0x00007fa0ec898800 JavaThread "NioBlockingSelector.BlockPoller-1" daemon [_thread_blocked, id=14901, stack(0x00007fa10c1f9000,0x00007fa10c2fa000)]
  0x00007fa0ec871800 JavaThread "File Watcher" daemon [_thread_blocked, id=14900, stack(0x00007fa10c2fa000,0x00007fa10c3fb000)]
  0x00007fa0e0025000 JavaThread "kafka-coordinator-heartbeat-thread | egov-infra-persist" daemon [_thread_blocked, id=14897, stack(0x00007fa10c5fb000,0x00007fa10c6fc000)]
  0x00007fa0ec7a3000 JavaThread "container-C-1" [_thread_blocked, id=14896, stack(0x00007fa10c6fc000,0x00007fa10c7fd000)]
  0x00007fa0ec69b000 JavaThread "container-0" [_thread_blocked, id=14893, stack(0x00007fa10cbfd000,0x00007fa10ccfe000)]
  0x00007fa0ec698800 JavaThread "ContainerBackgroundProcessor[StandardEngine[Tomcat]]" daemon [_thread_blocked, id=14892, stack(0x00007fa10ccfe000,0x00007fa10cdff000)]
  0x00007fa154492000 JavaThread "RMI TCP Accept-0" daemon [_thread_in_native, id=14884, stack(0x00007fa12d42d000,0x00007fa12d52e000)]
  0x00007fa154476000 JavaThread "RMI TCP Accept-42563" daemon [_thread_in_native, id=14883, stack(0x00007fa12d52e000,0x00007fa12d62f000)]
  0x00007fa154461800 JavaThread "RMI TCP Accept-0" daemon [_thread_in_native, id=14882, stack(0x00007fa12d62f000,0x00007fa12d730000)]
  0x00007fa1540c4800 JavaThread "Service Thread" daemon [_thread_blocked, id=14881, stack(0x00007fa12df12000,0x00007fa12e013000)]
  0x00007fa1540c1800 JavaThread "C1 CompilerThread2" daemon [_thread_blocked, id=14880, stack(0x00007fa12e013000,0x00007fa12e114000)]
  0x00007fa1540bf800 JavaThread "C2 CompilerThread1" daemon [_thread_blocked, id=14879, stack(0x00007fa12e114000,0x00007fa12e215000)]
  0x00007fa1540bc800 JavaThread "C2 CompilerThread0" daemon [_thread_blocked, id=14878, stack(0x00007fa12e215000,0x00007fa12e316000)]
  0x00007fa1540bb000 JavaThread "Signal Dispatcher" daemon [_thread_blocked, id=14877, stack(0x00007fa12e316000,0x00007fa12e417000)]
  0x00007fa154088000 JavaThread "Finalizer" daemon [_thread_blocked, id=14876, stack(0x00007fa12e6ef000,0x00007fa12e7f0000)]
  0x00007fa154083800 JavaThread "Reference Handler" daemon [_thread_blocked, id=14875, stack(0x00007fa12e7f0000,0x00007fa12e8f1000)]

Other Threads:
=>0x00007fa15407c000 VMThread [stack: 0x00007fa12e8f1000,0x00007fa12e9f2000] [id=14874]
  0x00007fa154497000 WatcherThread [stack: 0x00007fa12d32c000,0x00007fa12d42d000] [id=14885]

VM state:at safepoint (normal execution)

VM Mutex/Monitor currently owned by a thread:  ([mutex/lock_event])
[0x00007fa15400a550] Threads_lock - owner thread: 0x00007fa15407c000
[0x00007fa15400aa50] Heap_lock - owner thread: 0x00007fa0ec7a3000

Heap:
 PSYoungGen      total 315904K, used 1150K [0x00000000d8500000, 0x00000000ee480000, 0x0000000100000000)
  eden space 299008K, 0% used [0x00000000d8500000,0x00000000d8500000,0x00000000ea900000)
  from space 16896K, 6% used [0x00000000ea900000,0x00000000eaa1fa50,0x00000000eb980000)
  to   space 17920K, 0% used [0x00000000eb980000,0x00000000eb980000,0x00000000ecb00000)
 ParOldGen       total 80384K, used 24518K [0x0000000088e00000, 0x000000008dc80000, 0x00000000d8500000)
  object space 80384K, 30% used [0x0000000088e00000,0x000000008a5f1b48,0x000000008dc80000)
 Metaspace       used 36389K, capacity 36786K, committed 37208K, reserved 1081344K
  class space    used 4669K, capacity 4798K, committed 4864K, reserved 1048576K

Card table byte_map: [0x00007fa144886000,0x00007fa144c40000] byte_map_base: 0x00007fa14443f000

Marking Bits: (ParMarkBitMap*) 0x00007fa15a570920
 Begin Bits: [0x00007fa13c470000, 0x00007fa13e238000)
 End Bits:   [0x00007fa13e238000, 0x00007fa140000000)

Polling page: 0x00007fa15b1c3000

CodeCache: size=245760Kb used=8827Kb max_used=8827Kb free=236932Kb
 bounds [0x00007fa145000000, 0x00007fa1458b0000, 0x00007fa154000000]
 total_blobs=4805 nmethods=4318 adapters=400
 compilation: enabled

Compilation events (10 events):
Event: 335.491 Thread 0x00007fa1540c1800 4383       1       org.apache.tomcat.jdbc.pool.ConnectionPool::getPoolProperties (5 bytes)
Event: 335.491 Thread 0x00007fa1540c1800 nmethod 4383 0x00007fa14589f910 code [0x00007fa14589fa60, 0x00007fa14589fb70]
Event: 385.096 Thread 0x00007fa1540c1800 4384       1       org.apache.kafka.clients.consumer.internals.AbstractCoordinator::access$700 (5 bytes)
Event: 385.096 Thread 0x00007fa1540c1800 nmethod 4384 0x00007fa14589fbd0 code [0x00007fa14589fd20, 0x00007fa14589fe10]
Event: 391.115 Thread 0x00007fa1540c1800 4385       1       org.apache.kafka.common.requests.HeartbeatResponse::errorCode (5 bytes)
Event: 391.115 Thread 0x00007fa1540c1800 nmethod 4385 0x00007fa14589fe90 code [0x00007fa14589ffe0, 0x00007fa1458a00f0]
Event: 483.459 Thread 0x00007fa1540c1800 4387       1       org.apache.catalina.webresources.CachedResource::getNextCheck (5 bytes)
Event: 483.459 Thread 0x00007fa1540c1800 nmethod 4387 0x00007fa1458a0150 code [0x00007fa1458a02a0, 0x00007fa1458a03b0]
Event: 483.459 Thread 0x00007fa1540c1800 4386       1       org.apache.catalina.valves.ValveBase::getNext (5 bytes)
Event: 483.459 Thread 0x00007fa1540c1800 nmethod 4386 0x00007fa1458a0410 code [0x00007fa1458a0560, 0x00007fa1458a0670]

GC Heap History (10 events):
Event: 2.308 GC heap after
Heap after GC invocations=8 (full 1):
 PSYoungGen      total 132096K, used 0K [0x00000000d8500000, 0x00000000e8600000, 0x0000000100000000)
  eden space 121856K, 0% used [0x00000000d8500000,0x00000000d8500000,0x00000000dfc00000)
  from space 10240K, 0% used [0x00000000dfc00000,0x00000000dfc00000,0x00000000e0600000)
  to   space 9728K, 0% used [0x00000000e7c80000,0x00000000e7c80000,0x00000000e8600000)
 ParOldGen       total 49152K, used 7945K [0x0000000088e00000, 0x000000008be00000, 0x00000000d8500000)
  object space 49152K, 16% used [0x0000000088e00000,0x00000000895c2538,0x000000008be00000)
 Metaspace       used 20871K, capacity 21172K, committed 21248K, reserved 1067008K
  class space    used 2671K, capacity 2755K, committed 2816K, reserved 1048576K
}
Event: 3.401 GC heap before
{Heap before GC invocations=9 (full 1):
 PSYoungGen      total 132096K, used 121856K [0x00000000d8500000, 0x00000000e8600000, 0x0000000100000000)
  eden space 121856K, 100% used [0x00000000d8500000,0x00000000dfc00000,0x00000000dfc00000)
  from space 10240K, 0% used [0x00000000dfc00000,0x00000000dfc00000,0x00000000e0600000)
  to   space 9728K, 0% used [0x00000000e7c80000,0x00000000e7c80000,0x00000000e8600000)
 ParOldGen       total 49152K, used 7945K [0x0000000088e00000, 0x000000008be00000, 0x00000000d8500000)
  object space 49152K, 16% used [0x0000000088e00000,0x00000000895c2538,0x000000008be00000)
 Metaspace       used 27205K, capacity 27586K, committed 27776K, reserved 1073152K
  class space    used 3495K, capacity 3600K, committed 3712K, reserved 1048576K
Event: 3.411 GC heap after
Heap after GC invocations=9 (full 1):
 PSYoungGen      total 220672K, used 9701K [0x00000000d8500000, 0x00000000e8600000, 0x0000000100000000)
  eden space 210944K, 0% used [0x00000000d8500000,0x00000000d8500000,0x00000000e5300000)
  from space 9728K, 99% used [0x00000000e7c80000,0x00000000e85f9528,0x00000000e8600000)
  to   space 12800K, 0% used [0x00000000e6d00000,0x00000000e6d00000,0x00000000e7980000)
 ParOldGen       total 49152K, used 11556K [0x0000000088e00000, 0x000000008be00000, 0x00000000d8500000)
  object space 49152K, 23% used [0x0000000088e00000,0x00000000899491b0,0x000000008be00000)
 Metaspace       used 27205K, capacity 27586K, committed 27776K, reserved 1073152K
  class space    used 3495K, capacity 3600K, committed 3712K, reserved 1048576K
}
Event: 6.484 GC heap before
{Heap before GC invocations=10 (full 1):
 PSYoungGen      total 220672K, used 220645K [0x00000000d8500000, 0x00000000e8600000, 0x0000000100000000)
  eden space 210944K, 100% used [0x00000000d8500000,0x00000000e5300000,0x00000000e5300000)
  from space 9728K, 99% used [0x00000000e7c80000,0x00000000e85f9528,0x00000000e8600000)
  to   space 12800K, 0% used [0x00000000e6d00000,0x00000000e6d00000,0x00000000e7980000)
 ParOldGen       total 49152K, used 11556K [0x0000000088e00000, 0x000000008be00000, 0x00000000d8500000)
  object space 49152K, 23% used [0x0000000088e00000,0x00000000899491b0,0x000000008be00000)
 Metaspace       used 32944K, capacity 33406K, committed 33664K, reserved 1079296K
  class space    used 4274K, capacity 4416K, committed 4480K, reserved 1048576K
Event: 6.507 GC heap after
Heap after GC invocations=10 (full 1):
 PSYoungGen      total 250368K, used 12792K [0x00000000d8500000, 0x00000000ecb00000, 0x0000000100000000)
  eden space 237568K, 0% used [0x00000000d8500000,0x00000000d8500000,0x00000000e6d00000)
  from space 12800K, 99% used [0x00000000e6d00000,0x00000000e797e040,0x00000000e7980000)
  to   space 17920K, 0% used [0x00000000eb980000,0x00000000eb980000,0x00000000ecb00000)
 ParOldGen       total 49152K, used 20100K [0x0000000088e00000, 0x000000008be00000, 0x00000000d8500000)
  object space 49152K, 40% used [0x0000000088e00000,0x000000008a1a1190,0x000000008be00000)
 Metaspace       used 32944K, capacity 33406K, committed 33664K, reserved 1079296K
  class space    used 4274K, capacity 4416K, committed 4480K, reserved 1048576K
}
Event: 230.695 GC heap before
{Heap before GC invocations=11 (full 1):
 PSYoungGen      total 250368K, used 194736K [0x00000000d8500000, 0x00000000ecb00000, 0x0000000100000000)
  eden space 237568K, 76% used [0x00000000d8500000,0x00000000e36ae3a8,0x00000000e6d00000)
  from space 12800K, 99% used [0x00000000e6d00000,0x00000000e797e040,0x00000000e7980000)
  to   space 17920K, 0% used [0x00000000eb980000,0x00000000eb980000,0x00000000ecb00000)
 ParOldGen       total 49152K, used 20100K [0x0000000088e00000, 0x000000008be00000, 0x00000000d8500000)
  object space 49152K, 40% used [0x0000000088e00000,0x000000008a1a1190,0x000000008be00000)
 Metaspace       used 34844K, capacity 35198K, committed 35416K, reserved 1081344K
  class space    used 4489K, capacity 4608K, committed 4608K, reserved 1048576K
Event: 230.731 GC heap after
Heap after GC invocations=11 (full 1):
 PSYoungGen      total 316928K, used 7650K [0x00000000d8500000, 0x00000000ee480000, 0x0000000100000000)
  eden space 299008K, 0% used [0x00000000d8500000,0x00000000d8500000,0x00000000ea900000)
  from space 17920K, 42% used [0x00000000eb980000,0x00000000ec0f8bb8,0x00000000ecb00000)
  to   space 16896K, 0% used [0x00000000ea900000,0x00000000ea900000,0x00000000eb980000)
 ParOldGen       total 49152K, used 27269K [0x0000000088e00000, 0x000000008be00000, 0x00000000d8500000)
  object space 49152K, 55% used [0x0000000088e00000,0x000000008a8a14d0,0x000000008be00000)
 Metaspace       used 34844K, capacity 35198K, committed 35416K, reserved 1081344K
  class space    used 4489K, capacity 4608K, committed 4608K, reserved 1048576K
}
Event: 230.731 GC heap before
{Heap before GC invocations=12 (full 2):
 PSYoungGen      total 316928K, used 7650K [0x00000000d8500000, 0x00000000ee480000, 0x0000000100000000)
  eden space 299008K, 0% used [0x00000000d8500000,0x00000000d8500000,0x00000000ea900000)
  from space 17920K, 42% used [0x00000000eb980000,0x00000000ec0f8bb8,0x00000000ecb00000)
  to   space 16896K, 0% used [0x00000000ea900000,0x00000000ea900000,0x00000000eb980000)
 ParOldGen       total 49152K, used 27269K [0x0000000088e00000, 0x000000008be00000, 0x00000000d8500000)
  object space 49152K, 55% used [0x0000000088e00000,0x000000008a8a14d0,0x000000008be00000)
 Metaspace       used 34844K, capacity 35198K, committed 35416K, reserved 1081344K
  class space    used 4489K, capacity 4608K, committed 4608K, reserved 1048576K
Event: 230.875 GC heap after
Heap after GC invocations=12 (full 2):
 PSYoungGen      total 316928K, used 0K [0x00000000d8500000, 0x00000000ee480000, 0x0000000100000000)
  eden space 299008K, 0% used [0x00000000d8500000,0x00000000d8500000,0x00000000ea900000)
  from space 17920K, 0% used [0x00000000eb980000,0x00000000eb980000,0x00000000ecb00000)
  to   space 16896K, 0% used [0x00000000ea900000,0x00000000ea900000,0x00000000eb980000)
 ParOldGen       total 80384K, used 24510K [0x0000000088e00000, 0x000000008dc80000, 0x00000000d8500000)
  object space 80384K, 30% used [0x0000000088e00000,0x000000008a5efb48,0x000000008dc80000)
 Metaspace       used 34837K, capacity 35186K, committed 35416K, reserved 1081344K
  class space    used 4488K, capacity 4606K, committed 4608K, reserved 1048576K
}
Event: 491.153 GC heap before
{Heap before GC invocations=13 (full 2):
 PSYoungGen      total 316928K, used 299008K [0x00000000d8500000, 0x00000000ee480000, 0x0000000100000000)
  eden space 299008K, 100% used [0x00000000d8500000,0x00000000ea900000,0x00000000ea900000)
  from space 17920K, 0% used [0x00000000eb980000,0x00000000eb980000,0x00000000ecb00000)
  to   space 16896K, 0% used [0x00000000ea900000,0x00000000ea900000,0x00000000eb980000)
 ParOldGen       total 80384K, used 24510K [0x0000000088e00000, 0x000000008dc80000, 0x00000000d8500000)
  object space 80384K, 30% used [0x0000000088e00000,0x000000008a5efb48,0x000000008dc80000)
 Metaspace       used 36389K, capacity 36786K, committed 37208K, reserved 1081344K
  class space    used 4669K, capacity 4798K, committed 4864K, reserved 1048576K

Deoptimization events (0 events):
No events

Classes redefined (0 events):
No events

Internal exceptions (10 events):
Event: 230.411 Thread 0x00007fa0ec7a3000 Exception <a 'java/lang/ArrayIndexOutOfBoundsException'> (0x00000000e2a947a8) thrown at [/HUDSON/workspace/8-2-build-linux-amd64/jdk8u161/10277/hotspot/src/share/vm/runtime/sharedRuntime.cpp, line 605]
Event: 230.413 Thread 0x00007fa0ec7a3000 Exception <a 'java/lang/ArrayIndexOutOfBoundsException'> (0x00000000e2aadbf0) thrown at [/HUDSON/workspace/8-2-build-linux-amd64/jdk8u161/10277/hotspot/src/share/vm/runtime/sharedRuntime.cpp, line 605]
Event: 230.455 Thread 0x00007fa0ec7a3000 Exception <a 'java/lang/ArrayIndexOutOfBoundsException'> (0x00000000e2c849d8) thrown at [/HUDSON/workspace/8-2-build-linux-amd64/jdk8u161/10277/hotspot/src/share/vm/runtime/sharedRuntime.cpp, line 605]
Event: 230.461 Thread 0x00007fa0ec7a3000 Exception <a 'java/lang/ArrayIndexOutOfBoundsException'> (0x00000000e2cd1128) thrown at [/HUDSON/workspace/8-2-build-linux-amd64/jdk8u161/10277/hotspot/src/share/vm/runtime/sharedRuntime.cpp, line 605]
Event: 230.947 Thread 0x00007fa0ec7a3000 Exception <a 'java/lang/reflect/InvocationTargetException'> (0x00000000d8cb1cb8) thrown at [/HUDSON/workspace/8-2-build-linux-amd64/jdk8u161/10277/hotspot/src/share/vm/runtime/reflection.cpp, line 1092]
Event: 230.962 Thread 0x00007fa0ec7a3000 Exception <a 'java/lang/reflect/InvocationTargetException'> (0x00000000d8d0a078) thrown at [/HUDSON/workspace/8-2-build-linux-amd64/jdk8u161/10277/hotspot/src/share/vm/runtime/reflection.cpp, line 1092]
Event: 231.103 Thread 0x00007fa0ec7a3000 Exception <a 'java/lang/ClassNotFoundException': java/lang/ObjectCustomizer> (0x00000000d8ed5980) thrown at [/HUDSON/workspace/8-2-build-linux-amd64/jdk8u161/10277/hotspot/src/share/vm/classfile/systemDictionary.cpp, line 210]
Event: 231.103 Thread 0x00007fa0ec7a3000 Exception <a 'java/lang/ArrayIndexOutOfBoundsException'> (0x00000000d8ed8cb8) thrown at [/HUDSON/workspace/8-2-build-linux-amd64/jdk8u161/10277/hotspot/src/share/vm/runtime/sharedRuntime.cpp, line 605]
Event: 231.103 Thread 0x00007fa0ec7a3000 Exception <a 'java/lang/ClassNotFoundException': org/springframework/jdbc/support/SQLErrorCodesCustomizer> (0x00000000d8eedcb0) thrown at [/HUDSON/workspace/8-2-build-linux-amd64/jdk8u161/10277/hotspot/src/share/vm/classfile/systemDictionary.cpp, line 210
Event: 231.103 Thread 0x00007fa0ec7a3000 Exception <a 'java/lang/ArrayIndexOutOfBoundsException'> (0x00000000d8eff648) thrown at [/HUDSON/workspace/8-2-build-linux-amd64/jdk8u161/10277/hotspot/src/share/vm/runtime/sharedRuntime.cpp, line 605]

Events (10 events):
Event: 231.130 loading class org/egov/infra/persist/repository/PersistRepository$$EnhancerBySpringCGLIB$$6cddaaf0 done
Event: 231.130 loading class org/egov/infra/persist/service/PersistService
Event: 231.130 loading class org/egov/infra/persist/service/PersistService done
Event: 231.133 loading class org/egov/infra/persist/service/PersistService$$FastClassBySpringCGLIB$$620e222d
Event: 231.133 loading class org/egov/infra/persist/service/PersistService$$FastClassBySpringCGLIB$$620e222d done
Event: 231.133 loading class org/egov/infra/persist/service/PersistService$$EnhancerBySpringCGLIB$$9b756da1
Event: 231.133 loading class org/egov/infra/persist/service/PersistService$$EnhancerBySpringCGLIB$$9b756da1 done
Event: 231.134 loading class org/egov/infra/persist/consumer/PersisterMessageListener
Event: 231.134 loading class org/egov/infra/persist/consumer/PersisterMessageListener done
Event: 491.146 Executing VM operation: ParallelGCFailedAllocation


Dynamic libraries:
00400000-00401000 r-xp 00000000 08:05 11930299                           /usr/lib/jvm/java-8-oracle/bin/java
00600000-00601000 rw-p 00000000 08:05 11930299                           /usr/lib/jvm/java-8-oracle/bin/java
00a7f000-00aa0000 rw-p 00000000 00:00 0                                  [heap]
88e00000-8dc80000 rw-p 00000000 00:00 0 
8dc80000-d8500000 ---p 00000000 00:00 0 
d8500000-ee480000 rw-p 00000000 00:00 0 
f4600000-100000000 ---p 00000000 00:00 0 
100000000-1004c0000 rw-p 00000000 00:00 0 
1004c0000-140000000 ---p 00000000 00:00 0 
7fa0bc000000-7fa0bc021000 rw-p 00000000 00:00 0 
7fa0bc021000-7fa0c0000000 ---p 00000000 00:00 0 
7fa0c0000000-7fa0c0021000 rw-p 00000000 00:00 0 
7fa0c0021000-7fa0c4000000 ---p 00000000 00:00 0 
7fa0c4000000-7fa0c4021000 rw-p 00000000 00:00 0 
7fa0c4021000-7fa0c8000000 ---p 00000000 00:00 0 
7fa0cb0f3000-7fa0cb289000 rw-p 00000000 00:00 0 
7fa0cb289000-7fa0cb2f3000 ---p 00000000 00:00 0 
7fa0cb2f3000-7fa0cb2f6000 ---p 00000000 00:00 0 
7fa0cb2f6000-7fa0cb3f4000 rw-p 00000000 00:00 0 
7fa0cb3f4000-7fa0cb3f7000 ---p 00000000 00:00 0 
7fa0cb3f7000-7fa0cb4f5000 rw-p 00000000 00:00 0 
7fa0cb4f5000-7fa0cb4f8000 ---p 00000000 00:00 0 
7fa0cb4f8000-7fa0cb5f6000 rw-p 00000000 00:00 0 
7fa0cb5f6000-7fa0cb5f9000 ---p 00000000 00:00 0 
7fa0cb5f9000-7fa0cb6f7000 rw-p 00000000 00:00 0 
7fa0cb6f7000-7fa0cb6fa000 ---p 00000000 00:00 0 
7fa0cb6fa000-7fa0cb7f8000 rw-p 00000000 00:00 0 
7fa0cb7f8000-7fa0cb7fb000 ---p 00000000 00:00 0 
7fa0cb7fb000-7fa0cb8f9000 rw-p 00000000 00:00 0 
7fa0cb8f9000-7fa0cb8fc000 ---p 00000000 00:00 0 
7fa0cb8fc000-7fa0cb9fa000 rw-p 00000000 00:00 0 
7fa0cb9fa000-7fa0cb9fd000 ---p 00000000 00:00 0 
7fa0cb9fd000-7fa0cbafb000 rw-p 00000000 00:00 0 
7fa0cbafb000-7fa0cbafe000 ---p 00000000 00:00 0 
7fa0cbafe000-7fa0cbbfc000 rw-p 00000000 00:00 0 
7fa0cbbfc000-7fa0cbbff000 ---p 00000000 00:00 0 
7fa0cbbff000-7fa0cbcfd000 rw-p 00000000 00:00 0 
7fa0cbcfd000-7fa0cbd00000 ---p 00000000 00:00 0 
7fa0cbd00000-7fa0cbdfe000 rw-p 00000000 00:00 0 
7fa0cbdfe000-7fa0cbe01000 ---p 00000000 00:00 0 
7fa0cbe01000-7fa0cbeff000 rw-p 00000000 00:00 0 
7fa0cbeff000-7fa0cbf02000 ---p 00000000 00:00 0 
7fa0cbf02000-7fa0cc000000 rw-p 00000000 00:00 0 
7fa0cc000000-7fa0cc021000 rw-p 00000000 00:00 0 
7fa0cc021000-7fa0d0000000 ---p 00000000 00:00 0 
7fa0d0000000-7fa0d0021000 rw-p 00000000 00:00 0 
7fa0d0021000-7fa0d4000000 ---p 00000000 00:00 0 
7fa0d4000000-7fa0d4021000 rw-p 00000000 00:00 0 
7fa0d4021000-7fa0d8000000 ---p 00000000 00:00 0 
7fa0d8000000-7fa0d8021000 rw-p 00000000 00:00 0 
7fa0d8021000-7fa0dc000000 ---p 00000000 00:00 0 
7fa0dc000000-7fa0dc28f000 rw-p 00000000 00:00 0 
7fa0dc28f000-7fa0e0000000 ---p 00000000 00:00 0 
7fa0e0000000-7fa0e0144000 rw-p 00000000 00:00 0 
7fa0e0144000-7fa0e4000000 ---p 00000000 00:00 0 
7fa0e4000000-7fa0e4031000 rw-p 00000000 00:00 0 
7fa0e4031000-7fa0e8000000 ---p 00000000 00:00 0 
7fa0e8000000-7fa0e8021000 rw-p 00000000 00:00 0 
7fa0e8021000-7fa0ec000000 ---p 00000000 00:00 0 
7fa0ec000000-7fa0ec925000 rw-p 00000000 00:00 0 
7fa0ec925000-7fa0f0000000 ---p 00000000 00:00 0 
7fa0f0000000-7fa0f01bb000 rw-p 00000000 00:00 0 
7fa0f01bb000-7fa0f4000000 ---p 00000000 00:00 0 
7fa0f4000000-7fa0f4021000 rw-p 00000000 00:00 0 
7fa0f4021000-7fa0f8000000 ---p 00000000 00:00 0 
7fa0f8000000-7fa0f8021000 rw-p 00000000 00:00 0 
7fa0f8021000-7fa0fc000000 ---p 00000000 00:00 0 
7fa0fc000000-7fa0fc021000 rw-p 00000000 00:00 0 
7fa0fc021000-7fa100000000 ---p 00000000 00:00 0 
7fa100000000-7fa100021000 rw-p 00000000 00:00 0 
7fa100021000-7fa104000000 ---p 00000000 00:00 0 
7fa104000000-7fa104021000 rw-p 00000000 00:00 0 
7fa104021000-7fa108000000 ---p 00000000 00:00 0 
7fa108000000-7fa108021000 rw-p 00000000 00:00 0 
7fa108021000-7fa10c000000 ---p 00000000 00:00 0 
7fa10c0f8000-7fa10c0fb000 ---p 00000000 00:00 0 
7fa10c0fb000-7fa10c1f9000 rw-p 00000000 00:00 0 
7fa10c1f9000-7fa10c1fc000 ---p 00000000 00:00 0 
7fa10c1fc000-7fa10c2fa000 rw-p 00000000 00:00 0 
7fa10c2fa000-7fa10c2fd000 ---p 00000000 00:00 0 
7fa10c2fd000-7fa10c5fb000 rw-p 00000000 00:00 0 
7fa10c5fb000-7fa10c5fe000 ---p 00000000 00:00 0 
7fa10c5fe000-7fa10c6fc000 rw-p 00000000 00:00 0 
7fa10c6fc000-7fa10c6ff000 ---p 00000000 00:00 0 
7fa10c6ff000-7fa10c9fd000 rw-p 00000000 00:00 0 
7fa10c9fd000-7fa10cbfd000 rw-p 00000000 00:00 0 
7fa10cbfd000-7fa10cc00000 ---p 00000000 00:00 0 
7fa10cc00000-7fa10ccfe000 rw-p 00000000 00:00 0 
7fa10ccfe000-7fa10cd01000 ---p 00000000 00:00 0 
7fa10cd01000-7fa10cfff000 rw-p 00000000 00:00 0 
7fa10cfff000-7fa110000000 rw-p 00000000 00:00 0 
7fa110000000-7fa110021000 rw-p 00000000 00:00 0 
7fa110021000-7fa114000000 ---p 00000000 00:00 0 
7fa114000000-7fa11469f000 rw-p 00000000 00:00 0 
7fa11469f000-7fa118000000 ---p 00000000 00:00 0 
7fa118000000-7fa118021000 rw-p 00000000 00:00 0 
7fa118021000-7fa11c000000 ---p 00000000 00:00 0 
7fa11c000000-7fa11c06e000 rw-p 00000000 00:00 0 
7fa11c06e000-7fa120000000 ---p 00000000 00:00 0 
7fa120000000-7fa120021000 rw-p 00000000 00:00 0 
7fa120021000-7fa124000000 ---p 00000000 00:00 0 
7fa124000000-7fa124021000 rw-p 00000000 00:00 0 
7fa124021000-7fa128000000 ---p 00000000 00:00 0 
7fa128000000-7fa128290000 rw-p 00000000 00:00 0 
7fa128290000-7fa12c000000 ---p 00000000 00:00 0 
7fa12c0b7000-7fa12c2b7000 rw-p 00000000 00:00 0 
7fa12c2b7000-7fa12c4b7000 rw-p 00000000 00:00 0 
7fa12c4b7000-7fa12c6b7000 rw-p 00000000 00:00 0 
7fa12c6b7000-7fa12c6ba000 ---p 00000000 00:00 0 
7fa12c6ba000-7fa12c9b8000 rw-p 00000000 00:00 0 
7fa12c9b8000-7fa12cbb8000 rw-p 00000000 00:00 0 
7fa12cbb8000-7fa12cbbb000 ---p 00000000 00:00 0 
7fa12cbbb000-7fa12ceb9000 rw-p 00000000 00:00 0 
7fa12ceb9000-7fa12cebc000 ---p 00000000 00:00 0 
7fa12cebc000-7fa12cfba000 rw-p 00000000 00:00 0 
7fa12cfba000-7fa12cfbd000 ---p 00000000 00:00 0 
7fa12cfbd000-7fa12d0bb000 rw-p 00000000 00:00 0 
7fa12d114000-7fa12d119000 r--s 002f9000 08:05 12062869                   /usr/lib/jvm/java-8-oracle/jre/lib/charsets.jar
7fa12d119000-7fa12d12c000 r--s 00345000 08:05 12062875                   /usr/lib/jvm/java-8-oracle/jre/lib/resources.jar
7fa12d12c000-7fa12d32c000 rw-p 00000000 00:00 0 
7fa12d32c000-7fa12d32d000 ---p 00000000 00:00 0 
7fa12d32d000-7fa12d42d000 rw-p 00000000 00:00 0 
7fa12d42d000-7fa12d430000 ---p 00000000 00:00 0 
7fa12d430000-7fa12d52e000 rw-p 00000000 00:00 0 
7fa12d52e000-7fa12d531000 ---p 00000000 00:00 0 
7fa12d531000-7fa12d62f000 rw-p 00000000 00:00 0 
7fa12d62f000-7fa12d632000 ---p 00000000 00:00 0 
7fa12d632000-7fa12d730000 rw-p 00000000 00:00 0 
7fa12d730000-7fa12d735000 r--s 0009d000 08:05 12062876                   /usr/lib/jvm/java-8-oracle/jre/lib/jsse.jar
7fa12d735000-7fa12d746000 r--s 00116000 08:05 3942425                    /home/vishal/.m2/repository/com/fasterxml/jackson/core/jackson-databind/2.7.9/jackson-databind-2.7.9.jar
7fa12d746000-7fa12d74c000 r--s 0003d000 08:05 3028283                    /home/vishal/.m2/repository/org/yaml/snakeyaml/1.17/snakeyaml-1.17.jar
7fa12d74c000-7fa12d74f000 r--s 00042000 08:05 3290408                    /home/vishal/.m2/repository/com/fasterxml/jackson/core/jackson-core/2.8.8/jackson-core-2.8.8.jar
7fa12d74f000-7fa12d758000 r--s 00046000 08:05 3942423                    /home/vishal/.m2/repository/com/fasterxml/jackson/dataformat/jackson-dataformat-yaml/2.7.9/jackson-dataformat-yaml-2.7.9.jar
7fa12d758000-7fa12d75a000 r--s 0000c000 08:05 3942840                    /home/vishal/.m2/repository/org/json/json/20160810/json-20160810.jar
7fa12d75a000-7fa12d75c000 r--s 00009000 08:05 3028281                    /home/vishal/.m2/repository/org/slf4j/slf4j-api/1.7.25/slf4j-api-1.7.25.jar
7fa12d75c000-7fa12d75e000 r--s 00012000 08:05 3419173                    /home/vishal/.m2/repository/net/minidev/accessors-smart/1.1/accessors-smart-1.1.jar
7fa12d75e000-7fa12d761000 r--s 0001b000 08:05 3419171                    /home/vishal/.m2/repository/net/minidev/json-smart/2.2.1/json-smart-2.2.1.jar
7fa12d761000-7fa12d766000 r--s 0002e000 08:05 3419169                    /home/vishal/.m2/repository/com/jayway/jsonpath/json-path/2.2.0/json-path-2.2.0.jar
7fa12d766000-7fa12d76e000 r--s 00040000 08:05 4073896                    /home/vishal/.m2/repository/org/flywaydb/flyway-core/3.2.1/flyway-core-3.2.1.jar
7fa12d76e000-7fa12d772000 r--s 0002f000 08:05 3419149                    /home/vishal/.m2/repository/commons-io/commons-io/2.5/commons-io-2.5.jar
7fa12d772000-7fa12d78a000 r--s 001bf000 08:05 3419151                    /home/vishal/.m2/repository/org/aspectj/aspectjweaver/1.8.10/aspectjweaver-1.8.10.jar
7fa12d78a000-7fa12d78c000 r--s 00006000 08:05 3419789                    /home/vishal/.m2/repository/org/egov/services/tracer/0.18.1/tracer-0.18.1.jar
7fa12d78c000-7fa12d78f000 r--s 0000b000 08:05 3028249                    /home/vishal/.m2/repository/com/fasterxml/jackson/core/jackson-annotations/2.8.0/jackson-annotations-2.8.0.jar
7fa12d78f000-7fa12d7a5000 r--s 000fc000 08:05 3028275                    /home/vishal/.m2/repository/org/springframework/spring-core/4.3.9.RELEASE/spring-core-4.3.9.RELEASE.jar
7fa12d7a5000-7fa12d7bb000 r--s 0014a000 08:05 3942419                    /home/vishal/.m2/repository/org/projectlombok/lombok/1.16.16/lombok-1.16.16.jar
7fa12d7bb000-7fa12d7c2000 r--s 0009f000 08:05 3942441                    /home/vishal/.m2/repository/org/postgresql/postgresql/9.4.1212.jre7/postgresql-9.4.1212.jre7.jar
7fa12d7c2000-7fa12d7e2000 r--s 000e5000 08:05 3028279                    /home/vishal/.m2/repository/org/springframework/boot/spring-boot-autoconfigure/1.5.4.RELEASE/spring-boot-autoconfigure-1.5.4.RELEASE.jar
7fa12d7e2000-7fa12d7f2000 r--s 00095000 08:05 3028277                    /home/vishal/.m2/repository/org/springframework/boot/spring-boot/1.5.4.RELEASE/spring-boot-1.5.4.RELEASE.jar
7fa12d7f2000-7fa12d7f8000 r--s 0002f000 08:05 3942421                    /home/vishal/.m2/repository/org/springframework/boot/spring-boot-devtools/1.5.4.RELEASE/spring-boot-devtools-1.5.4.RELEASE.jar
7fa12d7f8000-7fa12d7fa000 r--s 00100000 08:05 3418836                    /home/vishal/.m2/repository/org/xerial/snappy/snappy-java/1.1.2.6/snappy-java-1.1.2.6.jar
7fa12d7fa000-7fa12d7fc000 r--s 00038000 08:05 3418831                    /home/vishal/.m2/repository/net/jpountz/lz4/lz4/1.3.0/lz4-1.3.0.jar
7fa12d7fc000-7fa12d80a000 r--s 000b5000 08:05 3290146                    /home/vishal/.m2/repository/org/apache/kafka/kafka-clients/0.10.1.1/kafka-clients-0.10.1.1.jar
7fa12d80a000-7fa12d80f000 r--s 0001b000 08:05 3290406                    /home/vishal/.m2/repository/org/springframework/retry/spring-retry/1.2.0.RELEASE/spring-retry-1.2.0.RELEASE.jar
7fa12d80f000-7fa12d818000 r--s 00055000 08:05 3290404                    /home/vishal/.m2/repository/org/springframework/spring-messaging/4.3.9.RELEASE/spring-messaging-4.3.9.RELEASE.jar
7fa12d818000-7fa12d81c000 r--s 00021000 08:05 3290136                    /home/vishal/.m2/repository/org/springframework/kafka/spring-kafka/1.1.6.RELEASE/spring-kafka-1.1.6.RELEASE.jar
7fa12d81c000-7fa12d824000 r--s 0003a000 08:05 3942433                    /home/vishal/.m2/repository/org/springframework/spring-tx/4.3.9.RELEASE/spring-tx-4.3.9.RELEASE.jar
7fa12d824000-7fa12d82e000 r--s 0005f000 08:05 3942449                    /home/vishal/.m2/repository/org/springframework/spring-jdbc/4.3.9.RELEASE/spring-jdbc-4.3.9.RELEASE.jar
7fa12d82e000-7fa12d830000 r--s 00009000 08:05 3942447                    /home/vishal/.m2/repository/org/apache/tomcat/tomcat-juli/8.5.15/tomcat-juli-8.5.15.jar
7fa12d830000-7fa12d835000 r--s 00046000 08:05 4073603                    /home/vishal/.m2/repository/org/apache/commons/commons-lang3/3.0/commons-lang3-3.0.jar
7fa12d835000-7fa12d83a000 r--s 00041000 08:05 3942451                    /home/vishal/.m2/repository/commons-lang/commons-lang/2.6/commons-lang-2.6.jar
7fa12d83a000-7fa12d84b000 r--s 000cf000 08:05 3290402                    /home/vishal/.m2/repository/org/springframework/spring-webmvc/4.3.9.RELEASE/spring-webmvc-4.3.9.RELEASE.jar
7fa12d84b000-7fa12d8e1000 r--s 0110a000 08:05 12193273                   /usr/lib/jvm/java-8-oracle/jre/lib/ext/jfxrt.jar
7fa12d8e1000-7fa12d8f2000 r-xp 00000000 08:05 12193426                   /usr/lib/jvm/java-8-oracle/jre/lib/amd64/libnio.so
7fa12d8f2000-7fa12daf1000 ---p 00011000 08:05 12193426                   /usr/lib/jvm/java-8-oracle/jre/lib/amd64/libnio.so
7fa12daf1000-7fa12daf2000 rw-p 00010000 08:05 12193426                   /usr/lib/jvm/java-8-oracle/jre/lib/amd64/libnio.so
7fa12daf2000-7fa12db08000 r-xp 00000000 08:05 12193423                   /usr/lib/jvm/java-8-oracle/jre/lib/amd64/libnet.so
7fa12db08000-7fa12dd08000 ---p 00016000 08:05 12193423                   /usr/lib/jvm/java-8-oracle/jre/lib/amd64/libnet.so
7fa12dd08000-7fa12dd09000 rw-p 00016000 08:05 12193423                   /usr/lib/jvm/java-8-oracle/jre/lib/amd64/libnet.so
7fa12dd09000-7fa12dd12000 r-xp 00000000 08:05 12193431                   /usr/lib/jvm/java-8-oracle/jre/lib/amd64/libmanagement.so
7fa12dd12000-7fa12df11000 ---p 00009000 08:05 12193431                   /usr/lib/jvm/java-8-oracle/jre/lib/amd64/libmanagement.so
7fa12df11000-7fa12df12000 rw-p 00008000 08:05 12193431                   /usr/lib/jvm/java-8-oracle/jre/lib/amd64/libmanagement.so
7fa12df12000-7fa12df15000 ---p 00000000 00:00 0 
7fa12df15000-7fa12e013000 rw-p 00000000 00:00 0 
7fa12e013000-7fa12e016000 ---p 00000000 00:00 0 
7fa12e016000-7fa12e114000 rw-p 00000000 00:00 0 
7fa12e114000-7fa12e117000 ---p 00000000 00:00 0 
7fa12e117000-7fa12e215000 rw-p 00000000 00:00 0 
7fa12e215000-7fa12e218000 ---p 00000000 00:00 0 
7fa12e218000-7fa12e316000 rw-p 00000000 00:00 0 
7fa12e316000-7fa12e319000 ---p 00000000 00:00 0 
7fa12e319000-7fa12e417000 rw-p 00000000 00:00 0 
7fa12e417000-7fa12e6ef000 r--p 00000000 08:05 11798673                   /usr/lib/locale/locale-archive
7fa12e6ef000-7fa12e6f2000 ---p 00000000 00:00 0 
7fa12e6f2000-7fa12e7f0000 rw-p 00000000 00:00 0 
7fa12e7f0000-7fa12e7f3000 ---p 00000000 00:00 0 
7fa12e7f3000-7fa12e8f1000 rw-p 00000000 00:00 0 
7fa12e8f1000-7fa12e8f2000 ---p 00000000 00:00 0 
7fa12e8f2000-7fa130000000 rw-p 00000000 00:00 0 
7fa130000000-7fa130021000 rw-p 00000000 00:00 0 
7fa130021000-7fa134000000 ---p 00000000 00:00 0 
7fa134000000-7fa134021000 rw-p 00000000 00:00 0 
7fa134021000-7fa138000000 ---p 00000000 00:00 0 
7fa138000000-7fa138021000 rw-p 00000000 00:00 0 
7fa138021000-7fa13c000000 ---p 00000000 00:00 0 
7fa13c000000-7fa13c001000 r--s 0000c000 08:05 3419175                    /home/vishal/.m2/repository/org/ow2/asm/asm/5.0.3/asm-5.0.3.jar
7fa13c001000-7fa13c01a000 r--s 000fe000 08:05 3028271                    /home/vishal/.m2/repository/org/springframework/spring-context/4.3.9.RELEASE/spring-context-4.3.9.RELEASE.jar
7fa13c01a000-7fa13c028000 r--s 000ad000 08:05 3028269                    /home/vishal/.m2/repository/org/springframework/spring-beans/4.3.9.RELEASE/spring-beans-4.3.9.RELEASE.jar
7fa13c028000-7fa13c03a000 r--s 000b7000 08:05 3290400                    /home/vishal/.m2/repository/org/springframework/spring-web/4.3.9.RELEASE/spring-web-4.3.9.RELEASE.jar
7fa13c03a000-7fa13c04b000 r--s 000a1000 08:05 3290392                    /home/vishal/.m2/repository/org/hibernate/hibernate-validator/5.3.5.Final/hibernate-validator-5.3.5.Final.jar
7fa13c04b000-7fa13c075000 r--s 002c0000 08:05 3290386                    /home/vishal/.m2/repository/org/apache/tomcat/embed/tomcat-embed-core/8.5.15/tomcat-embed-core-8.5.15.jar
7fa13c075000-7fa140000000 rw-p 00000000 00:00 0 
7fa140000000-7fa140021000 rw-p 00000000 00:00 0 
7fa140021000-7fa144000000 ---p 00000000 00:00 0 
7fa144000000-7fa144003000 r--s 00021000 08:05 3942445                    /home/vishal/.m2/repository/org/apache/tomcat/tomcat-jdbc/8.5.15/tomcat-jdbc-8.5.15.jar
7fa144003000-7fa14400c000 r--s 00054000 08:05 3028267                    /home/vishal/.m2/repository/org/springframework/spring-aop/4.3.9.RELEASE/spring-aop-4.3.9.RELEASE.jar
7fa14400c000-7fa14412e000 rw-p 00000000 00:00 0 
7fa14412e000-7fa144307000 r--s 03d64000 08:05 12062871                   /usr/lib/jvm/java-8-oracle/jre/lib/rt.jar
7fa144307000-7fa144308000 ---p 00000000 00:00 0 
7fa144308000-7fa144408000 rw-p 00000000 00:00 0 
7fa144408000-7fa144409000 ---p 00000000 00:00 0 
7fa144409000-7fa144509000 rw-p 00000000 00:00 0 
7fa144509000-7fa14450a000 ---p 00000000 00:00 0 
7fa14450a000-7fa144632000 rw-p 00000000 00:00 0 
7fa144632000-7fa144886000 ---p 00000000 00:00 0 
7fa144886000-7fa1448ae000 rw-p 00000000 00:00 0 
7fa1448ae000-7fa144b01000 ---p 00000000 00:00 0 
7fa144b01000-7fa144bb2000 rw-p 00000000 00:00 0 
7fa144bb2000-7fa144c3f000 ---p 00000000 00:00 0 
7fa144c3f000-7fa144c63000 rw-p 00000000 00:00 0 
7fa144c63000-7fa145000000 ---p 00000000 00:00 0 
7fa145000000-7fa1458b0000 rwxp 00000000 00:00 0 
7fa1458b0000-7fa154000000 ---p 00000000 00:00 0 
7fa154000000-7fa154810000 rw-p 00000000 00:00 0 
7fa154810000-7fa158000000 ---p 00000000 00:00 0 
7fa158000000-7fa158001000 r--s 00004000 08:05 3419181                    /home/vishal/.m2/repository/org/egov/services/services-common/0.9.0/services-common-0.9.0.jar
7fa158001000-7fa158002000 r--s 00000000 08:05 3942443                    /home/vishal/.m2/repository/org/springframework/boot/spring-boot-starter-jdbc/1.5.4.RELEASE/spring-boot-starter-jdbc-1.5.4.RELEASE.jar
7fa158002000-7fa158007000 r--s 0003c000 08:05 3028273                    /home/vishal/.m2/repository/org/springframework/spring-expression/4.3.9.RELEASE/spring-expression-4.3.9.RELEASE.jar
7fa158007000-7fa158009000 r--s 0000e000 08:05 3290398                    /home/vishal/.m2/repository/com/fasterxml/classmate/1.3.3/classmate-1.3.3.jar
7fa158009000-7fa15800c000 r--s 0000e000 08:05 3290396                    /home/vishal/.m2/repository/org/jboss/logging/jboss-logging/3.3.1.Final/jboss-logging-3.3.1.Final.jar
7fa15800c000-7fa158012000 r--s 00036000 08:05 3290390                    /home/vishal/.m2/repository/org/apache/tomcat/embed/tomcat-embed-websocket/8.5.15/tomcat-embed-websocket-8.5.15.jar
7fa158012000-7fa1580f8000 rw-p 00000000 00:00 0 
7fa1580f8000-7fa1580f9000 ---p 00000000 00:00 0 
7fa1580f9000-7fa1581f9000 rw-p 00000000 00:00 0 
7fa1581f9000-7fa158214000 r-xp 00000000 08:05 12193419                   /usr/lib/jvm/java-8-oracle/jre/lib/amd64/libzip.so
7fa158214000-7fa158414000 ---p 0001b000 08:05 12193419                   /usr/lib/jvm/java-8-oracle/jre/lib/amd64/libzip.so
7fa158414000-7fa158415000 rw-p 0001b000 08:05 12193419                   /usr/lib/jvm/java-8-oracle/jre/lib/amd64/libzip.so
7fa158415000-7fa158420000 r-xp 00000000 08:05 10754530                   /lib/x86_64-linux-gnu/libnss_files-2.23.so
7fa158420000-7fa15861f000 ---p 0000b000 08:05 10754530                   /lib/x86_64-linux-gnu/libnss_files-2.23.so
7fa15861f000-7fa158620000 r--p 0000a000 08:05 10754530                   /lib/x86_64-linux-gnu/libnss_files-2.23.so
7fa158620000-7fa158621000 rw-p 0000b000 08:05 10754530                   /lib/x86_64-linux-gnu/libnss_files-2.23.so
7fa158621000-7fa158627000 rw-p 00000000 00:00 0 
7fa158627000-7fa158632000 r-xp 00000000 08:05 10754534                   /lib/x86_64-linux-gnu/libnss_nis-2.23.so
7fa158632000-7fa158831000 ---p 0000b000 08:05 10754534                   /lib/x86_64-linux-gnu/libnss_nis-2.23.so
7fa158831000-7fa158832000 r--p 0000a000 08:05 10754534                   /lib/x86_64-linux-gnu/libnss_nis-2.23.so
7fa158832000-7fa158833000 rw-p 0000b000 08:05 10754534                   /lib/x86_64-linux-gnu/libnss_nis-2.23.so
7fa158833000-7fa158849000 r-xp 00000000 08:05 10754514                   /lib/x86_64-linux-gnu/libnsl-2.23.so
7fa158849000-7fa158a48000 ---p 00016000 08:05 10754514                   /lib/x86_64-linux-gnu/libnsl-2.23.so
7fa158a48000-7fa158a49000 r--p 00015000 08:05 10754514                   /lib/x86_64-linux-gnu/libnsl-2.23.so
7fa158a49000-7fa158a4a000 rw-p 00016000 08:05 10754514                   /lib/x86_64-linux-gnu/libnsl-2.23.so
7fa158a4a000-7fa158a4c000 rw-p 00000000 00:00 0 
7fa158a4c000-7fa158a54000 r-xp 00000000 08:05 10754525                   /lib/x86_64-linux-gnu/libnss_compat-2.23.so
7fa158a54000-7fa158c53000 ---p 00008000 08:05 10754525                   /lib/x86_64-linux-gnu/libnss_compat-2.23.so
7fa158c53000-7fa158c54000 r--p 00007000 08:05 10754525                   /lib/x86_64-linux-gnu/libnss_compat-2.23.so
7fa158c54000-7fa158c55000 rw-p 00008000 08:05 10754525                   /lib/x86_64-linux-gnu/libnss_compat-2.23.so
7fa158c55000-7fa158c80000 r-xp 00000000 08:05 12193413                   /usr/lib/jvm/java-8-oracle/jre/lib/amd64/libjava.so
7fa158c80000-7fa158e7f000 ---p 0002b000 08:05 12193413                   /usr/lib/jvm/java-8-oracle/jre/lib/amd64/libjava.so
7fa158e7f000-7fa158e81000 rw-p 0002a000 08:05 12193413                   /usr/lib/jvm/java-8-oracle/jre/lib/amd64/libjava.so
7fa158e81000-7fa158e8e000 r-xp 00000000 08:05 12193418                   /usr/lib/jvm/java-8-oracle/jre/lib/amd64/libverify.so
7fa158e8e000-7fa15908e000 ---p 0000d000 08:05 12193418                   /usr/lib/jvm/java-8-oracle/jre/lib/amd64/libverify.so
7fa15908e000-7fa159090000 rw-p 0000d000 08:05 12193418                   /usr/lib/jvm/java-8-oracle/jre/lib/amd64/libverify.so
7fa159090000-7fa159097000 r-xp 00000000 08:05 10754535                   /lib/x86_64-linux-gnu/librt-2.23.so
7fa159097000-7fa159296000 ---p 00007000 08:05 10754535                   /lib/x86_64-linux-gnu/librt-2.23.so
7fa159296000-7fa159297000 r--p 00006000 08:05 10754535                   /lib/x86_64-linux-gnu/librt-2.23.so
7fa159297000-7fa159298000 rw-p 00007000 08:05 10754535                   /lib/x86_64-linux-gnu/librt-2.23.so
7fa159298000-7fa1593a0000 r-xp 00000000 08:05 10754512                   /lib/x86_64-linux-gnu/libm-2.23.so
7fa1593a0000-7fa15959f000 ---p 00108000 08:05 10754512                   /lib/x86_64-linux-gnu/libm-2.23.so
7fa15959f000-7fa1595a0000 r--p 00107000 08:05 10754512                   /lib/x86_64-linux-gnu/libm-2.23.so
7fa1595a0000-7fa1595a1000 rw-p 00108000 08:05 10754512                   /lib/x86_64-linux-gnu/libm-2.23.so
7fa1595a1000-7fa15a27a000 r-xp 00000000 08:05 12193396                   /usr/lib/jvm/java-8-oracle/jre/lib/amd64/server/libjvm.so
7fa15a27a000-7fa15a479000 ---p 00cd9000 08:05 12193396                   /usr/lib/jvm/java-8-oracle/jre/lib/amd64/server/libjvm.so
7fa15a479000-7fa15a552000 rw-p 00cd8000 08:05 12193396                   /usr/lib/jvm/java-8-oracle/jre/lib/amd64/server/libjvm.so
7fa15a552000-7fa15a59e000 rw-p 00000000 00:00 0 
7fa15a59e000-7fa15a75e000 r-xp 00000000 08:05 10754517                   /lib/x86_64-linux-gnu/libc-2.23.so
7fa15a75e000-7fa15a95e000 ---p 001c0000 08:05 10754517                   /lib/x86_64-linux-gnu/libc-2.23.so
7fa15a95e000-7fa15a962000 r--p 001c0000 08:05 10754517                   /lib/x86_64-linux-gnu/libc-2.23.so
7fa15a962000-7fa15a964000 rw-p 001c4000 08:05 10754517                   /lib/x86_64-linux-gnu/libc-2.23.so
7fa15a964000-7fa15a968000 rw-p 00000000 00:00 0 
7fa15a968000-7fa15a96b000 r-xp 00000000 08:05 10754519                   /lib/x86_64-linux-gnu/libdl-2.23.so
7fa15a96b000-7fa15ab6a000 ---p 00003000 08:05 10754519                   /lib/x86_64-linux-gnu/libdl-2.23.so
7fa15ab6a000-7fa15ab6b000 r--p 00002000 08:05 10754519                   /lib/x86_64-linux-gnu/libdl-2.23.so
7fa15ab6b000-7fa15ab6c000 rw-p 00003000 08:05 10754519                   /lib/x86_64-linux-gnu/libdl-2.23.so
7fa15ab6c000-7fa15ab82000 r-xp 00000000 08:05 12062251                   /usr/lib/jvm/java-8-oracle/lib/amd64/jli/libjli.so
7fa15ab82000-7fa15ad81000 ---p 00016000 08:05 12062251                   /usr/lib/jvm/java-8-oracle/lib/amd64/jli/libjli.so
7fa15ad81000-7fa15ad82000 rw-p 00015000 08:05 12062251                   /usr/lib/jvm/java-8-oracle/lib/amd64/jli/libjli.so
7fa15ad82000-7fa15ad9a000 r-xp 00000000 08:05 10754516                   /lib/x86_64-linux-gnu/libpthread-2.23.so
7fa15ad9a000-7fa15af99000 ---p 00018000 08:05 10754516                   /lib/x86_64-linux-gnu/libpthread-2.23.so
7fa15af99000-7fa15af9a000 r--p 00017000 08:05 10754516                   /lib/x86_64-linux-gnu/libpthread-2.23.so
7fa15af9a000-7fa15af9b000 rw-p 00018000 08:05 10754516                   /lib/x86_64-linux-gnu/libpthread-2.23.so
7fa15af9b000-7fa15af9f000 rw-p 00000000 00:00 0 
7fa15af9f000-7fa15afc5000 r-xp 00000000 08:05 10754515                   /lib/x86_64-linux-gnu/ld-2.23.so
7fa15afc5000-7fa15afc9000 r--s 0000c000 08:05 3290394                    /home/vishal/.m2/repository/javax/validation/validation-api/1.1.0.Final/validation-api-1.1.0.Final.jar
7fa15afc9000-7fa15afce000 r--s 00036000 08:05 3290388                    /home/vishal/.m2/repository/org/apache/tomcat/embed/tomcat-embed-el/8.5.15/tomcat-embed-el-8.5.15.jar
7fa15afce000-7fa15afcf000 r--s 00000000 08:05 3290384                    /home/vishal/.m2/repository/org/springframework/boot/spring-boot-starter-tomcat/1.5.4.RELEASE/spring-boot-starter-tomcat-1.5.4.RELEASE.jar
7fa15afcf000-7fa15afd1000 r--s 00004000 08:05 3028265                    /home/vishal/.m2/repository/org/slf4j/log4j-over-slf4j/1.7.25/log4j-over-slf4j-1.7.25.jar
7fa15afd1000-7fa15afd3000 r--s 00000000 08:05 3028263                    /home/vishal/.m2/repository/org/slf4j/jul-to-slf4j/1.7.25/jul-to-slf4j-1.7.25.jar
7fa15afd3000-7fa15afd5000 r--s 00003000 08:05 3028261                    /home/vishal/.m2/repository/org/slf4j/jcl-over-slf4j/1.7.25/jcl-over-slf4j-1.7.25.jar
7fa15afd5000-7fa15b09f000 rw-p 00000000 00:00 0 
7fa15b09f000-7fa15b0a2000 ---p 00000000 00:00 0 
7fa15b0a2000-7fa15b1a5000 rw-p 00000000 00:00 0 
7fa15b1a5000-7fa15b1b0000 r--s 0006a000 08:05 3028253                    /home/vishal/.m2/repository/ch/qos/logback/logback-core/1.1.11/logback-core-1.1.11.jar
7fa15b1b0000-7fa15b1b7000 r--s 00045000 08:05 3028251                    /home/vishal/.m2/repository/ch/qos/logback/logback-classic/1.1.11/logback-classic-1.1.11.jar
7fa15b1b7000-7fa15b1b8000 r--s 00000000 08:05 3028259                    /home/vishal/.m2/repository/org/springframework/boot/spring-boot-starter-logging/1.5.4.RELEASE/spring-boot-starter-logging-1.5.4.RELEASE.jar
7fa15b1b8000-7fa15b1b9000 r--s 00000000 08:05 3028257                    /home/vishal/.m2/repository/org/springframework/boot/spring-boot-starter/1.5.4.RELEASE/spring-boot-starter-1.5.4.RELEASE.jar
7fa15b1b9000-7fa15b1ba000 r--s 00000000 08:05 3028255                    /home/vishal/.m2/repository/org/springframework/boot/spring-boot-starter-web/1.5.4.RELEASE/spring-boot-starter-web-1.5.4.RELEASE.jar
7fa15b1ba000-7fa15b1c2000 rw-s 00000000 08:05 12853298                   /tmp/hsperfdata_vishal/14863
7fa15b1c2000-7fa15b1c3000 rw-p 00000000 00:00 0 
7fa15b1c3000-7fa15b1c4000 ---p 00000000 00:00 0 
7fa15b1c4000-7fa15b1c5000 r--p 00025000 08:05 10754515                   /lib/x86_64-linux-gnu/ld-2.23.so
7fa15b1c5000-7fa15b1c6000 rw-p 00026000 08:05 10754515                   /lib/x86_64-linux-gnu/ld-2.23.so
7fa15b1c6000-7fa15b1c7000 rw-p 00000000 00:00 0 
7fffbf989000-7fffbf9ac000 rw-p 00000000 00:00 0                          [stack]
7fffbf9f1000-7fffbf9f4000 r--p 00000000 00:00 0                          [vvar]
7fffbf9f4000-7fffbf9f6000 r-xp 00000000 00:00 0                          [vdso]
ffffffffff600000-ffffffffff601000 r-xp 00000000 00:00 0                  [vsyscall]

VM Arguments:
jvm_args: -Dcom.sun.management.jmxremote -Dcom.sun.management.jmxremote.port=42563 -Dcom.sun.management.jmxremote.authenticate=false -Dcom.sun.management.jmxremote.ssl=false -Djava.rmi.server.hostname=localhost -Dspring.liveBeansView.mbeanDomain -Dspring.application.admin.enabled=true -Djava.security.egd=file:/dev/./urandom -Xverify:none -XX:TieredStopAtLevel=1 -Dfile.encoding=UTF-8 
java_command: org.egov.EgovPersistApplication
java_class_path (initial): /usr/lib/jvm/java-8-oracle/jre/lib/resources.jar:/usr/lib/jvm/java-8-oracle/jre/lib/rt.jar:/usr/lib/jvm/java-8-oracle/jre/lib/jsse.jar:/usr/lib/jvm/java-8-oracle/jre/lib/jce.jar:/usr/lib/jvm/java-8-oracle/jre/lib/charsets.jar:/usr/lib/jvm/java-8-oracle/jre/lib/jfr.jar:/usr/lib/jvm/java-8-oracle/jre/lib/ext/jaccess.jar:/usr/lib/jvm/java-8-oracle/jre/lib/ext/jfxrt.jar:/usr/lib/jvm/java-8-oracle/jre/lib/ext/zipfs.jar:/usr/lib/jvm/java-8-oracle/jre/lib/ext/nashorn.jar:/usr/lib/jvm/java-8-oracle/jre/lib/ext/sunjce_provider.jar:/usr/lib/jvm/java-8-oracle/jre/lib/ext/sunpkcs11.jar:/usr/lib/jvm/java-8-oracle/jre/lib/ext/dnsns.jar:/usr/lib/jvm/java-8-oracle/jre/lib/ext/sunec.jar:/usr/lib/jvm/java-8-oracle/jre/lib/ext/localedata.jar:/usr/lib/jvm/java-8-oracle/jre/lib/ext/cldrdata.jar:/home/vishal/git/mseva-notif/egov-services/core/egov-persister/target/classes:/home/vishal/.m2/repository/org/springframework/boot/spring-boot-starter-web/1.5.4.RELEASE/spring-boot-starter-web-1.5.4.RELEASE.jar:/home/vishal/.m2/repository/org/springframework/boot/spring-boot-starter/1.5.4.RELEASE/spring-boot-starter-1.5.4.RELEASE.jar:/home/vishal/.m2/repository/org/springframework/boot/spring-boot-starter-logging/1.5.4.RELEASE/spring-boot-starter-logging-1.5.4.RELEASE.jar:/home/vishal/.m2/repository/ch/qos/logback/logback-classic/1.1.11/logback-classic-1.1.11.jar:/home/vishal/.m2/repository/ch/qos/logback/logback-core/1.1.11/logback-core-1.1.11.jar:/home/vishal/.m2/repository/org/slf4j/jcl-over-slf4j/1.7.25/jcl-over-slf4j-1.7.25.jar:/home/vishal/.m2/repository/org/slf4j/jul-to-slf4j/1.7.25/jul-to-slf4j-1.7.25.jar:/home/vishal/.m2/repository/org/slf4j/log4j-over-slf4j/1.7.25/log4j-over-slf4j-1.7.25.jar:/home/vishal/.m2/repository/org/springframework/boot/spring-boot-starter-tomcat/1.5.4.RELEASE/spring-boot-starter-tomcat-1.5.4.RELEASE.jar:/home/vishal/.m2/repository/org/apache/tomcat/embed/tomcat-embed-core/8.5.15/tomcat-embed-core-8.5.15.jar:/home/vishal/.m2/repositor
Launcher Type: SUN_STANDARD

Environment Variables:
JAVA_HOME=/usr/lib/jvm/java-8-oracle
PATH=/home/vishal/bin:/home/vishal/.local/bin:/usr/local/sbin:/usr/local/bin:/usr/sbin:/usr/bin:/sbin:/bin:/usr/games:/usr/local/games:/snap/bin:/usr/lib/jvm/java-8-oracle/bin:/usr/lib/jvm/java-8-oracle/db/bin:/usr/lib/jvm/java-8-oracle/jre/bin
SHELL=/bin/bash
DISPLAY=:0

Signal Handlers:
SIGSEGV: [libjvm.so+0xad01e0], sa_mask[0]=11111111011111111101111111111110, sa_flags=SA_RESTART|SA_SIGINFO
SIGBUS: [libjvm.so+0xad01e0], sa_mask[0]=11111111011111111101111111111110, sa_flags=SA_RESTART|SA_SIGINFO
SIGFPE: [libjvm.so+0x927fb0], sa_mask[0]=11111111011111111101111111111110, sa_flags=SA_RESTART|SA_SIGINFO
SIGPIPE: [libjvm.so+0x927fb0], sa_mask[0]=11111111011111111101111111111110, sa_flags=SA_RESTART|SA_SIGINFO
SIGXFSZ: [libjvm.so+0x927fb0], sa_mask[0]=11111111011111111101111111111110, sa_flags=SA_RESTART|SA_SIGINFO
SIGILL: [libjvm.so+0x927fb0], sa_mask[0]=11111111011111111101111111111110, sa_flags=SA_RESTART|SA_SIGINFO
SIGUSR1: SIG_DFL, sa_mask[0]=00000000000000000000000000000000, sa_flags=none
SIGUSR2: [libjvm.so+0x9297f0], sa_mask[0]=00100000000000000000000000000000, sa_flags=SA_RESTART|SA_SIGINFO
SIGHUP: [libjvm.so+0x92abf0], sa_mask[0]=11111111011111111101111111111110, sa_flags=SA_RESTART|SA_SIGINFO
SIGINT: [libjvm.so+0x92abf0], sa_mask[0]=11111111011111111101111111111110, sa_flags=SA_RESTART|SA_SIGINFO
SIGTERM: [libjvm.so+0x92abf0], sa_mask[0]=11111111011111111101111111111110, sa_flags=SA_RESTART|SA_SIGINFO
SIGQUIT: [libjvm.so+0x92abf0], sa_mask[0]=11111111011111111101111111111110, sa_flags=SA_RESTART|SA_SIGINFO


---------------  S Y S T E M  ---------------

OS:DISTRIB_ID=Ubuntu
DISTRIB_RELEASE=16.04
DISTRIB_CODENAME=xenial
DISTRIB_DESCRIPTION="Ubuntu 16.04.4 LTS"

uname:Linux 4.15.0-50-generic #54~16.04.1-Ubuntu SMP Wed May 8 15:55:19 UTC 2019 x86_64
libc:glibc 2.23 NPTL 2.23 
rlimit: STACK 8192k, CORE 0k, NPROC 30257, NOFILE 1048576, AS infinity
load average:37.29 12.14 6.01

/proc/meminfo:
MemTotal:        7806460 kB
MemFree:          139676 kB
MemAvailable:     135412 kB
Buffers:           15796 kB
Cached:           521000 kB
SwapCached:        15892 kB
Active:          4232860 kB
Inactive:         784408 kB
Active(anon):    4140020 kB
Inactive(anon):   690192 kB
Active(file):      92840 kB
Inactive(file):    94216 kB
Unevictable:     2173876 kB
Mlocked:         2173876 kB
SwapTotal:       8020988 kB
SwapFree:         411244 kB
Dirty:              2624 kB
Writeback:           468 kB
AnonPages:       6641916 kB
Mapped:           262900 kB
Shmem:            329868 kB
Slab:             149292 kB
SReclaimable:      57780 kB
SUnreclaim:        91512 kB
KernelStack:       30192 kB
PageTables:       157196 kB
NFS_Unstable:          0 kB
Bounce:                0 kB
WritebackTmp:          0 kB
CommitLimit:    11924216 kB
Committed_AS:   30612112 kB
VmallocTotal:   34359738367 kB
VmallocUsed:           0 kB
VmallocChunk:          0 kB
HardwareCorrupted:     0 kB
AnonHugePages:         0 kB
ShmemHugePages:        0 kB
ShmemPmdMapped:        0 kB
CmaTotal:              0 kB
CmaFree:               0 kB
HugePages_Total:       0
HugePages_Free:        0
HugePages_Rsvd:        0
HugePages_Surp:        0
Hugepagesize:       2048 kB
DirectMap4k:     1303044 kB
DirectMap2M:     5670912 kB
DirectMap1G:     1048576 kB


CPU:total 4 (initial active 4) (2 cores per cpu, 2 threads per core) family 6 model 78 stepping 3, cmov, cx8, fxsr, mmx, sse, sse2, sse3, ssse3, sse4.1, sse4.2, popcnt, avx, avx2, aes, clmul, erms, rtm, 3dnowpref, lzcnt, ht, tsc, tscinvbit, bmi1, bmi2, adx

/proc/cpuinfo:
processor	: 0
vendor_id	: GenuineIntel
cpu family	: 6
model		: 78
model name	: Intel(R) Core(TM) i5-6300U CPU @ 2.40GHz
stepping	: 3
microcode	: 0xcc
cpu MHz		: 799.998
cache size	: 3072 KB
physical id	: 0
siblings	: 4
core id		: 0
cpu cores	: 2
apicid		: 0
initial apicid	: 0
fpu		: yes
fpu_exception	: yes
cpuid level	: 22
wp		: yes
flags		: fpu vme de pse tsc msr pae mce cx8 apic sep mtrr pge mca cmov pat pse36 clflush dts acpi mmx fxsr sse sse2 ss ht tm pbe syscall nx pdpe1gb rdtscp lm constant_tsc art arch_perfmon pebs bts rep_good nopl xtopology nonstop_tsc cpuid aperfmperf tsc_known_freq pni pclmulqdq dtes64 monitor ds_cpl vmx smx est tm2 ssse3 sdbg fma cx16 xtpr pdcm pcid sse4_1 sse4_2 x2apic movbe popcnt tsc_deadline_timer aes xsave avx f16c rdrand lahf_lm abm 3dnowprefetch cpuid_fault epb invpcid_single pti ssbd ibrs ibpb stibp tpr_shadow vnmi flexpriority ept vpid fsgsbase tsc_adjust bmi1 hle avx2 smep bmi2 erms invpcid rtm mpx rdseed adx smap clflushopt intel_pt xsaveopt xsavec xgetbv1 xsaves dtherm ida arat pln pts hwp hwp_notify hwp_act_window hwp_epp md_clear flush_l1d
bugs		: cpu_meltdown spectre_v1 spectre_v2 spec_store_bypass l1tf mds
bogomips	: 4992.00
clflush size	: 64
cache_alignment	: 64
address sizes	: 39 bits physical, 48 bits virtual
power management:

processor	: 1
vendor_id	: GenuineIntel
cpu family	: 6
model		: 78
model name	: Intel(R) Core(TM) i5-6300U CPU @ 2.40GHz
stepping	: 3
microcode	: 0xcc
cpu MHz		: 800.002
cache size	: 3072 KB
physical id	: 0
siblings	: 4
core id		: 1
cpu cores	: 2
apicid		: 2
initial apicid	: 2
fpu		: yes
fpu_exception	: yes
cpuid level	: 22
wp		: yes
flags		: fpu vme de pse tsc msr pae mce cx8 apic sep mtrr pge mca cmov pat pse36 clflush dts acpi mmx fxsr sse sse2 ss ht tm pbe syscall nx pdpe1gb rdtscp lm constant_tsc art arch_perfmon pebs bts rep_good nopl xtopology nonstop_tsc cpuid aperfmperf tsc_known_freq pni pclmulqdq dtes64 monitor ds_cpl vmx smx est tm2 ssse3 sdbg fma cx16 xtpr pdcm pcid sse4_1 sse4_2 x2apic movbe popcnt tsc_deadline_timer aes xsave avx f16c rdrand lahf_lm abm 3dnowprefetch cpuid_fault epb invpcid_single pti ssbd ibrs ibpb stibp tpr_shadow vnmi flexpriority ept vpid fsgsbase tsc_adjust bmi1 hle avx2 smep bmi2 erms invpcid rtm mpx rdseed adx smap clflushopt intel_pt xsaveopt xsavec xgetbv1 xsaves dtherm ida arat pln pts hwp hwp_notify hwp_act_window hwp_epp md_clear flush_l1d
bugs		: cpu_meltdown spectre_v1 spectre_v2 spec_store_bypass l1tf mds
bogomips	: 4992.00
clflush size	: 64
cache_alignment	: 64
address sizes	: 39 bits physical, 48 bits virtual
power management:

processor	: 2
vendor_id	: GenuineIntel
cpu family	: 6
model		: 78
model name	: Intel(R) Core(TM) i5-6300U CPU @ 2.40GHz
stepping	: 3
microcode	: 0xcc
cpu MHz		: 799.998
cache size	: 3072 KB
physical id	: 0
siblings	: 4
core id		: 0
cpu cores	: 2
apicid		: 1
initial apicid	: 1
fpu		: yes
fpu_exception	: yes
cpuid level	: 22
wp		: yes
flags		: fpu vme de pse tsc msr pae mce cx8 apic sep mtrr pge mca cmov pat pse36 clflush dts acpi mmx fxsr sse sse2 ss ht tm pbe syscall nx pdpe1gb rdtscp lm constant_tsc art arch_perfmon pebs bts rep_good nopl xtopology nonstop_tsc cpuid aperfmperf tsc_known_freq pni pclmulqdq dtes64 monitor ds_cpl vmx smx est tm2 ssse3 sdbg fma cx16 xtpr pdcm pcid sse4_1 sse4_2 x2apic movbe popcnt tsc_deadline_timer aes xsave avx f16c rdrand lahf_lm abm 3dnowprefetch cpuid_fault epb invpcid_single pti ssbd ibrs ibpb stibp tpr_shadow vnmi flexpriority ept vpid fsgsbase tsc_adjust bmi1 hle avx2 smep bmi2 erms invpcid rtm mpx rdseed adx smap clflushopt intel_pt xsaveopt xsavec xgetbv1 xsaves dtherm ida arat pln pts hwp hwp_notify hwp_act_window hwp_epp md_clear flush_l1d
bugs		: cpu_meltdown spectre_v1 spectre_v2 spec_store_bypass l1tf mds
bogomips	: 4992.00
clflush size	: 64
cache_alignment	: 64
address sizes	: 39 bits physical, 48 bits virtual
power management:

processor	: 3
vendor_id	: GenuineIntel
cpu family	: 6
model		: 78
model name	: Intel(R) Core(TM) i5-6300U CPU @ 2.40GHz
stepping	: 3
microcode	: 0xcc
cpu MHz		: 799.997
cache size	: 3072 KB
physical id	: 0
siblings	: 4
core id		: 1
cpu cores	: 2
apicid		: 3
initial apicid	: 3
fpu		: yes
fpu_exception	: yes
cpuid level	: 22
wp		: yes
flags		: fpu vme de pse tsc msr pae mce cx8 apic sep mtrr pge mca cmov pat pse36 clflush dts acpi mmx fxsr sse sse2 ss ht tm pbe syscall nx pdpe1gb rdtscp lm constant_tsc art arch_perfmon pebs bts rep_good nopl xtopology nonstop_tsc cpuid aperfmperf tsc_known_freq pni pclmulqdq dtes64 monitor ds_cpl vmx smx est tm2 ssse3 sdbg fma cx16 xtpr pdcm pcid sse4_1 sse4_2 x2apic movbe popcnt tsc_deadline_timer aes xsave avx f16c rdrand lahf_lm abm 3dnowprefetch cpuid_fault epb invpcid_single pti ssbd ibrs ibpb stibp tpr_shadow vnmi flexpriority ept vpid fsgsbase tsc_adjust bmi1 hle avx2 smep bmi2 erms invpcid rtm mpx rdseed adx smap clflushopt intel_pt xsaveopt xsavec xgetbv1 xsaves dtherm ida arat pln pts hwp hwp_notify hwp_act_window hwp_epp md_clear flush_l1d
bugs		: cpu_meltdown spectre_v1 spectre_v2 spec_store_bypass l1tf mds
bogomips	: 4992.00
clflush size	: 64
cache_alignment	: 64
address sizes	: 39 bits physical, 48 bits virtual
power management:



Memory: 4k page, physical 7806460k(139228k free), swap 8020988k(411244k free)

vm_info: Java HotSpot(TM) 64-Bit Server VM (25.161-b12) for linux-amd64 JRE (1.8.0_161-b12), built on Dec 19 2017 16:12:43 by "java_re" with gcc 4.3.0 20080428 (Red Hat 4.3.0-8)

time: Tue Jun 18 15:54:59 2019
elapsed time: 502 seconds (0d 0h 8m 22s)

