#
# There is insufficient memory for the Java Runtime Environment to continue.
# Native memory allocation (mmap) failed to map 177209344 bytes for committing reserved memory.
# Possible reasons:
#   The system is out of physical RAM or swap space
#   In 32 bit mode, the process size limit was hit
# Possible solutions:
#   Reduce memory load on the system
#   Increase physical memory or swap space
#   Check if swap backing store is full
#   Use 64 bit Java on a 64 bit OS
#   Decrease Java heap size (-Xmx/-Xms)
#   Decrease number of Java threads
#   Decrease Java thread stack sizes (-Xss)
#   Set larger code cache with -XX:ReservedCodeCacheSize=
# This output file may be truncated or incomplete.
#
#  Out of Memory Error (os_linux.cpp:2640), pid=13312, tid=0x00007f470ccfc700
#
# JRE version: Java(TM) SE Runtime Environment (8.0_161-b12) (build 1.8.0_161-b12)
# Java VM: Java HotSpot(TM) 64-Bit Server VM (25.161-b12 mixed mode linux-amd64 compressed oops)
# Failed to write core dump. Core dumps have been disabled. To enable core dumping, try "ulimit -c unlimited" before starting Java again
#

---------------  T H R E A D  ---------------

Current thread (0x00007f471c07d800):  VMThread [stack: 0x00007f470cbfc000,0x00007f470ccfd000] [id=13323]

Stack: [0x00007f470cbfc000,0x00007f470ccfd000],  sp=0x00007f470ccfb120,  free space=1020k
Native frames: (J=compiled Java code, j=interpreted, Vv=VM code, C=native code)
V  [libjvm.so+0xacf94a]  VMError::report_and_die()+0x2ba
V  [libjvm.so+0x50050b]  report_vm_out_of_memory(char const*, int, unsigned long, VMErrorType, char const*)+0x8b
V  [libjvm.so+0x92b133]  os::Linux::commit_memory_impl(char*, unsigned long, bool)+0x103
V  [libjvm.so+0x92b5c9]  os::pd_commit_memory(char*, unsigned long, unsigned long, bool)+0x29
V  [libjvm.so+0x924c0a]  os::commit_memory(char*, unsigned long, unsigned long, bool)+0x2a
V  [libjvm.so+0x99ab53]  PSVirtualSpace::expand_by(unsigned long)+0x53
V  [libjvm.so+0x99bf58]  PSYoungGen::resize_generation(unsigned long, unsigned long)+0xf8
V  [libjvm.so+0x99b0b2]  PSYoungGen::resize(unsigned long, unsigned long)+0x22
V  [libjvm.so+0x99838b]  PSScavenge::invoke_no_policy()+0xf3b
V  [libjvm.so+0x998b11]  PSScavenge::invoke()+0x41
V  [libjvm.so+0x94f5a0]  ParallelScavengeHeap::failed_mem_allocate(unsigned long)+0x70
V  [libjvm.so+0xad13c7]  VM_ParallelGCFailedAllocation::doit()+0x97
V  [libjvm.so+0xad8ed5]  VM_Operation::evaluate()+0x55
V  [libjvm.so+0xad729a]  VMThread::evaluate_operation(VM_Operation*)+0xba
V  [libjvm.so+0xad761e]  VMThread::loop()+0x1ce
V  [libjvm.so+0xad7a90]  VMThread::run()+0x70
V  [libjvm.so+0x92da28]  java_start(Thread*)+0x108

VM_Operation (0x00007f46b73fbc60): ParallelGCFailedAllocation, mode: safepoint, requested by thread 0x00007f46bc1d6000


---------------  P R O C E S S  ---------------

Java Threads: ( => current thread )
  0x00007f46bc1d6000 JavaThread "localhost-startStop-1" daemon [_thread_blocked, id=13344, stack(0x00007f46b72ff000,0x00007f46b7400000)]
  0x00007f46b8849000 JavaThread "Tomcat-startStop-1" daemon [_thread_blocked, id=13343, stack(0x00007f46d42a7000,0x00007f46d43a8000)]
  0x00007f46c4001800 JavaThread "restartedMain" [_thread_blocked, id=13336, stack(0x00007f46d45a8000,0x00007f46d46a9000)]
  0x00007f471caf7800 JavaThread "Thread-1" [_thread_blocked, id=13335, stack(0x00007f46d46a9000,0x00007f46d47aa000)]
  0x00007f471c5fa800 JavaThread "RMI TCP Accept-0" daemon [_thread_in_native, id=13333, stack(0x00007f46d4b1c000,0x00007f46d4c1d000)]
  0x00007f471c5de800 JavaThread "RMI TCP Accept-35189" daemon [_thread_in_native, id=13332, stack(0x00007f46d4c1d000,0x00007f46d4d1e000)]
  0x00007f471c5ca000 JavaThread "RMI TCP Accept-0" daemon [_thread_in_native, id=13331, stack(0x00007f46d4d1e000,0x00007f46d4e1f000)]
  0x00007f471c0ce800 JavaThread "Service Thread" daemon [_thread_blocked, id=13330, stack(0x00007f470c21d000,0x00007f470c31e000)]
  0x00007f471c0c3000 JavaThread "C1 CompilerThread2" daemon [_thread_blocked, id=13329, stack(0x00007f470c31e000,0x00007f470c41f000)]
  0x00007f471c0c1000 JavaThread "C2 CompilerThread1" daemon [_thread_blocked, id=13328, stack(0x00007f470c41f000,0x00007f470c520000)]
  0x00007f471c0be800 JavaThread "C2 CompilerThread0" daemon [_thread_blocked, id=13327, stack(0x00007f470c520000,0x00007f470c621000)]
  0x00007f471c0bd000 JavaThread "Signal Dispatcher" daemon [_thread_blocked, id=13326, stack(0x00007f470c621000,0x00007f470c722000)]
  0x00007f471c08a000 JavaThread "Finalizer" daemon [_thread_blocked, id=13325, stack(0x00007f470c9fa000,0x00007f470cafb000)]
  0x00007f471c085800 JavaThread "Reference Handler" daemon [_thread_blocked, id=13324, stack(0x00007f470cafb000,0x00007f470cbfc000)]
  0x00007f471c010000 JavaThread "main" [_thread_blocked, id=13315, stack(0x00007f472581d000,0x00007f472591e000)]

Other Threads:
=>0x00007f471c07d800 VMThread [stack: 0x00007f470cbfc000,0x00007f470ccfd000] [id=13323]
  0x00007f471c5ff000 WatcherThread [stack: 0x00007f46d4a1b000,0x00007f46d4b1c000] [id=13334]

VM state:at safepoint (normal execution)

VM Mutex/Monitor currently owned by a thread:  ([mutex/lock_event])
[0x00007f471c00c0e0] Threads_lock - owner thread: 0x00007f471c07d800
[0x00007f471c00c5e0] Heap_lock - owner thread: 0x00007f46bc1d6000

Heap:
 PSYoungGen      total 256512K, used 10742K [0x00000000d8500000, 0x00000000e8a00000, 0x0000000100000000)
  eden space 245760K, 0% used [0x00000000d8500000,0x00000000d8500000,0x00000000e7500000)
  from space 10752K, 99% used [0x00000000e7500000,0x00000000e7f7d830,0x00000000e7f80000)
  to   space 10240K, 0% used [0x00000000e8000000,0x00000000e8000000,0x00000000e8a00000)
 ParOldGen       total 59392K, used 19023K [0x0000000088e00000, 0x000000008c800000, 0x00000000d8500000)
  object space 59392K, 32% used [0x0000000088e00000,0x000000008a093d50,0x000000008c800000)
 Metaspace       used 28765K, capacity 29204K, committed 29488K, reserved 1075200K
  class space    used 3730K, capacity 3843K, committed 3888K, reserved 1048576K

Card table byte_map: [0x00007f47221fd000,0x00007f47225b7000] byte_map_base: 0x00007f4721db6000

Marking Bits: (ParMarkBitMap*) 0x00007f4724cee920
 Begin Bits: [0x00007f4704470000, 0x00007f4706238000)
 End Bits:   [0x00007f4706238000, 0x00007f4708000000)

Polling page: 0x00007f4725941000

CodeCache: size=245760Kb used=6992Kb max_used=6992Kb free=238767Kb
 bounds [0x00007f470d000000, 0x00007f470d6e0000, 0x00007f471c000000]
 total_blobs=3630 nmethods=3224 adapters=319
 compilation: enabled

Compilation events (10 events):
Event: 4.435 Thread 0x00007f471c0c3000 3220       1       java.lang.String::<init> (10 bytes)
Event: 4.436 Thread 0x00007f471c0c3000 nmethod 3220 0x00007f470d6d1d50 code [0x00007f470d6d1ec0, 0x00007f470d6d2008]
Event: 4.440 Thread 0x00007f471c0c3000 3221       1       org.springframework.aop.support.AopUtils::canApply (185 bytes)
Event: 4.441 Thread 0x00007f471c0c3000 nmethod 3221 0x00007f470d6d20d0 code [0x00007f470d6d2360, 0x00007f470d6d2ba8]
Event: 4.443 Thread 0x00007f471c0c3000 3222       1       org.aspectj.internal.lang.reflect.AjTypeImpl::<init> (60 bytes)
Event: 4.444 Thread 0x00007f471c0c3000 nmethod 3222 0x00007f470d6d3450 code [0x00007f470d6d35a0, 0x00007f470d6d3770]
Event: 4.454 Thread 0x00007f471c0c3000 3223       1       org.aspectj.apache.bcel.classfile.ExceptionTable::<init> (57 bytes)
Event: 4.454 Thread 0x00007f471c0c3000 nmethod 3223 0x00007f470d6d37d0 code [0x00007f470d6d3960, 0x00007f470d6d3c38]
Event: 4.454 Thread 0x00007f471c0c3000 3224       1       org.aspectj.apache.bcel.classfile.ExceptionTable::<init> (15 bytes)
Event: 4.455 Thread 0x00007f471c0c3000 nmethod 3224 0x00007f470d6d3e10 code [0x00007f470d6d3f60, 0x00007f470d6d40d0]

GC Heap History (10 events):
Event: 1.876 GC heap after
Heap after GC invocations=3 (full 0):
 PSYoungGen      total 66560K, used 5088K [0x00000000d8500000, 0x00000000e0700000, 0x0000000100000000)
  eden space 61440K, 0% used [0x00000000d8500000,0x00000000d8500000,0x00000000dc100000)
  from space 5120K, 99% used [0x00000000dc100000,0x00000000dc5f8040,0x00000000dc600000)
  to   space 5120K, 0% used [0x00000000e0200000,0x00000000e0200000,0x00000000e0700000)
 ParOldGen       total 81920K, used 7803K [0x0000000088e00000, 0x000000008de00000, 0x00000000d8500000)
  object space 81920K, 9% used [0x0000000088e00000,0x000000008959efe0,0x000000008de00000)
 Metaspace       used 18291K, capacity 18664K, committed 18944K, reserved 1064960K
  class space    used 2319K, capacity 2453K, committed 2560K, reserved 1048576K
}
Event: 2.217 GC heap before
{Heap before GC invocations=4 (full 0):
 PSYoungGen      total 66560K, used 66528K [0x00000000d8500000, 0x00000000e0700000, 0x0000000100000000)
  eden space 61440K, 100% used [0x00000000d8500000,0x00000000dc100000,0x00000000dc100000)
  from space 5120K, 99% used [0x00000000dc100000,0x00000000dc5f8040,0x00000000dc600000)
  to   space 5120K, 0% used [0x00000000e0200000,0x00000000e0200000,0x00000000e0700000)
 ParOldGen       total 81920K, used 7803K [0x0000000088e00000, 0x000000008de00000, 0x00000000d8500000)
  object space 81920K, 9% used [0x0000000088e00000,0x000000008959efe0,0x000000008de00000)
 Metaspace       used 19443K, capacity 19866K, committed 20096K, reserved 1067008K
  class space    used 2471K, capacity 2596K, committed 2688K, reserved 1048576K
Event: 2.241 GC heap after
Heap after GC invocations=4 (full 0):
 PSYoungGen      total 128000K, used 5091K [0x00000000d8500000, 0x00000000e0700000, 0x0000000100000000)
  eden space 122880K, 0% used [0x00000000d8500000,0x00000000d8500000,0x00000000dfd00000)
  from space 5120K, 99% used [0x00000000e0200000,0x00000000e06f8ec8,0x00000000e0700000)
  to   space 5120K, 0% used [0x00000000dfd00000,0x00000000dfd00000,0x00000000e0200000)
 ParOldGen       total 81920K, used 10383K [0x0000000088e00000, 0x000000008de00000, 0x00000000d8500000)
  object space 81920K, 12% used [0x0000000088e00000,0x0000000089823ef8,0x000000008de00000)
 Metaspace       used 19443K, capacity 19866K, committed 20096K, reserved 1067008K
  class space    used 2471K, capacity 2596K, committed 2688K, reserved 1048576K
}
Event: 2.687 GC heap before
{Heap before GC invocations=5 (full 0):
 PSYoungGen      total 128000K, used 127971K [0x00000000d8500000, 0x00000000e0700000, 0x0000000100000000)
  eden space 122880K, 100% used [0x00000000d8500000,0x00000000dfd00000,0x00000000dfd00000)
  from space 5120K, 99% used [0x00000000e0200000,0x00000000e06f8ec8,0x00000000e0700000)
  to   space 5120K, 0% used [0x00000000dfd00000,0x00000000dfd00000,0x00000000e0200000)
 ParOldGen       total 81920K, used 10383K [0x0000000088e00000, 0x000000008de00000, 0x00000000d8500000)
  object space 81920K, 12% used [0x0000000088e00000,0x0000000089823ef8,0x000000008de00000)
 Metaspace       used 19859K, capacity 20292K, committed 20352K, reserved 1067008K
  class space    used 2541K, capacity 2667K, committed 2688K, reserved 1048576K
Event: 2.704 GC heap after
Heap after GC invocations=5 (full 0):
 PSYoungGen      total 128000K, used 5091K [0x00000000d8500000, 0x00000000e8b00000, 0x0000000100000000)
  eden space 122880K, 0% used [0x00000000d8500000,0x00000000d8500000,0x00000000dfd00000)
  from space 5120K, 99% used [0x00000000dfd00000,0x00000000e01f8ec8,0x00000000e0200000)
  to   space 11264K, 0% used [0x00000000e8000000,0x00000000e8000000,0x00000000e8b00000)
 ParOldGen       total 81920K, used 12711K [0x0000000088e00000, 0x000000008de00000, 0x00000000d8500000)
  object space 81920K, 15% used [0x0000000088e00000,0x0000000089a69fc0,0x000000008de00000)
 Metaspace       used 19859K, capacity 20292K, committed 20352K, reserved 1067008K
  class space    used 2541K, capacity 2667K, committed 2688K, reserved 1048576K
}
Event: 2.865 GC heap before
{Heap before GC invocations=6 (full 0):
 PSYoungGen      total 128000K, used 31854K [0x00000000d8500000, 0x00000000e8b00000, 0x0000000100000000)
  eden space 122880K, 21% used [0x00000000d8500000,0x00000000d9f22ab8,0x00000000dfd00000)
  from space 5120K, 99% used [0x00000000dfd00000,0x00000000e01f8ec8,0x00000000e0200000)
  to   space 11264K, 0% used [0x00000000e8000000,0x00000000e8000000,0x00000000e8b00000)
 ParOldGen       total 81920K, used 12711K [0x0000000088e00000, 0x000000008de00000, 0x00000000d8500000)
  object space 81920K, 15% used [0x0000000088e00000,0x0000000089a69fc0,0x000000008de00000)
 Metaspace       used 20808K, capacity 21220K, committed 21296K, reserved 1067008K
  class space    used 2693K, capacity 2827K, committed 2864K, reserved 1048576K
Event: 2.872 GC heap after
Heap after GC invocations=6 (full 0):
 PSYoungGen      total 256000K, used 6892K [0x00000000d8500000, 0x00000000e8a00000, 0x0000000100000000)
  eden space 245760K, 0% used [0x00000000d8500000,0x00000000d8500000,0x00000000e7500000)
  from space 10240K, 67% used [0x00000000e8000000,0x00000000e86bb288,0x00000000e8a00000)
  to   space 10752K, 0% used [0x00000000e7500000,0x00000000e7500000,0x00000000e7f80000)
 ParOldGen       total 81920K, used 12719K [0x0000000088e00000, 0x000000008de00000, 0x00000000d8500000)
  object space 81920K, 15% used [0x0000000088e00000,0x0000000089a6bfc0,0x000000008de00000)
 Metaspace       used 20808K, capacity 21220K, committed 21296K, reserved 1067008K
  class space    used 2693K, capacity 2827K, committed 2864K, reserved 1048576K
}
Event: 2.873 GC heap before
{Heap before GC invocations=7 (full 1):
 PSYoungGen      total 256000K, used 6892K [0x00000000d8500000, 0x00000000e8a00000, 0x0000000100000000)
  eden space 245760K, 0% used [0x00000000d8500000,0x00000000d8500000,0x00000000e7500000)
  from space 10240K, 67% used [0x00000000e8000000,0x00000000e86bb288,0x00000000e8a00000)
  to   space 10752K, 0% used [0x00000000e7500000,0x00000000e7500000,0x00000000e7f80000)
 ParOldGen       total 81920K, used 12719K [0x0000000088e00000, 0x000000008de00000, 0x00000000d8500000)
  object space 81920K, 15% used [0x0000000088e00000,0x0000000089a6bfc0,0x000000008de00000)
 Metaspace       used 20808K, capacity 21220K, committed 21296K, reserved 1067008K
  class space    used 2693K, capacity 2827K, committed 2864K, reserved 1048576K
Event: 2.916 GC heap after
Heap after GC invocations=7 (full 1):
 PSYoungGen      total 256000K, used 0K [0x00000000d8500000, 0x00000000e8a00000, 0x0000000100000000)
  eden space 245760K, 0% used [0x00000000d8500000,0x00000000d8500000,0x00000000e7500000)
  from space 10240K, 0% used [0x00000000e8000000,0x00000000e8000000,0x00000000e8a00000)
  to   space 10752K, 0% used [0x00000000e7500000,0x00000000e7500000,0x00000000e7f80000)
 ParOldGen       total 59392K, used 12666K [0x0000000088e00000, 0x000000008c800000, 0x00000000d8500000)
  object space 59392K, 21% used [0x0000000088e00000,0x0000000089a5e810,0x000000008c800000)
 Metaspace       used 20808K, capacity 21220K, committed 21296K, reserved 1067008K
  class space    used 2693K, capacity 2827K, committed 2864K, reserved 1048576K
}
Event: 4.457 GC heap before
{Heap before GC invocations=8 (full 1):
 PSYoungGen      total 256000K, used 245760K [0x00000000d8500000, 0x00000000e8a00000, 0x0000000100000000)
  eden space 245760K, 100% used [0x00000000d8500000,0x00000000e7500000,0x00000000e7500000)
  from space 10240K, 0% used [0x00000000e8000000,0x00000000e8000000,0x00000000e8a00000)
  to   space 10752K, 0% used [0x00000000e7500000,0x00000000e7500000,0x00000000e7f80000)
 ParOldGen       total 59392K, used 12666K [0x0000000088e00000, 0x000000008c800000, 0x00000000d8500000)
  object space 59392K, 21% used [0x0000000088e00000,0x0000000089a5e810,0x000000008c800000)
 Metaspace       used 28765K, capacity 29204K, committed 29488K, reserved 1075200K
  class space    used 3730K, capacity 3843K, committed 3888K, reserved 1048576K

Deoptimization events (0 events):
No events

Classes redefined (0 events):
No events

Internal exceptions (10 events):
Event: 4.436 Thread 0x00007f46bc1d6000 Exception <a 'java/lang/ArrayIndexOutOfBoundsException'> (0x00000000e70a9b08) thrown at [/HUDSON/workspace/8-2-build-linux-amd64/jdk8u161/10277/hotspot/src/share/vm/runtime/sharedRuntime.cpp, line 605]
Event: 4.436 Thread 0x00007f46bc1d6000 Exception <a 'java/lang/ArrayIndexOutOfBoundsException'> (0x00000000e70ac728) thrown at [/HUDSON/workspace/8-2-build-linux-amd64/jdk8u161/10277/hotspot/src/share/vm/runtime/sharedRuntime.cpp, line 605]
Event: 4.436 Thread 0x00007f46bc1d6000 Exception <a 'java/lang/ClassNotFoundException': org/springframework/web/servlet/DispatcherServletCustomizer> (0x00000000e70e2bb0) thrown at [/HUDSON/workspace/8-2-build-linux-amd64/jdk8u161/10277/hotspot/src/share/vm/classfile/systemDictionary.cpp, line 
Event: 4.438 Thread 0x00007f46bc1d6000 Exception <a 'java/lang/ClassNotFoundException': org/springframework/context/ApplicationContextAwareCustomizer> (0x00000000e7146688) thrown at [/HUDSON/workspace/8-2-build-linux-amd64/jdk8u161/10277/hotspot/src/share/vm/classfile/systemDictionary.cpp, lin
Event: 4.438 Thread 0x00007f46bc1d6000 Exception <a 'java/lang/ClassNotFoundException': org/springframework/core/env/EnvironmentCapableCustomizer> (0x00000000e7166d20) thrown at [/HUDSON/workspace/8-2-build-linux-amd64/jdk8u161/10277/hotspot/src/share/vm/classfile/systemDictionary.cpp, line 21
Event: 4.439 Thread 0x00007f46bc1d6000 Exception <a 'java/lang/ClassNotFoundException': org/springframework/context/EnvironmentAwareCustomizer> (0x00000000e7186240) thrown at [/HUDSON/workspace/8-2-build-linux-amd64/jdk8u161/10277/hotspot/src/share/vm/classfile/systemDictionary.cpp, line 210]
Event: 4.439 Thread 0x00007f46bc1d6000 Exception <a 'java/lang/ClassNotFoundException': javax/servlet/ServletCustomizer> (0x00000000e719e210) thrown at [/HUDSON/workspace/8-2-build-linux-amd64/jdk8u161/10277/hotspot/src/share/vm/classfile/systemDictionary.cpp, line 210]
Event: 4.439 Thread 0x00007f46bc1d6000 Exception <a 'java/lang/ClassNotFoundException': javax/servlet/ServletConfigCustomizer> (0x00000000e71ba440) thrown at [/HUDSON/workspace/8-2-build-linux-amd64/jdk8u161/10277/hotspot/src/share/vm/classfile/systemDictionary.cpp, line 210]
Event: 4.439 Thread 0x00007f46bc1d6000 Exception <a 'java/lang/ArrayIndexOutOfBoundsException'> (0x00000000e71bb448) thrown at [/HUDSON/workspace/8-2-build-linux-amd64/jdk8u161/10277/hotspot/src/share/vm/runtime/sharedRuntime.cpp, line 605]
Event: 4.440 Thread 0x00007f46bc1d6000 Exception <a 'java/lang/ClassNotFoundException': java/io/SerializableCustomizer> (0x00000000e71cc4a8) thrown at [/HUDSON/workspace/8-2-build-linux-amd64/jdk8u161/10277/hotspot/src/share/vm/classfile/systemDictionary.cpp, line 210]

Events (10 events):
Event: 4.439 loading class javax/servlet/ServletConfigCustomizer done
Event: 4.439 loading class javax/servlet/ServletConfigCustomizer
Event: 4.439 loading class javax/servlet/ServletConfigCustomizer done
Event: 4.439 loading class javax/servlet/ServletConfigCustomizer
Event: 4.439 loading class javax/servlet/ServletConfigCustomizer done
Event: 4.439 loading class java/io/SerializableCustomizer
Event: 4.439 loading class java/io/SerializableCustomizer done
Event: 4.440 loading class java/io/SerializableCustomizer
Event: 4.440 loading class java/io/SerializableCustomizer done
Event: 4.457 Executing VM operation: ParallelGCFailedAllocation


Dynamic libraries:
00400000-00401000 r-xp 00000000 08:05 11930299                           /usr/lib/jvm/java-8-oracle/bin/java
00600000-00601000 rw-p 00000000 08:05 11930299                           /usr/lib/jvm/java-8-oracle/bin/java
023b7000-023d8000 rw-p 00000000 00:00 0                                  [heap]
88e00000-8c800000 rw-p 00000000 00:00 0 
8c800000-d8500000 ---p 00000000 00:00 0 
d8500000-e8a00000 rw-p 00000000 00:00 0 
f3300000-100000000 ---p 00000000 00:00 0 
100000000-1003cc000 rw-p 00000000 00:00 0 
1003cc000-140000000 ---p 00000000 00:00 0 
7f46b0000000-7f46b02a5000 rw-p 00000000 00:00 0 
7f46b02a5000-7f46b4000000 ---p 00000000 00:00 0 
7f46b72ff000-7f46b7302000 ---p 00000000 00:00 0 
7f46b7302000-7f46b7500000 rw-p 00000000 00:00 0 
7f46b7500000-7f46b7600000 ---p 00000000 00:00 0 
7f46b7600000-7f46b7800000 rw-p 00000000 00:00 0 
7f46b7800000-7f46b7a00000 rw-p 00000000 00:00 0 
7f46b7a00000-7f46b7c00000 rw-p 00000000 00:00 0 
7f46b7c00000-7f46b7e00000 rw-p 00000000 00:00 0 
7f46b7e00000-7f46b8000000 rw-p 00000000 00:00 0 
7f46b8000000-7f46b884c000 rw-p 00000000 00:00 0 
7f46b884c000-7f46bc000000 ---p 00000000 00:00 0 
7f46bc000000-7f46bc1dd000 rw-p 00000000 00:00 0 
7f46bc1dd000-7f46c0000000 ---p 00000000 00:00 0 
7f46c0000000-7f46c0021000 rw-p 00000000 00:00 0 
7f46c0021000-7f46c4000000 ---p 00000000 00:00 0 
7f46c4000000-7f46c4021000 rw-p 00000000 00:00 0 
7f46c4021000-7f46c8000000 ---p 00000000 00:00 0 
7f46c8000000-7f46c8021000 rw-p 00000000 00:00 0 
7f46c8021000-7f46cc000000 ---p 00000000 00:00 0 
7f46cc000000-7f46cc021000 rw-p 00000000 00:00 0 
7f46cc021000-7f46d0000000 ---p 00000000 00:00 0 
7f46d0000000-7f46d0021000 rw-p 00000000 00:00 0 
7f46d0021000-7f46d4000000 ---p 00000000 00:00 0 
7f46d40a7000-7f46d42a7000 rw-p 00000000 00:00 0 
7f46d42a7000-7f46d42aa000 ---p 00000000 00:00 0 
7f46d42aa000-7f46d45a8000 rw-p 00000000 00:00 0 
7f46d45a8000-7f46d45ab000 ---p 00000000 00:00 0 
7f46d45ab000-7f46d46a9000 rw-p 00000000 00:00 0 
7f46d46a9000-7f46d46ac000 ---p 00000000 00:00 0 
7f46d46ac000-7f46d47aa000 rw-p 00000000 00:00 0 
7f46d4803000-7f46d4808000 r--s 002f9000 08:05 12062869                   /usr/lib/jvm/java-8-oracle/jre/lib/charsets.jar
7f46d4808000-7f46d481b000 r--s 00345000 08:05 12062875                   /usr/lib/jvm/java-8-oracle/jre/lib/resources.jar
7f46d481b000-7f46d4a1b000 rw-p 00000000 00:00 0 
7f46d4a1b000-7f46d4a1c000 ---p 00000000 00:00 0 
7f46d4a1c000-7f46d4b1c000 rw-p 00000000 00:00 0 
7f46d4b1c000-7f46d4b1f000 ---p 00000000 00:00 0 
7f46d4b1f000-7f46d4c1d000 rw-p 00000000 00:00 0 
7f46d4c1d000-7f46d4c20000 ---p 00000000 00:00 0 
7f46d4c20000-7f46d4d1e000 rw-p 00000000 00:00 0 
7f46d4d1e000-7f46d4d21000 ---p 00000000 00:00 0 
7f46d4d21000-7f46d4e1f000 rw-p 00000000 00:00 0 
7f46d4e1f000-7f46d4e24000 r--s 0009d000 08:05 12062876                   /usr/lib/jvm/java-8-oracle/jre/lib/jsse.jar
7f46d4e24000-7f46d4e2f000 r--s 00069000 08:05 3290432                    /home/vishal/.m2/repository/ch/qos/logback/logback-core/1.1.9/logback-core-1.1.9.jar
7f46d4e2f000-7f46d4e35000 r--s 00045000 08:05 3290427                    /home/vishal/.m2/repository/ch/qos/logback/logback-classic/1.1.9/logback-classic-1.1.9.jar
7f46d4e35000-7f46d4e41000 r--s 00073000 08:05 3812981                    /home/vishal/.m2/repository/net/logstash/logback/logstash-logback-encoder/5.2/logstash-logback-encoder-5.2.jar
7f46d4e41000-7f46d4e42000 r--s 00000000 08:05 3812979                    /home/vishal/.m2/repository/io/jaegertracing/jaeger-tracerresolver/0.31.0/jaeger-tracerresolver-0.31.0.jar
7f46d4e42000-7f46d4e46000 r--s 0001b000 08:05 3812977                    /home/vishal/.m2/repository/io/jaegertracing/jaeger-core/0.31.0/jaeger-core-0.31.0.jar
7f46d4e46000-7f46d4e47000 r--s 00013000 08:05 3812975                    /home/vishal/.m2/repository/com/squareup/okio/okio/1.13.0/okio-1.13.0.jar
7f46d4e47000-7f46d4e4d000 r--s 0005e000 08:05 3684213                    /home/vishal/.m2/repository/com/squareup/okhttp3/okhttp/3.9.0/okhttp-3.9.0.jar
7f46d4e4d000-7f46d4e55000 r--s 00048000 08:05 3684211                    /home/vishal/.m2/repository/org/apache/httpcomponents/httpcore/4.4.6/httpcore-4.4.6.jar
7f46d4e55000-7f46d4e5c000 r--s 0003f000 08:05 3684209                    /home/vishal/.m2/repository/commons-codec/commons-codec/1.10/commons-codec-1.10.jar
7f46d4e5c000-7f46d4e69000 r--s 000a7000 08:05 3683928                    /home/vishal/.m2/repository/org/apache/httpcomponents/httpclient/4.5.2/httpclient-4.5.2.jar
7f46d4e69000-7f46d4e6f000 r--s 00035000 08:05 3684205                    /home/vishal/.m2/repository/org/apache/thrift/libthrift/0.11.0/libthrift-0.11.0.jar
7f46d4e6f000-7f46d4e7e000 r--s 0009c000 08:05 3812973                    /home/vishal/.m2/repository/io/jaegertracing/jaeger-thrift/0.31.0/jaeger-thrift-0.31.0.jar
7f46d4e7e000-7f46d4e7f000 r--s 00000000 08:05 3812971                    /home/vishal/.m2/repository/io/jaegertracing/jaeger-client/0.31.0/jaeger-client-0.31.0.jar
7f46d4e7f000-7f46d4e81000 r--s 0000d000 08:05 3812969                    /home/vishal/.m2/repository/io/prometheus/simpleclient/0.4.0/simpleclient-0.4.0.jar
7f46d4e81000-7f46d4e82000 r--s 00001000 08:05 3812967                    /home/vishal/.m2/repository/io/prometheus/simpleclient_common/0.4.0/simpleclient_common-0.4.0.jar
7f46d4e82000-7f46d4e84000 r--s 00005000 08:05 3812965                    /home/vishal/.m2/repository/io/micrometer/micrometer-registry-prometheus/1.0.6/micrometer-registry-prometheus-1.0.6.jar
7f46d4e84000-7f46d4e89000 r--s 0001e000 08:05 3812963                    /home/vishal/.m2/repository/io/micrometer/micrometer-spring-legacy/1.0.6/micrometer-spring-legacy-1.0.6.jar
7f46d4e89000-7f46d4e8b000 r--s 00006000 08:05 3812961                    /home/vishal/.m2/repository/org/latencyutils/LatencyUtils/2.0.3/LatencyUtils-2.0.3.jar
7f46d4e8b000-7f46d4e8d000 r--s 0001b000 08:05 3812959                    /home/vishal/.m2/repository/org/hdrhistogram/HdrHistogram/2.1.10/HdrHistogram-2.1.10.jar
7f46d4e8d000-7f46d4e95000 r--s 0004f000 08:05 3812957                    /home/vishal/.m2/repository/io/micrometer/micrometer-core/1.0.6/micrometer-core-1.0.6.jar
7f46d4e95000-7f46d4e97000 r--s 00003000 08:05 3684203                    /home/vishal/.m2/repository/io/opentracing/contrib/opentracing-spring-jaeger-starter/0.2.2/opentracing-spring-jaeger-starter-0.2.2.jar
7f46d4e97000-7f46d4e99000 r--s 00002000 08:05 3419167                    /home/vishal/.m2/repository/io/opentracing/opentracing-api/0.31.0/opentracing-api-0.31.0.jar
7f46d4e99000-7f46d4e9a000 r--s 00000000 08:05 6172805                    /home/vishal/.m2/repository/org/springframework/boot/spring-boot-starter-aop/1.5.1.RELEASE/spring-boot-starter-aop-1.5.1.RELEASE.jar
7f46d4e9a000-7f46d4e9b000 r--s 00005000 08:05 3684199                    /home/vishal/.m2/repository/io/opentracing/contrib/opentracing-jdbc/0.0.9/opentracing-jdbc-0.0.9.jar
7f46d4e9b000-7f46d4e9c000 r--s 00001000 08:05 3549975                    /home/vishal/.m2/repository/io/opentracing/contrib/opentracing-spring-cloud-jdbc-starter/0.2.1/opentracing-spring-cloud-jdbc-starter-0.2.1.jar
7f46d4e9c000-7f46d4e9d000 r--s 00001000 08:05 3419165                    /home/vishal/.m2/repository/io/opentracing/opentracing-util/0.31.0/opentracing-util-0.31.0.jar
7f46d4e9d000-7f46d4e9e000 r--s 00002000 08:05 3419163                    /home/vishal/.m2/repository/io/opentracing/opentracing-noop/0.31.0/opentracing-noop-0.31.0.jar
7f46d4e9e000-7f46d4ea0000 r--s 00000000 08:05 3549973                    /home/vishal/.m2/repository/io/opentracing/contrib/opentracing-spring-tracer-configuration-starter/0.1.0/opentracing-spring-tracer-configuration-starter-0.1.0.jar
7f46d4ea0000-7f46d4ea1000 r--s 00001000 08:05 3549971                    /home/vishal/.m2/repository/io/opentracing/contrib/opentracing-tracerresolver/0.1.4/opentracing-tracerresolver-0.1.4.jar
7f46d4ea1000-7f46d4ea3000 r--s 00002000 08:05 3419161                    /home/vishal/.m2/repository/io/opentracing/contrib/opentracing-web-servlet-filter/0.1.0/opentracing-web-servlet-filter-0.1.0.jar
7f46d4ea3000-7f46d4ea4000 r--s 00004000 08:05 3419159                    /home/vishal/.m2/repository/io/opentracing/contrib/opentracing-spring-web/0.3.3/opentracing-spring-web-0.3.3.jar
7f46d4ea4000-7f46d4ea6000 r--s 00003000 08:05 3419157                    /home/vishal/.m2/repository/io/opentracing/contrib/opentracing-spring-web-starter/0.3.3/opentracing-spring-web-starter-0.3.3.jar
7f46d4ea6000-7f46d4eb6000 r--s 00076000 08:05 6041832                    /home/vishal/.m2/repository/org/springframework/boot/spring-boot-actuator/1.5.1.RELEASE/spring-boot-actuator-1.5.1.RELEASE.jar
7f46d4eb6000-7f46d4eb7000 r--s 00000000 08:05 5914964                    /home/vishal/.m2/repository/org/springframework/boot/spring-boot-starter-actuator/1.5.1.RELEASE/spring-boot-starter-actuator-1.5.1.RELEASE.jar
7f46d4eb7000-7f46d4ed0000 r--s 001af000 08:05 3419415                    /home/vishal/.m2/repository/org/aspectj/aspectjweaver/1.8.9/aspectjweaver-1.8.9.jar
7f46d4ed0000-7f46d4ed4000 r--s 0002f000 08:05 3419149                    /home/vishal/.m2/repository/commons-io/commons-io/2.5/commons-io-2.5.jar
7f46d4ed4000-7f46d4ed6000 r--s 001eb000 08:05 3419147                    /home/vishal/.m2/repository/org/xerial/snappy/snappy-java/1.1.7.1/snappy-java-1.1.7.1.jar
7f46d4ed6000-7f46d4ed9000 r--s 00058000 08:05 3419145                    /home/vishal/.m2/repository/org/lz4/lz4-java/1.4.1/lz4-java-1.4.1.jar
7f46d4ed9000-7f46d4ef7000 r--s 00186000 08:05 3419143                    /home/vishal/.m2/repository/org/apache/kafka/kafka-clients/1.1.1/kafka-clients-1.1.1.jar
7f46d4ef7000-7f46d4efc000 r--s 0001b000 08:05 3290406                    /home/vishal/.m2/repository/org/springframework/retry/spring-retry/1.2.0.RELEASE/spring-retry-1.2.0.RELEASE.jar
7f46d4efc000-7f46d4f05000 r--s 00055000 08:05 5787449                    /home/vishal/.m2/repository/org/springframework/spring-messaging/4.3.6.RELEASE/spring-messaging-4.3.6.RELEASE.jar
7f46d4f05000-7f46d4f0a000 r--s 0001f000 08:05 3942415                    /home/vishal/.m2/repository/org/springframework/kafka/spring-kafka/1.1.2.RELEASE/spring-kafka-1.1.2.RELEASE.jar
7f46d4f0a000-7f46d4f0b000 r--s 00009000 08:05 5661001                    /home/vishal/.m2/repository/com/fasterxml/jackson/dataformat/jackson-dataformat-yaml/2.8.6/jackson-dataformat-yaml-2.8.6.jar
7f46d4f0b000-7f46d4f0c000 r--s 0000f000 08:05 4073898                    /home/vishal/.m2/repository/org/json/json/20140107/json-20140107.jar
7f46d4f0c000-7f46d4f11000 r--s 00046000 08:05 4073603                    /home/vishal/.m2/repository/org/apache/commons/commons-lang3/3.0/commons-lang3-3.0.jar
7f46d4f11000-7f46d4f13000 r--s 00004000 08:05 3942410                    /home/vishal/.m2/repository/org/egov/mdms-client/0.0.2-SNAPSHOT/mdms-client-0.0.2-SNAPSHOT.jar
7f46d4f13000-7f46d4f18000 r--s 00034000 08:05 3684215                    /home/vishal/.m2/repository/com/google/code/gson/gson/2.8.0/gson-2.8.0.jar
7f46d4f18000-7f46d4f1a000 r--s 00009000 08:05 3289498                    /home/vishal/.m2/repository/org/slf4j/slf4j-api/1.7.22/slf4j-api-1.7.22.jar
7f46d4f1a000-7f46d4f1c000 r--s 00012000 08:05 3419173                    /home/vishal/.m2/repository/net/minidev/accessors-smart/1.1/accessors-smart-1.1.jar
7f46d4f1c000-7f46d4f1f000 r--s 0001b000 08:05 3419171                    /home/vishal/.m2/repository/net/minidev/json-smart/2.2.1/json-smart-2.2.1.jar
7f46d4f1f000-7f46d4f24000 r--s 0002e000 08:05 3419169                    /home/vishal/.m2/repository/com/jayway/jsonpath/json-path/2.2.0/json-path-2.2.0.jar
7f46d4f24000-7f46d4f3a000 r--s 000fb000 08:05 3942744                    /home/vishal/.m2/repository/org/springframework/spring-core/4.3.6.RELEASE/spring-core-4.3.6.RELEASE.jar
7f46d4f3a000-7f46d4f59000 r--s 000df000 08:05 4335329                    /home/vishal/.m2/repository/org/springframework/boot/spring-boot-autoconfigure/1.5.1.RELEASE/spring-boot-autoconfigure-1.5.1.RELEASE.jar
7f46d4f59000-7f46d4f69000 r--s 00092000 08:05 3942747                    /home/vishal/.m2/repository/org/springframework/boot/spring-boot/1.5.1.RELEASE/spring-boot-1.5.1.RELEASE.jar
7f46d4f69000-7f46d4f70000 r--s 0002e000 08:05 4873693                    /home/vishal/.m2/repository/org/springframework/boot/spring-boot-devtools/1.5.1.RELEASE/spring-boot-devtools-1.5.1.RELEASE.jar
7f46d4f70000-7f46d4f85000 r--s 00145000 08:05 4736187                    /home/vishal/.m2/repository/org/projectlombok/lombok/1.16.12/lombok-1.16.12.jar
7f46d4f85000-7f46d4f8a000 r--s 00041000 08:05 3942451                    /home/vishal/.m2/repository/commons-lang/commons-lang/2.6/commons-lang-2.6.jar
7f46d4f8a000-7f46d4f8d000 r--s 0000b000 08:05 3028249                    /home/vishal/.m2/repository/com/fasterxml/jackson/core/jackson-annotations/2.8.0/jackson-annotations-2.8.0.jar
7f46d4f8d000-7f46d4f8f000 r--s 00004000 08:05 3028223                    /home/vishal/.m2/repository/org/egov/services/services-common/1.0.0/services-common-1.0.0.jar
7f46d4f8f000-7f46d4f96000 r--s 0009f000 08:05 3942441                    /home/vishal/.m2/repository/org/postgresql/postgresql/9.4.1212.jre7/postgresql-9.4.1212.jre7.jar
7f46d4f96000-7f46d4f9e000 r--s 00040000 08:05 4073896                    /home/vishal/.m2/repository/org/flywaydb/flyway-core/3.2.1/flyway-core-3.2.1.jar
7f46d4f9e000-7f46d4fa6000 r--s 0003a000 08:05 3942752                    /home/vishal/.m2/repository/org/springframework/spring-tx/4.3.6.RELEASE/spring-tx-4.3.6.RELEASE.jar
7f46d4fa6000-7f46d4fb0000 r--s 0005f000 08:05 5256145                    /home/vishal/.m2/repository/org/springframework/spring-jdbc/4.3.6.RELEASE/spring-jdbc-4.3.6.RELEASE.jar
7f46d4fb0000-7f46d4fb5000 r--s 0003c000 08:05 4335327                    /home/vishal/.m2/repository/org/springframework/spring-expression/4.3.6.RELEASE/spring-expression-4.3.6.RELEASE.jar
7f46d4fb5000-7f46d4fc6000 r--s 000cf000 08:05 4736185                    /home/vishal/.m2/repository/org/springframework/spring-webmvc/4.3.6.RELEASE/spring-webmvc-4.3.6.RELEASE.jar
7f46d4fc6000-7f46d4fdf000 r--s 000fd000 08:05 3942746                    /home/vishal/.m2/repository/org/springframework/spring-context/4.3.6.RELEASE/spring-context-4.3.6.RELEASE.jar
7f46d4fdf000-7f46d4fed000 r--s 000ad000 08:05 4206407                    /home/vishal/.m2/repository/org/springframework/spring-beans/4.3.6.RELEASE/spring-beans-4.3.6.RELEASE.jar
7f46d4fed000-7f46d4fff000 r--s 000b6000 08:05 4736189                    /home/vishal/.m2/repository/org/springframework/spring-web/4.3.6.RELEASE/spring-web-4.3.6.RELEASE.jar
7f46d4fff000-7f46d8000000 rw-p 00000000 00:00 0 
7f46d8000000-7f46d8769000 rw-p 00000000 00:00 0 
7f46d8769000-7f46dc000000 ---p 00000000 00:00 0 
7f46dc000000-7f46dc021000 rw-p 00000000 00:00 0 
7f46dc021000-7f46e0000000 ---p 00000000 00:00 0 
7f46e0000000-7f46e005e000 rw-p 00000000 00:00 0 
7f46e005e000-7f46e4000000 ---p 00000000 00:00 0 
7f46e4000000-7f46e4021000 rw-p 00000000 00:00 0 
7f46e4021000-7f46e8000000 ---p 00000000 00:00 0 
7f46e8000000-7f46e8021000 rw-p 00000000 00:00 0 
7f46e8021000-7f46ec000000 ---p 00000000 00:00 0 
7f46ec000000-7f46ec021000 rw-p 00000000 00:00 0 
7f46ec021000-7f46f0000000 ---p 00000000 00:00 0 
7f46f0000000-7f46f0290000 rw-p 00000000 00:00 0 
7f46f0290000-7f46f4000000 ---p 00000000 00:00 0 
7f46f4000000-7f46f4021000 rw-p 00000000 00:00 0 
7f46f4021000-7f46f8000000 ---p 00000000 00:00 0 
7f46f8000000-7f46f8021000 rw-p 00000000 00:00 0 
7f46f8021000-7f46fc000000 ---p 00000000 00:00 0 
7f46fc000000-7f46fc021000 rw-p 00000000 00:00 0 
7f46fc021000-7f4700000000 ---p 00000000 00:00 0 
7f4700000000-7f4700021000 rw-p 00000000 00:00 0 
7f4700021000-7f4704000000 ---p 00000000 00:00 0 
7f4704000000-7f4704001000 r--s 0000c000 08:05 3419175                    /home/vishal/.m2/repository/org/ow2/asm/asm/5.0.3/asm-5.0.3.jar
7f4704001000-7f470400a000 r--s 00054000 08:05 4206411                    /home/vishal/.m2/repository/org/springframework/spring-aop/4.3.6.RELEASE/spring-aop-4.3.6.RELEASE.jar
7f470400a000-7f470400e000 r--s 00041000 08:05 3290620                    /home/vishal/.m2/repository/com/fasterxml/jackson/core/jackson-core/2.8.6/jackson-core-2.8.6.jar
7f470400e000-7f470401f000 r--s 0011d000 08:05 3290618                    /home/vishal/.m2/repository/com/fasterxml/jackson/core/jackson-databind/2.8.6/jackson-databind-2.8.6.jar
7f470401f000-7f4704048000 r--s 002b8000 08:05 4473100                    /home/vishal/.m2/repository/org/apache/tomcat/embed/tomcat-embed-core/8.5.11/tomcat-embed-core-8.5.11.jar
7f4704048000-7f4704059000 r-xp 00000000 08:05 12193426                   /usr/lib/jvm/java-8-oracle/jre/lib/amd64/libnio.so
7f4704059000-7f4704258000 ---p 00011000 08:05 12193426                   /usr/lib/jvm/java-8-oracle/jre/lib/amd64/libnio.so
7f4704258000-7f4704259000 rw-p 00010000 08:05 12193426                   /usr/lib/jvm/java-8-oracle/jre/lib/amd64/libnio.so
7f4704259000-7f470426f000 r-xp 00000000 08:05 12193423                   /usr/lib/jvm/java-8-oracle/jre/lib/amd64/libnet.so
7f470426f000-7f470446f000 ---p 00016000 08:05 12193423                   /usr/lib/jvm/java-8-oracle/jre/lib/amd64/libnet.so
7f470446f000-7f4704470000 rw-p 00016000 08:05 12193423                   /usr/lib/jvm/java-8-oracle/jre/lib/amd64/libnet.so
7f4704470000-7f4708000000 rw-p 00000000 00:00 0 
7f4708000000-7f4708021000 rw-p 00000000 00:00 0 
7f4708021000-7f470c000000 ---p 00000000 00:00 0 
7f470c000000-7f470c003000 r--s 00020000 08:05 4993866                    /home/vishal/.m2/repository/org/apache/tomcat/tomcat-jdbc/8.5.11/tomcat-jdbc-8.5.11.jar
7f470c003000-7f470c014000 r--s 000a1000 08:05 3290624                    /home/vishal/.m2/repository/org/hibernate/hibernate-validator/5.3.4.Final/hibernate-validator-5.3.4.Final.jar
7f470c014000-7f470c01d000 r-xp 00000000 08:05 12193431                   /usr/lib/jvm/java-8-oracle/jre/lib/amd64/libmanagement.so
7f470c01d000-7f470c21c000 ---p 00009000 08:05 12193431                   /usr/lib/jvm/java-8-oracle/jre/lib/amd64/libmanagement.so
7f470c21c000-7f470c21d000 rw-p 00008000 08:05 12193431                   /usr/lib/jvm/java-8-oracle/jre/lib/amd64/libmanagement.so
7f470c21d000-7f470c220000 ---p 00000000 00:00 0 
7f470c220000-7f470c31e000 rw-p 00000000 00:00 0 
7f470c31e000-7f470c321000 ---p 00000000 00:00 0 
7f470c321000-7f470c41f000 rw-p 00000000 00:00 0 
7f470c41f000-7f470c422000 ---p 00000000 00:00 0 
7f470c422000-7f470c520000 rw-p 00000000 00:00 0 
7f470c520000-7f470c523000 ---p 00000000 00:00 0 
7f470c523000-7f470c621000 rw-p 00000000 00:00 0 
7f470c621000-7f470c624000 ---p 00000000 00:00 0 
7f470c624000-7f470c722000 rw-p 00000000 00:00 0 
7f470c722000-7f470c9fa000 r--p 00000000 08:05 11798673                   /usr/lib/locale/locale-archive
7f470c9fa000-7f470c9fd000 ---p 00000000 00:00 0 
7f470c9fd000-7f470cafb000 rw-p 00000000 00:00 0 
7f470cafb000-7f470cafe000 ---p 00000000 00:00 0 
7f470cafe000-7f470cbfc000 rw-p 00000000 00:00 0 
7f470cbfc000-7f470cbfd000 ---p 00000000 00:00 0 
7f470cbfd000-7f470d000000 rw-p 00000000 00:00 0 
7f470d000000-7f470d6e0000 rwxp 00000000 00:00 0 
7f470d6e0000-7f471c000000 ---p 00000000 00:00 0 
7f471c000000-7f471caff000 rw-p 00000000 00:00 0 
7f471caff000-7f4720000000 ---p 00000000 00:00 0 
7f4720000000-7f4720096000 r--s 0110a000 08:05 12193273                   /usr/lib/jvm/java-8-oracle/jre/lib/ext/jfxrt.jar
7f4720096000-7f4720d75000 rw-p 00000000 00:00 0 
7f4720d75000-7f4720f4e000 r--s 03d64000 08:05 12062871                   /usr/lib/jvm/java-8-oracle/jre/lib/rt.jar
7f4720f4e000-7f4721b7d000 rw-p 00000000 00:00 0 
7f4721b7d000-7f4721b7e000 ---p 00000000 00:00 0 
7f4721b7e000-7f4721c7e000 rw-p 00000000 00:00 0 
7f4721c7e000-7f4721c7f000 ---p 00000000 00:00 0 
7f4721c7f000-7f4721d7f000 rw-p 00000000 00:00 0 
7f4721d7f000-7f4721d80000 ---p 00000000 00:00 0 
7f4721d80000-7f4721e80000 rw-p 00000000 00:00 0 
7f4721e80000-7f4721e81000 ---p 00000000 00:00 0 
7f4721e81000-7f4721f9e000 rw-p 00000000 00:00 0 
7f4721f9e000-7f47221fd000 ---p 00000000 00:00 0 
7f47221fd000-7f472221a000 rw-p 00000000 00:00 0 
7f472221a000-7f4722478000 ---p 00000000 00:00 0 
7f4722478000-7f47224fb000 rw-p 00000000 00:00 0 
7f47224fb000-7f47225b6000 ---p 00000000 00:00 0 
7f47225b6000-7f47225d3000 rw-p 00000000 00:00 0 
7f47225d3000-7f4722977000 ---p 00000000 00:00 0 
7f4722977000-7f4722992000 r-xp 00000000 08:05 12193419                   /usr/lib/jvm/java-8-oracle/jre/lib/amd64/libzip.so
7f4722992000-7f4722b92000 ---p 0001b000 08:05 12193419                   /usr/lib/jvm/java-8-oracle/jre/lib/amd64/libzip.so
7f4722b92000-7f4722b93000 rw-p 0001b000 08:05 12193419                   /usr/lib/jvm/java-8-oracle/jre/lib/amd64/libzip.so
7f4722b93000-7f4722b9e000 r-xp 00000000 08:05 10754530                   /lib/x86_64-linux-gnu/libnss_files-2.23.so
7f4722b9e000-7f4722d9d000 ---p 0000b000 08:05 10754530                   /lib/x86_64-linux-gnu/libnss_files-2.23.so
7f4722d9d000-7f4722d9e000 r--p 0000a000 08:05 10754530                   /lib/x86_64-linux-gnu/libnss_files-2.23.so
7f4722d9e000-7f4722d9f000 rw-p 0000b000 08:05 10754530                   /lib/x86_64-linux-gnu/libnss_files-2.23.so
7f4722d9f000-7f4722da5000 rw-p 00000000 00:00 0 
7f4722da5000-7f4722db0000 r-xp 00000000 08:05 10754534                   /lib/x86_64-linux-gnu/libnss_nis-2.23.so
7f4722db0000-7f4722faf000 ---p 0000b000 08:05 10754534                   /lib/x86_64-linux-gnu/libnss_nis-2.23.so
7f4722faf000-7f4722fb0000 r--p 0000a000 08:05 10754534                   /lib/x86_64-linux-gnu/libnss_nis-2.23.so
7f4722fb0000-7f4722fb1000 rw-p 0000b000 08:05 10754534                   /lib/x86_64-linux-gnu/libnss_nis-2.23.so
7f4722fb1000-7f4722fc7000 r-xp 00000000 08:05 10754514                   /lib/x86_64-linux-gnu/libnsl-2.23.so
7f4722fc7000-7f47231c6000 ---p 00016000 08:05 10754514                   /lib/x86_64-linux-gnu/libnsl-2.23.so
7f47231c6000-7f47231c7000 r--p 00015000 08:05 10754514                   /lib/x86_64-linux-gnu/libnsl-2.23.so
7f47231c7000-7f47231c8000 rw-p 00016000 08:05 10754514                   /lib/x86_64-linux-gnu/libnsl-2.23.so
7f47231c8000-7f47231ca000 rw-p 00000000 00:00 0 
7f47231ca000-7f47231d2000 r-xp 00000000 08:05 10754525                   /lib/x86_64-linux-gnu/libnss_compat-2.23.so
7f47231d2000-7f47233d1000 ---p 00008000 08:05 10754525                   /lib/x86_64-linux-gnu/libnss_compat-2.23.so
7f47233d1000-7f47233d2000 r--p 00007000 08:05 10754525                   /lib/x86_64-linux-gnu/libnss_compat-2.23.so
7f47233d2000-7f47233d3000 rw-p 00008000 08:05 10754525                   /lib/x86_64-linux-gnu/libnss_compat-2.23.so
7f47233d3000-7f47233fe000 r-xp 00000000 08:05 12193413                   /usr/lib/jvm/java-8-oracle/jre/lib/amd64/libjava.so
7f47233fe000-7f47235fd000 ---p 0002b000 08:05 12193413                   /usr/lib/jvm/java-8-oracle/jre/lib/amd64/libjava.so
7f47235fd000-7f47235ff000 rw-p 0002a000 08:05 12193413                   /usr/lib/jvm/java-8-oracle/jre/lib/amd64/libjava.so
7f47235ff000-7f472360c000 r-xp 00000000 08:05 12193418                   /usr/lib/jvm/java-8-oracle/jre/lib/amd64/libverify.so
7f472360c000-7f472380c000 ---p 0000d000 08:05 12193418                   /usr/lib/jvm/java-8-oracle/jre/lib/amd64/libverify.so
7f472380c000-7f472380e000 rw-p 0000d000 08:05 12193418                   /usr/lib/jvm/java-8-oracle/jre/lib/amd64/libverify.so
7f472380e000-7f4723815000 r-xp 00000000 08:05 10754535                   /lib/x86_64-linux-gnu/librt-2.23.so
7f4723815000-7f4723a14000 ---p 00007000 08:05 10754535                   /lib/x86_64-linux-gnu/librt-2.23.so
7f4723a14000-7f4723a15000 r--p 00006000 08:05 10754535                   /lib/x86_64-linux-gnu/librt-2.23.so
7f4723a15000-7f4723a16000 rw-p 00007000 08:05 10754535                   /lib/x86_64-linux-gnu/librt-2.23.so
7f4723a16000-7f4723b1e000 r-xp 00000000 08:05 10754512                   /lib/x86_64-linux-gnu/libm-2.23.so
7f4723b1e000-7f4723d1d000 ---p 00108000 08:05 10754512                   /lib/x86_64-linux-gnu/libm-2.23.so
7f4723d1d000-7f4723d1e000 r--p 00107000 08:05 10754512                   /lib/x86_64-linux-gnu/libm-2.23.so
7f4723d1e000-7f4723d1f000 rw-p 00108000 08:05 10754512                   /lib/x86_64-linux-gnu/libm-2.23.so
7f4723d1f000-7f47249f8000 r-xp 00000000 08:05 12193396                   /usr/lib/jvm/java-8-oracle/jre/lib/amd64/server/libjvm.so
7f47249f8000-7f4724bf7000 ---p 00cd9000 08:05 12193396                   /usr/lib/jvm/java-8-oracle/jre/lib/amd64/server/libjvm.so
7f4724bf7000-7f4724cd0000 rw-p 00cd8000 08:05 12193396                   /usr/lib/jvm/java-8-oracle/jre/lib/amd64/server/libjvm.so
7f4724cd0000-7f4724d1c000 rw-p 00000000 00:00 0 
7f4724d1c000-7f4724edc000 r-xp 00000000 08:05 10754517                   /lib/x86_64-linux-gnu/libc-2.23.so
7f4724edc000-7f47250dc000 ---p 001c0000 08:05 10754517                   /lib/x86_64-linux-gnu/libc-2.23.so
7f47250dc000-7f47250e0000 r--p 001c0000 08:05 10754517                   /lib/x86_64-linux-gnu/libc-2.23.so
7f47250e0000-7f47250e2000 rw-p 001c4000 08:05 10754517                   /lib/x86_64-linux-gnu/libc-2.23.so
7f47250e2000-7f47250e6000 rw-p 00000000 00:00 0 
7f47250e6000-7f47250e9000 r-xp 00000000 08:05 10754519                   /lib/x86_64-linux-gnu/libdl-2.23.so
7f47250e9000-7f47252e8000 ---p 00003000 08:05 10754519                   /lib/x86_64-linux-gnu/libdl-2.23.so
7f47252e8000-7f47252e9000 r--p 00002000 08:05 10754519                   /lib/x86_64-linux-gnu/libdl-2.23.so
7f47252e9000-7f47252ea000 rw-p 00003000 08:05 10754519                   /lib/x86_64-linux-gnu/libdl-2.23.so
7f47252ea000-7f4725300000 r-xp 00000000 08:05 12062251                   /usr/lib/jvm/java-8-oracle/lib/amd64/jli/libjli.so
7f4725300000-7f47254ff000 ---p 00016000 08:05 12062251                   /usr/lib/jvm/java-8-oracle/lib/amd64/jli/libjli.so
7f47254ff000-7f4725500000 rw-p 00015000 08:05 12062251                   /usr/lib/jvm/java-8-oracle/lib/amd64/jli/libjli.so
7f4725500000-7f4725518000 r-xp 00000000 08:05 10754516                   /lib/x86_64-linux-gnu/libpthread-2.23.so
7f4725518000-7f4725717000 ---p 00018000 08:05 10754516                   /lib/x86_64-linux-gnu/libpthread-2.23.so
7f4725717000-7f4725718000 r--p 00017000 08:05 10754516                   /lib/x86_64-linux-gnu/libpthread-2.23.so
7f4725718000-7f4725719000 rw-p 00018000 08:05 10754516                   /lib/x86_64-linux-gnu/libpthread-2.23.so
7f4725719000-7f472571d000 rw-p 00000000 00:00 0 
7f472571d000-7f4725743000 r-xp 00000000 08:05 10754515                   /lib/x86_64-linux-gnu/ld-2.23.so
7f4725743000-7f4725745000 r--s 00009000 08:05 5256149                    /home/vishal/.m2/repository/org/apache/tomcat/tomcat-juli/8.5.11/tomcat-juli-8.5.11.jar
7f4725745000-7f4725746000 r--s 00000000 08:05 4993870                    /home/vishal/.m2/repository/org/springframework/boot/spring-boot-starter-jdbc/1.5.1.RELEASE/spring-boot-starter-jdbc-1.5.1.RELEASE.jar
7f4725746000-7f4725748000 r--s 0000e000 08:05 3290398                    /home/vishal/.m2/repository/com/fasterxml/classmate/1.3.3/classmate-1.3.3.jar
7f4725748000-7f472574a000 r--s 0000f000 08:05 3290610                    /home/vishal/.m2/repository/org/jboss/logging/jboss-logging/3.3.0.Final/jboss-logging-3.3.0.Final.jar
7f472574a000-7f472574e000 r--s 0000c000 08:05 3290394                    /home/vishal/.m2/repository/javax/validation/validation-api/1.1.0.Final/validation-api-1.1.0.Final.jar
7f472574e000-7f4725753000 r--s 00036000 08:05 4601706                    /home/vishal/.m2/repository/org/apache/tomcat/embed/tomcat-embed-websocket/8.5.11/tomcat-embed-websocket-8.5.11.jar
7f4725753000-7f472581d000 rw-p 00000000 00:00 0 
7f472581d000-7f4725820000 ---p 00000000 00:00 0 
7f4725820000-7f4725923000 rw-p 00000000 00:00 0 
7f4725923000-7f4725928000 r--s 00036000 08:05 4601710                    /home/vishal/.m2/repository/org/apache/tomcat/embed/tomcat-embed-el/8.5.11/tomcat-embed-el-8.5.11.jar
7f4725928000-7f4725929000 r--s 00000000 08:05 4335324                    /home/vishal/.m2/repository/org/springframework/boot/spring-boot-starter-tomcat/1.5.1.RELEASE/spring-boot-starter-tomcat-1.5.1.RELEASE.jar
7f4725929000-7f472592f000 r--s 0003d000 08:05 3028283                    /home/vishal/.m2/repository/org/yaml/snakeyaml/1.17/snakeyaml-1.17.jar
7f472592f000-7f4725931000 r--s 00004000 08:05 3290614                    /home/vishal/.m2/repository/org/slf4j/log4j-over-slf4j/1.7.22/log4j-over-slf4j-1.7.22.jar
7f4725931000-7f4725933000 r--s 00000000 08:05 3290612                    /home/vishal/.m2/repository/org/slf4j/jul-to-slf4j/1.7.22/jul-to-slf4j-1.7.22.jar
7f4725933000-7f4725935000 r--s 00003000 08:05 3290611                    /home/vishal/.m2/repository/org/slf4j/jcl-over-slf4j/1.7.22/jcl-over-slf4j-1.7.22.jar
7f4725935000-7f4725936000 r--s 00000000 08:05 4473099                    /home/vishal/.m2/repository/org/springframework/boot/spring-boot-starter-logging/1.5.1.RELEASE/spring-boot-starter-logging-1.5.1.RELEASE.jar
7f4725936000-7f4725937000 r--s 00000000 08:05 3813231                    /home/vishal/.m2/repository/org/springframework/boot/spring-boot-starter/1.5.1.RELEASE/spring-boot-starter-1.5.1.RELEASE.jar
7f4725937000-7f4725938000 r--s 00000000 08:05 3813224                    /home/vishal/.m2/repository/org/springframework/boot/spring-boot-starter-web/1.5.1.RELEASE/spring-boot-starter-web-1.5.1.RELEASE.jar
7f4725938000-7f4725940000 rw-s 00000000 08:05 12855467                   /tmp/hsperfdata_vishal/13312
7f4725940000-7f4725941000 rw-p 00000000 00:00 0 
7f4725941000-7f4725942000 ---p 00000000 00:00 0 
7f4725942000-7f4725943000 r--p 00025000 08:05 10754515                   /lib/x86_64-linux-gnu/ld-2.23.so
7f4725943000-7f4725944000 rw-p 00026000 08:05 10754515                   /lib/x86_64-linux-gnu/ld-2.23.so
7f4725944000-7f4725945000 rw-p 00000000 00:00 0 
7ffeaa91b000-7ffeaa93f000 rw-p 00000000 00:00 0                          [stack]
7ffeaa95e000-7ffeaa961000 r--p 00000000 00:00 0                          [vvar]
7ffeaa961000-7ffeaa963000 r-xp 00000000 00:00 0                          [vdso]
ffffffffff600000-ffffffffff601000 r-xp 00000000 00:00 0                  [vsyscall]

VM Arguments:
jvm_args: -Dcom.sun.management.jmxremote -Dcom.sun.management.jmxremote.port=35189 -Dcom.sun.management.jmxremote.authenticate=false -Dcom.sun.management.jmxremote.ssl=false -Djava.rmi.server.hostname=localhost -Dspring.liveBeansView.mbeanDomain -Dspring.application.admin.enabled=true -Djava.security.egd=file:/dev/./urandom -Xverify:none -XX:TieredStopAtLevel=1 -Dfile.encoding=UTF-8 
java_command: org.egov.UserEventsApp
java_class_path (initial): /usr/lib/jvm/java-8-oracle/jre/lib/resources.jar:/usr/lib/jvm/java-8-oracle/jre/lib/rt.jar:/usr/lib/jvm/java-8-oracle/jre/lib/jsse.jar:/usr/lib/jvm/java-8-oracle/jre/lib/jce.jar:/usr/lib/jvm/java-8-oracle/jre/lib/charsets.jar:/usr/lib/jvm/java-8-oracle/jre/lib/jfr.jar:/usr/lib/jvm/java-8-oracle/jre/lib/ext/jaccess.jar:/usr/lib/jvm/java-8-oracle/jre/lib/ext/jfxrt.jar:/usr/lib/jvm/java-8-oracle/jre/lib/ext/zipfs.jar:/usr/lib/jvm/java-8-oracle/jre/lib/ext/nashorn.jar:/usr/lib/jvm/java-8-oracle/jre/lib/ext/sunjce_provider.jar:/usr/lib/jvm/java-8-oracle/jre/lib/ext/sunpkcs11.jar:/usr/lib/jvm/java-8-oracle/jre/lib/ext/dnsns.jar:/usr/lib/jvm/java-8-oracle/jre/lib/ext/sunec.jar:/usr/lib/jvm/java-8-oracle/jre/lib/ext/localedata.jar:/usr/lib/jvm/java-8-oracle/jre/lib/ext/cldrdata.jar:/home/vishal/git/mseva-notif/egov-services/rainmaker/egov-user-event/target/classes:/home/vishal/.m2/repository/org/springframework/boot/spring-boot-starter-web/1.5.1.RELEASE/spring-boot-starter-web-1.5.1.RELEASE.jar:/home/vishal/.m2/repository/org/springframework/boot/spring-boot-starter/1.5.1.RELEASE/spring-boot-starter-1.5.1.RELEASE.jar:/home/vishal/.m2/repository/org/springframework/boot/spring-boot-starter-logging/1.5.1.RELEASE/spring-boot-starter-logging-1.5.1.RELEASE.jar:/home/vishal/.m2/repository/org/slf4j/jcl-over-slf4j/1.7.22/jcl-over-slf4j-1.7.22.jar:/home/vishal/.m2/repository/org/slf4j/jul-to-slf4j/1.7.22/jul-to-slf4j-1.7.22.jar:/home/vishal/.m2/repository/org/slf4j/log4j-over-slf4j/1.7.22/log4j-over-slf4j-1.7.22.jar:/home/vishal/.m2/repository/org/yaml/snakeyaml/1.17/snakeyaml-1.17.jar:/home/vishal/.m2/repository/org/springframework/boot/spring-boot-starter-tomcat/1.5.1.RELEASE/spring-boot-starter-tomcat-1.5.1.RELEASE.jar:/home/vishal/.m2/repository/org/apache/tomcat/embed/tomcat-embed-core/8.5.11/tomcat-embed-core-8.5.11.jar:/home/vishal/.m2/repository/org/apache/tomcat/embed/tomcat-embed-el/8.5.11/tomcat-embed-el-8.5.11.jar:/home/vishal/.m2/repository
Launcher Type: SUN_STANDARD

Environment Variables:
JAVA_HOME=/usr/lib/jvm/java-8-oracle
PATH=/home/vishal/bin:/home/vishal/.local/bin:/usr/local/sbin:/usr/local/bin:/usr/sbin:/usr/bin:/sbin:/bin:/usr/games:/usr/local/games:/snap/bin:/usr/lib/jvm/java-8-oracle/bin:/usr/lib/jvm/java-8-oracle/db/bin:/usr/lib/jvm/java-8-oracle/jre/bin
SHELL=/bin/bash
DISPLAY=:0

Signal Handlers:
SIGSEGV: [libjvm.so+0xad01e0], sa_mask[0]=11111111011111111101111111111110, sa_flags=SA_RESTART|SA_SIGINFO
SIGBUS: [libjvm.so+0xad01e0], sa_mask[0]=11111111011111111101111111111110, sa_flags=SA_RESTART|SA_SIGINFO
SIGFPE: [libjvm.so+0x927fb0], sa_mask[0]=11111111011111111101111111111110, sa_flags=SA_RESTART|SA_SIGINFO
SIGPIPE: [libjvm.so+0x927fb0], sa_mask[0]=11111111011111111101111111111110, sa_flags=SA_RESTART|SA_SIGINFO
SIGXFSZ: [libjvm.so+0x927fb0], sa_mask[0]=11111111011111111101111111111110, sa_flags=SA_RESTART|SA_SIGINFO
SIGILL: [libjvm.so+0x927fb0], sa_mask[0]=11111111011111111101111111111110, sa_flags=SA_RESTART|SA_SIGINFO
SIGUSR1: SIG_DFL, sa_mask[0]=00000000000000000000000000000000, sa_flags=none
SIGUSR2: [libjvm.so+0x9297f0], sa_mask[0]=00100000000000000000000000000000, sa_flags=SA_RESTART|SA_SIGINFO
SIGHUP: [libjvm.so+0x92abf0], sa_mask[0]=11111111011111111101111111111110, sa_flags=SA_RESTART|SA_SIGINFO
SIGINT: [libjvm.so+0x92abf0], sa_mask[0]=11111111011111111101111111111110, sa_flags=SA_RESTART|SA_SIGINFO
SIGTERM: [libjvm.so+0x92abf0], sa_mask[0]=11111111011111111101111111111110, sa_flags=SA_RESTART|SA_SIGINFO
SIGQUIT: [libjvm.so+0x92abf0], sa_mask[0]=11111111011111111101111111111110, sa_flags=SA_RESTART|SA_SIGINFO


---------------  S Y S T E M  ---------------

OS:DISTRIB_ID=Ubuntu
DISTRIB_RELEASE=16.04
DISTRIB_CODENAME=xenial
DISTRIB_DESCRIPTION="Ubuntu 16.04.4 LTS"

uname:Linux 4.15.0-55-generic #60~16.04.2-Ubuntu SMP Thu Jul 4 09:03:09 UTC 2019 x86_64
libc:glibc 2.23 NPTL 2.23 
rlimit: STACK 8192k, CORE 0k, NPROC 30258, NOFILE 1048576, AS infinity
load average:1.75 1.72 1.75

/proc/meminfo:
MemTotal:        7806464 kB
MemFree:          107504 kB
MemAvailable:      17260 kB
Buffers:            3860 kB
Cached:           406332 kB
SwapCached:        13260 kB
Active:          4361540 kB
Inactive:         716288 kB
Active(anon):    4339920 kB
Inactive(anon):   698088 kB
Active(file):      21620 kB
Inactive(file):    18200 kB
Unevictable:     2174088 kB
Mlocked:         2174088 kB
SwapTotal:       8020988 kB
SwapFree:          17344 kB
Dirty:               804 kB
Writeback:             0 kB
AnonPages:       6831448 kB
Mapped:           205820 kB
Shmem:            345748 kB
Slab:             136140 kB
SReclaimable:      51180 kB
SUnreclaim:        84960 kB
KernelStack:       27664 kB
PageTables:       157152 kB
NFS_Unstable:          0 kB
Bounce:                0 kB
WritebackTmp:          0 kB
CommitLimit:    11924220 kB
Committed_AS:   27828524 kB
VmallocTotal:   34359738367 kB
VmallocUsed:           0 kB
VmallocChunk:          0 kB
HardwareCorrupted:     0 kB
AnonHugePages:         0 kB
ShmemHugePages:        0 kB
ShmemPmdMapped:        0 kB
CmaTotal:              0 kB
CmaFree:               0 kB
HugePages_Total:       0
HugePages_Free:        0
HugePages_Rsvd:        0
HugePages_Surp:        0
Hugepagesize:       2048 kB
DirectMap4k:      729604 kB
DirectMap2M:     6244352 kB
DirectMap1G:     1048576 kB


CPU:total 4 (initial active 4) (2 cores per cpu, 2 threads per core) family 6 model 78 stepping 3, cmov, cx8, fxsr, mmx, sse, sse2, sse3, ssse3, sse4.1, sse4.2, popcnt, avx, avx2, aes, clmul, erms, rtm, 3dnowpref, lzcnt, ht, tsc, tscinvbit, bmi1, bmi2, adx

/proc/cpuinfo:
processor	: 0
vendor_id	: GenuineIntel
cpu family	: 6
model		: 78
model name	: Intel(R) Core(TM) i5-6300U CPU @ 2.40GHz
stepping	: 3
microcode	: 0xcc
cpu MHz		: 2684.814
cache size	: 3072 KB
physical id	: 0
siblings	: 4
core id		: 0
cpu cores	: 2
apicid		: 0
initial apicid	: 0
fpu		: yes
fpu_exception	: yes
cpuid level	: 22
wp		: yes
flags		: fpu vme de pse tsc msr pae mce cx8 apic sep mtrr pge mca cmov pat pse36 clflush dts acpi mmx fxsr sse sse2 ss ht tm pbe syscall nx pdpe1gb rdtscp lm constant_tsc art arch_perfmon pebs bts rep_good nopl xtopology nonstop_tsc cpuid aperfmperf tsc_known_freq pni pclmulqdq dtes64 monitor ds_cpl vmx smx est tm2 ssse3 sdbg fma cx16 xtpr pdcm pcid sse4_1 sse4_2 x2apic movbe popcnt tsc_deadline_timer aes xsave avx f16c rdrand lahf_lm abm 3dnowprefetch cpuid_fault epb invpcid_single pti ssbd ibrs ibpb stibp tpr_shadow vnmi flexpriority ept vpid fsgsbase tsc_adjust bmi1 hle avx2 smep bmi2 erms invpcid rtm mpx rdseed adx smap clflushopt intel_pt xsaveopt xsavec xgetbv1 xsaves dtherm ida arat pln pts hwp hwp_notify hwp_act_window hwp_epp md_clear flush_l1d
bugs		: cpu_meltdown spectre_v1 spectre_v2 spec_store_bypass l1tf mds
bogomips	: 4992.00
clflush size	: 64
cache_alignment	: 64
address sizes	: 39 bits physical, 48 bits virtual
power management:

processor	: 1
vendor_id	: GenuineIntel
cpu family	: 6
model		: 78
model name	: Intel(R) Core(TM) i5-6300U CPU @ 2.40GHz
stepping	: 3
microcode	: 0xcc
cpu MHz		: 2679.394
cache size	: 3072 KB
physical id	: 0
siblings	: 4
core id		: 1
cpu cores	: 2
apicid		: 2
initial apicid	: 2
fpu		: yes
fpu_exception	: yes
cpuid level	: 22
wp		: yes
flags		: fpu vme de pse tsc msr pae mce cx8 apic sep mtrr pge mca cmov pat pse36 clflush dts acpi mmx fxsr sse sse2 ss ht tm pbe syscall nx pdpe1gb rdtscp lm constant_tsc art arch_perfmon pebs bts rep_good nopl xtopology nonstop_tsc cpuid aperfmperf tsc_known_freq pni pclmulqdq dtes64 monitor ds_cpl vmx smx est tm2 ssse3 sdbg fma cx16 xtpr pdcm pcid sse4_1 sse4_2 x2apic movbe popcnt tsc_deadline_timer aes xsave avx f16c rdrand lahf_lm abm 3dnowprefetch cpuid_fault epb invpcid_single pti ssbd ibrs ibpb stibp tpr_shadow vnmi flexpriority ept vpid fsgsbase tsc_adjust bmi1 hle avx2 smep bmi2 erms invpcid rtm mpx rdseed adx smap clflushopt intel_pt xsaveopt xsavec xgetbv1 xsaves dtherm ida arat pln pts hwp hwp_notify hwp_act_window hwp_epp md_clear flush_l1d
bugs		: cpu_meltdown spectre_v1 spectre_v2 spec_store_bypass l1tf mds
bogomips	: 4992.00
clflush size	: 64
cache_alignment	: 64
address sizes	: 39 bits physical, 48 bits virtual
power management:

processor	: 2
vendor_id	: GenuineIntel
cpu family	: 6
model		: 78
model name	: Intel(R) Core(TM) i5-6300U CPU @ 2.40GHz
stepping	: 3
microcode	: 0xcc
cpu MHz		: 2674.849
cache size	: 3072 KB
physical id	: 0
siblings	: 4
core id		: 0
cpu cores	: 2
apicid		: 1
initial apicid	: 1
fpu		: yes
fpu_exception	: yes
cpuid level	: 22
wp		: yes
flags		: fpu vme de pse tsc msr pae mce cx8 apic sep mtrr pge mca cmov pat pse36 clflush dts acpi mmx fxsr sse sse2 ss ht tm pbe syscall nx pdpe1gb rdtscp lm constant_tsc art arch_perfmon pebs bts rep_good nopl xtopology nonstop_tsc cpuid aperfmperf tsc_known_freq pni pclmulqdq dtes64 monitor ds_cpl vmx smx est tm2 ssse3 sdbg fma cx16 xtpr pdcm pcid sse4_1 sse4_2 x2apic movbe popcnt tsc_deadline_timer aes xsave avx f16c rdrand lahf_lm abm 3dnowprefetch cpuid_fault epb invpcid_single pti ssbd ibrs ibpb stibp tpr_shadow vnmi flexpriority ept vpid fsgsbase tsc_adjust bmi1 hle avx2 smep bmi2 erms invpcid rtm mpx rdseed adx smap clflushopt intel_pt xsaveopt xsavec xgetbv1 xsaves dtherm ida arat pln pts hwp hwp_notify hwp_act_window hwp_epp md_clear flush_l1d
bugs		: cpu_meltdown spectre_v1 spectre_v2 spec_store_bypass l1tf mds
bogomips	: 4992.00
clflush size	: 64
cache_alignment	: 64
address sizes	: 39 bits physical, 48 bits virtual
power management:

processor	: 3
vendor_id	: GenuineIntel
cpu family	: 6
model		: 78
model name	: Intel(R) Core(TM) i5-6300U CPU @ 2.40GHz
stepping	: 3
microcode	: 0xcc
cpu MHz		: 2673.942
cache size	: 3072 KB
physical id	: 0
siblings	: 4
core id		: 1
cpu cores	: 2
apicid		: 3
initial apicid	: 3
fpu		: yes
fpu_exception	: yes
cpuid level	: 22
wp		: yes
flags		: fpu vme de pse tsc msr pae mce cx8 apic sep mtrr pge mca cmov pat pse36 clflush dts acpi mmx fxsr sse sse2 ss ht tm pbe syscall nx pdpe1gb rdtscp lm constant_tsc art arch_perfmon pebs bts rep_good nopl xtopology nonstop_tsc cpuid aperfmperf tsc_known_freq pni pclmulqdq dtes64 monitor ds_cpl vmx smx est tm2 ssse3 sdbg fma cx16 xtpr pdcm pcid sse4_1 sse4_2 x2apic movbe popcnt tsc_deadline_timer aes xsave avx f16c rdrand lahf_lm abm 3dnowprefetch cpuid_fault epb invpcid_single pti ssbd ibrs ibpb stibp tpr_shadow vnmi flexpriority ept vpid fsgsbase tsc_adjust bmi1 hle avx2 smep bmi2 erms invpcid rtm mpx rdseed adx smap clflushopt intel_pt xsaveopt xsavec xgetbv1 xsaves dtherm ida arat pln pts hwp hwp_notify hwp_act_window hwp_epp md_clear flush_l1d
bugs		: cpu_meltdown spectre_v1 spectre_v2 spec_store_bypass l1tf mds
bogomips	: 4992.00
clflush size	: 64
cache_alignment	: 64
address sizes	: 39 bits physical, 48 bits virtual
power management:



Memory: 4k page, physical 7806464k(112932k free), swap 8020988k(16908k free)

vm_info: Java HotSpot(TM) 64-Bit Server VM (25.161-b12) for linux-amd64 JRE (1.8.0_161-b12), built on Dec 19 2017 16:12:43 by "java_re" with gcc 4.3.0 20080428 (Red Hat 4.3.0-8)

time: Tue Aug  6 13:40:00 2019
elapsed time: 4 seconds (0d 0h 0m 4s)

