#
# A fatal error has been detected by the Java Runtime Environment:
#
#  SIGSEGV (0xb) at pc=0x00007fbd1f03772d, pid=26953, tid=0x00007fbd02320700
#
# JRE version: OpenJDK Runtime Environment (8.0_131-b11) (build 1.8.0_131-8u131-b11-2ubuntu1.16.04.3-b11)
# Java VM: OpenJDK 64-Bit Server VM (25.131-b11 mixed mode linux-amd64 compressed oops)
# Problematic frame:
# V  [libjvm.so+0x61072d]
#
# Failed to write core dump. Core dumps have been disabled. To enable core dumping, try "ulimit -c unlimited" before starting Java again
#
# If you would like to submit a bug report, please visit:
#   http://bugreport.java.com/bugreport/crash.jsp
#

---------------  T H R E A D  ---------------

Current thread (0x00007fbd180c9800):  JavaThread "C2 CompilerThread1" daemon [_thread_in_native, id=26976, stack(0x00007fbd02220000,0x00007fbd02321000)]

siginfo: si_signo: 11 (SIGSEGV), si_code: 128 (SI_KERNEL), si_addr: 0x0000000000000000

Registers:
RAX=0x0000ffbd1f941b20, RBX=0x00007fbd0231c710, RCX=0x0000000000000003, RDX=0x00007fbcced8653c
RSP=0x00007fbd0231c6a0, RBP=0x00007fbd0231c6e0, RSI=0x0000000000000008, RDI=0x000000000000004c
R8 =0x0000000000800000, R9 =0x0000000000000000, R10=0x0000000000000000, R11=0x0000000000000000
R12=0x0000000000000024, R13=0x00007fbd1f941b20, R14=0x0000000000000000, R15=0x0000000000000024
RIP=0x00007fbd1f03772d, EFLAGS=0x0000000000010206, CSGSFS=0x0000000000000033, ERR=0x0000000000000000
  TRAPNO=0x000000000000000d

Top of Stack: (sp=0x00007fbd0231c6a0)
0x00007fbd0231c6a0:   0000000000080000 00007fbcd1894c80
0x00007fbd0231c6b0:   00007fbd0231c6e0 00000000ff7fffff
0x00007fbd0231c6c0:   0000000000800000 00007fbd0231c8d0
0x00007fbd0231c6d0:   00007fbcd0a43418 000000000000000c
0x00007fbd0231c6e0:   00007fbd0231c780 00007fbd1f02fc07
0x00007fbd0231c6f0:   00007fbcd1005158 0000000000220a60
0x00007fbd0231c700:   00007fbd0231c710 00000000000001b0
0x00007fbd0231c710:   00000a5900000000 00007fbc00000003
0x00007fbd0231c720:   0000ffbd1f941b20 00007fbc0000000b
0x00007fbd0231c730:   00007fbcac7fe490 000000000000004c
0x00007fbd0231c740:   00007fbcd1894960 fa095679522e3d00
0x00007fbd0231c750:   0000000000000000 00007fbd0231c790
0x00007fbd0231c760:   00007fbd0231cb70 0000000000003677
0x00007fbd0231c770:   00007fbd0231cb70 0000000000007cf6
0x00007fbd0231c780:   00007fbd0231c7f0 00007fbd1edfacfc
0x00007fbd0231c790:   0000367c00000000 00007fbd00000008
0x00007fbd0231c7a0:   00007fbcced86540 000000000000004c
0x00007fbd0231c7b0:   00007fbcac7fe6f0 00007fbd0000004c
0x00007fbd0231c7c0:   00007fbcd1894a00 fa095679522e3d00
0x00007fbd0231c7d0:   00007fbd1f941b20 00007fbd0231c8a0
0x00007fbd0231c7e0:   00007fbd1f941b20 00007fbcb1ade0f0
0x00007fbd0231c7f0:   00007fbd0231ca70 00007fbd1edfd851
0x00007fbd0231c800:   00000000000003e5 0000041500000f97
0x00007fbd0231c810:   00000000000003d8 00007fbd0231c870
0x00007fbd0231c820:   00007fbd0231c8d0 00007fbd0231c910
0x00007fbd0231c830:   00007fbcb1ade100 00007fbcb1ade4d8
0x00007fbd0231c840:   00007fbd1f8826c8 000000000000000d
0x00007fbd0231c850:   00007fbd0231ef40 00007fbd0231cb70
0x00007fbd0231c860:   00007fbd00003e52 00007fbcd0000020
0x00007fbd0231c870:   0000000000000002 00007fbcd007f320
0x00007fbd0231c880:   00007fbcd007f320 00007fbcd007f330
0x00007fbd0231c890:   00007fbcd007f708 00000000000003d8 

Instructions: (pc=0x00007fbd1f03772d)
0x00007fbd1f03770d:   39 e7 0f 86 fd 00 00 00 48 8b 43 20 45 89 e7 4a
0x00007fbd1f03771d:   8b 04 f8 4c 39 e8 0f 84 dc 00 00 00 48 89 43 10
0x00007fbd1f03772d:   44 8b 30 48 89 c6 45 85 f6 0f 85 7c 01 00 00 44
0x00007fbd1f03773d:   8b 58 04 45 85 db 0f 85 bf 01 00 00 44 8b 50 08 

Register to memory mapping:

RAX=0x0000ffbd1f941b20 is an unknown value
RBX=0x00007fbd0231c710 is pointing into the stack for thread: 0x00007fbd180c9800
RCX=0x0000000000000003 is an unknown value
RDX=0x00007fbcced8653c is an unknown value
RSP=0x00007fbd0231c6a0 is pointing into the stack for thread: 0x00007fbd180c9800
RBP=0x00007fbd0231c6e0 is pointing into the stack for thread: 0x00007fbd180c9800
RSI=0x0000000000000008 is an unknown value
RDI=0x000000000000004c is an unknown value
R8 =0x0000000000800000 is an unknown value
R9 =0x0000000000000000 is an unknown value
R10=0x0000000000000000 is an unknown value
R11=0x0000000000000000 is an unknown value
R12=0x0000000000000024 is an unknown value
R13=0x00007fbd1f941b20: <offset 0xf1ab20> in /usr/lib/jvm/java-8-openjdk-amd64/jre/lib/amd64/server/libjvm.so at 0x00007fbd1ea27000
R14=0x0000000000000000 is an unknown value
R15=0x0000000000000024 is an unknown value


Stack: [0x00007fbd02220000,0x00007fbd02321000],  sp=0x00007fbd0231c6a0,  free space=1009k
Native frames: (J=compiled Java code, j=interpreted, Vv=VM code, C=native code)
V  [libjvm.so+0x61072d]
V  [libjvm.so+0x608c07]
V  [libjvm.so+0x3d3cfc]
V  [libjvm.so+0x3d6851]
V  [libjvm.so+0x467988]
V  [libjvm.so+0x46aab2]
V  [libjvm.so+0x3b9981]
V  [libjvm.so+0x475aac]
V  [libjvm.so+0x4778e7]
V  [libjvm.so+0xa0e7d7]
V  [libjvm.so+0xa0ec9c]
V  [libjvm.so+0x8b5a82]
C  [libpthread.so.0+0x76ba]  start_thread+0xca


Current CompileTask:
C2: 162696 6911   !   4       org.springframework.core.annotation.AnnotationUtils::findAnnotation (176 bytes)


---------------  P R O C E S S  ---------------

Java Threads: ( => current thread )
  0x00007fbcacdce800 JavaThread "Tomcat JDBC Pool Cleaner[414493378:1505302394622]" daemon [_thread_blocked, id=27226, stack(0x00007fbcaa3cc000,0x00007fbcaa4cd000)]
  0x00007fbcacd9c800 JavaThread "container-0" [_thread_blocked, id=27225, stack(0x00007fbcab3d0000,0x00007fbcab4d1000)]
  0x00007fbcacd9c000 JavaThread "ContainerBackgroundProcessor[StandardEngine[Tomcat]]" daemon [_thread_blocked, id=27224, stack(0x00007fbcab4d1000,0x00007fbcab5d2000)]
  0x00007fbc9c012800 JavaThread "localhost-startStop-1" daemon [_thread_blocked, id=27223, stack(0x00007fbca96bf000,0x00007fbca97c0000)]
  0x00007fbcacc69800 JavaThread "Tomcat-startStop-1" daemon [_thread_blocked, id=27222, stack(0x00007fbca95be000,0x00007fbca96bf000)]
  0x00007fbcc485e000 JavaThread "restartedMain" [_thread_in_Java, id=27214, stack(0x00007fbcab2cf000,0x00007fbcab3d0000)]
  0x00007fbc94002800 JavaThread "Thread-2" [_thread_blocked, id=27208, stack(0x00007fbca8e98000,0x00007fbca8f99000)]
  0x00007fbd18010000 JavaThread "DestroyJavaVM" [_thread_blocked, id=26955, stack(0x00007fbd2067b000,0x00007fbd2077c000)]
  0x00007fbd1858f800 JavaThread "RMI TCP Accept-0" daemon [_thread_in_native, id=26983, stack(0x00007fbd01148000,0x00007fbd01249000)]
  0x00007fbd18573000 JavaThread "RMI TCP Accept-43863" daemon [_thread_in_native, id=26982, stack(0x00007fbd01249000,0x00007fbd0134a000)]
  0x00007fbd1855a800 JavaThread "RMI TCP Accept-0" daemon [_thread_in_native, id=26981, stack(0x00007fbd0134a000,0x00007fbd0144b000)]
  0x00007fbd180d0800 JavaThread "Service Thread" daemon [_thread_blocked, id=26979, stack(0x00007fbd0201e000,0x00007fbd0211f000)]
  0x00007fbd180cb000 JavaThread "C1 CompilerThread2" daemon [_thread_blocked, id=26977, stack(0x00007fbd0211f000,0x00007fbd02220000)]
=>0x00007fbd180c9800 JavaThread "C2 CompilerThread1" daemon [_thread_in_native, id=26976, stack(0x00007fbd02220000,0x00007fbd02321000)]
  0x00007fbd180c6800 JavaThread "C2 CompilerThread0" daemon [_thread_blocked, id=26975, stack(0x00007fbd02321000,0x00007fbd02422000)]
  0x00007fbce0001000 JavaThread "JDWP Command Reader" daemon [_thread_in_native, id=26973, stack(0x00007fbd02422000,0x00007fbd02523000)]
  0x00007fbd180c4800 JavaThread "JDWP Event Helper Thread" daemon [_thread_blocked, id=26972, stack(0x00007fbd02523000,0x00007fbd02624000)]
  0x00007fbd180c0800 JavaThread "JDWP Transport Listener: dt_socket" daemon [_thread_blocked, id=26969, stack(0x00007fbd02624000,0x00007fbd02725000)]
  0x00007fbd180b0000 JavaThread "Signal Dispatcher" daemon [_thread_blocked, id=26967, stack(0x00007fbd0292a000,0x00007fbd02a2b000)]
  0x00007fbd1808a000 JavaThread "Finalizer" daemon [_thread_blocked, id=26966, stack(0x00007fbd02a2b000,0x00007fbd02b2c000)]
  0x00007fbd18085000 JavaThread "Reference Handler" daemon [_thread_blocked, id=26965, stack(0x00007fbd02b2c000,0x00007fbd02c2d000)]

Other Threads:
  0x00007fbd1807d800 VMThread [stack: 0x00007fbd02c2d000,0x00007fbd02d2e000] [id=26964]
  0x00007fbd18592000 WatcherThread [stack: 0x00007fbd01047000,0x00007fbd01148000] [id=26984]

VM state:not at safepoint (normal execution)

VM Mutex/Monitor currently owned by a thread: None

Heap:
 PSYoungGen      total 249344K, used 88290K [0x00000000d5580000, 0x00000000e8500000, 0x0000000100000000)
  eden space 229888K, 35% used [0x00000000d5580000,0x00000000da56c1c8,0x00000000e3600000)
  from space 19456K, 33% used [0x00000000e4880000,0x00000000e4ecc790,0x00000000e5b80000)
  to   space 18944K, 0% used [0x00000000e3600000,0x00000000e3600000,0x00000000e4880000)
 ParOldGen       total 100864K, used 26517K [0x0000000080000000, 0x0000000086280000, 0x00000000d5580000)
  object space 100864K, 26% used [0x0000000080000000,0x00000000819e5630,0x0000000086280000)
 Metaspace       used 53168K, capacity 53882K, committed 54360K, reserved 1097728K
  class space    used 6284K, capacity 6442K, committed 6528K, reserved 1048576K

Card table byte_map: [0x00007fbd1c21c000,0x00007fbd1c61d000] byte_map_base: 0x00007fbd1be1c000

Marking Bits: (ParMarkBitMap*) 0x00007fbd1f94a2c0
 Begin Bits: [0x00007fbd04b53000, 0x00007fbd06b53000)
 End Bits:   [0x00007fbd06b53000, 0x00007fbd08b53000)

Polling page: 0x00007fbd2079d000

CodeCache: size=245760Kb used=21705Kb max_used=21705Kb free=224054Kb
 bounds [0x00007fbd09000000, 0x00007fbd0a560000, 0x00007fbd18000000]
 total_blobs=6332 nmethods=5817 adapters=436
 compilation: enabled

Compilation events (10 events):
Event: 162.648 Thread 0x00007fbd180c6800 nmethod 7072 0x00007fbd0a533a10 code [0x00007fbd0a533b60, 0x00007fbd0a533c98]
Event: 162.648 Thread 0x00007fbd180c6800 7069       4       org.springframework.core.MethodIntrospector$1::doWith (63 bytes)
Event: 162.650 Thread 0x00007fbd180c6800 nmethod 7069 0x00007fbd0a533490 code [0x00007fbd0a533600, 0x00007fbd0a5337e8]
Event: 162.650 Thread 0x00007fbd180c6800 7071   !   4       com.sun.proxy.$Proxy16::annotationType (29 bytes)
Event: 162.653 Thread 0x00007fbd180c6800 nmethod 7071 0x00007fbd0a53c8d0 code [0x00007fbd0a53ca40, 0x00007fbd0a53cbe8]
Event: 162.653 Thread 0x00007fbd180c6800 7049       4       org.springframework.asm.MethodWriter::addSuccessor (38 bytes)
Event: 162.654 Thread 0x00007fbd180cb000 7075       3       com.fasterxml.jackson.core.util.DefaultIndenter::<init> (70 bytes)
Event: 162.654 Thread 0x00007fbd180cb000 nmethod 7075 0x00007fbd0a53bb90 code [0x00007fbd0a53bd40, 0x00007fbd0a53c548]
Event: 162.654 Thread 0x00007fbd180c6800 nmethod 7049 0x00007fbd0a533010 code [0x00007fbd0a533160, 0x00007fbd0a5332b8]
Event: 162.656 Thread 0x00007fbd180cb000 7076       3       org.springframework.asm.Frame::merge (306 bytes)

GC Heap History (10 events):
Event: 14.084 GC heap before
{Heap before GC invocations=13 (full 2):
 PSYoungGen      total 197632K, used 197181K [0x00000000d5580000, 0x00000000e2e00000, 0x0000000100000000)
  eden space 185856K, 100% used [0x00000000d5580000,0x00000000e0b00000,0x00000000e0b00000)
  from space 11776K, 96% used [0x00000000e2280000,0x00000000e2d8f6d0,0x00000000e2e00000)
  to   space 16384K, 0% used [0x00000000e0e00000,0x00000000e0e00000,0x00000000e1e00000)
 ParOldGen       total 100864K, used 25745K [0x0000000080000000, 0x0000000086280000, 0x00000000d5580000)
  object space 100864K, 25% used [0x0000000080000000,0x0000000081924570,0x0000000086280000)
 Metaspace       used 48047K, capacity 48560K, committed 49112K, reserved 1091584K
  class space    used 5882K, capacity 6034K, committed 6144K, reserved 1048576K
Event: 14.148 GC heap after
Heap after GC invocations=13 (full 2):
 PSYoungGen      total 205312K, used 15119K [0x00000000d5580000, 0x00000000e5d00000, 0x0000000100000000)
  eden space 188928K, 0% used [0x00000000d5580000,0x00000000d5580000,0x00000000e0e00000)
  from space 16384K, 92% used [0x00000000e0e00000,0x00000000e1cc3c28,0x00000000e1e00000)
  to   space 18432K, 0% used [0x00000000e4b00000,0x00000000e4b00000,0x00000000e5d00000)
 ParOldGen       total 100864K, used 25753K [0x0000000080000000, 0x0000000086280000, 0x00000000d5580000)
  object space 100864K, 25% used [0x0000000080000000,0x0000000081926570,0x0000000086280000)
 Metaspace       used 48047K, capacity 48560K, committed 49112K, reserved 1091584K
  class space    used 5882K, capacity 6034K, committed 6144K, reserved 1048576K
}
Event: 66.927 GC heap before
{Heap before GC invocations=14 (full 2):
 PSYoungGen      total 205312K, used 204047K [0x00000000d5580000, 0x00000000e5d00000, 0x0000000100000000)
  eden space 188928K, 100% used [0x00000000d5580000,0x00000000e0e00000,0x00000000e0e00000)
  from space 16384K, 92% used [0x00000000e0e00000,0x00000000e1cc3c28,0x00000000e1e00000)
  to   space 18432K, 0% used [0x00000000e4b00000,0x00000000e4b00000,0x00000000e5d00000)
 ParOldGen       total 100864K, used 25753K [0x0000000080000000, 0x0000000086280000, 0x00000000d5580000)
  object space 100864K, 25% used [0x0000000080000000,0x0000000081926570,0x0000000086280000)
 Metaspace       used 51750K, capacity 52348K, committed 52952K, reserved 1095680K
  class space    used 6200K, capacity 6340K, committed 6400K, reserved 1048576K
Event: 66.953 GC heap after
Heap after GC invocations=14 (full 2):
 PSYoungGen      total 246272K, used 14703K [0x00000000d5580000, 0x00000000e5b80000, 0x0000000100000000)
  eden space 229376K, 0% used [0x00000000d5580000,0x00000000d5580000,0x00000000e3580000)
  from space 16896K, 87% used [0x00000000e4b00000,0x00000000e595bd50,0x00000000e5b80000)
  to   space 19456K, 0% used [0x00000000e3580000,0x00000000e3580000,0x00000000e4880000)
 ParOldGen       total 100864K, used 25761K [0x0000000080000000, 0x0000000086280000, 0x00000000d5580000)
  object space 100864K, 25% used [0x0000000080000000,0x0000000081928570,0x0000000086280000)
 Metaspace       used 51750K, capacity 52348K, committed 52952K, reserved 1095680K
  class space    used 6200K, capacity 6340K, committed 6400K, reserved 1048576K
}
Event: 159.432 GC heap before
{Heap before GC invocations=15 (full 2):
 PSYoungGen      total 246272K, used 156925K [0x00000000d5580000, 0x00000000e5b80000, 0x0000000100000000)
  eden space 229376K, 62% used [0x00000000d5580000,0x00000000de063988,0x00000000e3580000)
  from space 16896K, 87% used [0x00000000e4b00000,0x00000000e595bd50,0x00000000e5b80000)
  to   space 19456K, 0% used [0x00000000e3580000,0x00000000e3580000,0x00000000e4880000)
 ParOldGen       total 100864K, used 25761K [0x0000000080000000, 0x0000000086280000, 0x00000000d5580000)
  object space 100864K, 25% used [0x0000000080000000,0x0000000081928570,0x0000000086280000)
 Metaspace       used 51922K, capacity 52424K, committed 52952K, reserved 1095680K
  class space    used 6217K, capacity 6343K, committed 6400K, reserved 1048576K
Event: 159.458 GC heap after
Heap after GC invocations=15 (full 2):
 PSYoungGen      total 248832K, used 11896K [0x00000000d5580000, 0x00000000e5b80000, 0x0000000100000000)
  eden space 229376K, 0% used [0x00000000d5580000,0x00000000d5580000,0x00000000e3580000)
  from space 19456K, 61% used [0x00000000e3580000,0x00000000e411e060,0x00000000e4880000)
  to   space 19456K, 0% used [0x00000000e4880000,0x00000000e4880000,0x00000000e5b80000)
 ParOldGen       total 100864K, used 25769K [0x0000000080000000, 0x0000000086280000, 0x00000000d5580000)
  object space 100864K, 25% used [0x0000000080000000,0x000000008192a570,0x0000000086280000)
 Metaspace       used 51922K, capacity 52424K, committed 52952K, reserved 1095680K
  class space    used 6217K, capacity 6343K, committed 6400K, reserved 1048576K
}
Event: 159.458 GC heap before
{Heap before GC invocations=16 (full 3):
 PSYoungGen      total 248832K, used 11896K [0x00000000d5580000, 0x00000000e5b80000, 0x0000000100000000)
  eden space 229376K, 0% used [0x00000000d5580000,0x00000000d5580000,0x00000000e3580000)
  from space 19456K, 61% used [0x00000000e3580000,0x00000000e411e060,0x00000000e4880000)
  to   space 19456K, 0% used [0x00000000e4880000,0x00000000e4880000,0x00000000e5b80000)
 ParOldGen       total 100864K, used 25769K [0x0000000080000000, 0x0000000086280000, 0x00000000d5580000)
  object space 100864K, 25% used [0x0000000080000000,0x000000008192a570,0x0000000086280000)
 Metaspace       used 51922K, capacity 52424K, committed 52952K, reserved 1095680K
  class space    used 6217K, capacity 6343K, committed 6400K, reserved 1048576K
Event: 159.637 GC heap after
Heap after GC invocations=16 (full 3):
 PSYoungGen      total 248832K, used 0K [0x00000000d5580000, 0x00000000e5b80000, 0x0000000100000000)
  eden space 229376K, 0% used [0x00000000d5580000,0x00000000d5580000,0x00000000e3580000)
  from space 19456K, 0% used [0x00000000e3580000,0x00000000e3580000,0x00000000e4880000)
  to   space 19456K, 0% used [0x00000000e4880000,0x00000000e4880000,0x00000000e5b80000)
 ParOldGen       total 100864K, used 26509K [0x0000000080000000, 0x0000000086280000, 0x00000000d5580000)
  object space 100864K, 26% used [0x0000000080000000,0x00000000819e3630,0x0000000086280000)
 Metaspace       used 51914K, capacity 52412K, committed 52952K, reserved 1095680K
  class space    used 6216K, capacity 6341K, committed 6400K, reserved 1048576K
}
Event: 161.982 GC heap before
{Heap before GC invocations=17 (full 3):
 PSYoungGen      total 248832K, used 229376K [0x00000000d5580000, 0x00000000e5b80000, 0x0000000100000000)
  eden space 229376K, 100% used [0x00000000d5580000,0x00000000e3580000,0x00000000e3580000)
  from space 19456K, 0% used [0x00000000e3580000,0x00000000e3580000,0x00000000e4880000)
  to   space 19456K, 0% used [0x00000000e4880000,0x00000000e4880000,0x00000000e5b80000)
 ParOldGen       total 100864K, used 26509K [0x0000000080000000, 0x0000000086280000, 0x00000000d5580000)
  object space 100864K, 26% used [0x0000000080000000,0x00000000819e3630,0x0000000086280000)
 Metaspace       used 52593K, capacity 53302K, committed 53848K, reserved 1097728K
  class space    used 6249K, capacity 6404K, committed 6528K, reserved 1048576K
Event: 161.991 GC heap after
Heap after GC invocations=17 (full 3):
 PSYoungGen      total 249344K, used 6449K [0x00000000d5580000, 0x00000000e8500000, 0x0000000100000000)
  eden space 229888K, 0% used [0x00000000d5580000,0x00000000d5580000,0x00000000e3600000)
  from space 19456K, 33% used [0x00000000e4880000,0x00000000e4ecc790,0x00000000e5b80000)
  to   space 18944K, 0% used [0x00000000e3600000,0x00000000e3600000,0x00000000e4880000)
 ParOldGen       total 100864K, used 26517K [0x0000000080000000, 0x0000000086280000, 0x00000000d5580000)
  object space 100864K, 26% used [0x0000000080000000,0x00000000819e5630,0x0000000086280000)
 Metaspace       used 52593K, capacity 53302K, committed 53848K, reserved 1097728K
  class space    used 6249K, capacity 6404K, committed 6528K, reserved 1048576K
}

Deoptimization events (10 events):
Event: 162.652 Thread 0x00007fbcc485e000 Uncommon trap: reason=unhandled action=none pc=0x00007fbd09c20850 method=java.net.URLClassLoader.findClass(Ljava/lang/String;)Ljava/lang/Class; @ 44
Event: 162.652 Thread 0x00007fbcc485e000 Uncommon trap: reason=unhandled action=none pc=0x00007fbd09c20850 method=java.net.URLClassLoader.findClass(Ljava/lang/String;)Ljava/lang/Class; @ 44
Event: 162.652 Thread 0x00007fbcc485e000 Uncommon trap: reason=unhandled action=none pc=0x00007fbd09c20850 method=java.net.URLClassLoader.findClass(Ljava/lang/String;)Ljava/lang/Class; @ 44
Event: 162.652 Thread 0x00007fbcc485e000 Uncommon trap: reason=unhandled action=none pc=0x00007fbd09c20850 method=java.net.URLClassLoader.findClass(Ljava/lang/String;)Ljava/lang/Class; @ 44
Event: 162.653 Thread 0x00007fbcc485e000 Uncommon trap: reason=unhandled action=none pc=0x00007fbd09c20850 method=java.net.URLClassLoader.findClass(Ljava/lang/String;)Ljava/lang/Class; @ 44
Event: 162.653 Thread 0x00007fbcc485e000 Uncommon trap: reason=unhandled action=none pc=0x00007fbd09c20850 method=java.net.URLClassLoader.findClass(Ljava/lang/String;)Ljava/lang/Class; @ 44
Event: 162.653 Thread 0x00007fbcc485e000 Uncommon trap: reason=unhandled action=none pc=0x00007fbd09c20850 method=java.net.URLClassLoader.findClass(Ljava/lang/String;)Ljava/lang/Class; @ 44
Event: 162.653 Thread 0x00007fbcc485e000 Uncommon trap: reason=unhandled action=none pc=0x00007fbd09c20850 method=java.net.URLClassLoader.findClass(Ljava/lang/String;)Ljava/lang/Class; @ 44
Event: 162.653 Thread 0x00007fbcc485e000 Uncommon trap: reason=unhandled action=none pc=0x00007fbd09c20850 method=java.net.URLClassLoader.findClass(Ljava/lang/String;)Ljava/lang/Class; @ 44
Event: 162.653 Thread 0x00007fbcc485e000 Uncommon trap: reason=unhandled action=none pc=0x00007fbd09c20850 method=java.net.URLClassLoader.findClass(Ljava/lang/String;)Ljava/lang/Class; @ 44

Internal exceptions (10 events):
Event: 162.478 Thread 0x00007fbcc485e000 Exception <a 'java/lang/ArrayIndexOutOfBoundsException': 151> (0x00000000d9261e00) thrown at [/build/openjdk-8-pZyJp3/openjdk-8-8u131-b11/src/hotspot/src/share/vm/interpreter/interpreterRuntime.cpp, line 366]
Event: 162.478 Thread 0x00007fbcc485e000 Exception <a 'java/lang/ArrayIndexOutOfBoundsException': 151> (0x00000000d9264670) thrown at [/build/openjdk-8-pZyJp3/openjdk-8-8u131-b11/src/hotspot/src/share/vm/interpreter/interpreterRuntime.cpp, line 366]
Event: 162.478 Thread 0x00007fbcc485e000 Exception <a 'java/lang/ArrayIndexOutOfBoundsException': 259> (0x00000000d9267aa0) thrown at [/build/openjdk-8-pZyJp3/openjdk-8-8u131-b11/src/hotspot/src/share/vm/interpreter/interpreterRuntime.cpp, line 366]
Event: 162.562 Thread 0x00007fbcc485e000 Exception <a 'java/lang/ArrayIndexOutOfBoundsException': 287> (0x00000000d993c790) thrown at [/build/openjdk-8-pZyJp3/openjdk-8-8u131-b11/src/hotspot/src/share/vm/interpreter/interpreterRuntime.cpp, line 366]
Event: 162.567 Thread 0x00007fbcc485e000 Exception <a 'java/lang/ArrayIndexOutOfBoundsException': 89> (0x00000000d9963200) thrown at [/build/openjdk-8-pZyJp3/openjdk-8-8u131-b11/src/hotspot/src/share/vm/interpreter/interpreterRuntime.cpp, line 366]
Event: 162.572 Thread 0x00007fbcc485e000 Exception <a 'java/lang/ArrayIndexOutOfBoundsException': 406> (0x00000000d99873b8) thrown at [/build/openjdk-8-pZyJp3/openjdk-8-8u131-b11/src/hotspot/src/share/vm/interpreter/interpreterRuntime.cpp, line 366]
Event: 162.631 Thread 0x00007fbcc485e000 Exception <a 'java/lang/ArrayIndexOutOfBoundsException': 133> (0x00000000d9dc99b0) thrown at [/build/openjdk-8-pZyJp3/openjdk-8-8u131-b11/src/hotspot/src/share/vm/interpreter/interpreterRuntime.cpp, line 366]
Event: 162.637 Thread 0x00007fbcc485e000 Exception <a 'java/lang/ArrayIndexOutOfBoundsException': 101> (0x00000000d9e23df8) thrown at [/build/openjdk-8-pZyJp3/openjdk-8-8u131-b11/src/hotspot/src/share/vm/interpreter/interpreterRuntime.cpp, line 366]
Event: 162.637 Thread 0x00007fbcc485e000 Exception <a 'java/lang/ArrayIndexOutOfBoundsException': 50> (0x00000000d9e25c28) thrown at [/build/openjdk-8-pZyJp3/openjdk-8-8u131-b11/src/hotspot/src/share/vm/interpreter/interpreterRuntime.cpp, line 366]
Event: 162.638 Thread 0x00007fbcc485e000 Exception <a 'java/lang/ArrayIndexOutOfBoundsException': 57> (0x00000000d9e27968) thrown at [/build/openjdk-8-pZyJp3/openjdk-8-8u131-b11/src/hotspot/src/share/vm/interpreter/interpreterRuntime.cpp, line 366]

Events (10 events):
Event: 162.653 Thread 0x00007fbcc485e000 DEOPT PACKING pc=0x00007fbd09cb676c sp=0x00007fbcab3cacc0
Event: 162.653 Thread 0x00007fbcc485e000 DEOPT UNPACKING pc=0x00007fbd09047373 sp=0x00007fbcab3caa18 mode 1
Event: 162.655 Thread 0x00007fbcc485e000 DEOPT PACKING pc=0x00007fbd09d6e99c sp=0x00007fbcab3cb8c0
Event: 162.655 Thread 0x00007fbcc485e000 DEOPT UNPACKING pc=0x00007fbd09047373 sp=0x00007fbcab3cb680 mode 1
Event: 162.655 Thread 0x00007fbcc485e000 DEOPT PACKING pc=0x00007fbd09873b7c sp=0x00007fbcab3cb990
Event: 162.655 Thread 0x00007fbcc485e000 DEOPT UNPACKING pc=0x00007fbd09047373 sp=0x00007fbcab3cb738 mode 1
Event: 162.655 Thread 0x00007fbcc485e000 DEOPT PACKING pc=0x00007fbd09d6e99c sp=0x00007fbcab3cb8c0
Event: 162.655 Thread 0x00007fbcc485e000 DEOPT UNPACKING pc=0x00007fbd09047373 sp=0x00007fbcab3cb680 mode 1
Event: 162.655 Thread 0x00007fbcc485e000 DEOPT PACKING pc=0x00007fbd09873b7c sp=0x00007fbcab3cb990
Event: 162.655 Thread 0x00007fbcc485e000 DEOPT UNPACKING pc=0x00007fbd09047373 sp=0x00007fbcab3cb738 mode 1


Dynamic libraries:
00400000-00401000 r-xp 00000000 08:05 535538                             /usr/lib/jvm/java-8-openjdk-amd64/jre/bin/java
00600000-00601000 r--p 00000000 08:05 535538                             /usr/lib/jvm/java-8-openjdk-amd64/jre/bin/java
00601000-00602000 rw-p 00001000 08:05 535538                             /usr/lib/jvm/java-8-openjdk-amd64/jre/bin/java
01973000-01a22000 rw-p 00000000 00:00 0                                  [heap]
80000000-86280000 rw-p 00000000 00:00 0 
86280000-d5580000 ---p 00000000 00:00 0 
d5580000-e8500000 rw-p 00000000 00:00 0 
e8500000-100000000 ---p 00000000 00:00 0 
100000000-100660000 rw-p 00000000 00:00 0 
100660000-140000000 ---p 00000000 00:00 0 
7fbc80000000-7fbc804b7000 rw-p 00000000 00:00 0 
7fbc804b7000-7fbc84000000 ---p 00000000 00:00 0 
7fbc84000000-7fbc847f9000 rw-p 00000000 00:00 0 
7fbc847f9000-7fbc88000000 ---p 00000000 00:00 0 
7fbc88000000-7fbc88062000 rw-p 00000000 00:00 0 
7fbc88062000-7fbc8c000000 ---p 00000000 00:00 0 
7fbc8c000000-7fbc8c315000 rw-p 00000000 00:00 0 
7fbc8c315000-7fbc90000000 ---p 00000000 00:00 0 
7fbc90000000-7fbc90021000 rw-p 00000000 00:00 0 
7fbc90021000-7fbc94000000 ---p 00000000 00:00 0 
7fbc94000000-7fbc94066000 rw-p 00000000 00:00 0 
7fbc94066000-7fbc98000000 ---p 00000000 00:00 0 
7fbc98000000-7fbc98021000 rw-p 00000000 00:00 0 
7fbc98021000-7fbc9c000000 ---p 00000000 00:00 0 
7fbc9c000000-7fbc9c05e000 rw-p 00000000 00:00 0 
7fbc9c05e000-7fbca0000000 ---p 00000000 00:00 0 
7fbca0000000-7fbca0397000 rw-p 00000000 00:00 0 
7fbca0397000-7fbca4000000 ---p 00000000 00:00 0 
7fbca4000000-7fbca43fd000 rw-p 00000000 00:00 0 
7fbca43fd000-7fbca8000000 ---p 00000000 00:00 0 
7fbca834a000-7fbca840a000 rw-p 00000000 00:00 0 
7fbca840a000-7fbca854a000 ---p 00000000 00:00 0 
7fbca8a98000-7fbca8c98000 rw-p 00000000 00:00 0 
7fbca8c98000-7fbca8e98000 rw-p 00000000 00:00 0 
7fbca8e98000-7fbca8e9b000 ---p 00000000 00:00 0 
7fbca8e9b000-7fbca8f99000 rw-p 00000000 00:00 0 
7fbca8f99000-7fbca8fb0000 r-xp 00000000 08:05 794360                     /lib/x86_64-linux-gnu/libresolv-2.23.so
7fbca8fb0000-7fbca91b0000 ---p 00017000 08:05 794360                     /lib/x86_64-linux-gnu/libresolv-2.23.so
7fbca91b0000-7fbca91b1000 r--p 00017000 08:05 794360                     /lib/x86_64-linux-gnu/libresolv-2.23.so
7fbca91b1000-7fbca91b2000 rw-p 00018000 08:05 794360                     /lib/x86_64-linux-gnu/libresolv-2.23.so
7fbca91b2000-7fbca91b4000 rw-p 00000000 00:00 0 
7fbca91b4000-7fbca91b9000 r-xp 00000000 08:05 794347                     /lib/x86_64-linux-gnu/libnss_dns-2.23.so
7fbca91b9000-7fbca93b9000 ---p 00005000 08:05 794347                     /lib/x86_64-linux-gnu/libnss_dns-2.23.so
7fbca93b9000-7fbca93ba000 r--p 00005000 08:05 794347                     /lib/x86_64-linux-gnu/libnss_dns-2.23.so
7fbca93ba000-7fbca93bb000 rw-p 00006000 08:05 794347                     /lib/x86_64-linux-gnu/libnss_dns-2.23.so
7fbca93bb000-7fbca93bd000 r-xp 00000000 08:05 791141                     /lib/x86_64-linux-gnu/libnss_mdns4_minimal.so.2
7fbca93bd000-7fbca95bc000 ---p 00002000 08:05 791141                     /lib/x86_64-linux-gnu/libnss_mdns4_minimal.so.2
7fbca95bc000-7fbca95bd000 r--p 00001000 08:05 791141                     /lib/x86_64-linux-gnu/libnss_mdns4_minimal.so.2
7fbca95bd000-7fbca95be000 rw-p 00002000 08:05 791141                     /lib/x86_64-linux-gnu/libnss_mdns4_minimal.so.2
7fbca95be000-7fbca95c1000 ---p 00000000 00:00 0 
7fbca95c1000-7fbca96bf000 rw-p 00000000 00:00 0 
7fbca96bf000-7fbca96c2000 ---p 00000000 00:00 0 
7fbca96c2000-7fbca97c0000 rw-p 00000000 00:00 0 
7fbca97c0000-7fbca97c3000 ---p 00000000 00:00 0 
7fbca97c3000-7fbca98c1000 rw-p 00000000 00:00 0 
7fbca98c1000-7fbca98c4000 ---p 00000000 00:00 0 
7fbca98c4000-7fbca99c2000 rw-p 00000000 00:00 0 
7fbca99c2000-7fbca99c5000 ---p 00000000 00:00 0 
7fbca99c5000-7fbca9ac3000 rw-p 00000000 00:00 0 
7fbca9ac3000-7fbca9ac6000 ---p 00000000 00:00 0 
7fbca9ac6000-7fbca9bc4000 rw-p 00000000 00:00 0 
7fbca9bc4000-7fbca9bc7000 ---p 00000000 00:00 0 
7fbca9bc7000-7fbca9cc5000 rw-p 00000000 00:00 0 
7fbca9cc5000-7fbca9cc8000 ---p 00000000 00:00 0 
7fbca9cc8000-7fbca9dc6000 rw-p 00000000 00:00 0 
7fbca9dc6000-7fbca9dc9000 ---p 00000000 00:00 0 
7fbca9dc9000-7fbca9ec7000 rw-p 00000000 00:00 0 
7fbca9ec7000-7fbca9eca000 ---p 00000000 00:00 0 
7fbca9eca000-7fbca9fc8000 rw-p 00000000 00:00 0 
7fbca9fc8000-7fbca9fcb000 ---p 00000000 00:00 0 
7fbca9fcb000-7fbcaa0c9000 rw-p 00000000 00:00 0 
7fbcaa0c9000-7fbcaa0cc000 ---p 00000000 00:00 0 
7fbcaa0cc000-7fbcaa1ca000 rw-p 00000000 00:00 0 
7fbcaa1ca000-7fbcaa1cd000 ---p 00000000 00:00 0 
7fbcaa1cd000-7fbcaa2cb000 rw-p 00000000 00:00 0 
7fbcaa2cb000-7fbcaa2ce000 ---p 00000000 00:00 0 
7fbcaa2ce000-7fbcaa3cc000 rw-p 00000000 00:00 0 
7fbcaa3cc000-7fbcaa3cf000 ---p 00000000 00:00 0 
7fbcaa3cf000-7fbcaa6cd000 rw-p 00000000 00:00 0 
7fbcaa6cd000-7fbcaa6d0000 ---p 00000000 00:00 0 
7fbcaa6d0000-7fbcaa7ce000 rw-p 00000000 00:00 0 
7fbcaa7ce000-7fbcaa7d1000 ---p 00000000 00:00 0 
7fbcaa7d1000-7fbcaaacf000 rw-p 00000000 00:00 0 
7fbcaaacf000-7fbcaaccf000 rw-p 00000000 00:00 0 
7fbcaaccf000-7fbcaaecf000 rw-p 00000000 00:00 0 
7fbcaaecf000-7fbcab0cf000 rw-p 00000000 00:00 0 
7fbcab0cf000-7fbcab2c5000 rw-p 00000000 00:00 0 
7fbcab2c5000-7fbcab2cf000 ---p 00000000 00:00 0 
7fbcab2cf000-7fbcab2d2000 ---p 00000000 00:00 0 
7fbcab2d2000-7fbcab3d0000 rw-p 00000000 00:00 0 
7fbcab3d0000-7fbcab3d3000 ---p 00000000 00:00 0 
7fbcab3d3000-7fbcab4d1000 rw-p 00000000 00:00 0 
7fbcab4d1000-7fbcab4d4000 ---p 00000000 00:00 0 
7fbcab4d4000-7fbcab7d2000 rw-p 00000000 00:00 0 
7fbcab7d2000-7fbcab9d2000 rw-p 00000000 00:00 0 
7fbcaba00000-7fbcabc00000 rw-p 00000000 00:00 0 
7fbcabc00000-7fbcabe00000 rw-p 00000000 00:00 0 
7fbcabe00000-7fbcac000000 rw-p 00000000 00:00 0 
7fbcac000000-7fbcace9c000 rw-p 00000000 00:00 0 
7fbcace9c000-7fbcb0000000 ---p 00000000 00:00 0 
7fbcb0000000-7fbcb1b92000 rw-p 00000000 00:00 0 
7fbcb1b92000-7fbcb4000000 ---p 00000000 00:00 0 
7fbcb4000000-7fbcb4021000 rw-p 00000000 00:00 0 
7fbcb4021000-7fbcb8000000 ---p 00000000 00:00 0 
7fbcb8000000-7fbcb8021000 rw-p 00000000 00:00 0 
7fbcb8021000-7fbcbc000000 ---p 00000000 00:00 0 
7fbcbc000000-7fbcbc021000 rw-p 00000000 00:00 0 
7fbcbc021000-7fbcc0000000 ---p 00000000 00:00 0 
7fbcc0000000-7fbcc0021000 rw-p 00000000 00:00 0 
7fbcc0021000-7fbcc4000000 ---p 00000000 00:00 0 
7fbcc4000000-7fbcc564a000 rw-p 00000000 00:00 0 
7fbcc564a000-7fbcc8000000 ---p 00000000 00:00 0 
7fbcc8000000-7fbcc8021000 rw-p 00000000 00:00 0 
7fbcc8021000-7fbccc000000 ---p 00000000 00:00 0 
7fbccc000000-7fbccfffa000 rw-p 00000000 00:00 0 
7fbccfffa000-7fbcd0000000 ---p 00000000 00:00 0 
7fbcd0000000-7fbcd34da000 rw-p 00000000 00:00 0 
7fbcd34da000-7fbcd4000000 ---p 00000000 00:00 0 
7fbcd4000000-7fbcd4021000 rw-p 00000000 00:00 0 
7fbcd4021000-7fbcd8000000 ---p 00000000 00:00 0 
7fbcd8000000-7fbcd8021000 rw-p 00000000 00:00 0 
7fbcd8021000-7fbcdc000000 ---p 00000000 00:00 0 
7fbcdc000000-7fbcdc021000 rw-p 00000000 00:00 0 
7fbcdc021000-7fbce0000000 ---p 00000000 00:00 0 
7fbce0000000-7fbce0030000 rw-p 00000000 00:00 0 
7fbce0030000-7fbce4000000 ---p 00000000 00:00 0 
7fbce4000000-7fbce4021000 rw-p 00000000 00:00 0 
7fbce4021000-7fbce8000000 ---p 00000000 00:00 0 
7fbce8000000-7fbce8021000 rw-p 00000000 00:00 0 
7fbce8021000-7fbcec000000 ---p 00000000 00:00 0 
7fbcec000000-7fbcec02b000 rw-p 00000000 00:00 0 
7fbcec02b000-7fbcf0000000 ---p 00000000 00:00 0 
7fbcf0000000-7fbcf00ac000 rw-p 00000000 00:00 0 
7fbcf00ac000-7fbcf4000000 ---p 00000000 00:00 0 
7fbcf4000000-7fbcf4021000 rw-p 00000000 00:00 0 
7fbcf4021000-7fbcf8000000 ---p 00000000 00:00 0 
7fbcf8000000-7fbcf8022000 rw-p 00000000 00:00 0 
7fbcf8022000-7fbcfc000000 ---p 00000000 00:00 0 
7fbcfc000000-7fbcfc021000 rw-p 00000000 00:00 0 
7fbcfc021000-7fbd00000000 ---p 00000000 00:00 0 
7fbd0002b000-7fbd0003e000 r--s 00346000 08:05 535500                     /usr/lib/jvm/java-8-openjdk-amd64/jre/lib/resources.jar
7fbd0003e000-7fbd00041000 ---p 00000000 00:00 0 
7fbd00041000-7fbd0013f000 rw-p 00000000 00:00 0 
7fbd0013f000-7fbd00144000 r--s 002f9000 08:05 535504                     /usr/lib/jvm/java-8-openjdk-amd64/jre/lib/charsets.jar
7fbd00144000-7fbd00344000 rw-p 00000000 00:00 0 
7fbd00344000-7fbd00544000 rw-p 00000000 00:00 0 
7fbd00544000-7fbd00744000 rw-p 00000000 00:00 0 
7fbd00744000-7fbd00944000 rw-p 00000000 00:00 0 
7fbd00944000-7fbd00947000 ---p 00000000 00:00 0 
7fbd00947000-7fbd00c45000 rw-p 00000000 00:00 0 
7fbd00c45000-7fbd00c48000 ---p 00000000 00:00 0 
7fbd00c48000-7fbd00d46000 rw-p 00000000 00:00 0 
7fbd00d46000-7fbd00d49000 ---p 00000000 00:00 0 
7fbd00d49000-7fbd01047000 rw-p 00000000 00:00 0 
7fbd01047000-7fbd01048000 ---p 00000000 00:00 0 
7fbd01048000-7fbd01148000 rw-p 00000000 00:00 0 
7fbd01148000-7fbd0114b000 ---p 00000000 00:00 0 
7fbd0114b000-7fbd01249000 rw-p 00000000 00:00 0 
7fbd01249000-7fbd0124c000 ---p 00000000 00:00 0 
7fbd0124c000-7fbd0134a000 rw-p 00000000 00:00 0 
7fbd0134a000-7fbd0134d000 ---p 00000000 00:00 0 
7fbd0134d000-7fbd0144b000 rw-p 00000000 00:00 0 
7fbd0144b000-7fbd01450000 r--s 0009a000 08:05 535459                     /usr/lib/jvm/java-8-openjdk-amd64/jre/lib/jsse.jar
7fbd01450000-7fbd01468000 r--s 001bf000 08:05 1837808                    /home/dharsan/.m2/repository/org/aspectj/aspectjweaver/1.8.10/aspectjweaver-1.8.10.jar
7fbd01468000-7fbd0146a000 r--s 00005000 08:05 1709406                    /home/dharsan/.m2/repository/org/egov/services/tracer/0.16.0/tracer-0.16.0.jar
7fbd0146a000-7fbd0148a000 r--s 000e5000 08:05 1709683                    /home/dharsan/.m2/repository/org/springframework/boot/spring-boot-autoconfigure/1.5.4.RELEASE/spring-boot-autoconfigure-1.5.4.RELEASE.jar
7fbd0148a000-7fbd0149a000 r--s 00095000 08:05 1709681                    /home/dharsan/.m2/repository/org/springframework/boot/spring-boot/1.5.4.RELEASE/spring-boot-1.5.4.RELEASE.jar
7fbd0149a000-7fbd014a0000 r--s 0002f000 08:05 1709679                    /home/dharsan/.m2/repository/org/springframework/boot/spring-boot-devtools/1.5.4.RELEASE/spring-boot-devtools-1.5.4.RELEASE.jar
7fbd014a0000-7fbd014b6000 r--s 0014a000 08:05 3019311                    /home/dharsan/.m2/repository/org/projectlombok/lombok/1.16.16/lombok-1.16.16.jar
7fbd014b6000-7fbd014bd000 r--s 0004e000 08:05 3540637                    /home/dharsan/.m2/repository/org/jsoup/jsoup/1.10.1/jsoup-1.10.1.jar
7fbd014bd000-7fbd014bf000 r--s 00100000 08:05 1837803                    /home/dharsan/.m2/repository/org/xerial/snappy/snappy-java/1.1.2.6/snappy-java-1.1.2.6.jar
7fbd014bf000-7fbd014c1000 r--s 00038000 08:05 1837800                    /home/dharsan/.m2/repository/net/jpountz/lz4/lz4/1.3.0/lz4-1.3.0.jar
7fbd014c1000-7fbd014cf000 r--s 000b5000 08:05 1837797                    /home/dharsan/.m2/repository/org/apache/kafka/kafka-clients/0.10.1.1/kafka-clients-0.10.1.1.jar
7fbd014cf000-7fbd014d4000 r--s 0001b000 08:05 1449044                    /home/dharsan/.m2/repository/org/springframework/retry/spring-retry/1.2.0.RELEASE/spring-retry-1.2.0.RELEASE.jar
7fbd014d4000-7fbd014dd000 r--s 00055000 08:05 1709677                    /home/dharsan/.m2/repository/org/springframework/spring-messaging/4.3.9.RELEASE/spring-messaging-4.3.9.RELEASE.jar
7fbd014dd000-7fbd014e2000 r--s 0001f000 08:05 1837788                    /home/dharsan/.m2/repository/org/springframework/kafka/spring-kafka/1.1.2.RELEASE/spring-kafka-1.1.2.RELEASE.jar
7fbd014e2000-7fbd014e7000 r--s 00034000 08:05 2504223                    /home/dharsan/.m2/repository/com/google/code/gson/gson/2.8.0/gson-2.8.0.jar
7fbd014e7000-7fbd014ec000 r--s 00046000 08:05 1578158                    /home/dharsan/.m2/repository/org/apache/commons/commons-lang3/3.0/commons-lang3-3.0.jar
7fbd014ec000-7fbd014f3000 r--s 0009f000 08:05 2887808                    /home/dharsan/.m2/repository/org/postgresql/postgresql/9.4.1212.jre7/postgresql-9.4.1212.jre7.jar
7fbd014f3000-7fbd014fd000 r--s 0005f000 08:05 1709675                    /home/dharsan/.m2/repository/org/springframework/spring-jdbc/4.3.9.RELEASE/spring-jdbc-4.3.9.RELEASE.jar
7fbd014fd000-7fbd014ff000 r--s 00009000 08:05 1709673                    /home/dharsan/.m2/repository/org/apache/tomcat/tomcat-juli/8.5.15/tomcat-juli-8.5.15.jar
7fbd014ff000-7fbd01502000 r--s 00021000 08:05 1709671                    /home/dharsan/.m2/repository/org/apache/tomcat/tomcat-jdbc/8.5.15/tomcat-jdbc-8.5.15.jar
7fbd01502000-7fbd01503000 r--s 00000000 08:05 1709669                    /home/dharsan/.m2/repository/org/springframework/boot/spring-boot-starter-jdbc/1.5.4.RELEASE/spring-boot-starter-jdbc-1.5.4.RELEASE.jar
7fbd01503000-7fbd0150b000 r--s 00040000 08:05 3027139                    /home/dharsan/.m2/repository/org/flywaydb/flyway-core/3.2.1/flyway-core-3.2.1.jar
7fbd0150b000-7fbd01521000 r--s 000fc000 08:05 1709667                    /home/dharsan/.m2/repository/org/springframework/spring-core/4.3.9.RELEASE/spring-core-4.3.9.RELEASE.jar
7fbd01521000-7fbd01526000 r--s 0003c000 08:05 1709663                    /home/dharsan/.m2/repository/org/springframework/spring-expression/4.3.9.RELEASE/spring-expression-4.3.9.RELEASE.jar
7fbd01526000-7fbd01537000 r--s 000cf000 08:05 1709661                    /home/dharsan/.m2/repository/org/springframework/spring-webmvc/4.3.9.RELEASE/spring-webmvc-4.3.9.RELEASE.jar
7fbd01537000-7fbd01549000 r--s 000b7000 08:05 1709659                    /home/dharsan/.m2/repository/org/springframework/spring-web/4.3.9.RELEASE/spring-web-4.3.9.RELEASE.jar
7fbd01549000-7fbd0154c000 r--s 00042000 08:05 1449494                    /home/dharsan/.m2/repository/com/fasterxml/jackson/core/jackson-core/2.8.8/jackson-core-2.8.8.jar
7fbd0154c000-7fbd0155e000 r--s 0011d000 08:05 1449492                    /home/dharsan/.m2/repository/com/fasterxml/jackson/core/jackson-databind/2.8.8/jackson-databind-2.8.8.jar
7fbd0155e000-7fbd01560000 r--s 0000e000 08:05 1057782                    /home/dharsan/.m2/repository/com/fasterxml/classmate/1.3.3/classmate-1.3.3.jar
7fbd01560000-7fbd01564000 r--s 0000c000 08:05 1837764                    /home/dharsan/.m2/repository/javax/validation/validation-api/1.1.0.Final/validation-api-1.1.0.Final.jar
7fbd01564000-7fbd01575000 r--s 000a1000 08:05 1449490                    /home/dharsan/.m2/repository/org/hibernate/hibernate-validator/5.3.5.Final/hibernate-validator-5.3.5.Final.jar
7fbd01575000-7fbd0157b000 r--s 00036000 08:05 1709657                    /home/dharsan/.m2/repository/org/apache/tomcat/embed/tomcat-embed-websocket/8.5.15/tomcat-embed-websocket-8.5.15.jar
7fbd0157b000-7fbd01580000 r--s 00036000 08:05 1709655                    /home/dharsan/.m2/repository/org/apache/tomcat/embed/tomcat-embed-el/8.5.15/tomcat-embed-el-8.5.15.jar
7fbd01580000-7fbd015aa000 r--s 002c0000 08:05 1709653                    /home/dharsan/.m2/repository/org/apache/tomcat/embed/tomcat-embed-core/8.5.15/tomcat-embed-core-8.5.15.jar
7fbd015aa000-7fbd015ab000 r--s 00000000 08:05 1709651                    /home/dharsan/.m2/repository/org/springframework/boot/spring-boot-starter-tomcat/1.5.4.RELEASE/spring-boot-starter-tomcat-1.5.4.RELEASE.jar
7fbd015ab000-7fbd015ac000 r--s 00000000 08:05 1576100                    /home/dharsan/.m2/repository/org/springframework/boot/spring-boot-starter-web/1.5.4.RELEASE/spring-boot-starter-web-1.5.4.RELEASE.jar
7fbd015ac000-7fbd015af000 r--s 0000c000 08:05 1837343                    /home/dharsan/.m2/repository/org/springframework/spring-aspects/4.3.9.RELEASE/spring-aspects-4.3.9.RELEASE.jar
7fbd015af000-7fbd015b1000 r--s 00003000 08:05 1315302                    /home/dharsan/.m2/repository/org/slf4j/jcl-over-slf4j/1.7.25/jcl-over-slf4j-1.7.25.jar
7fbd015b1000-7fbd015b3000 r--s 00009000 08:05 1183701                    /home/dharsan/.m2/repository/org/slf4j/slf4j-api/1.7.25/slf4j-api-1.7.25.jar
7fbd015b3000-7fbd015c1000 r--s 000ad000 08:05 1709649                    /home/dharsan/.m2/repository/org/springframework/spring-beans/4.3.9.RELEASE/spring-beans-4.3.9.RELEASE.jar
7fbd015c1000-7fbd015c9000 r--s 0003a000 08:05 1709647                    /home/dharsan/.m2/repository/org/springframework/spring-tx/4.3.9.RELEASE/spring-tx-4.3.9.RELEASE.jar
7fbd015c9000-7fbd015e2000 r--s 000fe000 08:05 1709645                    /home/dharsan/.m2/repository/org/springframework/spring-context/4.3.9.RELEASE/spring-context-4.3.9.RELEASE.jar
7fbd015e2000-7fbd015ec000 r--s 0006b000 08:05 1709643                    /home/dharsan/.m2/repository/org/springframework/spring-orm/4.3.9.RELEASE/spring-orm-4.3.9.RELEASE.jar
7fbd015ec000-7fbd015ff000 r--s 000ac000 08:05 1837340                    /home/dharsan/.m2/repository/org/springframework/data/spring-data-commons/1.13.4.RELEASE/spring-data-commons-1.13.4.RELEASE.jar
7fbd015ff000-7fbd01606000 r--s 00040000 08:05 1709641                    /home/dharsan/.m2/repository/org/springframework/data/spring-data-jpa/1.11.4.RELEASE/spring-data-jpa-1.11.4.RELEASE.jar
7fbd01606000-7fbd01608000 r--s 00006000 08:05 1837864                    /home/dharsan/.m2/repository/javax/transaction/javax.transaction-api/1.2/javax.transaction-api-1.2.jar
7fbd01608000-7fbd01615000 r--s 00089000 08:05 1837861                    /home/dharsan/.m2/repository/org/hibernate/hibernate-entitymanager/5.0.12.Final/hibernate-entitymanager-5.0.12.Final.jar
7fbd01615000-7fbd01618000 r--s 00010000 08:05 1837858                    /home/dharsan/.m2/repository/org/hibernate/common/hibernate-commons-annotations/5.0.1.Final/hibernate-commons-annotations-5.0.1.Final.jar
7fbd01618000-7fbd0161d000 r--s 00048000 08:05 1837855                    /home/dharsan/.m2/repository/dom4j/dom4j/1.6.1/dom4j-1.6.1.jar
7fbd0161d000-7fbd01620000 r--s 0002b000 08:05 1837852                    /home/dharsan/.m2/repository/org/jboss/jandex/2.0.0.Final/jandex-2.0.0.Final.jar
7fbd01620000-7fbd01625000 r--s 00068000 08:05 1837849                    /home/dharsan/.m2/repository/antlr/antlr/2.7.7/antlr-2.7.7.jar
7fbd01625000-7fbd0162f000 r--s 000aa000 08:05 1714209                    /home/dharsan/.m2/repository/org/javassist/javassist/3.21.0-GA/javassist-3.21.0-GA.jar
7fbd0162f000-7fbd01634000 r--s 00017000 08:05 1837843                    /home/dharsan/.m2/repository/org/hibernate/javax/persistence/hibernate-jpa-2.1-api/1.0.0.Final/hibernate-jpa-2.1-api-1.0.0.Final.jar
7fbd01634000-7fbd01637000 r--s 0000e000 08:05 1449484                    /home/dharsan/.m2/repository/org/jboss/logging/jboss-logging/3.3.1.Final/jboss-logging-3.3.1.Final.jar
7fbd01637000-7fbd016a0000 r--s 004f3000 08:05 1837840                    /home/dharsan/.m2/repository/org/hibernate/hibernate-core/5.0.12.Final/hibernate-core-5.0.12.Final.jar
7fbd016a0000-7fbd016a9000 r--s 00054000 08:05 1709639                    /home/dharsan/.m2/repository/org/springframework/spring-aop/4.3.9.RELEASE/spring-aop-4.3.9.RELEASE.jar
7fbd016a9000-7fbd016aa000 r--s 00000000 08:05 1709637                    /home/dharsan/.m2/repository/org/springframework/boot/spring-boot-starter-aop/1.5.4.RELEASE/spring-boot-starter-aop-1.5.4.RELEASE.jar
7fbd016aa000-7fbd016b0000 r--s 0003d000 08:05 1182847                    /home/dharsan/.m2/repository/org/yaml/snakeyaml/1.17/snakeyaml-1.17.jar
7fbd016b0000-7fbd016b2000 r--s 00004000 08:05 1183353                    /home/dharsan/.m2/repository/org/slf4j/log4j-over-slf4j/1.7.25/log4j-over-slf4j-1.7.25.jar
7fbd016b2000-7fbd016cd000 r--s 00394000 08:05 529034                     /usr/lib/jvm/java-8-openjdk-amd64/jre/lib/ext/cldrdata.jar
7fbd016cd000-7fbd016e8000 r--s 001d6000 08:05 532493                     /usr/lib/jvm/java-8-openjdk-amd64/jre/lib/ext/nashorn.jar
7fbd016e8000-7fbd016f9000 r-xp 00000000 08:05 535462                     /usr/lib/jvm/java-8-openjdk-amd64/jre/lib/amd64/libnio.so
7fbd016f9000-7fbd018f9000 ---p 00011000 08:05 535462                     /usr/lib/jvm/java-8-openjdk-amd64/jre/lib/amd64/libnio.so
7fbd018f9000-7fbd018fa000 r--p 00011000 08:05 535462                     /usr/lib/jvm/java-8-openjdk-amd64/jre/lib/amd64/libnio.so
7fbd018fa000-7fbd018fb000 rw-p 00012000 08:05 535462                     /usr/lib/jvm/java-8-openjdk-amd64/jre/lib/amd64/libnio.so
7fbd018fb000-7fbd01bfc000 rw-p 00000000 00:00 0 
7fbd01bfc000-7fbd01c13000 r-xp 00000000 08:05 535482                     /usr/lib/jvm/java-8-openjdk-amd64/jre/lib/amd64/libnet.so
7fbd01c13000-7fbd01e12000 ---p 00017000 08:05 535482                     /usr/lib/jvm/java-8-openjdk-amd64/jre/lib/amd64/libnet.so
7fbd01e12000-7fbd01e13000 r--p 00016000 08:05 535482                     /usr/lib/jvm/java-8-openjdk-amd64/jre/lib/amd64/libnet.so
7fbd01e13000-7fbd01e14000 rw-p 00017000 08:05 535482                     /usr/lib/jvm/java-8-openjdk-amd64/jre/lib/amd64/libnet.so
7fbd01e14000-7fbd01e1d000 r-xp 00000000 08:05 535476                     /usr/lib/jvm/java-8-openjdk-amd64/jre/lib/amd64/libmanagement.so
7fbd01e1d000-7fbd0201c000 ---p 00009000 08:05 535476                     /usr/lib/jvm/java-8-openjdk-amd64/jre/lib/amd64/libmanagement.so
7fbd0201c000-7fbd0201d000 r--p 00008000 08:05 535476                     /usr/lib/jvm/java-8-openjdk-amd64/jre/lib/amd64/libmanagement.so
7fbd0201d000-7fbd0201e000 rw-p 00009000 08:05 535476                     /usr/lib/jvm/java-8-openjdk-amd64/jre/lib/amd64/libmanagement.so
7fbd0201e000-7fbd02021000 ---p 00000000 00:00 0 
7fbd02021000-7fbd0211f000 rw-p 00000000 00:00 0 
7fbd0211f000-7fbd02122000 ---p 00000000 00:00 0 
7fbd02122000-7fbd02220000 rw-p 00000000 00:00 0 
7fbd02220000-7fbd02223000 ---p 00000000 00:00 0 
7fbd02223000-7fbd02321000 rw-p 00000000 00:00 0 
7fbd02321000-7fbd02324000 ---p 00000000 00:00 0 
7fbd02324000-7fbd02422000 rw-p 00000000 00:00 0 
7fbd02422000-7fbd02425000 ---p 00000000 00:00 0 
7fbd02425000-7fbd02523000 rw-p 00000000 00:00 0 
7fbd02523000-7fbd02526000 ---p 00000000 00:00 0 
7fbd02526000-7fbd02624000 rw-p 00000000 00:00 0 
7fbd02624000-7fbd02627000 ---p 00000000 00:00 0 
7fbd02627000-7fbd02725000 rw-p 00000000 00:00 0 
7fbd02725000-7fbd02729000 r-xp 00000000 08:05 535487                     /usr/lib/jvm/java-8-openjdk-amd64/jre/lib/amd64/libdt_socket.so
7fbd02729000-7fbd02928000 ---p 00004000 08:05 535487                     /usr/lib/jvm/java-8-openjdk-amd64/jre/lib/amd64/libdt_socket.so
7fbd02928000-7fbd02929000 r--p 00003000 08:05 535487                     /usr/lib/jvm/java-8-openjdk-amd64/jre/lib/amd64/libdt_socket.so
7fbd02929000-7fbd0292a000 rw-p 00004000 08:05 535487                     /usr/lib/jvm/java-8-openjdk-amd64/jre/lib/amd64/libdt_socket.so
7fbd0292a000-7fbd0292d000 ---p 00000000 00:00 0 
7fbd0292d000-7fbd02a2b000 rw-p 00000000 00:00 0 
7fbd02a2b000-7fbd02a2e000 ---p 00000000 00:00 0 
7fbd02a2e000-7fbd02b2c000 rw-p 00000000 00:00 0 
7fbd02b2c000-7fbd02b2f000 ---p 00000000 00:00 0 
7fbd02b2f000-7fbd02c2d000 rw-p 00000000 00:00 0 
7fbd02c2d000-7fbd02c2e000 ---p 00000000 00:00 0 
7fbd02c2e000-7fbd03d0f000 rw-p 00000000 00:00 0 
7fbd03d0f000-7fbd03edd000 r--s 03c13000 08:05 528475                     /usr/lib/jvm/java-8-openjdk-amd64/jre/lib/rt.jar
7fbd03edd000-7fbd08b53000 rw-p 00000000 00:00 0 
7fbd08b53000-7fbd08b54000 ---p 00000000 00:00 0 
7fbd08b54000-7fbd08c54000 rw-p 00000000 00:00 0 
7fbd08c54000-7fbd08c55000 ---p 00000000 00:00 0 
7fbd08c55000-7fbd08d87000 rw-p 00000000 00:00 0 
7fbd08d87000-7fbd09000000 ---p 00000000 00:00 0 
7fbd09000000-7fbd0a560000 rwxp 00000000 00:00 0 
7fbd0a560000-7fbd18000000 ---p 00000000 00:00 0 
7fbd18000000-7fbd18903000 rw-p 00000000 00:00 0 
7fbd18903000-7fbd1c000000 ---p 00000000 00:00 0 
7fbd1c000000-7fbd1c002000 r--s 00000000 08:05 1183351                    /home/dharsan/.m2/repository/org/slf4j/jul-to-slf4j/1.7.25/jul-to-slf4j-1.7.25.jar
7fbd1c002000-7fbd1c00d000 r--s 0006a000 08:05 1837731                    /home/dharsan/.m2/repository/ch/qos/logback/logback-core/1.1.11/logback-core-1.1.11.jar
7fbd1c00d000-7fbd1c014000 r--s 00045000 08:05 1709792                    /home/dharsan/.m2/repository/ch/qos/logback/logback-classic/1.1.11/logback-classic-1.1.11.jar
7fbd1c014000-7fbd1c015000 r--s 00000000 08:05 1709635                    /home/dharsan/.m2/repository/org/springframework/boot/spring-boot-starter-logging/1.5.4.RELEASE/spring-boot-starter-logging-1.5.4.RELEASE.jar
7fbd1c015000-7fbd1c016000 r--s 00000000 08:05 1709633                    /home/dharsan/.m2/repository/org/springframework/boot/spring-boot-starter/1.5.4.RELEASE/spring-boot-starter-1.5.4.RELEASE.jar
7fbd1c016000-7fbd1c01a000 r--s 0002f000 08:05 1457120                    /home/dharsan/.m2/repository/commons-io/commons-io/2.5/commons-io-2.5.jar
7fbd1c01a000-7fbd1c01b000 ---p 00000000 00:00 0 
7fbd1c01b000-7fbd1c11b000 rw-p 00000000 00:00 0 
7fbd1c11b000-7fbd1c11c000 ---p 00000000 00:00 0 
7fbd1c11c000-7fbd1c24e000 rw-p 00000000 00:00 0 
7fbd1c24e000-7fbd1c4c6000 ---p 00000000 00:00 0 
7fbd1c4c6000-7fbd1c55f000 rw-p 00000000 00:00 0 
7fbd1c55f000-7fbd1c61c000 ---p 00000000 00:00 0 
7fbd1c61c000-7fbd1c673000 rw-p 00000000 00:00 0 
7fbd1c673000-7fbd1c9dd000 ---p 00000000 00:00 0 
7fbd1c9dd000-7fbd1c9e5000 r-xp 00000000 08:05 535473                     /usr/lib/jvm/java-8-openjdk-amd64/jre/lib/amd64/libzip.so
7fbd1c9e5000-7fbd1cbe4000 ---p 00008000 08:05 535473                     /usr/lib/jvm/java-8-openjdk-amd64/jre/lib/amd64/libzip.so
7fbd1cbe4000-7fbd1cbe5000 r--p 00007000 08:05 535473                     /usr/lib/jvm/java-8-openjdk-amd64/jre/lib/amd64/libzip.so
7fbd1cbe5000-7fbd1cbe6000 rw-p 00008000 08:05 535473                     /usr/lib/jvm/java-8-openjdk-amd64/jre/lib/amd64/libzip.so
7fbd1cbe6000-7fbd1cbf1000 r-xp 00000000 08:05 794349                     /lib/x86_64-linux-gnu/libnss_files-2.23.so
7fbd1cbf1000-7fbd1cdf0000 ---p 0000b000 08:05 794349                     /lib/x86_64-linux-gnu/libnss_files-2.23.so
7fbd1cdf0000-7fbd1cdf1000 r--p 0000a000 08:05 794349                     /lib/x86_64-linux-gnu/libnss_files-2.23.so
7fbd1cdf1000-7fbd1cdf2000 rw-p 0000b000 08:05 794349                     /lib/x86_64-linux-gnu/libnss_files-2.23.so
7fbd1cdf2000-7fbd1cdf8000 rw-p 00000000 00:00 0 
7fbd1cdf8000-7fbd1ce03000 r-xp 00000000 08:05 794352                     /lib/x86_64-linux-gnu/libnss_nis-2.23.so
7fbd1ce03000-7fbd1d002000 ---p 0000b000 08:05 794352                     /lib/x86_64-linux-gnu/libnss_nis-2.23.so
7fbd1d002000-7fbd1d003000 r--p 0000a000 08:05 794352                     /lib/x86_64-linux-gnu/libnss_nis-2.23.so
7fbd1d003000-7fbd1d004000 rw-p 0000b000 08:05 794352                     /lib/x86_64-linux-gnu/libnss_nis-2.23.so
7fbd1d004000-7fbd1d01a000 r-xp 00000000 08:05 794345                     /lib/x86_64-linux-gnu/libnsl-2.23.so
7fbd1d01a000-7fbd1d219000 ---p 00016000 08:05 794345                     /lib/x86_64-linux-gnu/libnsl-2.23.so
7fbd1d219000-7fbd1d21a000 r--p 00015000 08:05 794345                     /lib/x86_64-linux-gnu/libnsl-2.23.so
7fbd1d21a000-7fbd1d21b000 rw-p 00016000 08:05 794345                     /lib/x86_64-linux-gnu/libnsl-2.23.so
7fbd1d21b000-7fbd1d21d000 rw-p 00000000 00:00 0 
7fbd1d21d000-7fbd1d225000 r-xp 00000000 08:05 794358                     /lib/x86_64-linux-gnu/libnss_compat-2.23.so
7fbd1d225000-7fbd1d424000 ---p 00008000 08:05 794358                     /lib/x86_64-linux-gnu/libnss_compat-2.23.so
7fbd1d424000-7fbd1d425000 r--p 00007000 08:05 794358                     /lib/x86_64-linux-gnu/libnss_compat-2.23.so
7fbd1d425000-7fbd1d426000 rw-p 00008000 08:05 794358                     /lib/x86_64-linux-gnu/libnss_compat-2.23.so
7fbd1d426000-7fbd1d6fe000 r--p 00000000 08:05 5918020                    /usr/lib/locale/locale-archive
7fbd1d6fe000-7fbd1d700000 r-xp 00000000 08:05 535484                     /usr/lib/jvm/java-8-openjdk-amd64/jre/lib/amd64/libnpt.so
7fbd1d700000-7fbd1d900000 ---p 00002000 08:05 535484                     /usr/lib/jvm/java-8-openjdk-amd64/jre/lib/amd64/libnpt.so
7fbd1d900000-7fbd1d901000 r--p 00002000 08:05 535484                     /usr/lib/jvm/java-8-openjdk-amd64/jre/lib/amd64/libnpt.so
7fbd1d901000-7fbd1d902000 rw-p 00003000 08:05 535484                     /usr/lib/jvm/java-8-openjdk-amd64/jre/lib/amd64/libnpt.so
7fbd1d902000-7fbd1d93d000 r-xp 00000000 08:05 535477                     /usr/lib/jvm/java-8-openjdk-amd64/jre/lib/amd64/libjdwp.so
7fbd1d93d000-7fbd1db3c000 ---p 0003b000 08:05 535477                     /usr/lib/jvm/java-8-openjdk-amd64/jre/lib/amd64/libjdwp.so
7fbd1db3c000-7fbd1db3d000 r--p 0003a000 08:05 535477                     /usr/lib/jvm/java-8-openjdk-amd64/jre/lib/amd64/libjdwp.so
7fbd1db3d000-7fbd1db3e000 rw-p 0003b000 08:05 535477                     /usr/lib/jvm/java-8-openjdk-amd64/jre/lib/amd64/libjdwp.so
7fbd1db3e000-7fbd1db6b000 r-xp 00000000 08:05 535488                     /usr/lib/jvm/java-8-openjdk-amd64/jre/lib/amd64/libjava.so
7fbd1db6b000-7fbd1dd6a000 ---p 0002d000 08:05 535488                     /usr/lib/jvm/java-8-openjdk-amd64/jre/lib/amd64/libjava.so
7fbd1dd6a000-7fbd1dd6b000 r--p 0002c000 08:05 535488                     /usr/lib/jvm/java-8-openjdk-amd64/jre/lib/amd64/libjava.so
7fbd1dd6b000-7fbd1dd6d000 rw-p 0002d000 08:05 535488                     /usr/lib/jvm/java-8-openjdk-amd64/jre/lib/amd64/libjava.so
7fbd1dd6d000-7fbd1dd7c000 r-xp 00000000 08:05 535465                     /usr/lib/jvm/java-8-openjdk-amd64/jre/lib/amd64/libverify.so
7fbd1dd7c000-7fbd1df7b000 ---p 0000f000 08:05 535465                     /usr/lib/jvm/java-8-openjdk-amd64/jre/lib/amd64/libverify.so
7fbd1df7b000-7fbd1df7d000 r--p 0000e000 08:05 535465                     /usr/lib/jvm/java-8-openjdk-amd64/jre/lib/amd64/libverify.so
7fbd1df7d000-7fbd1df7e000 rw-p 00010000 08:05 535465                     /usr/lib/jvm/java-8-openjdk-amd64/jre/lib/amd64/libverify.so
7fbd1df7e000-7fbd1df85000 r-xp 00000000 08:05 794354                     /lib/x86_64-linux-gnu/librt-2.23.so
7fbd1df85000-7fbd1e184000 ---p 00007000 08:05 794354                     /lib/x86_64-linux-gnu/librt-2.23.so
7fbd1e184000-7fbd1e185000 r--p 00006000 08:05 794354                     /lib/x86_64-linux-gnu/librt-2.23.so
7fbd1e185000-7fbd1e186000 rw-p 00007000 08:05 794354                     /lib/x86_64-linux-gnu/librt-2.23.so
7fbd1e186000-7fbd1e19c000 r-xp 00000000 08:05 791074                     /lib/x86_64-linux-gnu/libgcc_s.so.1
7fbd1e19c000-7fbd1e39b000 ---p 00016000 08:05 791074                     /lib/x86_64-linux-gnu/libgcc_s.so.1
7fbd1e39b000-7fbd1e39c000 rw-p 00015000 08:05 791074                     /lib/x86_64-linux-gnu/libgcc_s.so.1
7fbd1e39c000-7fbd1e4a4000 r-xp 00000000 08:05 794363                     /lib/x86_64-linux-gnu/libm-2.23.so
7fbd1e4a4000-7fbd1e6a3000 ---p 00108000 08:05 794363                     /lib/x86_64-linux-gnu/libm-2.23.so
7fbd1e6a3000-7fbd1e6a4000 r--p 00107000 08:05 794363                     /lib/x86_64-linux-gnu/libm-2.23.so
7fbd1e6a4000-7fbd1e6a5000 rw-p 00108000 08:05 794363                     /lib/x86_64-linux-gnu/libm-2.23.so
7fbd1e6a5000-7fbd1e817000 r-xp 00000000 08:05 5900417                    /usr/lib/x86_64-linux-gnu/libstdc++.so.6.0.21
7fbd1e817000-7fbd1ea17000 ---p 00172000 08:05 5900417                    /usr/lib/x86_64-linux-gnu/libstdc++.so.6.0.21
7fbd1ea17000-7fbd1ea21000 r--p 00172000 08:05 5900417                    /usr/lib/x86_64-linux-gnu/libstdc++.so.6.0.21
7fbd1ea21000-7fbd1ea23000 rw-p 0017c000 08:05 5900417                    /usr/lib/x86_64-linux-gnu/libstdc++.so.6.0.21
7fbd1ea23000-7fbd1ea27000 rw-p 00000000 00:00 0 
7fbd1ea27000-7fbd1f67b000 r-xp 00000000 08:05 535471                     /usr/lib/jvm/java-8-openjdk-amd64/jre/lib/amd64/server/libjvm.so
7fbd1f67b000-7fbd1f87b000 ---p 00c54000 08:05 535471                     /usr/lib/jvm/java-8-openjdk-amd64/jre/lib/amd64/server/libjvm.so
7fbd1f87b000-7fbd1f90e000 r--p 00c54000 08:05 535471                     /usr/lib/jvm/java-8-openjdk-amd64/jre/lib/amd64/server/libjvm.so
7fbd1f90e000-7fbd1f937000 rw-p 00ce7000 08:05 535471                     /usr/lib/jvm/java-8-openjdk-amd64/jre/lib/amd64/server/libjvm.so
7fbd1f937000-7fbd1f967000 rw-p 00000000 00:00 0 
7fbd1f967000-7fbd1f97f000 r-xp 00000000 08:05 794351                     /lib/x86_64-linux-gnu/libpthread-2.23.so
7fbd1f97f000-7fbd1fb7e000 ---p 00018000 08:05 794351                     /lib/x86_64-linux-gnu/libpthread-2.23.so
7fbd1fb7e000-7fbd1fb7f000 r--p 00017000 08:05 794351                     /lib/x86_64-linux-gnu/libpthread-2.23.so
7fbd1fb7f000-7fbd1fb80000 rw-p 00018000 08:05 794351                     /lib/x86_64-linux-gnu/libpthread-2.23.so
7fbd1fb80000-7fbd1fb84000 rw-p 00000000 00:00 0 
7fbd1fb84000-7fbd1fb87000 r-xp 00000000 08:05 794357                     /lib/x86_64-linux-gnu/libdl-2.23.so
7fbd1fb87000-7fbd1fd86000 ---p 00003000 08:05 794357                     /lib/x86_64-linux-gnu/libdl-2.23.so
7fbd1fd86000-7fbd1fd87000 r--p 00002000 08:05 794357                     /lib/x86_64-linux-gnu/libdl-2.23.so
7fbd1fd87000-7fbd1fd88000 rw-p 00003000 08:05 794357                     /lib/x86_64-linux-gnu/libdl-2.23.so
7fbd1fd88000-7fbd1fda1000 r-xp 00000000 08:05 790938                     /lib/x86_64-linux-gnu/libz.so.1.2.8
7fbd1fda1000-7fbd1ffa0000 ---p 00019000 08:05 790938                     /lib/x86_64-linux-gnu/libz.so.1.2.8
7fbd1ffa0000-7fbd1ffa1000 r--p 00018000 08:05 790938                     /lib/x86_64-linux-gnu/libz.so.1.2.8
7fbd1ffa1000-7fbd1ffa2000 rw-p 00019000 08:05 790938                     /lib/x86_64-linux-gnu/libz.so.1.2.8
7fbd1ffa2000-7fbd20162000 r-xp 00000000 08:05 794368                     /lib/x86_64-linux-gnu/libc-2.23.so
7fbd20162000-7fbd20362000 ---p 001c0000 08:05 794368                     /lib/x86_64-linux-gnu/libc-2.23.so
7fbd20362000-7fbd20366000 r--p 001c0000 08:05 794368                     /lib/x86_64-linux-gnu/libc-2.23.so
7fbd20366000-7fbd20368000 rw-p 001c4000 08:05 794368                     /lib/x86_64-linux-gnu/libc-2.23.so
7fbd20368000-7fbd2036c000 rw-p 00000000 00:00 0 
7fbd2036c000-7fbd20379000 r-xp 00000000 08:05 535463                     /usr/lib/jvm/java-8-openjdk-amd64/jre/lib/amd64/jli/libjli.so
7fbd20379000-7fbd20579000 ---p 0000d000 08:05 535463                     /usr/lib/jvm/java-8-openjdk-amd64/jre/lib/amd64/jli/libjli.so
7fbd20579000-7fbd2057a000 r--p 0000d000 08:05 535463                     /usr/lib/jvm/java-8-openjdk-amd64/jre/lib/amd64/jli/libjli.so
7fbd2057a000-7fbd2057b000 rw-p 0000e000 08:05 535463                     /usr/lib/jvm/java-8-openjdk-amd64/jre/lib/amd64/jli/libjli.so
7fbd2057b000-7fbd205a1000 r-xp 00000000 08:05 794346                     /lib/x86_64-linux-gnu/ld-2.23.so
7fbd205a1000-7fbd205a2000 r--s 00000000 08:05 1709631                    /home/dharsan/.m2/repository/org/springframework/boot/spring-boot-starter-data-jpa/1.5.4.RELEASE/spring-boot-starter-data-jpa-1.5.4.RELEASE.jar
7fbd205a2000-7fbd205a5000 r--s 0000b000 08:05 1315053                    /home/dharsan/.m2/repository/com/fasterxml/jackson/core/jackson-annotations/2.8.0/jackson-annotations-2.8.0.jar
7fbd205a5000-7fbd205a6000 r--s 00004000 08:05 3548383                    /home/dharsan/.m2/repository/org/egov/services/services-common/0.10.0/services-common-0.10.0.jar
7fbd205a6000-7fbd205ab000 r--s 0003b000 08:05 535454                     /usr/lib/jvm/java-8-openjdk-amd64/jre/lib/ext/sunjce_provider.jar
7fbd205ab000-7fbd205ad000 r--s 00008000 08:05 535457                     /usr/lib/jvm/java-8-openjdk-amd64/jre/lib/ext/sunec.jar
7fbd205ad000-7fbd205af000 r--s 00001000 08:05 532506                     /usr/lib/jvm/java-8-openjdk-amd64/jre/lib/ext/dnsns.jar
7fbd205af000-7fbd2067b000 rw-p 00000000 00:00 0 
7fbd2067b000-7fbd2067e000 ---p 00000000 00:00 0 
7fbd2067e000-7fbd20781000 rw-p 00000000 00:00 0 
7fbd20781000-7fbd20782000 r--s 0000a000 08:05 532507                     /usr/lib/jvm/java-8-openjdk-amd64/jre/lib/ext/jaccess.jar
7fbd20782000-7fbd20783000 r--s 00010000 08:05 535458                     /usr/lib/jvm/java-8-openjdk-amd64/jre/lib/ext/zipfs.jar
7fbd20783000-7fbd20786000 r--s 0000f000 08:05 535456                     /usr/lib/jvm/java-8-openjdk-amd64/jre/lib/ext/icedtea-sound.jar
7fbd20786000-7fbd2078a000 r--s 00037000 08:05 532505                     /usr/lib/jvm/java-8-openjdk-amd64/jre/lib/ext/sunpkcs11.jar
7fbd2078a000-7fbd20794000 r--s 00116000 08:05 532504                     /usr/lib/jvm/java-8-openjdk-amd64/jre/lib/ext/localedata.jar
7fbd20794000-7fbd2079c000 rw-s 00000000 08:05 1576291                    /tmp/hsperfdata_dharsan/26953
7fbd2079c000-7fbd2079d000 rw-p 00000000 00:00 0 
7fbd2079d000-7fbd2079e000 r--p 00000000 00:00 0 
7fbd2079e000-7fbd207a0000 rw-p 00000000 00:00 0 
7fbd207a0000-7fbd207a1000 r--p 00025000 08:05 794346                     /lib/x86_64-linux-gnu/ld-2.23.so
7fbd207a1000-7fbd207a2000 rw-p 00026000 08:05 794346                     /lib/x86_64-linux-gnu/ld-2.23.so
7fbd207a2000-7fbd207a3000 rw-p 00000000 00:00 0 
7ffd9dea0000-7ffd9dec3000 rw-p 00000000 00:00 0                          [stack]
7ffd9df05000-7ffd9df07000 r--p 00000000 00:00 0                          [vvar]
7ffd9df07000-7ffd9df09000 r-xp 00000000 00:00 0                          [vdso]
ffffffffff600000-ffffffffff601000 r-xp 00000000 00:00 0                  [vsyscall]

VM Arguments:
jvm_args: -agentlib:jdwp=transport=dt_socket,suspend=y,address=localhost:33653 -Dcom.sun.management.jmxremote -Dcom.sun.management.jmxremote.port=43863 -Dcom.sun.management.jmxremote.authenticate=false -Dcom.sun.management.jmxremote.ssl=false -Djava.rmi.server.hostname=localhost -Dspring.liveBeansView.mbeanDomain -Dspring.application.admin.enabled=true -Djava.security.egd=file:/dev/./urandom -Xmx2048m -Dfile.encoding=UTF-8 
java_command: org.egov.wcms.transaction.WcmsConnectionApplication
java_class_path (initial): /home/dharsan/workspace/egov-services/egov-services/wcms/wcms-connection/target/classes:/home/dharsan/.m2/repository/org/egov/services/services-common/0.10.0/services-common-0.10.0.jar:/home/dharsan/.m2/repository/com/fasterxml/jackson/core/jackson-annotations/2.8.0/jackson-annotations-2.8.0.jar:/home/dharsan/.m2/repository/commons-io/commons-io/2.5/commons-io-2.5.jar:/home/dharsan/.m2/repository/org/springframework/boot/spring-boot-starter-data-jpa/1.5.4.RELEASE/spring-boot-starter-data-jpa-1.5.4.RELEASE.jar:/home/dharsan/.m2/repository/org/springframework/boot/spring-boot-starter/1.5.4.RELEASE/spring-boot-starter-1.5.4.RELEASE.jar:/home/dharsan/.m2/repository/org/springframework/boot/spring-boot-starter-logging/1.5.4.RELEASE/spring-boot-starter-logging-1.5.4.RELEASE.jar:/home/dharsan/.m2/repository/ch/qos/logback/logback-classic/1.1.11/logback-classic-1.1.11.jar:/home/dharsan/.m2/repository/ch/qos/logback/logback-core/1.1.11/logback-core-1.1.11.jar:/home/dharsan/.m2/repository/org/slf4j/jul-to-slf4j/1.7.25/jul-to-slf4j-1.7.25.jar:/home/dharsan/.m2/repository/org/slf4j/log4j-over-slf4j/1.7.25/log4j-over-slf4j-1.7.25.jar:/home/dharsan/.m2/repository/org/yaml/snakeyaml/1.17/snakeyaml-1.17.jar:/home/dharsan/.m2/repository/org/springframework/boot/spring-boot-starter-aop/1.5.4.RELEASE/spring-boot-starter-aop-1.5.4.RELEASE.jar:/home/dharsan/.m2/repository/org/springframework/spring-aop/4.3.9.RELEASE/spring-aop-4.3.9.RELEASE.jar:/home/dharsan/.m2/repository/org/hibernate/hibernate-core/5.0.12.Final/hibernate-core-5.0.12.Final.jar:/home/dharsan/.m2/repository/org/jboss/logging/jboss-logging/3.3.1.Final/jboss-logging-3.3.1.Final.jar:/home/dharsan/.m2/repository/org/hibernate/javax/persistence/hibernate-jpa-2.1-api/1.0.0.Final/hibernate-jpa-2.1-api-1.0.0.Final.jar:/home/dharsan/.m2/repository/org/javassist/javassist/3.21.0-GA/javassist-3.21.0-GA.jar:/home/dharsan/.m2/repository/antlr/antlr/2.7.7/antlr-2.7.7.jar:/home/dharsan/.m2/repository/org/j
Launcher Type: SUN_STANDARD

Environment Variables:
PATH=/usr/local/sbin:/usr/local/bin:/usr/sbin:/usr/bin:/sbin:/bin:/usr/games:/usr/local/games:/snap/bin
SHELL=/bin/bash
DISPLAY=:0

Signal Handlers:
SIGSEGV: [libjvm.so+0xa6ad10], sa_mask[0]=11111111011111111101111111111110, sa_flags=SA_RESTART|SA_SIGINFO
SIGBUS: [libjvm.so+0xa6ad10], sa_mask[0]=11111111011111111101111111111110, sa_flags=SA_RESTART|SA_SIGINFO
SIGFPE: [libjvm.so+0x8b3bc0], sa_mask[0]=11111111011111111101111111111110, sa_flags=SA_RESTART|SA_SIGINFO
SIGPIPE: [libjvm.so+0x8b3bc0], sa_mask[0]=11111111011111111101111111111110, sa_flags=SA_RESTART|SA_SIGINFO
SIGXFSZ: [libjvm.so+0x8b3bc0], sa_mask[0]=11111111011111111101111111111110, sa_flags=SA_RESTART|SA_SIGINFO
SIGILL: [libjvm.so+0x8b3bc0], sa_mask[0]=11111111011111111101111111111110, sa_flags=SA_RESTART|SA_SIGINFO
SIGUSR1: SIG_DFL, sa_mask[0]=00000000000000000000000000000000, sa_flags=none
SIGUSR2: [libjvm.so+0x8b3a70], sa_mask[0]=00100000000000000000000000000000, sa_flags=SA_RESTART|SA_SIGINFO
SIGHUP: [libjvm.so+0x8b3f40], sa_mask[0]=11111111011111111101111111111110, sa_flags=SA_RESTART|SA_SIGINFO
SIGINT: [libjvm.so+0x8b3f40], sa_mask[0]=11111111011111111101111111111110, sa_flags=SA_RESTART|SA_SIGINFO
SIGTERM: [libjvm.so+0x8b3f40], sa_mask[0]=11111111011111111101111111111110, sa_flags=SA_RESTART|SA_SIGINFO
SIGQUIT: [libjvm.so+0x8b3f40], sa_mask[0]=11111111011111111101111111111110, sa_flags=SA_RESTART|SA_SIGINFO


---------------  S Y S T E M  ---------------

OS:DISTRIB_ID=Ubuntu
DISTRIB_RELEASE=16.04
DISTRIB_CODENAME=xenial
DISTRIB_DESCRIPTION="Ubuntu 16.04.2 LTS"

uname:Linux 4.4.0-93-generic #116-Ubuntu SMP Fri Aug 11 21:17:51 UTC 2017 x86_64
libc:glibc 2.23 NPTL 2.23 
rlimit: STACK 8192k, CORE 0k, NPROC 31275, NOFILE 65536, AS infinity
load average:1.14 1.16 0.94

/proc/meminfo:
MemTotal:        8047192 kB
MemFree:          426660 kB
MemAvailable:     838892 kB
Buffers:           56996 kB
Cached:          1357356 kB
SwapCached:        54548 kB
Active:          5896016 kB
Inactive:        1425800 kB
Active(anon):    5540348 kB
Inactive(anon):  1193320 kB
Active(file):     355668 kB
Inactive(file):   232480 kB
Unevictable:         208 kB
Mlocked:             208 kB
SwapTotal:       8259580 kB
SwapFree:        7580888 kB
Dirty:               444 kB
Writeback:             0 kB
AnonPages:       5884504 kB
Mapped:           812276 kB
Shmem:            826132 kB
Slab:             142396 kB
SReclaimable:      93012 kB
SUnreclaim:        49384 kB
KernelStack:       14528 kB
PageTables:        73916 kB
NFS_Unstable:          0 kB
Bounce:                0 kB
WritebackTmp:          0 kB
CommitLimit:    12283176 kB
Committed_AS:   19174404 kB
VmallocTotal:   34359738367 kB
VmallocUsed:           0 kB
VmallocChunk:          0 kB
HardwareCorrupted:     0 kB
AnonHugePages:   3006464 kB
CmaTotal:              0 kB
CmaFree:               0 kB
HugePages_Total:       0
HugePages_Free:        0
HugePages_Rsvd:        0
HugePages_Surp:        0
Hugepagesize:       2048 kB
DirectMap4k:      196348 kB
DirectMap2M:     8065024 kB


CPU:total 4 (initial active 4) (2 cores per cpu, 2 threads per core) family 6 model 58 stepping 9, cmov, cx8, fxsr, mmx, sse, sse2, sse3, ssse3, sse4.1, sse4.2, popcnt, avx, aes, clmul, erms, ht, tsc, tscinvbit, tscinv

/proc/cpuinfo:
processor	: 0
vendor_id	: GenuineIntel
cpu family	: 6
model		: 58
model name	: Intel(R) Core(TM) i5-3230M CPU @ 2.60GHz
stepping	: 9
microcode	: 0x15
cpu MHz		: 2999.953
cache size	: 3072 KB
physical id	: 0
siblings	: 4
core id		: 0
cpu cores	: 2
apicid		: 0
initial apicid	: 0
fpu		: yes
fpu_exception	: yes
cpuid level	: 13
wp		: yes
flags		: fpu vme de pse tsc msr pae mce cx8 apic sep mtrr pge mca cmov pat pse36 clflush dts acpi mmx fxsr sse sse2 ss ht tm pbe syscall nx rdtscp lm constant_tsc arch_perfmon pebs bts rep_good nopl xtopology nonstop_tsc aperfmperf eagerfpu pni pclmulqdq dtes64 monitor ds_cpl vmx est tm2 ssse3 cx16 xtpr pdcm pcid sse4_1 sse4_2 x2apic popcnt tsc_deadline_timer aes xsave avx f16c rdrand lahf_lm epb tpr_shadow vnmi flexpriority ept vpid fsgsbase smep erms xsaveopt dtherm ida arat pln pts
bugs		:
bogomips	: 5188.08
clflush size	: 64
cache_alignment	: 64
address sizes	: 36 bits physical, 48 bits virtual
power management:

processor	: 1
vendor_id	: GenuineIntel
cpu family	: 6
model		: 58
model name	: Intel(R) Core(TM) i5-3230M CPU @ 2.60GHz
stepping	: 9
microcode	: 0x15
cpu MHz		: 2999.953
cache size	: 3072 KB
physical id	: 0
siblings	: 4
core id		: 0
cpu cores	: 2
apicid		: 1
initial apicid	: 1
fpu		: yes
fpu_exception	: yes
cpuid level	: 13
wp		: yes
flags		: fpu vme de pse tsc msr pae mce cx8 apic sep mtrr pge mca cmov pat pse36 clflush dts acpi mmx fxsr sse sse2 ss ht tm pbe syscall nx rdtscp lm constant_tsc arch_perfmon pebs bts rep_good nopl xtopology nonstop_tsc aperfmperf eagerfpu pni pclmulqdq dtes64 monitor ds_cpl vmx est tm2 ssse3 cx16 xtpr pdcm pcid sse4_1 sse4_2 x2apic popcnt tsc_deadline_timer aes xsave avx f16c rdrand lahf_lm epb tpr_shadow vnmi flexpriority ept vpid fsgsbase smep erms xsaveopt dtherm ida arat pln pts
bugs		:
bogomips	: 5188.08
clflush size	: 64
cache_alignment	: 64
address sizes	: 36 bits physical, 48 bits virtual
power management:

processor	: 2
vendor_id	: GenuineIntel
cpu family	: 6
model		: 58
model name	: Intel(R) Core(TM) i5-3230M CPU @ 2.60GHz
stepping	: 9
microcode	: 0x15
cpu MHz		: 2999.953
cache size	: 3072 KB
physical id	: 0
siblings	: 4
core id		: 1
cpu cores	: 2
apicid		: 2
initial apicid	: 2
fpu		: yes
fpu_exception	: yes
cpuid level	: 13
wp		: yes
flags		: fpu vme de pse tsc msr pae mce cx8 apic sep mtrr pge mca cmov pat pse36 clflush dts acpi mmx fxsr sse sse2 ss ht tm pbe syscall nx rdtscp lm constant_tsc arch_perfmon pebs bts rep_good nopl xtopology nonstop_tsc aperfmperf eagerfpu pni pclmulqdq dtes64 monitor ds_cpl vmx est tm2 ssse3 cx16 xtpr pdcm pcid sse4_1 sse4_2 x2apic popcnt tsc_deadline_timer aes xsave avx f16c rdrand lahf_lm epb tpr_shadow vnmi flexpriority ept vpid fsgsbase smep erms xsaveopt dtherm ida arat pln pts
bugs		:
bogomips	: 5188.08
clflush size	: 64
cache_alignment	: 64
address sizes	: 36 bits physical, 48 bits virtual
power management:

processor	: 3
vendor_id	: GenuineIntel
cpu family	: 6
model		: 58
model name	: Intel(R) Core(TM) i5-3230M CPU @ 2.60GHz
stepping	: 9
microcode	: 0x15
cpu MHz		: 2999.953
cache size	: 3072 KB
physical id	: 0
siblings	: 4
core id		: 1
cpu cores	: 2
apicid		: 3
initial apicid	: 3
fpu		: yes
fpu_exception	: yes
cpuid level	: 13
wp		: yes
flags		: fpu vme de pse tsc msr pae mce cx8 apic sep mtrr pge mca cmov pat pse36 clflush dts acpi mmx fxsr sse sse2 ss ht tm pbe syscall nx rdtscp lm constant_tsc arch_perfmon pebs bts rep_good nopl xtopology nonstop_tsc aperfmperf eagerfpu pni pclmulqdq dtes64 monitor ds_cpl vmx est tm2 ssse3 cx16 xtpr pdcm pcid sse4_1 sse4_2 x2apic popcnt tsc_deadline_timer aes xsave avx f16c rdrand lahf_lm epb tpr_shadow vnmi flexpriority ept vpid fsgsbase smep erms xsaveopt dtherm ida arat pln pts
bugs		:
bogomips	: 5188.08
clflush size	: 64
cache_alignment	: 64
address sizes	: 36 bits physical, 48 bits virtual
power management:



Memory: 4k page, physical 8047192k(426164k free), swap 8259580k(7580888k free)

vm_info: OpenJDK 64-Bit Server VM (25.131-b11) for linux-amd64 JRE (1.8.0_131-8u131-b11-2ubuntu1.16.04.3-b11), built on Jul 28 2017 01:23:32 by "buildd" with gcc 5.4.0 20160609

time: Wed Sep 13 17:03:15 2017
elapsed time: 162 seconds (0d 0h 2m 42s)

