#
# There is insufficient memory for the Java Runtime Environment to continue.
# Native memory allocation (mmap) failed to map 110624768 bytes for committing reserved memory.
# Possible reasons:
#   The system is out of physical RAM or swap space
#   In 32 bit mode, the process size limit was hit
# Possible solutions:
#   Reduce memory load on the system
#   Increase physical memory or swap space
#   Check if swap backing store is full
#   Use 64 bit Java on a 64 bit OS
#   Decrease Java heap size (-Xmx/-Xms)
#   Decrease number of Java threads
#   Decrease Java thread stack sizes (-Xss)
#   Set larger code cache with -XX:ReservedCodeCacheSize=
# This output file may be truncated or incomplete.
#
#  Out of Memory Error (os_linux.cpp:2640), pid=20853, tid=0x00007f857537c700
#
# JRE version: Java(TM) SE Runtime Environment (8.0_161-b12) (build 1.8.0_161-b12)
# Java VM: Java HotSpot(TM) 64-Bit Server VM (25.161-b12 mixed mode linux-amd64 compressed oops)
# Failed to write core dump. Core dumps have been disabled. To enable core dumping, try "ulimit -c unlimited" before starting Java again
#

---------------  T H R E A D  ---------------

Current thread (0x00007f858807d800):  VMThread [stack: 0x00007f857527c000,0x00007f857537d000] [id=20864]

Stack: [0x00007f857527c000,0x00007f857537d000],  sp=0x00007f857537b2a0,  free space=1020k
Native frames: (J=compiled Java code, j=interpreted, Vv=VM code, C=native code)
V  [libjvm.so+0xacf94a]  VMError::report_and_die()+0x2ba
V  [libjvm.so+0x50050b]  report_vm_out_of_memory(char const*, int, unsigned long, VMErrorType, char const*)+0x8b
V  [libjvm.so+0x92b133]  os::Linux::commit_memory_impl(char*, unsigned long, bool)+0x103
V  [libjvm.so+0x92b5c9]  os::pd_commit_memory(char*, unsigned long, unsigned long, bool)+0x29
V  [libjvm.so+0x924c0a]  os::commit_memory(char*, unsigned long, unsigned long, bool)+0x2a
V  [libjvm.so+0x99ab53]  PSVirtualSpace::expand_by(unsigned long)+0x53
V  [libjvm.so+0x99bf58]  PSYoungGen::resize_generation(unsigned long, unsigned long)+0xf8
V  [libjvm.so+0x99b0b2]  PSYoungGen::resize(unsigned long, unsigned long)+0x22
V  [libjvm.so+0x99838b]  PSScavenge::invoke_no_policy()+0xf3b
V  [libjvm.so+0x998b11]  PSScavenge::invoke()+0x41
V  [libjvm.so+0x94f5a0]  ParallelScavengeHeap::failed_mem_allocate(unsigned long)+0x70
V  [libjvm.so+0xad13c7]  VM_ParallelGCFailedAllocation::doit()+0x97
V  [libjvm.so+0xad8ed5]  VM_Operation::evaluate()+0x55
V  [libjvm.so+0xad729a]  VMThread::evaluate_operation(VM_Operation*)+0xba
V  [libjvm.so+0xad761e]  VMThread::loop()+0x1ce
V  [libjvm.so+0xad7a90]  VMThread::run()+0x70
V  [libjvm.so+0x92da28]  java_start(Thread*)+0x108

VM_Operation (0x00007f853cc9f050): ParallelGCFailedAllocation, mode: safepoint, requested by thread 0x00007f852c001800


---------------  P R O C E S S  ---------------

Java Threads: ( => current thread )
  0x00007f8520192000 JavaThread "container-0" [_thread_blocked, id=20892, stack(0x00007f851f0fb000,0x00007f851f1fc000)]
  0x00007f8520190800 JavaThread "ContainerBackgroundProcessor[StandardEngine[Tomcat]]" daemon [_thread_blocked, id=20891, stack(0x00007f851f1fc000,0x00007f851f2fd000)]
  0x00007f854400f800 JavaThread "SimplePauseDetectorThread_0" daemon [_thread_blocked, id=20890, stack(0x00007f851f4fd000,0x00007f851f5fe000)]
  0x00007f854400d000 JavaThread "Thread-6" daemon [_thread_blocked, id=20889, stack(0x00007f851f5fe000,0x00007f851f6ff000)]
  0x00007f85241ea000 JavaThread "localhost-startStop-1" daemon [_thread_blocked, id=20886, stack(0x00007f851faff000,0x00007f851fc00000)]
  0x00007f8520856000 JavaThread "Tomcat-startStop-1" daemon [_thread_blocked, id=20885, stack(0x00007f853c8a2000,0x00007f853c9a3000)]
  0x00007f852c001800 JavaThread "restartedMain" [_thread_blocked, id=20877, stack(0x00007f853cba3000,0x00007f853cca4000)]
  0x00007f8588b17800 JavaThread "Thread-1" [_thread_blocked, id=20876, stack(0x00007f853cca4000,0x00007f853cda5000)]
  0x00007f858862a800 JavaThread "RMI TCP Accept-0" daemon [_thread_in_native, id=20874, stack(0x00007f856c116000,0x00007f856c217000)]
  0x00007f858860e800 JavaThread "RMI TCP Accept-46613" daemon [_thread_in_native, id=20873, stack(0x00007f856c217000,0x00007f856c318000)]
  0x00007f85885fa000 JavaThread "RMI TCP Accept-0" daemon [_thread_in_native, id=20872, stack(0x00007f856c318000,0x00007f856c419000)]
  0x00007f85880e8000 JavaThread "Service Thread" daemon [_thread_blocked, id=20871, stack(0x00007f857489d000,0x00007f857499e000)]
  0x00007f85880c3000 JavaThread "C1 CompilerThread2" daemon [_thread_blocked, id=20870, stack(0x00007f857499e000,0x00007f8574a9f000)]
  0x00007f85880c1000 JavaThread "C2 CompilerThread1" daemon [_thread_blocked, id=20869, stack(0x00007f8574a9f000,0x00007f8574ba0000)]
  0x00007f85880be800 JavaThread "C2 CompilerThread0" daemon [_thread_blocked, id=20868, stack(0x00007f8574ba0000,0x00007f8574ca1000)]
  0x00007f85880bd000 JavaThread "Signal Dispatcher" daemon [_thread_blocked, id=20867, stack(0x00007f8574ca1000,0x00007f8574da2000)]
  0x00007f858808a000 JavaThread "Finalizer" daemon [_thread_blocked, id=20866, stack(0x00007f857507a000,0x00007f857517b000)]
  0x00007f8588085800 JavaThread "Reference Handler" daemon [_thread_blocked, id=20865, stack(0x00007f857517b000,0x00007f857527c000)]
  0x00007f8588010000 JavaThread "main" [_thread_blocked, id=20858, stack(0x00007f858de18000,0x00007f858df19000)]

Other Threads:
=>0x00007f858807d800 VMThread [stack: 0x00007f857527c000,0x00007f857537d000] [id=20864]
  0x00007f858862f000 WatcherThread [stack: 0x00007f856c015000,0x00007f856c116000] [id=20875]

VM state:at safepoint (normal execution)

VM Mutex/Monitor currently owned by a thread:  ([mutex/lock_event])
[0x00007f858800c130] Threads_lock - owner thread: 0x00007f858807d800
[0x00007f858800c630] Heap_lock - owner thread: 0x00007f852c001800

Heap:
 PSYoungGen      total 370176K, used 19443K [0x00000000d8500000, 0x00000000f0480000, 0x0000000100000000)
  eden space 350720K, 0% used [0x00000000d8500000,0x00000000d8500000,0x00000000edb80000)
  from space 19456K, 99% used [0x00000000edb80000,0x00000000eee7ced0,0x00000000eee80000)
  to   space 15360K, 0% used [0x00000000eee80000,0x00000000eee80000,0x00000000efd80000)
 ParOldGen       total 66560K, used 37285K [0x0000000088e00000, 0x000000008cf00000, 0x00000000d8500000)
  object space 66560K, 56% used [0x0000000088e00000,0x000000008b2695a0,0x000000008cf00000)
 Metaspace       used 32912K, capacity 33760K, committed 33968K, reserved 1079296K
  class space    used 4329K, capacity 4519K, committed 4528K, reserved 1048576K

Card table byte_map: [0x00007f85777e7000,0x00007f8577ba1000] byte_map_base: 0x00007f85773a0000

Marking Bits: (ParMarkBitMap*) 0x00007f858d2e9920
 Begin Bits: [0x00007f856c470000, 0x00007f856e238000)
 End Bits:   [0x00007f856e238000, 0x00007f8570000000)

Polling page: 0x00007f858df3c000

CodeCache: size=245760Kb used=8618Kb max_used=8618Kb free=237141Kb
 bounds [0x00007f8577f61000, 0x00007f85787d1000, 0x00007f8586f61000]
 total_blobs=4537 nmethods=4124 adapters=326
 compilation: enabled

Compilation events (10 events):
Event: 8.460 Thread 0x00007f85880c3000 4122       1       org.aspectj.weaver.TypeVariable::setSuperclass (11 bytes)
Event: 8.460 Thread 0x00007f85880c3000 nmethod 4122 0x00007f85787ca310 code [0x00007f85787ca460, 0x00007f85787ca590]
Event: 8.460 Thread 0x00007f85880c3000 4123       1       org.aspectj.weaver.TypeVariable::setDeclaringElement (26 bytes)
Event: 8.460 Thread 0x00007f85880c3000 nmethod 4123 0x00007f85787ca610 code [0x00007f85787ca760, 0x00007f85787ca8f0]
Event: 8.546 Thread 0x00007f85880c3000 4126       1       org.springframework.cglib.core.CodeEmitter::invoke_interface (10 bytes)
Event: 8.547 Thread 0x00007f85880c3000 nmethod 4126 0x00007f85787ca950 code [0x00007f85787caac0, 0x00007f85787cac08]
Event: 8.547 Thread 0x00007f85880c3000 4124       1       org.springframework.cglib.transform.impl.UndeclaredThrowableTransformer::begin_method (41 bytes)
Event: 8.547 Thread 0x00007f85880c3000 nmethod 4124 0x00007f85787cac90 code [0x00007f85787cae20, 0x00007f85787cb298]
Event: 8.547 Thread 0x00007f85880c3000 4125       1       org.springframework.cglib.transform.impl.UndeclaredThrowableTransformer$1::<init> (24 bytes)
Event: 8.547 Thread 0x00007f85880c3000 nmethod 4125 0x00007f85787cb5d0 code [0x00007f85787cb740, 0x00007f85787cba78]

GC Heap History (10 events):
Event: 2.274 GC heap after
Heap after GC invocations=5 (full 0):
 PSYoungGen      total 128000K, used 5091K [0x00000000d8500000, 0x00000000e8b00000, 0x0000000100000000)
  eden space 122880K, 0% used [0x00000000d8500000,0x00000000d8500000,0x00000000dfd00000)
  from space 5120K, 99% used [0x00000000dfd00000,0x00000000e01f8ed8,0x00000000e0200000)
  to   space 11264K, 0% used [0x00000000e8000000,0x00000000e8000000,0x00000000e8b00000)
 ParOldGen       total 81920K, used 12719K [0x0000000088e00000, 0x000000008de00000, 0x00000000d8500000)
  object space 81920K, 15% used [0x0000000088e00000,0x0000000089a6bc58,0x000000008de00000)
 Metaspace       used 19807K, capacity 20228K, committed 20352K, reserved 1067008K
  class space    used 2539K, capacity 2667K, committed 2688K, reserved 1048576K
}
Event: 2.507 GC heap before
{Heap before GC invocations=6 (full 0):
 PSYoungGen      total 128000K, used 35947K [0x00000000d8500000, 0x00000000e8b00000, 0x0000000100000000)
  eden space 122880K, 25% used [0x00000000d8500000,0x00000000da322108,0x00000000dfd00000)
  from space 5120K, 99% used [0x00000000dfd00000,0x00000000e01f8ed8,0x00000000e0200000)
  to   space 11264K, 0% used [0x00000000e8000000,0x00000000e8000000,0x00000000e8b00000)
 ParOldGen       total 81920K, used 12719K [0x0000000088e00000, 0x000000008de00000, 0x00000000d8500000)
  object space 81920K, 15% used [0x0000000088e00000,0x0000000089a6bc58,0x000000008de00000)
 Metaspace       used 20868K, capacity 21226K, committed 21296K, reserved 1067008K
  class space    used 2714K, capacity 2828K, committed 2864K, reserved 1048576K
Event: 2.521 GC heap after
Heap after GC invocations=6 (full 0):
 PSYoungGen      total 256000K, used 7116K [0x00000000d8500000, 0x00000000e8a00000, 0x0000000100000000)
  eden space 245760K, 0% used [0x00000000d8500000,0x00000000d8500000,0x00000000e7500000)
  from space 10240K, 69% used [0x00000000e8000000,0x00000000e86f3298,0x00000000e8a00000)
  to   space 10752K, 0% used [0x00000000e7500000,0x00000000e7500000,0x00000000e7f80000)
 ParOldGen       total 81920K, used 12727K [0x0000000088e00000, 0x000000008de00000, 0x00000000d8500000)
  object space 81920K, 15% used [0x0000000088e00000,0x0000000089a6dc58,0x000000008de00000)
 Metaspace       used 20868K, capacity 21226K, committed 21296K, reserved 1067008K
  class space    used 2714K, capacity 2828K, committed 2864K, reserved 1048576K
}
Event: 2.521 GC heap before
{Heap before GC invocations=7 (full 1):
 PSYoungGen      total 256000K, used 7116K [0x00000000d8500000, 0x00000000e8a00000, 0x0000000100000000)
  eden space 245760K, 0% used [0x00000000d8500000,0x00000000d8500000,0x00000000e7500000)
  from space 10240K, 69% used [0x00000000e8000000,0x00000000e86f3298,0x00000000e8a00000)
  to   space 10752K, 0% used [0x00000000e7500000,0x00000000e7500000,0x00000000e7f80000)
 ParOldGen       total 81920K, used 12727K [0x0000000088e00000, 0x000000008de00000, 0x00000000d8500000)
  object space 81920K, 15% used [0x0000000088e00000,0x0000000089a6dc58,0x000000008de00000)
 Metaspace       used 20868K, capacity 21226K, committed 21296K, reserved 1067008K
  class space    used 2714K, capacity 2828K, committed 2864K, reserved 1048576K
Event: 2.607 GC heap after
Heap after GC invocations=7 (full 1):
 PSYoungGen      total 256000K, used 0K [0x00000000d8500000, 0x00000000e8a00000, 0x0000000100000000)
  eden space 245760K, 0% used [0x00000000d8500000,0x00000000d8500000,0x00000000e7500000)
  from space 10240K, 0% used [0x00000000e8000000,0x00000000e8000000,0x00000000e8a00000)
  to   space 10752K, 0% used [0x00000000e7500000,0x00000000e7500000,0x00000000e7f80000)
 ParOldGen       total 66560K, used 14005K [0x0000000088e00000, 0x000000008cf00000, 0x00000000d8500000)
  object space 66560K, 21% used [0x0000000088e00000,0x0000000089bad510,0x000000008cf00000)
 Metaspace       used 20868K, capacity 21226K, committed 21296K, reserved 1067008K
  class space    used 2714K, capacity 2828K, committed 2864K, reserved 1048576K
}
Event: 4.118 GC heap before
{Heap before GC invocations=8 (full 1):
 PSYoungGen      total 256000K, used 245760K [0x00000000d8500000, 0x00000000e8a00000, 0x0000000100000000)
  eden space 245760K, 100% used [0x00000000d8500000,0x00000000e7500000,0x00000000e7500000)
  from space 10240K, 0% used [0x00000000e8000000,0x00000000e8000000,0x00000000e8a00000)
  to   space 10752K, 0% used [0x00000000e7500000,0x00000000e7500000,0x00000000e7f80000)
 ParOldGen       total 66560K, used 14005K [0x0000000088e00000, 0x000000008cf00000, 0x00000000d8500000)
  object space 66560K, 21% used [0x0000000088e00000,0x0000000089bad510,0x000000008cf00000)
 Metaspace       used 28735K, capacity 29140K, committed 29488K, reserved 1075200K
  class space    used 3729K, capacity 3843K, committed 3888K, reserved 1048576K
Event: 4.136 GC heap after
Heap after GC invocations=8 (full 1):
 PSYoungGen      total 256512K, used 10742K [0x00000000d8500000, 0x00000000efd80000, 0x0000000100000000)
  eden space 245760K, 0% used [0x00000000d8500000,0x00000000d8500000,0x00000000e7500000)
  from space 10752K, 99% used [0x00000000e7500000,0x00000000e7f7da38,0x00000000e7f80000)
  to   space 15360K, 0% used [0x00000000eee80000,0x00000000eee80000,0x00000000efd80000)
 ParOldGen       total 66560K, used 20954K [0x0000000088e00000, 0x000000008cf00000, 0x00000000d8500000)
  object space 66560K, 31% used [0x0000000088e00000,0x000000008a276a80,0x000000008cf00000)
 Metaspace       used 28735K, capacity 29140K, committed 29488K, reserved 1075200K
  class space    used 3729K, capacity 3843K, committed 3888K, reserved 1048576K
}
Event: 5.203 GC heap before
{Heap before GC invocations=9 (full 1):
 PSYoungGen      total 256512K, used 256502K [0x00000000d8500000, 0x00000000efd80000, 0x0000000100000000)
  eden space 245760K, 100% used [0x00000000d8500000,0x00000000e7500000,0x00000000e7500000)
  from space 10752K, 99% used [0x00000000e7500000,0x00000000e7f7da38,0x00000000e7f80000)
  to   space 15360K, 0% used [0x00000000eee80000,0x00000000eee80000,0x00000000efd80000)
 ParOldGen       total 66560K, used 20954K [0x0000000088e00000, 0x000000008cf00000, 0x00000000d8500000)
  object space 66560K, 31% used [0x0000000088e00000,0x000000008a276a80,0x000000008cf00000)
 Metaspace       used 30608K, capacity 31300K, committed 31408K, reserved 1077248K
  class space    used 4035K, capacity 4231K, committed 4272K, reserved 1048576K
Event: 5.230 GC heap after
Heap after GC invocations=9 (full 1):
 PSYoungGen      total 366080K, used 15352K [0x00000000d8500000, 0x00000000f0480000, 0x0000000100000000)
  eden space 350720K, 0% used [0x00000000d8500000,0x00000000d8500000,0x00000000edb80000)
  from space 15360K, 99% used [0x00000000eee80000,0x00000000efd7e0a0,0x00000000efd80000)
  to   space 19456K, 0% used [0x00000000edb80000,0x00000000edb80000,0x00000000eee80000)
 ParOldGen       total 66560K, used 25965K [0x0000000088e00000, 0x000000008cf00000, 0x00000000d8500000)
  object space 66560K, 39% used [0x0000000088e00000,0x000000008a75b6a8,0x000000008cf00000)
 Metaspace       used 30608K, capacity 31300K, committed 31408K, reserved 1077248K
  class space    used 4035K, capacity 4231K, committed 4272K, reserved 1048576K
}
Event: 8.552 GC heap before
{Heap before GC invocations=10 (full 1):
 PSYoungGen      total 366080K, used 366072K [0x00000000d8500000, 0x00000000f0480000, 0x0000000100000000)
  eden space 350720K, 100% used [0x00000000d8500000,0x00000000edb80000,0x00000000edb80000)
  from space 15360K, 99% used [0x00000000eee80000,0x00000000efd7e0a0,0x00000000efd80000)
  to   space 19456K, 0% used [0x00000000edb80000,0x00000000edb80000,0x00000000eee80000)
 ParOldGen       total 66560K, used 25965K [0x0000000088e00000, 0x000000008cf00000, 0x00000000d8500000)
  object space 66560K, 39% used [0x0000000088e00000,0x000000008a75b6a8,0x000000008cf00000)
 Metaspace       used 32912K, capacity 33760K, committed 33968K, reserved 1079296K
  class space    used 4329K, capacity 4519K, committed 4528K, reserved 1048576K

Deoptimization events (0 events):
No events

Classes redefined (0 events):
No events

Internal exceptions (10 events):
Event: 8.435 Thread 0x00007f852c001800 Exception <a 'java/lang/ArrayIndexOutOfBoundsException'> (0x00000000ecd1ac18) thrown at [/HUDSON/workspace/8-2-build-linux-amd64/jdk8u161/10277/hotspot/src/share/vm/runtime/sharedRuntime.cpp, line 605]
Event: 8.435 Thread 0x00007f852c001800 Exception <a 'java/lang/ArrayIndexOutOfBoundsException'> (0x00000000ecd1f120) thrown at [/HUDSON/workspace/8-2-build-linux-amd64/jdk8u161/10277/hotspot/src/share/vm/runtime/sharedRuntime.cpp, line 605]
Event: 8.435 Thread 0x00007f852c001800 Exception <a 'java/lang/ArrayIndexOutOfBoundsException'> (0x00000000ecd22668) thrown at [/HUDSON/workspace/8-2-build-linux-amd64/jdk8u161/10277/hotspot/src/share/vm/runtime/sharedRuntime.cpp, line 605]
Event: 8.435 Thread 0x00007f852c001800 Exception <a 'java/lang/ArrayIndexOutOfBoundsException'> (0x00000000ecd26298) thrown at [/HUDSON/workspace/8-2-build-linux-amd64/jdk8u161/10277/hotspot/src/share/vm/runtime/sharedRuntime.cpp, line 605]
Event: 8.435 Thread 0x00007f852c001800 Exception <a 'java/lang/ArrayIndexOutOfBoundsException'> (0x00000000ecd2a188) thrown at [/HUDSON/workspace/8-2-build-linux-amd64/jdk8u161/10277/hotspot/src/share/vm/runtime/sharedRuntime.cpp, line 605]
Event: 8.435 Thread 0x00007f852c001800 Exception <a 'java/lang/ArrayIndexOutOfBoundsException'> (0x00000000ecd2d0b0) thrown at [/HUDSON/workspace/8-2-build-linux-amd64/jdk8u161/10277/hotspot/src/share/vm/runtime/sharedRuntime.cpp, line 605]
Event: 8.445 Thread 0x00007f852c001800 Exception <a 'java/lang/ArrayIndexOutOfBoundsException'> (0x00000000ecda9bb8) thrown at [/HUDSON/workspace/8-2-build-linux-amd64/jdk8u161/10277/hotspot/src/share/vm/runtime/sharedRuntime.cpp, line 605]
Event: 8.453 Thread 0x00007f852c001800 Exception <a 'java/lang/ArrayIndexOutOfBoundsException'> (0x00000000ecee8ad8) thrown at [/HUDSON/workspace/8-2-build-linux-amd64/jdk8u161/10277/hotspot/src/share/vm/runtime/sharedRuntime.cpp, line 605]
Event: 8.549 Thread 0x00007f852c001800 Exception <a 'java/lang/ClassNotFoundException': java/lang/ObjectCustomizer> (0x00000000edb54468) thrown at [/HUDSON/workspace/8-2-build-linux-amd64/jdk8u161/10277/hotspot/src/share/vm/classfile/systemDictionary.cpp, line 210]
Event: 8.551 Thread 0x00007f852c001800 Exception <a 'java/lang/ClassNotFoundException': org/egov/mseva/service/IdGenServiceCustomizer> (0x00000000edb74430) thrown at [/HUDSON/workspace/8-2-build-linux-amd64/jdk8u161/10277/hotspot/src/share/vm/classfile/systemDictionary.cpp, line 210]

Events (10 events):
Event: 8.548 loading class java/lang/ObjectCustomizer done
Event: 8.549 loading class java/lang/ObjectCustomizer
Event: 8.549 loading class java/lang/ObjectCustomizer done
Event: 8.550 loading class org/egov/mseva/service/IdGenServiceCustomizer
Event: 8.550 loading class org/egov/mseva/service/IdGenServiceCustomizer done
Event: 8.551 loading class org/egov/mseva/service/IdGenServiceCustomizer
Event: 8.551 loading class org/egov/mseva/service/IdGenServiceCustomizer done
Event: 8.551 loading class org/egov/mseva/service/IdGenServiceCustomizer
Event: 8.551 loading class org/egov/mseva/service/IdGenServiceCustomizer done
Event: 8.552 Executing VM operation: ParallelGCFailedAllocation


Dynamic libraries:
00400000-00401000 r-xp 00000000 08:05 11930299                           /usr/lib/jvm/java-8-oracle/bin/java
00600000-00601000 rw-p 00000000 08:05 11930299                           /usr/lib/jvm/java-8-oracle/bin/java
00d3f000-00d60000 rw-p 00000000 00:00 0                                  [heap]
88e00000-8cf00000 rw-p 00000000 00:00 0 
8cf00000-d8500000 ---p 00000000 00:00 0 
d8500000-f0480000 rw-p 00000000 00:00 0 
f6e00000-100000000 ---p 00000000 00:00 0 
100000000-10046c000 rw-p 00000000 00:00 0 
10046c000-140000000 ---p 00000000 00:00 0 
7f8508000000-7f8508021000 rw-p 00000000 00:00 0 
7f8508021000-7f850c000000 ---p 00000000 00:00 0 
7f850c000000-7f850c021000 rw-p 00000000 00:00 0 
7f850c021000-7f8510000000 ---p 00000000 00:00 0 
7f8510000000-7f8510021000 rw-p 00000000 00:00 0 
7f8510021000-7f8514000000 ---p 00000000 00:00 0 
7f8514000000-7f8514021000 rw-p 00000000 00:00 0 
7f8514021000-7f8518000000 ---p 00000000 00:00 0 
7f8518000000-7f851829e000 rw-p 00000000 00:00 0 
7f851829e000-7f851c000000 ---p 00000000 00:00 0 
7f851f0fb000-7f851f0fe000 ---p 00000000 00:00 0 
7f851f0fe000-7f851f1fc000 rw-p 00000000 00:00 0 
7f851f1fc000-7f851f1ff000 ---p 00000000 00:00 0 
7f851f1ff000-7f851f3bd000 rw-p 00000000 00:00 0 
7f851f3bd000-7f851f4fd000 ---p 00000000 00:00 0 
7f851f4fd000-7f851f500000 ---p 00000000 00:00 0 
7f851f500000-7f851f5fe000 rw-p 00000000 00:00 0 
7f851f5fe000-7f851f601000 ---p 00000000 00:00 0 
7f851f601000-7f851f8ff000 rw-p 00000000 00:00 0 
7f851f8ff000-7f851faff000 rw-p 00000000 00:00 0 
7f851faff000-7f851fb02000 ---p 00000000 00:00 0 
7f851fb02000-7f851fe00000 rw-p 00000000 00:00 0 
7f851fe00000-7f8520000000 rw-p 00000000 00:00 0 
7f8520000000-7f8520859000 rw-p 00000000 00:00 0 
7f8520859000-7f8524000000 ---p 00000000 00:00 0 
7f8524000000-7f85241ec000 rw-p 00000000 00:00 0 
7f85241ec000-7f8528000000 ---p 00000000 00:00 0 
7f8528000000-7f8528021000 rw-p 00000000 00:00 0 
7f8528021000-7f852c000000 ---p 00000000 00:00 0 
7f852c000000-7f852c021000 rw-p 00000000 00:00 0 
7f852c021000-7f8530000000 ---p 00000000 00:00 0 
7f8530000000-7f8530021000 rw-p 00000000 00:00 0 
7f8530021000-7f8534000000 ---p 00000000 00:00 0 
7f8534000000-7f8534021000 rw-p 00000000 00:00 0 
7f8534021000-7f8538000000 ---p 00000000 00:00 0 
7f8538000000-7f8538021000 rw-p 00000000 00:00 0 
7f8538021000-7f853c000000 ---p 00000000 00:00 0 
7f853c0a2000-7f853c2a2000 rw-p 00000000 00:00 0 
7f853c2a2000-7f853c4a2000 rw-p 00000000 00:00 0 
7f853c4a2000-7f853c6a2000 rw-p 00000000 00:00 0 
7f853c6a2000-7f853c8a2000 rw-p 00000000 00:00 0 
7f853c8a2000-7f853c8a5000 ---p 00000000 00:00 0 
7f853c8a5000-7f853cba3000 rw-p 00000000 00:00 0 
7f853cba3000-7f853cba6000 ---p 00000000 00:00 0 
7f853cba6000-7f853cca4000 rw-p 00000000 00:00 0 
7f853cca4000-7f853cca7000 ---p 00000000 00:00 0 
7f853cca7000-7f853cda5000 rw-p 00000000 00:00 0 
7f853cdfa000-7f853cdff000 r--s 002f9000 08:05 12062869                   /usr/lib/jvm/java-8-oracle/jre/lib/charsets.jar
7f853cdff000-7f853cfff000 rw-p 00000000 00:00 0 
7f853cfff000-7f8540000000 rw-p 00000000 00:00 0 
7f8540000000-7f8540790000 rw-p 00000000 00:00 0 
7f8540790000-7f8544000000 ---p 00000000 00:00 0 
7f8544000000-7f8544021000 rw-p 00000000 00:00 0 
7f8544021000-7f8548000000 ---p 00000000 00:00 0 
7f8548000000-7f854803e000 rw-p 00000000 00:00 0 
7f854803e000-7f854c000000 ---p 00000000 00:00 0 
7f854c000000-7f854c021000 rw-p 00000000 00:00 0 
7f854c021000-7f8550000000 ---p 00000000 00:00 0 
7f8550000000-7f8550021000 rw-p 00000000 00:00 0 
7f8550021000-7f8554000000 ---p 00000000 00:00 0 
7f8554000000-7f8554021000 rw-p 00000000 00:00 0 
7f8554021000-7f8558000000 ---p 00000000 00:00 0 
7f8558000000-7f8558290000 rw-p 00000000 00:00 0 
7f8558290000-7f855c000000 ---p 00000000 00:00 0 
7f855c000000-7f855c021000 rw-p 00000000 00:00 0 
7f855c021000-7f8560000000 ---p 00000000 00:00 0 
7f8560000000-7f8560021000 rw-p 00000000 00:00 0 
7f8560021000-7f8564000000 ---p 00000000 00:00 0 
7f8564000000-7f8564021000 rw-p 00000000 00:00 0 
7f8564021000-7f8568000000 ---p 00000000 00:00 0 
7f8568000000-7f8568021000 rw-p 00000000 00:00 0 
7f8568021000-7f856c000000 ---p 00000000 00:00 0 
7f856c002000-7f856c015000 r--s 00345000 08:05 12062875                   /usr/lib/jvm/java-8-oracle/jre/lib/resources.jar
7f856c015000-7f856c016000 ---p 00000000 00:00 0 
7f856c016000-7f856c116000 rw-p 00000000 00:00 0 
7f856c116000-7f856c119000 ---p 00000000 00:00 0 
7f856c119000-7f856c217000 rw-p 00000000 00:00 0 
7f856c217000-7f856c21a000 ---p 00000000 00:00 0 
7f856c21a000-7f856c318000 rw-p 00000000 00:00 0 
7f856c318000-7f856c31b000 ---p 00000000 00:00 0 
7f856c31b000-7f856c419000 rw-p 00000000 00:00 0 
7f856c419000-7f856c41e000 r--s 0009d000 08:05 12062876                   /usr/lib/jvm/java-8-oracle/jre/lib/jsse.jar
7f856c41e000-7f856c429000 r--s 00069000 08:05 3290432                    /home/vishal/.m2/repository/ch/qos/logback/logback-core/1.1.9/logback-core-1.1.9.jar
7f856c429000-7f856c42f000 r--s 00045000 08:05 3290427                    /home/vishal/.m2/repository/ch/qos/logback/logback-classic/1.1.9/logback-classic-1.1.9.jar
7f856c42f000-7f856c43b000 r--s 00073000 08:05 3812981                    /home/vishal/.m2/repository/net/logstash/logback/logstash-logback-encoder/5.2/logstash-logback-encoder-5.2.jar
7f856c43b000-7f856c43f000 r--s 0001b000 08:05 3812977                    /home/vishal/.m2/repository/io/jaegertracing/jaeger-core/0.31.0/jaeger-core-0.31.0.jar
7f856c43f000-7f856c445000 r--s 0005e000 08:05 3684213                    /home/vishal/.m2/repository/com/squareup/okhttp3/okhttp/3.9.0/okhttp-3.9.0.jar
7f856c445000-7f856c44d000 r--s 00048000 08:05 3684211                    /home/vishal/.m2/repository/org/apache/httpcomponents/httpcore/4.4.6/httpcore-4.4.6.jar
7f856c44d000-7f856c454000 r--s 0003f000 08:05 3684209                    /home/vishal/.m2/repository/commons-codec/commons-codec/1.10/commons-codec-1.10.jar
7f856c454000-7f856c461000 r--s 000a7000 08:05 3683928                    /home/vishal/.m2/repository/org/apache/httpcomponents/httpclient/4.5.2/httpclient-4.5.2.jar
7f856c461000-7f856c470000 r--s 0009c000 08:05 3812973                    /home/vishal/.m2/repository/io/jaegertracing/jaeger-thrift/0.31.0/jaeger-thrift-0.31.0.jar
7f856c470000-7f8570000000 rw-p 00000000 00:00 0 
7f8570000000-7f8570021000 rw-p 00000000 00:00 0 
7f8570021000-7f8574000000 ---p 00000000 00:00 0 
7f8574002000-7f8574003000 r--s 00000000 08:05 3812979                    /home/vishal/.m2/repository/io/jaegertracing/jaeger-tracerresolver/0.31.0/jaeger-tracerresolver-0.31.0.jar
7f8574003000-7f8574004000 r--s 00013000 08:05 3812975                    /home/vishal/.m2/repository/com/squareup/okio/okio/1.13.0/okio-1.13.0.jar
7f8574004000-7f857400a000 r--s 00035000 08:05 3684205                    /home/vishal/.m2/repository/org/apache/thrift/libthrift/0.11.0/libthrift-0.11.0.jar
7f857400a000-7f857400b000 r--s 00000000 08:05 3812971                    /home/vishal/.m2/repository/io/jaegertracing/jaeger-client/0.31.0/jaeger-client-0.31.0.jar
7f857400b000-7f857400d000 r--s 0000d000 08:05 3812969                    /home/vishal/.m2/repository/io/prometheus/simpleclient/0.4.0/simpleclient-0.4.0.jar
7f857400d000-7f857400e000 r--s 00001000 08:05 3812967                    /home/vishal/.m2/repository/io/prometheus/simpleclient_common/0.4.0/simpleclient_common-0.4.0.jar
7f857400e000-7f8574010000 r--s 00005000 08:05 3812965                    /home/vishal/.m2/repository/io/micrometer/micrometer-registry-prometheus/1.0.6/micrometer-registry-prometheus-1.0.6.jar
7f8574010000-7f8574015000 r--s 0001e000 08:05 3812963                    /home/vishal/.m2/repository/io/micrometer/micrometer-spring-legacy/1.0.6/micrometer-spring-legacy-1.0.6.jar
7f8574015000-7f8574017000 r--s 00006000 08:05 3812961                    /home/vishal/.m2/repository/org/latencyutils/LatencyUtils/2.0.3/LatencyUtils-2.0.3.jar
7f8574017000-7f8574019000 r--s 0001b000 08:05 3812959                    /home/vishal/.m2/repository/org/hdrhistogram/HdrHistogram/2.1.10/HdrHistogram-2.1.10.jar
7f8574019000-7f8574021000 r--s 0004f000 08:05 3812957                    /home/vishal/.m2/repository/io/micrometer/micrometer-core/1.0.6/micrometer-core-1.0.6.jar
7f8574021000-7f8574023000 r--s 00003000 08:05 3684203                    /home/vishal/.m2/repository/io/opentracing/contrib/opentracing-spring-jaeger-starter/0.2.2/opentracing-spring-jaeger-starter-0.2.2.jar
7f8574023000-7f8574025000 r--s 00002000 08:05 3419167                    /home/vishal/.m2/repository/io/opentracing/opentracing-api/0.31.0/opentracing-api-0.31.0.jar
7f8574025000-7f8574026000 r--s 00000000 08:05 6172805                    /home/vishal/.m2/repository/org/springframework/boot/spring-boot-starter-aop/1.5.1.RELEASE/spring-boot-starter-aop-1.5.1.RELEASE.jar
7f8574026000-7f8574027000 r--s 00005000 08:05 3684199                    /home/vishal/.m2/repository/io/opentracing/contrib/opentracing-jdbc/0.0.9/opentracing-jdbc-0.0.9.jar
7f8574027000-7f8574028000 r--s 00001000 08:05 3549975                    /home/vishal/.m2/repository/io/opentracing/contrib/opentracing-spring-cloud-jdbc-starter/0.2.1/opentracing-spring-cloud-jdbc-starter-0.2.1.jar
7f8574028000-7f8574029000 r--s 00001000 08:05 3419165                    /home/vishal/.m2/repository/io/opentracing/opentracing-util/0.31.0/opentracing-util-0.31.0.jar
7f8574029000-7f857402a000 r--s 00002000 08:05 3419163                    /home/vishal/.m2/repository/io/opentracing/opentracing-noop/0.31.0/opentracing-noop-0.31.0.jar
7f857402a000-7f857402c000 r--s 00000000 08:05 3549973                    /home/vishal/.m2/repository/io/opentracing/contrib/opentracing-spring-tracer-configuration-starter/0.1.0/opentracing-spring-tracer-configuration-starter-0.1.0.jar
7f857402c000-7f857402d000 r--s 00001000 08:05 3549971                    /home/vishal/.m2/repository/io/opentracing/contrib/opentracing-tracerresolver/0.1.4/opentracing-tracerresolver-0.1.4.jar
7f857402d000-7f857402f000 r--s 00002000 08:05 3419161                    /home/vishal/.m2/repository/io/opentracing/contrib/opentracing-web-servlet-filter/0.1.0/opentracing-web-servlet-filter-0.1.0.jar
7f857402f000-7f8574030000 r--s 00004000 08:05 3419159                    /home/vishal/.m2/repository/io/opentracing/contrib/opentracing-spring-web/0.3.3/opentracing-spring-web-0.3.3.jar
7f8574030000-7f8574032000 r--s 00003000 08:05 3419157                    /home/vishal/.m2/repository/io/opentracing/contrib/opentracing-spring-web-starter/0.3.3/opentracing-spring-web-starter-0.3.3.jar
7f8574032000-7f8574042000 r--s 00076000 08:05 6041832                    /home/vishal/.m2/repository/org/springframework/boot/spring-boot-actuator/1.5.1.RELEASE/spring-boot-actuator-1.5.1.RELEASE.jar
7f8574042000-7f8574043000 r--s 00000000 08:05 5914964                    /home/vishal/.m2/repository/org/springframework/boot/spring-boot-starter-actuator/1.5.1.RELEASE/spring-boot-starter-actuator-1.5.1.RELEASE.jar
7f8574043000-7f857405c000 r--s 001af000 08:05 3419415                    /home/vishal/.m2/repository/org/aspectj/aspectjweaver/1.8.9/aspectjweaver-1.8.9.jar
7f857405c000-7f8574060000 r--s 0002f000 08:05 3419149                    /home/vishal/.m2/repository/commons-io/commons-io/2.5/commons-io-2.5.jar
7f8574060000-7f8574062000 r--s 001eb000 08:05 3419147                    /home/vishal/.m2/repository/org/xerial/snappy/snappy-java/1.1.7.1/snappy-java-1.1.7.1.jar
7f8574062000-7f8574065000 r--s 00058000 08:05 3419145                    /home/vishal/.m2/repository/org/lz4/lz4-java/1.4.1/lz4-java-1.4.1.jar
7f8574065000-7f8574083000 r--s 00186000 08:05 3419143                    /home/vishal/.m2/repository/org/apache/kafka/kafka-clients/1.1.1/kafka-clients-1.1.1.jar
7f8574083000-7f8574088000 r--s 0001b000 08:05 3290406                    /home/vishal/.m2/repository/org/springframework/retry/spring-retry/1.2.0.RELEASE/spring-retry-1.2.0.RELEASE.jar
7f8574088000-7f8574091000 r--s 00055000 08:05 5787449                    /home/vishal/.m2/repository/org/springframework/spring-messaging/4.3.6.RELEASE/spring-messaging-4.3.6.RELEASE.jar
7f8574091000-7f8574096000 r--s 0001f000 08:05 3942415                    /home/vishal/.m2/repository/org/springframework/kafka/spring-kafka/1.1.2.RELEASE/spring-kafka-1.1.2.RELEASE.jar
7f8574096000-7f8574097000 r--s 00009000 08:05 5661001                    /home/vishal/.m2/repository/com/fasterxml/jackson/dataformat/jackson-dataformat-yaml/2.8.6/jackson-dataformat-yaml-2.8.6.jar
7f8574097000-7f8574098000 r--s 0000f000 08:05 4073898                    /home/vishal/.m2/repository/org/json/json/20140107/json-20140107.jar
7f8574098000-7f857409d000 r--s 00046000 08:05 4073603                    /home/vishal/.m2/repository/org/apache/commons/commons-lang3/3.0/commons-lang3-3.0.jar
7f857409d000-7f857409f000 r--s 00004000 08:05 3942410                    /home/vishal/.m2/repository/org/egov/mdms-client/0.0.2-SNAPSHOT/mdms-client-0.0.2-SNAPSHOT.jar
7f857409f000-7f85740a4000 r--s 00034000 08:05 3684215                    /home/vishal/.m2/repository/com/google/code/gson/gson/2.8.0/gson-2.8.0.jar
7f85740a4000-7f85740a6000 r--s 00009000 08:05 3289498                    /home/vishal/.m2/repository/org/slf4j/slf4j-api/1.7.22/slf4j-api-1.7.22.jar
7f85740a6000-7f85740a7000 r--s 0000c000 08:05 3419175                    /home/vishal/.m2/repository/org/ow2/asm/asm/5.0.3/asm-5.0.3.jar
7f85740a7000-7f85740a9000 r--s 00012000 08:05 3419173                    /home/vishal/.m2/repository/net/minidev/accessors-smart/1.1/accessors-smart-1.1.jar
7f85740a9000-7f85740ac000 r--s 0001b000 08:05 3419171                    /home/vishal/.m2/repository/net/minidev/json-smart/2.2.1/json-smart-2.2.1.jar
7f85740ac000-7f85740b1000 r--s 0002e000 08:05 3419169                    /home/vishal/.m2/repository/com/jayway/jsonpath/json-path/2.2.0/json-path-2.2.0.jar
7f85740b1000-7f85740c7000 r--s 000fb000 08:05 3942744                    /home/vishal/.m2/repository/org/springframework/spring-core/4.3.6.RELEASE/spring-core-4.3.6.RELEASE.jar
7f85740c7000-7f85740e6000 r--s 000df000 08:05 4335329                    /home/vishal/.m2/repository/org/springframework/boot/spring-boot-autoconfigure/1.5.1.RELEASE/spring-boot-autoconfigure-1.5.1.RELEASE.jar
7f85740e6000-7f85740f6000 r--s 00092000 08:05 3942747                    /home/vishal/.m2/repository/org/springframework/boot/spring-boot/1.5.1.RELEASE/spring-boot-1.5.1.RELEASE.jar
7f85740f6000-7f85740fd000 r--s 0002e000 08:05 4873693                    /home/vishal/.m2/repository/org/springframework/boot/spring-boot-devtools/1.5.1.RELEASE/spring-boot-devtools-1.5.1.RELEASE.jar
7f85740fd000-7f8574112000 r--s 00145000 08:05 4736187                    /home/vishal/.m2/repository/org/projectlombok/lombok/1.16.12/lombok-1.16.12.jar
7f8574112000-7f8574117000 r--s 00041000 08:05 3942451                    /home/vishal/.m2/repository/commons-lang/commons-lang/2.6/commons-lang-2.6.jar
7f8574117000-7f857411a000 r--s 0000b000 08:05 3028249                    /home/vishal/.m2/repository/com/fasterxml/jackson/core/jackson-annotations/2.8.0/jackson-annotations-2.8.0.jar
7f857411a000-7f857411c000 r--s 00004000 08:05 3028223                    /home/vishal/.m2/repository/org/egov/services/services-common/1.0.0/services-common-1.0.0.jar
7f857411c000-7f8574123000 r--s 0009f000 08:05 3942441                    /home/vishal/.m2/repository/org/postgresql/postgresql/9.4.1212.jre7/postgresql-9.4.1212.jre7.jar
7f8574123000-7f857412b000 r--s 00040000 08:05 4073896                    /home/vishal/.m2/repository/org/flywaydb/flyway-core/3.2.1/flyway-core-3.2.1.jar
7f857412b000-7f8574133000 r--s 0003a000 08:05 3942752                    /home/vishal/.m2/repository/org/springframework/spring-tx/4.3.6.RELEASE/spring-tx-4.3.6.RELEASE.jar
7f8574133000-7f857413d000 r--s 0005f000 08:05 5256145                    /home/vishal/.m2/repository/org/springframework/spring-jdbc/4.3.6.RELEASE/spring-jdbc-4.3.6.RELEASE.jar
7f857413d000-7f8574140000 r--s 00020000 08:05 4993866                    /home/vishal/.m2/repository/org/apache/tomcat/tomcat-jdbc/8.5.11/tomcat-jdbc-8.5.11.jar
7f8574140000-7f8574145000 r--s 0003c000 08:05 4335327                    /home/vishal/.m2/repository/org/springframework/spring-expression/4.3.6.RELEASE/spring-expression-4.3.6.RELEASE.jar
7f8574145000-7f8574156000 r--s 000cf000 08:05 4736185                    /home/vishal/.m2/repository/org/springframework/spring-webmvc/4.3.6.RELEASE/spring-webmvc-4.3.6.RELEASE.jar
7f8574156000-7f857416f000 r--s 000fd000 08:05 3942746                    /home/vishal/.m2/repository/org/springframework/spring-context/4.3.6.RELEASE/spring-context-4.3.6.RELEASE.jar
7f857416f000-7f857417d000 r--s 000ad000 08:05 4206407                    /home/vishal/.m2/repository/org/springframework/spring-beans/4.3.6.RELEASE/spring-beans-4.3.6.RELEASE.jar
7f857417d000-7f8574186000 r--s 00054000 08:05 4206411                    /home/vishal/.m2/repository/org/springframework/spring-aop/4.3.6.RELEASE/spring-aop-4.3.6.RELEASE.jar
7f8574186000-7f8574198000 r--s 000b6000 08:05 4736189                    /home/vishal/.m2/repository/org/springframework/spring-web/4.3.6.RELEASE/spring-web-4.3.6.RELEASE.jar
7f8574198000-7f857419c000 r--s 00041000 08:05 3290620                    /home/vishal/.m2/repository/com/fasterxml/jackson/core/jackson-core/2.8.6/jackson-core-2.8.6.jar
7f857419c000-7f85741ad000 r--s 0011d000 08:05 3290618                    /home/vishal/.m2/repository/com/fasterxml/jackson/core/jackson-databind/2.8.6/jackson-databind-2.8.6.jar
7f85741ad000-7f85741d6000 r--s 002b8000 08:05 4473100                    /home/vishal/.m2/repository/org/apache/tomcat/embed/tomcat-embed-core/8.5.11/tomcat-embed-core-8.5.11.jar
7f85741d6000-7f857426c000 r--s 0110a000 08:05 12193273                   /usr/lib/jvm/java-8-oracle/jre/lib/ext/jfxrt.jar
7f857426c000-7f857427d000 r-xp 00000000 08:05 12193426                   /usr/lib/jvm/java-8-oracle/jre/lib/amd64/libnio.so
7f857427d000-7f857447c000 ---p 00011000 08:05 12193426                   /usr/lib/jvm/java-8-oracle/jre/lib/amd64/libnio.so
7f857447c000-7f857447d000 rw-p 00010000 08:05 12193426                   /usr/lib/jvm/java-8-oracle/jre/lib/amd64/libnio.so
7f857447d000-7f8574493000 r-xp 00000000 08:05 12193423                   /usr/lib/jvm/java-8-oracle/jre/lib/amd64/libnet.so
7f8574493000-7f8574693000 ---p 00016000 08:05 12193423                   /usr/lib/jvm/java-8-oracle/jre/lib/amd64/libnet.so
7f8574693000-7f8574694000 rw-p 00016000 08:05 12193423                   /usr/lib/jvm/java-8-oracle/jre/lib/amd64/libnet.so
7f8574694000-7f857469d000 r-xp 00000000 08:05 12193431                   /usr/lib/jvm/java-8-oracle/jre/lib/amd64/libmanagement.so
7f857469d000-7f857489c000 ---p 00009000 08:05 12193431                   /usr/lib/jvm/java-8-oracle/jre/lib/amd64/libmanagement.so
7f857489c000-7f857489d000 rw-p 00008000 08:05 12193431                   /usr/lib/jvm/java-8-oracle/jre/lib/amd64/libmanagement.so
7f857489d000-7f85748a0000 ---p 00000000 00:00 0 
7f85748a0000-7f857499e000 rw-p 00000000 00:00 0 
7f857499e000-7f85749a1000 ---p 00000000 00:00 0 
7f85749a1000-7f8574a9f000 rw-p 00000000 00:00 0 
7f8574a9f000-7f8574aa2000 ---p 00000000 00:00 0 
7f8574aa2000-7f8574ba0000 rw-p 00000000 00:00 0 
7f8574ba0000-7f8574ba3000 ---p 00000000 00:00 0 
7f8574ba3000-7f8574ca1000 rw-p 00000000 00:00 0 
7f8574ca1000-7f8574ca4000 ---p 00000000 00:00 0 
7f8574ca4000-7f8574da2000 rw-p 00000000 00:00 0 
7f8574da2000-7f857507a000 r--p 00000000 08:05 11798673                   /usr/lib/locale/locale-archive
7f857507a000-7f857507d000 ---p 00000000 00:00 0 
7f857507d000-7f857517b000 rw-p 00000000 00:00 0 
7f857517b000-7f857517e000 ---p 00000000 00:00 0 
7f857517e000-7f857527c000 rw-p 00000000 00:00 0 
7f857527c000-7f857527d000 ---p 00000000 00:00 0 
7f857527d000-7f857635f000 rw-p 00000000 00:00 0 
7f857635f000-7f8576538000 r--s 03d64000 08:05 12062871                   /usr/lib/jvm/java-8-oracle/jre/lib/rt.jar
7f8576538000-7f8577167000 rw-p 00000000 00:00 0 
7f8577167000-7f8577168000 ---p 00000000 00:00 0 
7f8577168000-7f8577268000 rw-p 00000000 00:00 0 
7f8577268000-7f8577269000 ---p 00000000 00:00 0 
7f8577269000-7f8577369000 rw-p 00000000 00:00 0 
7f8577369000-7f857736a000 ---p 00000000 00:00 0 
7f857736a000-7f857746a000 rw-p 00000000 00:00 0 
7f857746a000-7f857746b000 ---p 00000000 00:00 0 
7f857746b000-7f857758c000 rw-p 00000000 00:00 0 
7f857758c000-7f85777e7000 ---p 00000000 00:00 0 
7f85777e7000-7f8577808000 rw-p 00000000 00:00 0 
7f8577808000-7f8577a62000 ---p 00000000 00:00 0 
7f8577a62000-7f8577b23000 rw-p 00000000 00:00 0 
7f8577b23000-7f8577ba0000 ---p 00000000 00:00 0 
7f8577ba0000-7f8577bc3000 rw-p 00000000 00:00 0 
7f8577bc3000-7f8577f61000 ---p 00000000 00:00 0 
7f8577f61000-7f85787d1000 rwxp 00000000 00:00 0 
7f85787d1000-7f8586f61000 ---p 00000000 00:00 0 
7f8586f61000-7f8586f7c000 r-xp 00000000 08:05 12193419                   /usr/lib/jvm/java-8-oracle/jre/lib/amd64/libzip.so
7f8586f7c000-7f858717c000 ---p 0001b000 08:05 12193419                   /usr/lib/jvm/java-8-oracle/jre/lib/amd64/libzip.so
7f858717c000-7f858717d000 rw-p 0001b000 08:05 12193419                   /usr/lib/jvm/java-8-oracle/jre/lib/amd64/libzip.so
7f858717d000-7f8587188000 r-xp 00000000 08:05 10754530                   /lib/x86_64-linux-gnu/libnss_files-2.23.so
7f8587188000-7f8587387000 ---p 0000b000 08:05 10754530                   /lib/x86_64-linux-gnu/libnss_files-2.23.so
7f8587387000-7f8587388000 r--p 0000a000 08:05 10754530                   /lib/x86_64-linux-gnu/libnss_files-2.23.so
7f8587388000-7f8587389000 rw-p 0000b000 08:05 10754530                   /lib/x86_64-linux-gnu/libnss_files-2.23.so
7f8587389000-7f858738f000 rw-p 00000000 00:00 0 
7f858738f000-7f858739a000 r-xp 00000000 08:05 10754534                   /lib/x86_64-linux-gnu/libnss_nis-2.23.so
7f858739a000-7f8587599000 ---p 0000b000 08:05 10754534                   /lib/x86_64-linux-gnu/libnss_nis-2.23.so
7f8587599000-7f858759a000 r--p 0000a000 08:05 10754534                   /lib/x86_64-linux-gnu/libnss_nis-2.23.so
7f858759a000-7f858759b000 rw-p 0000b000 08:05 10754534                   /lib/x86_64-linux-gnu/libnss_nis-2.23.so
7f858759b000-7f85875b1000 r-xp 00000000 08:05 10754514                   /lib/x86_64-linux-gnu/libnsl-2.23.so
7f85875b1000-7f85877b0000 ---p 00016000 08:05 10754514                   /lib/x86_64-linux-gnu/libnsl-2.23.so
7f85877b0000-7f85877b1000 r--p 00015000 08:05 10754514                   /lib/x86_64-linux-gnu/libnsl-2.23.so
7f85877b1000-7f85877b2000 rw-p 00016000 08:05 10754514                   /lib/x86_64-linux-gnu/libnsl-2.23.so
7f85877b2000-7f85877b4000 rw-p 00000000 00:00 0 
7f85877b4000-7f85877bc000 r-xp 00000000 08:05 10754525                   /lib/x86_64-linux-gnu/libnss_compat-2.23.so
7f85877bc000-7f85879bb000 ---p 00008000 08:05 10754525                   /lib/x86_64-linux-gnu/libnss_compat-2.23.so
7f85879bb000-7f85879bc000 r--p 00007000 08:05 10754525                   /lib/x86_64-linux-gnu/libnss_compat-2.23.so
7f85879bc000-7f85879bd000 rw-p 00008000 08:05 10754525                   /lib/x86_64-linux-gnu/libnss_compat-2.23.so
7f85879bd000-7f85879e8000 r-xp 00000000 08:05 12193413                   /usr/lib/jvm/java-8-oracle/jre/lib/amd64/libjava.so
7f85879e8000-7f8587be7000 ---p 0002b000 08:05 12193413                   /usr/lib/jvm/java-8-oracle/jre/lib/amd64/libjava.so
7f8587be7000-7f8587be9000 rw-p 0002a000 08:05 12193413                   /usr/lib/jvm/java-8-oracle/jre/lib/amd64/libjava.so
7f8587be9000-7f8587bf6000 r-xp 00000000 08:05 12193418                   /usr/lib/jvm/java-8-oracle/jre/lib/amd64/libverify.so
7f8587bf6000-7f8587df6000 ---p 0000d000 08:05 12193418                   /usr/lib/jvm/java-8-oracle/jre/lib/amd64/libverify.so
7f8587df6000-7f8587df8000 rw-p 0000d000 08:05 12193418                   /usr/lib/jvm/java-8-oracle/jre/lib/amd64/libverify.so
7f8587df8000-7f8587dff000 r-xp 00000000 08:05 10754535                   /lib/x86_64-linux-gnu/librt-2.23.so
7f8587dff000-7f8587ffe000 ---p 00007000 08:05 10754535                   /lib/x86_64-linux-gnu/librt-2.23.so
7f8587ffe000-7f8587fff000 r--p 00006000 08:05 10754535                   /lib/x86_64-linux-gnu/librt-2.23.so
7f8587fff000-7f8588000000 rw-p 00007000 08:05 10754535                   /lib/x86_64-linux-gnu/librt-2.23.so
7f8588000000-7f8588b1f000 rw-p 00000000 00:00 0 
7f8588b1f000-7f858c000000 ---p 00000000 00:00 0 
7f858c000000-7f858c011000 r--s 000a1000 08:05 3290624                    /home/vishal/.m2/repository/org/hibernate/hibernate-validator/5.3.4.Final/hibernate-validator-5.3.4.Final.jar
7f858c011000-7f858c119000 r-xp 00000000 08:05 10754512                   /lib/x86_64-linux-gnu/libm-2.23.so
7f858c119000-7f858c318000 ---p 00108000 08:05 10754512                   /lib/x86_64-linux-gnu/libm-2.23.so
7f858c318000-7f858c319000 r--p 00107000 08:05 10754512                   /lib/x86_64-linux-gnu/libm-2.23.so
7f858c319000-7f858c31a000 rw-p 00108000 08:05 10754512                   /lib/x86_64-linux-gnu/libm-2.23.so
7f858c31a000-7f858cff3000 r-xp 00000000 08:05 12193396                   /usr/lib/jvm/java-8-oracle/jre/lib/amd64/server/libjvm.so
7f858cff3000-7f858d1f2000 ---p 00cd9000 08:05 12193396                   /usr/lib/jvm/java-8-oracle/jre/lib/amd64/server/libjvm.so
7f858d1f2000-7f858d2cb000 rw-p 00cd8000 08:05 12193396                   /usr/lib/jvm/java-8-oracle/jre/lib/amd64/server/libjvm.so
7f858d2cb000-7f858d317000 rw-p 00000000 00:00 0 
7f858d317000-7f858d4d7000 r-xp 00000000 08:05 10754517                   /lib/x86_64-linux-gnu/libc-2.23.so
7f858d4d7000-7f858d6d7000 ---p 001c0000 08:05 10754517                   /lib/x86_64-linux-gnu/libc-2.23.so
7f858d6d7000-7f858d6db000 r--p 001c0000 08:05 10754517                   /lib/x86_64-linux-gnu/libc-2.23.so
7f858d6db000-7f858d6dd000 rw-p 001c4000 08:05 10754517                   /lib/x86_64-linux-gnu/libc-2.23.so
7f858d6dd000-7f858d6e1000 rw-p 00000000 00:00 0 
7f858d6e1000-7f858d6e4000 r-xp 00000000 08:05 10754519                   /lib/x86_64-linux-gnu/libdl-2.23.so
7f858d6e4000-7f858d8e3000 ---p 00003000 08:05 10754519                   /lib/x86_64-linux-gnu/libdl-2.23.so
7f858d8e3000-7f858d8e4000 r--p 00002000 08:05 10754519                   /lib/x86_64-linux-gnu/libdl-2.23.so
7f858d8e4000-7f858d8e5000 rw-p 00003000 08:05 10754519                   /lib/x86_64-linux-gnu/libdl-2.23.so
7f858d8e5000-7f858d8fb000 r-xp 00000000 08:05 12062251                   /usr/lib/jvm/java-8-oracle/lib/amd64/jli/libjli.so
7f858d8fb000-7f858dafa000 ---p 00016000 08:05 12062251                   /usr/lib/jvm/java-8-oracle/lib/amd64/jli/libjli.so
7f858dafa000-7f858dafb000 rw-p 00015000 08:05 12062251                   /usr/lib/jvm/java-8-oracle/lib/amd64/jli/libjli.so
7f858dafb000-7f858db13000 r-xp 00000000 08:05 10754516                   /lib/x86_64-linux-gnu/libpthread-2.23.so
7f858db13000-7f858dd12000 ---p 00018000 08:05 10754516                   /lib/x86_64-linux-gnu/libpthread-2.23.so
7f858dd12000-7f858dd13000 r--p 00017000 08:05 10754516                   /lib/x86_64-linux-gnu/libpthread-2.23.so
7f858dd13000-7f858dd14000 rw-p 00018000 08:05 10754516                   /lib/x86_64-linux-gnu/libpthread-2.23.so
7f858dd14000-7f858dd18000 rw-p 00000000 00:00 0 
7f858dd18000-7f858dd3e000 r-xp 00000000 08:05 10754515                   /lib/x86_64-linux-gnu/ld-2.23.so
7f858dd3e000-7f858dd40000 r--s 00009000 08:05 5256149                    /home/vishal/.m2/repository/org/apache/tomcat/tomcat-juli/8.5.11/tomcat-juli-8.5.11.jar
7f858dd40000-7f858dd41000 r--s 00000000 08:05 4993870                    /home/vishal/.m2/repository/org/springframework/boot/spring-boot-starter-jdbc/1.5.1.RELEASE/spring-boot-starter-jdbc-1.5.1.RELEASE.jar
7f858dd41000-7f858dd43000 r--s 0000e000 08:05 3290398                    /home/vishal/.m2/repository/com/fasterxml/classmate/1.3.3/classmate-1.3.3.jar
7f858dd43000-7f858dd45000 r--s 0000f000 08:05 3290610                    /home/vishal/.m2/repository/org/jboss/logging/jboss-logging/3.3.0.Final/jboss-logging-3.3.0.Final.jar
7f858dd45000-7f858dd49000 r--s 0000c000 08:05 3290394                    /home/vishal/.m2/repository/javax/validation/validation-api/1.1.0.Final/validation-api-1.1.0.Final.jar
7f858dd49000-7f858dd4e000 r--s 00036000 08:05 4601706                    /home/vishal/.m2/repository/org/apache/tomcat/embed/tomcat-embed-websocket/8.5.11/tomcat-embed-websocket-8.5.11.jar
7f858dd4e000-7f858de18000 rw-p 00000000 00:00 0 
7f858de18000-7f858de1b000 ---p 00000000 00:00 0 
7f858de1b000-7f858df1e000 rw-p 00000000 00:00 0 
7f858df1e000-7f858df23000 r--s 00036000 08:05 4601710                    /home/vishal/.m2/repository/org/apache/tomcat/embed/tomcat-embed-el/8.5.11/tomcat-embed-el-8.5.11.jar
7f858df23000-7f858df24000 r--s 00000000 08:05 4335324                    /home/vishal/.m2/repository/org/springframework/boot/spring-boot-starter-tomcat/1.5.1.RELEASE/spring-boot-starter-tomcat-1.5.1.RELEASE.jar
7f858df24000-7f858df2a000 r--s 0003d000 08:05 3028283                    /home/vishal/.m2/repository/org/yaml/snakeyaml/1.17/snakeyaml-1.17.jar
7f858df2a000-7f858df2c000 r--s 00004000 08:05 3290614                    /home/vishal/.m2/repository/org/slf4j/log4j-over-slf4j/1.7.22/log4j-over-slf4j-1.7.22.jar
7f858df2c000-7f858df2e000 r--s 00000000 08:05 3290612                    /home/vishal/.m2/repository/org/slf4j/jul-to-slf4j/1.7.22/jul-to-slf4j-1.7.22.jar
7f858df2e000-7f858df30000 r--s 00003000 08:05 3290611                    /home/vishal/.m2/repository/org/slf4j/jcl-over-slf4j/1.7.22/jcl-over-slf4j-1.7.22.jar
7f858df30000-7f858df31000 r--s 00000000 08:05 4473099                    /home/vishal/.m2/repository/org/springframework/boot/spring-boot-starter-logging/1.5.1.RELEASE/spring-boot-starter-logging-1.5.1.RELEASE.jar
7f858df31000-7f858df32000 r--s 00000000 08:05 3813231                    /home/vishal/.m2/repository/org/springframework/boot/spring-boot-starter/1.5.1.RELEASE/spring-boot-starter-1.5.1.RELEASE.jar
7f858df32000-7f858df33000 r--s 00000000 08:05 3813224                    /home/vishal/.m2/repository/org/springframework/boot/spring-boot-starter-web/1.5.1.RELEASE/spring-boot-starter-web-1.5.1.RELEASE.jar
7f858df33000-7f858df3b000 rw-s 00000000 08:05 12853360                   /tmp/hsperfdata_vishal/20853
7f858df3b000-7f858df3c000 rw-p 00000000 00:00 0 
7f858df3c000-7f858df3d000 ---p 00000000 00:00 0 
7f858df3d000-7f858df3e000 r--p 00025000 08:05 10754515                   /lib/x86_64-linux-gnu/ld-2.23.so
7f858df3e000-7f858df3f000 rw-p 00026000 08:05 10754515                   /lib/x86_64-linux-gnu/ld-2.23.so
7f858df3f000-7f858df40000 rw-p 00000000 00:00 0 
7ffcbf918000-7ffcbf93c000 rw-p 00000000 00:00 0                          [stack]
7ffcbf964000-7ffcbf967000 r--p 00000000 00:00 0                          [vvar]
7ffcbf967000-7ffcbf969000 r-xp 00000000 00:00 0                          [vdso]
ffffffffff600000-ffffffffff601000 r-xp 00000000 00:00 0                  [vsyscall]

VM Arguments:
jvm_args: -Dcom.sun.management.jmxremote -Dcom.sun.management.jmxremote.port=46613 -Dcom.sun.management.jmxremote.authenticate=false -Dcom.sun.management.jmxremote.ssl=false -Djava.rmi.server.hostname=localhost -Dspring.liveBeansView.mbeanDomain -Dspring.application.admin.enabled=true -Djava.security.egd=file:/dev/./urandom -Xverify:none -XX:TieredStopAtLevel=1 -Dfile.encoding=UTF-8 
java_command: org.egov.MsevaEventNotifApp
java_class_path (initial): /usr/lib/jvm/java-8-oracle/jre/lib/resources.jar:/usr/lib/jvm/java-8-oracle/jre/lib/rt.jar:/usr/lib/jvm/java-8-oracle/jre/lib/jsse.jar:/usr/lib/jvm/java-8-oracle/jre/lib/jce.jar:/usr/lib/jvm/java-8-oracle/jre/lib/charsets.jar:/usr/lib/jvm/java-8-oracle/jre/lib/jfr.jar:/usr/lib/jvm/java-8-oracle/jre/lib/ext/jaccess.jar:/usr/lib/jvm/java-8-oracle/jre/lib/ext/jfxrt.jar:/usr/lib/jvm/java-8-oracle/jre/lib/ext/zipfs.jar:/usr/lib/jvm/java-8-oracle/jre/lib/ext/nashorn.jar:/usr/lib/jvm/java-8-oracle/jre/lib/ext/sunjce_provider.jar:/usr/lib/jvm/java-8-oracle/jre/lib/ext/sunpkcs11.jar:/usr/lib/jvm/java-8-oracle/jre/lib/ext/dnsns.jar:/usr/lib/jvm/java-8-oracle/jre/lib/ext/sunec.jar:/usr/lib/jvm/java-8-oracle/jre/lib/ext/localedata.jar:/usr/lib/jvm/java-8-oracle/jre/lib/ext/cldrdata.jar:/home/vishal/git/mseva-notif/egov-services/rainmaker/mseva/event-notification/target/classes:/home/vishal/.m2/repository/org/springframework/boot/spring-boot-starter-web/1.5.1.RELEASE/spring-boot-starter-web-1.5.1.RELEASE.jar:/home/vishal/.m2/repository/org/springframework/boot/spring-boot-starter/1.5.1.RELEASE/spring-boot-starter-1.5.1.RELEASE.jar:/home/vishal/.m2/repository/org/springframework/boot/spring-boot-starter-logging/1.5.1.RELEASE/spring-boot-starter-logging-1.5.1.RELEASE.jar:/home/vishal/.m2/repository/org/slf4j/jcl-over-slf4j/1.7.22/jcl-over-slf4j-1.7.22.jar:/home/vishal/.m2/repository/org/slf4j/jul-to-slf4j/1.7.22/jul-to-slf4j-1.7.22.jar:/home/vishal/.m2/repository/org/slf4j/log4j-over-slf4j/1.7.22/log4j-over-slf4j-1.7.22.jar:/home/vishal/.m2/repository/org/yaml/snakeyaml/1.17/snakeyaml-1.17.jar:/home/vishal/.m2/repository/org/springframework/boot/spring-boot-starter-tomcat/1.5.1.RELEASE/spring-boot-starter-tomcat-1.5.1.RELEASE.jar:/home/vishal/.m2/repository/org/apache/tomcat/embed/tomcat-embed-core/8.5.11/tomcat-embed-core-8.5.11.jar:/home/vishal/.m2/repository/org/apache/tomcat/embed/tomcat-embed-el/8.5.11/tomcat-embed-el-8.5.11.jar:/home/vishal/.m2/r
Launcher Type: SUN_STANDARD

Environment Variables:
JAVA_HOME=/usr/lib/jvm/java-8-oracle
PATH=/home/vishal/bin:/home/vishal/.local/bin:/usr/local/sbin:/usr/local/bin:/usr/sbin:/usr/bin:/sbin:/bin:/usr/games:/usr/local/games:/snap/bin:/usr/lib/jvm/java-8-oracle/bin:/usr/lib/jvm/java-8-oracle/db/bin:/usr/lib/jvm/java-8-oracle/jre/bin
SHELL=/bin/bash
DISPLAY=:0

Signal Handlers:
SIGSEGV: [libjvm.so+0xad01e0], sa_mask[0]=11111111011111111101111111111110, sa_flags=SA_RESTART|SA_SIGINFO
SIGBUS: [libjvm.so+0xad01e0], sa_mask[0]=11111111011111111101111111111110, sa_flags=SA_RESTART|SA_SIGINFO
SIGFPE: [libjvm.so+0x927fb0], sa_mask[0]=11111111011111111101111111111110, sa_flags=SA_RESTART|SA_SIGINFO
SIGPIPE: [libjvm.so+0x927fb0], sa_mask[0]=11111111011111111101111111111110, sa_flags=SA_RESTART|SA_SIGINFO
SIGXFSZ: [libjvm.so+0x927fb0], sa_mask[0]=11111111011111111101111111111110, sa_flags=SA_RESTART|SA_SIGINFO
SIGILL: [libjvm.so+0x927fb0], sa_mask[0]=11111111011111111101111111111110, sa_flags=SA_RESTART|SA_SIGINFO
SIGUSR1: SIG_DFL, sa_mask[0]=00000000000000000000000000000000, sa_flags=none
SIGUSR2: [libjvm.so+0x9297f0], sa_mask[0]=00100000000000000000000000000000, sa_flags=SA_RESTART|SA_SIGINFO
SIGHUP: [libjvm.so+0x92abf0], sa_mask[0]=11111111011111111101111111111110, sa_flags=SA_RESTART|SA_SIGINFO
SIGINT: [libjvm.so+0x92abf0], sa_mask[0]=11111111011111111101111111111110, sa_flags=SA_RESTART|SA_SIGINFO
SIGTERM: [libjvm.so+0x92abf0], sa_mask[0]=11111111011111111101111111111110, sa_flags=SA_RESTART|SA_SIGINFO
SIGQUIT: [libjvm.so+0x92abf0], sa_mask[0]=11111111011111111101111111111110, sa_flags=SA_RESTART|SA_SIGINFO


---------------  S Y S T E M  ---------------

OS:DISTRIB_ID=Ubuntu
DISTRIB_RELEASE=16.04
DISTRIB_CODENAME=xenial
DISTRIB_DESCRIPTION="Ubuntu 16.04.4 LTS"

uname:Linux 4.15.0-50-generic #54~16.04.1-Ubuntu SMP Wed May 8 15:55:19 UTC 2019 x86_64
libc:glibc 2.23 NPTL 2.23 
rlimit: STACK 8192k, CORE 0k, NPROC 30257, NOFILE 1048576, AS infinity
load average:2.30 6.14 5.93

/proc/meminfo:
MemTotal:        7806460 kB
MemFree:          103212 kB
MemAvailable:      23704 kB
Buffers:            1848 kB
Cached:           348892 kB
SwapCached:         6320 kB
Active:          4307628 kB
Inactive:         744252 kB
Active(anon):    4282004 kB
Inactive(anon):   713612 kB
Active(file):      25624 kB
Inactive(file):    30640 kB
Unevictable:     2173876 kB
Mlocked:         2173876 kB
SwapTotal:       8020988 kB
SwapFree:             40 kB
Dirty:               336 kB
Writeback:             4 kB
AnonPages:       6871824 kB
Mapped:           134296 kB
Shmem:            268876 kB
Slab:             148236 kB
SReclaimable:      56212 kB
SUnreclaim:        92024 kB
KernelStack:       30416 kB
PageTables:       159352 kB
NFS_Unstable:          0 kB
Bounce:                0 kB
WritebackTmp:          0 kB
CommitLimit:    11924216 kB
Committed_AS:   31067308 kB
VmallocTotal:   34359738367 kB
VmallocUsed:           0 kB
VmallocChunk:          0 kB
HardwareCorrupted:     0 kB
AnonHugePages:         0 kB
ShmemHugePages:        0 kB
ShmemPmdMapped:        0 kB
CmaTotal:              0 kB
CmaFree:               0 kB
HugePages_Total:       0
HugePages_Free:        0
HugePages_Rsvd:        0
HugePages_Surp:        0
Hugepagesize:       2048 kB
DirectMap4k:     1309188 kB
DirectMap2M:     5664768 kB
DirectMap1G:     1048576 kB


CPU:total 4 (initial active 4) (2 cores per cpu, 2 threads per core) family 6 model 78 stepping 3, cmov, cx8, fxsr, mmx, sse, sse2, sse3, ssse3, sse4.1, sse4.2, popcnt, avx, avx2, aes, clmul, erms, rtm, 3dnowpref, lzcnt, ht, tsc, tscinvbit, bmi1, bmi2, adx

/proc/cpuinfo:
processor	: 0
vendor_id	: GenuineIntel
cpu family	: 6
model		: 78
model name	: Intel(R) Core(TM) i5-6300U CPU @ 2.40GHz
stepping	: 3
microcode	: 0xcc
cpu MHz		: 2800.000
cache size	: 3072 KB
physical id	: 0
siblings	: 4
core id		: 0
cpu cores	: 2
apicid		: 0
initial apicid	: 0
fpu		: yes
fpu_exception	: yes
cpuid level	: 22
wp		: yes
flags		: fpu vme de pse tsc msr pae mce cx8 apic sep mtrr pge mca cmov pat pse36 clflush dts acpi mmx fxsr sse sse2 ss ht tm pbe syscall nx pdpe1gb rdtscp lm constant_tsc art arch_perfmon pebs bts rep_good nopl xtopology nonstop_tsc cpuid aperfmperf tsc_known_freq pni pclmulqdq dtes64 monitor ds_cpl vmx smx est tm2 ssse3 sdbg fma cx16 xtpr pdcm pcid sse4_1 sse4_2 x2apic movbe popcnt tsc_deadline_timer aes xsave avx f16c rdrand lahf_lm abm 3dnowprefetch cpuid_fault epb invpcid_single pti ssbd ibrs ibpb stibp tpr_shadow vnmi flexpriority ept vpid fsgsbase tsc_adjust bmi1 hle avx2 smep bmi2 erms invpcid rtm mpx rdseed adx smap clflushopt intel_pt xsaveopt xsavec xgetbv1 xsaves dtherm ida arat pln pts hwp hwp_notify hwp_act_window hwp_epp md_clear flush_l1d
bugs		: cpu_meltdown spectre_v1 spectre_v2 spec_store_bypass l1tf mds
bogomips	: 4992.00
clflush size	: 64
cache_alignment	: 64
address sizes	: 39 bits physical, 48 bits virtual
power management:

processor	: 1
vendor_id	: GenuineIntel
cpu family	: 6
model		: 78
model name	: Intel(R) Core(TM) i5-6300U CPU @ 2.40GHz
stepping	: 3
microcode	: 0xcc
cpu MHz		: 2799.999
cache size	: 3072 KB
physical id	: 0
siblings	: 4
core id		: 1
cpu cores	: 2
apicid		: 2
initial apicid	: 2
fpu		: yes
fpu_exception	: yes
cpuid level	: 22
wp		: yes
flags		: fpu vme de pse tsc msr pae mce cx8 apic sep mtrr pge mca cmov pat pse36 clflush dts acpi mmx fxsr sse sse2 ss ht tm pbe syscall nx pdpe1gb rdtscp lm constant_tsc art arch_perfmon pebs bts rep_good nopl xtopology nonstop_tsc cpuid aperfmperf tsc_known_freq pni pclmulqdq dtes64 monitor ds_cpl vmx smx est tm2 ssse3 sdbg fma cx16 xtpr pdcm pcid sse4_1 sse4_2 x2apic movbe popcnt tsc_deadline_timer aes xsave avx f16c rdrand lahf_lm abm 3dnowprefetch cpuid_fault epb invpcid_single pti ssbd ibrs ibpb stibp tpr_shadow vnmi flexpriority ept vpid fsgsbase tsc_adjust bmi1 hle avx2 smep bmi2 erms invpcid rtm mpx rdseed adx smap clflushopt intel_pt xsaveopt xsavec xgetbv1 xsaves dtherm ida arat pln pts hwp hwp_notify hwp_act_window hwp_epp md_clear flush_l1d
bugs		: cpu_meltdown spectre_v1 spectre_v2 spec_store_bypass l1tf mds
bogomips	: 4992.00
clflush size	: 64
cache_alignment	: 64
address sizes	: 39 bits physical, 48 bits virtual
power management:

processor	: 2
vendor_id	: GenuineIntel
cpu family	: 6
model		: 78
model name	: Intel(R) Core(TM) i5-6300U CPU @ 2.40GHz
stepping	: 3
microcode	: 0xcc
cpu MHz		: 2800.000
cache size	: 3072 KB
physical id	: 0
siblings	: 4
core id		: 0
cpu cores	: 2
apicid		: 1
initial apicid	: 1
fpu		: yes
fpu_exception	: yes
cpuid level	: 22
wp		: yes
flags		: fpu vme de pse tsc msr pae mce cx8 apic sep mtrr pge mca cmov pat pse36 clflush dts acpi mmx fxsr sse sse2 ss ht tm pbe syscall nx pdpe1gb rdtscp lm constant_tsc art arch_perfmon pebs bts rep_good nopl xtopology nonstop_tsc cpuid aperfmperf tsc_known_freq pni pclmulqdq dtes64 monitor ds_cpl vmx smx est tm2 ssse3 sdbg fma cx16 xtpr pdcm pcid sse4_1 sse4_2 x2apic movbe popcnt tsc_deadline_timer aes xsave avx f16c rdrand lahf_lm abm 3dnowprefetch cpuid_fault epb invpcid_single pti ssbd ibrs ibpb stibp tpr_shadow vnmi flexpriority ept vpid fsgsbase tsc_adjust bmi1 hle avx2 smep bmi2 erms invpcid rtm mpx rdseed adx smap clflushopt intel_pt xsaveopt xsavec xgetbv1 xsaves dtherm ida arat pln pts hwp hwp_notify hwp_act_window hwp_epp md_clear flush_l1d
bugs		: cpu_meltdown spectre_v1 spectre_v2 spec_store_bypass l1tf mds
bogomips	: 4992.00
clflush size	: 64
cache_alignment	: 64
address sizes	: 39 bits physical, 48 bits virtual
power management:

processor	: 3
vendor_id	: GenuineIntel
cpu family	: 6
model		: 78
model name	: Intel(R) Core(TM) i5-6300U CPU @ 2.40GHz
stepping	: 3
microcode	: 0xcc
cpu MHz		: 2799.999
cache size	: 3072 KB
physical id	: 0
siblings	: 4
core id		: 1
cpu cores	: 2
apicid		: 3
initial apicid	: 3
fpu		: yes
fpu_exception	: yes
cpuid level	: 22
wp		: yes
flags		: fpu vme de pse tsc msr pae mce cx8 apic sep mtrr pge mca cmov pat pse36 clflush dts acpi mmx fxsr sse sse2 ss ht tm pbe syscall nx pdpe1gb rdtscp lm constant_tsc art arch_perfmon pebs bts rep_good nopl xtopology nonstop_tsc cpuid aperfmperf tsc_known_freq pni pclmulqdq dtes64 monitor ds_cpl vmx smx est tm2 ssse3 sdbg fma cx16 xtpr pdcm pcid sse4_1 sse4_2 x2apic movbe popcnt tsc_deadline_timer aes xsave avx f16c rdrand lahf_lm abm 3dnowprefetch cpuid_fault epb invpcid_single pti ssbd ibrs ibpb stibp tpr_shadow vnmi flexpriority ept vpid fsgsbase tsc_adjust bmi1 hle avx2 smep bmi2 erms invpcid rtm mpx rdseed adx smap clflushopt intel_pt xsaveopt xsavec xgetbv1 xsaves dtherm ida arat pln pts hwp hwp_notify hwp_act_window hwp_epp md_clear flush_l1d
bugs		: cpu_meltdown spectre_v1 spectre_v2 spec_store_bypass l1tf mds
bogomips	: 4992.00
clflush size	: 64
cache_alignment	: 64
address sizes	: 39 bits physical, 48 bits virtual
power management:



Memory: 4k page, physical 7806460k(102736k free), swap 8020988k(0k free)

vm_info: Java HotSpot(TM) 64-Bit Server VM (25.161-b12) for linux-amd64 JRE (1.8.0_161-b12), built on Dec 19 2017 16:12:43 by "java_re" with gcc 4.3.0 20080428 (Red Hat 4.3.0-8)

time: Tue Jun 18 16:45:43 2019
elapsed time: 8 seconds (0d 0h 0m 8s)

