#
# There is insufficient memory for the Java Runtime Environment to continue.
# Native memory allocation (mmap) failed to map 93323264 bytes for committing reserved memory.
# Possible reasons:
#   The system is out of physical RAM or swap space
#   In 32 bit mode, the process size limit was hit
# Possible solutions:
#   Reduce memory load on the system
#   Increase physical memory or swap space
#   Check if swap backing store is full
#   Use 64 bit Java on a 64 bit OS
#   Decrease Java heap size (-Xmx/-Xms)
#   Decrease number of Java threads
#   Decrease Java thread stack sizes (-Xss)
#   Set larger code cache with -XX:ReservedCodeCacheSize=
# This output file may be truncated or incomplete.
#
#  Out of Memory Error (os_linux.cpp:2640), pid=20204, tid=0x00007f2dfabf3700
#
# JRE version: Java(TM) SE Runtime Environment (8.0_161-b12) (build 1.8.0_161-b12)
# Java VM: Java HotSpot(TM) 64-Bit Server VM (25.161-b12 mixed mode linux-amd64 compressed oops)
# Failed to write core dump. Core dumps have been disabled. To enable core dumping, try "ulimit -c unlimited" before starting Java again
#

---------------  T H R E A D  ---------------

Current thread (0x00007f2e1807d800):  VMThread [stack: 0x00007f2dfaaf3000,0x00007f2dfabf4000] [id=20214]

Stack: [0x00007f2dfaaf3000,0x00007f2dfabf4000],  sp=0x00007f2dfabf2320,  free space=1020k
Native frames: (J=compiled Java code, j=interpreted, Vv=VM code, C=native code)
V  [libjvm.so+0xacf94a]  VMError::report_and_die()+0x2ba
V  [libjvm.so+0x50050b]  report_vm_out_of_memory(char const*, int, unsigned long, VMErrorType, char const*)+0x8b
V  [libjvm.so+0x92b133]  os::Linux::commit_memory_impl(char*, unsigned long, bool)+0x103
V  [libjvm.so+0x92b5c9]  os::pd_commit_memory(char*, unsigned long, unsigned long, bool)+0x29
V  [libjvm.so+0x924c0a]  os::commit_memory(char*, unsigned long, unsigned long, bool)+0x2a
V  [libjvm.so+0x99ab53]  PSVirtualSpace::expand_by(unsigned long)+0x53
V  [libjvm.so+0x99bf58]  PSYoungGen::resize_generation(unsigned long, unsigned long)+0xf8
V  [libjvm.so+0x99b0b2]  PSYoungGen::resize(unsigned long, unsigned long)+0x22
V  [libjvm.so+0x99838b]  PSScavenge::invoke_no_policy()+0xf3b
V  [libjvm.so+0x998b11]  PSScavenge::invoke()+0x41
V  [libjvm.so+0x94f5a0]  ParallelScavengeHeap::failed_mem_allocate(unsigned long)+0x70
V  [libjvm.so+0xad13c7]  VM_ParallelGCFailedAllocation::doit()+0x97
V  [libjvm.so+0xad8ed5]  VM_Operation::evaluate()+0x55
V  [libjvm.so+0xad729a]  VMThread::evaluate_operation(VM_Operation*)+0xba
V  [libjvm.so+0xad761e]  VMThread::loop()+0x1ce
V  [libjvm.so+0xad7a90]  VMThread::run()+0x70
V  [libjvm.so+0x92da28]  java_start(Thread*)+0x108

VM_Operation (0x00007f2dd03f8db0): ParallelGCFailedAllocation, mode: safepoint, requested by thread 0x00007f2db0975000


---------------  P R O C E S S  ---------------

Java Threads: ( => current thread )
  0x00007f2d88005000 JavaThread "http-nio-8088-exec-3" daemon [_thread_blocked, id=20374, stack(0x00007f2df9067000,0x00007f2df9168000)]
  0x00007f2da81ea800 JavaThread "Tomcat JDBC Pool Cleaner[1984697014:1560856177580]" daemon [_thread_blocked, id=20306, stack(0x00007f2df9168000,0x00007f2df9269000)]
  0x00007f2d80001000 JavaThread "http-nio-8088-exec-2" daemon [_thread_blocked, id=20302, stack(0x00007f2df8d66000,0x00007f2df8e67000)]
  0x00007f2d88001000 JavaThread "http-nio-8088-exec-1" daemon [_thread_blocked, id=20301, stack(0x00007f2df8065000,0x00007f2df8166000)]
  0x00007f2e18010000 JavaThread "DestroyJavaVM" [_thread_blocked, id=20209, stack(0x00007f2e1f2db000,0x00007f2e1f3dc000)]
  0x00007f2db09f1000 JavaThread "http-nio-8088-AsyncTimeout" daemon [_thread_blocked, id=20285, stack(0x00007f2d8fbfc000,0x00007f2d8fcfd000)]
  0x00007f2db09ef000 JavaThread "http-nio-8088-Acceptor-0" daemon [_thread_in_native, id=20284, stack(0x00007f2d8fcfd000,0x00007f2d8fdfe000)]
  0x00007f2db09ed000 JavaThread "http-nio-8088-ClientPoller-1" daemon [_thread_in_native, id=20283, stack(0x00007f2d8fdfe000,0x00007f2d8feff000)]
  0x00007f2db09d2800 JavaThread "http-nio-8088-ClientPoller-0" daemon [_thread_in_native, id=20282, stack(0x00007f2d8feff000,0x00007f2d90000000)]
  0x00007f2db09b6800 JavaThread "NioBlockingSelector.BlockPoller-1" daemon [_thread_in_native, id=20281, stack(0x00007f2dd00f8000,0x00007f2dd01f9000)]
  0x00007f2db0978000 JavaThread "Live Reload Server" daemon [_thread_in_native, id=20280, stack(0x00007f2dd01f9000,0x00007f2dd02fa000)]
  0x00007f2db0975000 JavaThread "File Watcher" daemon [_thread_blocked, id=20278, stack(0x00007f2dd02fa000,0x00007f2dd03fb000)]
  0x00007f2db0876800 JavaThread "container-0" [_thread_blocked, id=20274, stack(0x00007f2dd05fb000,0x00007f2dd06fc000)]
  0x00007f2db0874800 JavaThread "ContainerBackgroundProcessor[StandardEngine[Tomcat]]" daemon [_thread_blocked, id=20272, stack(0x00007f2dd06fc000,0x00007f2dd07fd000)]
  0x00007f2dcc015000 JavaThread "SimplePauseDetectorThread_0" daemon [_thread_blocked, id=20271, stack(0x00007f2dd09fd000,0x00007f2dd0afe000)]
  0x00007f2dcc013000 JavaThread "Thread-6" daemon [_thread_blocked, id=20262, stack(0x00007f2dd0afe000,0x00007f2dd0bff000)]
  0x00007f2e185f4800 JavaThread "RMI TCP Accept-0" daemon [_thread_in_native, id=20224, stack(0x00007f2df95db000,0x00007f2df96dc000)]
  0x00007f2e185d8800 JavaThread "RMI TCP Accept-34955" daemon [_thread_in_native, id=20223, stack(0x00007f2df96dc000,0x00007f2df97dd000)]
  0x00007f2e185c4000 JavaThread "RMI TCP Accept-0" daemon [_thread_in_native, id=20222, stack(0x00007f2df97dd000,0x00007f2df98de000)]
  0x00007f2e180ce000 JavaThread "Service Thread" daemon [_thread_blocked, id=20221, stack(0x00007f2dfa114000,0x00007f2dfa215000)]
  0x00007f2e180c3000 JavaThread "C1 CompilerThread2" daemon [_thread_blocked, id=20220, stack(0x00007f2dfa215000,0x00007f2dfa316000)]
  0x00007f2e180c1000 JavaThread "C2 CompilerThread1" daemon [_thread_blocked, id=20219, stack(0x00007f2dfa316000,0x00007f2dfa417000)]
  0x00007f2e180be800 JavaThread "C2 CompilerThread0" daemon [_thread_blocked, id=20218, stack(0x00007f2dfa417000,0x00007f2dfa518000)]
  0x00007f2e180bd000 JavaThread "Signal Dispatcher" daemon [_thread_blocked, id=20217, stack(0x00007f2dfa518000,0x00007f2dfa619000)]
  0x00007f2e1808a000 JavaThread "Finalizer" daemon [_thread_blocked, id=20216, stack(0x00007f2dfa8f1000,0x00007f2dfa9f2000)]
  0x00007f2e18085800 JavaThread "Reference Handler" daemon [_thread_blocked, id=20215, stack(0x00007f2dfa9f2000,0x00007f2dfaaf3000)]

Other Threads:
=>0x00007f2e1807d800 VMThread [stack: 0x00007f2dfaaf3000,0x00007f2dfabf4000] [id=20214]
  0x00007f2e185f9000 WatcherThread [stack: 0x00007f2df94da000,0x00007f2df95db000] [id=20225]

VM state:at safepoint (normal execution)

VM Mutex/Monitor currently owned by a thread:  ([mutex/lock_event])
[0x00007f2e1800c130] Threads_lock - owner thread: 0x00007f2e1807d800
[0x00007f2e1800c630] Heap_lock - owner thread: 0x00007f2db0975000

Heap:
 PSYoungGen      total 350208K, used 18571K [0x00000000d8500000, 0x00000000eed80000, 0x0000000100000000)
  eden space 331264K, 0% used [0x00000000d8500000,0x00000000d8500000,0x00000000ec880000)
  from space 18944K, 98% used [0x00000000ec880000,0x00000000edaa2e00,0x00000000edb00000)
  to   space 18944K, 0% used [0x00000000edb00000,0x00000000edb00000,0x00000000eed80000)
 ParOldGen       total 111616K, used 36967K [0x0000000088e00000, 0x000000008fb00000, 0x00000000d8500000)
  object space 111616K, 33% used [0x0000000088e00000,0x000000008b219c50,0x000000008fb00000)
 Metaspace       used 39374K, capacity 40284K, committed 40488K, reserved 1085440K
  class space    used 5122K, capacity 5317K, committed 5424K, reserved 1048576K

Card table byte_map: [0x00007f2e08c46000,0x00007f2e09000000] byte_map_base: 0x00007f2e087ff000

Marking Bits: (ParMarkBitMap*) 0x00007f2e1e7ac920
 Begin Bits: [0x00007f2e00470000, 0x00007f2e02238000)
 End Bits:   [0x00007f2e02238000, 0x00007f2e04000000)

Polling page: 0x00007f2e1f3ff000

CodeCache: size=245760Kb used=9472Kb max_used=9472Kb free=236287Kb
 bounds [0x00007f2e09000000, 0x00007f2e09950000, 0x00007f2e18000000]
 total_blobs=5149 nmethods=4680 adapters=382
 compilation: enabled

Compilation events (10 events):
Event: 134.856 Thread 0x00007f2e180c3000 4755       1       org.apache.coyote.AbstractProtocol::access$100 (5 bytes)
Event: 134.856 Thread 0x00007f2e180c3000 nmethod 4755 0x00007f2e0993fd50 code [0x00007f2e0993fea0, 0x00007f2e0993ff90]
Event: 134.856 Thread 0x00007f2e180c3000 4756       1       org.apache.coyote.AbstractProtocol::access$200 (5 bytes)
Event: 134.856 Thread 0x00007f2e180c3000 nmethod 4756 0x00007f2e09940010 code [0x00007f2e09940160, 0x00007f2e09940250]
Event: 135.473 Thread 0x00007f2e180c3000 4757       1       sun.nio.ch.SelectorImpl::keys (28 bytes)
Event: 135.473 Thread 0x00007f2e180c3000 nmethod 4757 0x00007f2e099402d0 code [0x00007f2e09940440, 0x00007f2e09940618]
Event: 135.571 Thread 0x00007f2e180c3000 4758       1       org.springframework.boot.devtools.filewatch.FolderSnapshot::<init> (58 bytes)
Event: 135.572 Thread 0x00007f2e180c3000 nmethod 4758 0x00007f2e09940710 code [0x00007f2e09940900, 0x00007f2e09940e28]
Event: 137.091 Thread 0x00007f2e180c3000 4759       1       org.springframework.boot.devtools.filewatch.FileSystemWatcher$Watcher::isDifferent (105 bytes)
Event: 137.092 Thread 0x00007f2e180c3000 nmethod 4759 0x00007f2e09941150 code [0x00007f2e09941360, 0x00007f2e09941768]

GC Heap History (10 events):
Event: 3.601 GC heap after
Heap after GC invocations=10 (full 1):
 PSYoungGen      total 253952K, used 10233K [0x00000000d8500000, 0x00000000e9a00000, 0x0000000100000000)
  eden space 243712K, 0% used [0x00000000d8500000,0x00000000d8500000,0x00000000e7300000)
  from space 10240K, 99% used [0x00000000e7300000,0x00000000e7cfe548,0x00000000e7d00000)
  to   space 14336K, 0% used [0x00000000e8c00000,0x00000000e8c00000,0x00000000e9a00000)
 ParOldGen       total 61952K, used 21916K [0x0000000088e00000, 0x000000008ca80000, 0x00000000d8500000)
  object space 61952K, 35% used [0x0000000088e00000,0x000000008a3672f8,0x000000008ca80000)
 Metaspace       used 29116K, capacity 29616K, committed 29872K, reserved 1075200K
  class space    used 3776K, capacity 3911K, committed 4016K, reserved 1048576K
}
Event: 4.572 GC heap before
{Heap before GC invocations=11 (full 1):
 PSYoungGen      total 253952K, used 253945K [0x00000000d8500000, 0x00000000e9a00000, 0x0000000100000000)
  eden space 243712K, 100% used [0x00000000d8500000,0x00000000e7300000,0x00000000e7300000)
  from space 10240K, 99% used [0x00000000e7300000,0x00000000e7cfe548,0x00000000e7d00000)
  to   space 14336K, 0% used [0x00000000e8c00000,0x00000000e8c00000,0x00000000e9a00000)
 ParOldGen       total 61952K, used 21916K [0x0000000088e00000, 0x000000008ca80000, 0x00000000d8500000)
  object space 61952K, 35% used [0x0000000088e00000,0x000000008a3672f8,0x000000008ca80000)
 Metaspace       used 30780K, capacity 31482K, committed 31664K, reserved 1077248K
  class space    used 4052K, capacity 4264K, committed 4272K, reserved 1048576K
Event: 4.599 GC heap after
Heap after GC invocations=11 (full 1):
 PSYoungGen      total 265216K, used 14330K [0x00000000d8500000, 0x00000000ee600000, 0x0000000100000000)
  eden space 250880K, 0% used [0x00000000d8500000,0x00000000d8500000,0x00000000e7a00000)
  from space 14336K, 99% used [0x00000000e8c00000,0x00000000e99feb78,0x00000000e9a00000)
  to   space 18432K, 0% used [0x00000000e7a00000,0x00000000e7a00000,0x00000000e8c00000)
 ParOldGen       total 61952K, used 27933K [0x0000000088e00000, 0x000000008ca80000, 0x00000000d8500000)
  object space 61952K, 45% used [0x0000000088e00000,0x000000008a9476b0,0x000000008ca80000)
 Metaspace       used 30780K, capacity 31482K, committed 31664K, reserved 1077248K
  class space    used 4052K, capacity 4264K, committed 4272K, reserved 1048576K
}
Event: 5.447 GC heap before
{Heap before GC invocations=12 (full 1):
 PSYoungGen      total 265216K, used 265210K [0x00000000d8500000, 0x00000000ee600000, 0x0000000100000000)
  eden space 250880K, 100% used [0x00000000d8500000,0x00000000e7a00000,0x00000000e7a00000)
  from space 14336K, 99% used [0x00000000e8c00000,0x00000000e99feb78,0x00000000e9a00000)
  to   space 18432K, 0% used [0x00000000e7a00000,0x00000000e7a00000,0x00000000e8c00000)
 ParOldGen       total 61952K, used 27933K [0x0000000088e00000, 0x000000008ca80000, 0x00000000d8500000)
  object space 61952K, 45% used [0x0000000088e00000,0x000000008a9476b0,0x000000008ca80000)
 Metaspace       used 32793K, capacity 33534K, committed 33712K, reserved 1079296K
  class space    used 4312K, capacity 4484K, committed 4528K, reserved 1048576K
Event: 5.462 GC heap after
Heap after GC invocations=12 (full 1):
 PSYoungGen      total 269312K, used 14552K [0x00000000d8500000, 0x00000000eed80000, 0x0000000100000000)
  eden space 250880K, 0% used [0x00000000d8500000,0x00000000d8500000,0x00000000e7a00000)
  from space 18432K, 78% used [0x00000000e7a00000,0x00000000e8836180,0x00000000e8c00000)
  to   space 18944K, 0% used [0x00000000edb00000,0x00000000edb00000,0x00000000eed80000)
 ParOldGen       total 61952K, used 34562K [0x0000000088e00000, 0x000000008ca80000, 0x00000000d8500000)
  object space 61952K, 55% used [0x0000000088e00000,0x000000008afc0b30,0x000000008ca80000)
 Metaspace       used 32793K, capacity 33534K, committed 33712K, reserved 1079296K
  class space    used 4312K, capacity 4484K, committed 4528K, reserved 1048576K
}
Event: 6.036 GC heap before
{Heap before GC invocations=13 (full 1):
 PSYoungGen      total 269312K, used 178534K [0x00000000d8500000, 0x00000000eed80000, 0x0000000100000000)
  eden space 250880K, 65% used [0x00000000d8500000,0x00000000e2523810,0x00000000e7a00000)
  from space 18432K, 78% used [0x00000000e7a00000,0x00000000e8836180,0x00000000e8c00000)
  to   space 18944K, 0% used [0x00000000edb00000,0x00000000edb00000,0x00000000eed80000)
 ParOldGen       total 61952K, used 34562K [0x0000000088e00000, 0x000000008ca80000, 0x00000000d8500000)
  object space 61952K, 55% used [0x0000000088e00000,0x000000008afc0b30,0x000000008ca80000)
 Metaspace       used 34555K, capacity 35378K, committed 35496K, reserved 1079296K
  class space    used 4515K, capacity 4722K, committed 4784K, reserved 1048576K
Event: 6.050 GC heap after
Heap after GC invocations=13 (full 1):
 PSYoungGen      total 350208K, used 11482K [0x00000000d8500000, 0x00000000eed80000, 0x0000000100000000)
  eden space 331264K, 0% used [0x00000000d8500000,0x00000000d8500000,0x00000000ec880000)
  from space 18944K, 60% used [0x00000000edb00000,0x00000000ee6368a8,0x00000000eed80000)
  to   space 18944K, 0% used [0x00000000ec880000,0x00000000ec880000,0x00000000edb00000)
 ParOldGen       total 61952K, used 39202K [0x0000000088e00000, 0x000000008ca80000, 0x00000000d8500000)
  object space 61952K, 63% used [0x0000000088e00000,0x000000008b448b40,0x000000008ca80000)
 Metaspace       used 34555K, capacity 35378K, committed 35496K, reserved 1079296K
  class space    used 4515K, capacity 4722K, committed 4784K, reserved 1048576K
}
Event: 6.050 GC heap before
{Heap before GC invocations=14 (full 2):
 PSYoungGen      total 350208K, used 11482K [0x00000000d8500000, 0x00000000eed80000, 0x0000000100000000)
  eden space 331264K, 0% used [0x00000000d8500000,0x00000000d8500000,0x00000000ec880000)
  from space 18944K, 60% used [0x00000000edb00000,0x00000000ee6368a8,0x00000000eed80000)
  to   space 18944K, 0% used [0x00000000ec880000,0x00000000ec880000,0x00000000edb00000)
 ParOldGen       total 61952K, used 39202K [0x0000000088e00000, 0x000000008ca80000, 0x00000000d8500000)
  object space 61952K, 63% used [0x0000000088e00000,0x000000008b448b40,0x000000008ca80000)
 Metaspace       used 34555K, capacity 35378K, committed 35496K, reserved 1079296K
  class space    used 4515K, capacity 4722K, committed 4784K, reserved 1048576K
Event: 6.152 GC heap after
Heap after GC invocations=14 (full 2):
 PSYoungGen      total 350208K, used 0K [0x00000000d8500000, 0x00000000eed80000, 0x0000000100000000)
  eden space 331264K, 0% used [0x00000000d8500000,0x00000000d8500000,0x00000000ec880000)
  from space 18944K, 0% used [0x00000000edb00000,0x00000000edb00000,0x00000000eed80000)
  to   space 18944K, 0% used [0x00000000ec880000,0x00000000ec880000,0x00000000edb00000)
 ParOldGen       total 111616K, used 36967K [0x0000000088e00000, 0x000000008fb00000, 0x00000000d8500000)
  object space 111616K, 33% used [0x0000000088e00000,0x000000008b219c50,0x000000008fb00000)
 Metaspace       used 34547K, capacity 35366K, committed 35496K, reserved 1079296K
  class space    used 4514K, capacity 4720K, committed 4784K, reserved 1048576K
}
Event: 154.871 GC heap before
{Heap before GC invocations=15 (full 2):
 PSYoungGen      total 350208K, used 331264K [0x00000000d8500000, 0x00000000eed80000, 0x0000000100000000)
  eden space 331264K, 100% used [0x00000000d8500000,0x00000000ec880000,0x00000000ec880000)
  from space 18944K, 0% used [0x00000000edb00000,0x00000000edb00000,0x00000000eed80000)
  to   space 18944K, 0% used [0x00000000ec880000,0x00000000ec880000,0x00000000edb00000)
 ParOldGen       total 111616K, used 36967K [0x0000000088e00000, 0x000000008fb00000, 0x00000000d8500000)
  object space 111616K, 33% used [0x0000000088e00000,0x000000008b219c50,0x000000008fb00000)
 Metaspace       used 39374K, capacity 40284K, committed 40488K, reserved 1085440K
  class space    used 5122K, capacity 5317K, committed 5424K, reserved 1048576K

Deoptimization events (0 events):
No events

Classes redefined (0 events):
No events

Internal exceptions (10 events):
Event: 23.108 Thread 0x00007f2d88001000 Exception <a 'java/lang/ArrayIndexOutOfBoundsException'> (0x00000000e7c63fd8) thrown at [/HUDSON/workspace/8-2-build-linux-amd64/jdk8u161/10277/hotspot/src/share/vm/runtime/sharedRuntime.cpp, line 605]
Event: 23.109 Thread 0x00007f2d88001000 Exception <a 'java/lang/ArrayIndexOutOfBoundsException'> (0x00000000e7c667e8) thrown at [/HUDSON/workspace/8-2-build-linux-amd64/jdk8u161/10277/hotspot/src/share/vm/runtime/sharedRuntime.cpp, line 605]
Event: 23.110 Thread 0x00007f2d88001000 Exception <a 'java/lang/ArrayIndexOutOfBoundsException'> (0x00000000e7c6cfd8) thrown at [/HUDSON/workspace/8-2-build-linux-amd64/jdk8u161/10277/hotspot/src/share/vm/runtime/sharedRuntime.cpp, line 605]
Event: 23.233 Thread 0x00007f2d88001000 Exception <a 'java/lang/ArrayIndexOutOfBoundsException'> (0x00000000e8236058) thrown at [/HUDSON/workspace/8-2-build-linux-amd64/jdk8u161/10277/hotspot/src/share/vm/runtime/sharedRuntime.cpp, line 605]
Event: 23.234 Thread 0x00007f2d88001000 Exception <a 'java/lang/ArrayIndexOutOfBoundsException'> (0x00000000e8239af8) thrown at [/HUDSON/workspace/8-2-build-linux-amd64/jdk8u161/10277/hotspot/src/share/vm/runtime/sharedRuntime.cpp, line 605]
Event: 23.235 Thread 0x00007f2d88001000 Exception <a 'java/lang/ArrayIndexOutOfBoundsException'> (0x00000000e823d608) thrown at [/HUDSON/workspace/8-2-build-linux-amd64/jdk8u161/10277/hotspot/src/share/vm/runtime/sharedRuntime.cpp, line 605]
Event: 23.251 Thread 0x00007f2d88001000 Exception <a 'java/lang/ArrayIndexOutOfBoundsException'> (0x00000000e837abf0) thrown at [/HUDSON/workspace/8-2-build-linux-amd64/jdk8u161/10277/hotspot/src/share/vm/runtime/sharedRuntime.cpp, line 605]
Event: 23.252 Thread 0x00007f2d88001000 Exception <a 'java/lang/ArrayIndexOutOfBoundsException'> (0x00000000e837cfb0) thrown at [/HUDSON/workspace/8-2-build-linux-amd64/jdk8u161/10277/hotspot/src/share/vm/runtime/sharedRuntime.cpp, line 605]
Event: 23.253 Thread 0x00007f2d88001000 Exception <a 'java/lang/ArrayIndexOutOfBoundsException'> (0x00000000e8381880) thrown at [/HUDSON/workspace/8-2-build-linux-amd64/jdk8u161/10277/hotspot/src/share/vm/runtime/sharedRuntime.cpp, line 605]
Event: 23.256 Thread 0x00007f2d88001000 Exception <a 'java/lang/ArrayIndexOutOfBoundsException'> (0x00000000e83838b0) thrown at [/HUDSON/workspace/8-2-build-linux-amd64/jdk8u161/10277/hotspot/src/share/vm/runtime/sharedRuntime.cpp, line 605]

Events (10 events):
Event: 83.356 loading class java/net/SocketTimeoutException
Event: 83.356 loading class java/io/InterruptedIOException
Event: 83.356 loading class java/io/InterruptedIOException done
Event: 83.356 loading class java/net/SocketTimeoutException done
Event: 83.357 Thread 0x00007f2d88005000 Thread added: 0x00007f2d88005000
Event: 83.357 Executing VM operation: RevokeBias
Event: 83.357 Executing VM operation: RevokeBias done
Event: 83.357 Executing VM operation: RevokeBias
Event: 83.357 Executing VM operation: RevokeBias done
Event: 154.870 Executing VM operation: ParallelGCFailedAllocation


Dynamic libraries:
00400000-00401000 r-xp 00000000 08:05 11930299                           /usr/lib/jvm/java-8-oracle/bin/java
00600000-00601000 rw-p 00000000 08:05 11930299                           /usr/lib/jvm/java-8-oracle/bin/java
00ebb000-00edc000 rw-p 00000000 00:00 0                                  [heap]
88e00000-8fb00000 rw-p 00000000 00:00 0 
8fb00000-d8500000 ---p 00000000 00:00 0 
d8500000-eed80000 rw-p 00000000 00:00 0 
f4680000-100000000 ---p 00000000 00:00 0 
100000000-10054c000 rw-p 00000000 00:00 0 
10054c000-140000000 ---p 00000000 00:00 0 
7f2d80000000-7f2d80021000 rw-p 00000000 00:00 0 
7f2d80021000-7f2d84000000 ---p 00000000 00:00 0 
7f2d84000000-7f2d84021000 rw-p 00000000 00:00 0 
7f2d84021000-7f2d88000000 ---p 00000000 00:00 0 
7f2d88000000-7f2d88021000 rw-p 00000000 00:00 0 
7f2d88021000-7f2d8c000000 ---p 00000000 00:00 0 
7f2d8f7fc000-7f2d8f83c000 rw-p 00000000 00:00 0 
7f2d8f83c000-7f2d8f9fc000 ---p 00000000 00:00 0 
7f2d8f9fc000-7f2d8fbfc000 rw-p 00000000 00:00 0 
7f2d8fbfc000-7f2d8fbff000 ---p 00000000 00:00 0 
7f2d8fbff000-7f2d8fcfd000 rw-p 00000000 00:00 0 
7f2d8fcfd000-7f2d8fd00000 ---p 00000000 00:00 0 
7f2d8fd00000-7f2d8fdfe000 rw-p 00000000 00:00 0 
7f2d8fdfe000-7f2d8fe01000 ---p 00000000 00:00 0 
7f2d8fe01000-7f2d8feff000 rw-p 00000000 00:00 0 
7f2d8feff000-7f2d8ff02000 ---p 00000000 00:00 0 
7f2d8ff02000-7f2d90000000 rw-p 00000000 00:00 0 
7f2d90000000-7f2d90021000 rw-p 00000000 00:00 0 
7f2d90021000-7f2d94000000 ---p 00000000 00:00 0 
7f2d94000000-7f2d94021000 rw-p 00000000 00:00 0 
7f2d94021000-7f2d98000000 ---p 00000000 00:00 0 
7f2d98000000-7f2d98021000 rw-p 00000000 00:00 0 
7f2d98021000-7f2d9c000000 ---p 00000000 00:00 0 
7f2d9c000000-7f2d9c021000 rw-p 00000000 00:00 0 
7f2d9c021000-7f2da0000000 ---p 00000000 00:00 0 
7f2da0000000-7f2da0290000 rw-p 00000000 00:00 0 
7f2da0290000-7f2da4000000 ---p 00000000 00:00 0 
7f2da4000000-7f2da4021000 rw-p 00000000 00:00 0 
7f2da4021000-7f2da8000000 ---p 00000000 00:00 0 
7f2da8000000-7f2da829e000 rw-p 00000000 00:00 0 
7f2da829e000-7f2dac000000 ---p 00000000 00:00 0 
7f2dac000000-7f2dac021000 rw-p 00000000 00:00 0 
7f2dac021000-7f2db0000000 ---p 00000000 00:00 0 
7f2db0000000-7f2db0a04000 rw-p 00000000 00:00 0 
7f2db0a04000-7f2db4000000 ---p 00000000 00:00 0 
7f2db4000000-7f2db4222000 rw-p 00000000 00:00 0 
7f2db4222000-7f2db8000000 ---p 00000000 00:00 0 
7f2db8000000-7f2db8021000 rw-p 00000000 00:00 0 
7f2db8021000-7f2dbc000000 ---p 00000000 00:00 0 
7f2dbc000000-7f2dbc021000 rw-p 00000000 00:00 0 
7f2dbc021000-7f2dc0000000 ---p 00000000 00:00 0 
7f2dc0000000-7f2dc0021000 rw-p 00000000 00:00 0 
7f2dc0021000-7f2dc4000000 ---p 00000000 00:00 0 
7f2dc4000000-7f2dc4021000 rw-p 00000000 00:00 0 
7f2dc4021000-7f2dc8000000 ---p 00000000 00:00 0 
7f2dc8000000-7f2dc8021000 rw-p 00000000 00:00 0 
7f2dc8021000-7f2dcc000000 ---p 00000000 00:00 0 
7f2dcc000000-7f2dcc021000 rw-p 00000000 00:00 0 
7f2dcc021000-7f2dd0000000 ---p 00000000 00:00 0 
7f2dd00f8000-7f2dd00fb000 ---p 00000000 00:00 0 
7f2dd00fb000-7f2dd01f9000 rw-p 00000000 00:00 0 
7f2dd01f9000-7f2dd01fc000 ---p 00000000 00:00 0 
7f2dd01fc000-7f2dd02fa000 rw-p 00000000 00:00 0 
7f2dd02fa000-7f2dd02fd000 ---p 00000000 00:00 0 
7f2dd02fd000-7f2dd05fb000 rw-p 00000000 00:00 0 
7f2dd05fb000-7f2dd05fe000 ---p 00000000 00:00 0 
7f2dd05fe000-7f2dd06fc000 rw-p 00000000 00:00 0 
7f2dd06fc000-7f2dd06ff000 ---p 00000000 00:00 0 
7f2dd06ff000-7f2dd09fb000 rw-p 00000000 00:00 0 
7f2dd09fb000-7f2dd09fd000 ---p 00000000 00:00 0 
7f2dd09fd000-7f2dd0a00000 ---p 00000000 00:00 0 
7f2dd0a00000-7f2dd0afe000 rw-p 00000000 00:00 0 
7f2dd0afe000-7f2dd0b01000 ---p 00000000 00:00 0 
7f2dd0b01000-7f2dd0dff000 rw-p 00000000 00:00 0 
7f2dd0dff000-7f2dd0fff000 rw-p 00000000 00:00 0 
7f2dd0fff000-7f2dd4000000 rw-p 00000000 00:00 0 
7f2dd4000000-7f2dd4021000 rw-p 00000000 00:00 0 
7f2dd4021000-7f2dd8000000 ---p 00000000 00:00 0 
7f2dd8000000-7f2dd87c6000 rw-p 00000000 00:00 0 
7f2dd87c6000-7f2ddc000000 ---p 00000000 00:00 0 
7f2ddc000000-7f2ddc021000 rw-p 00000000 00:00 0 
7f2ddc021000-7f2de0000000 ---p 00000000 00:00 0 
7f2de0000000-7f2de003e000 rw-p 00000000 00:00 0 
7f2de003e000-7f2de4000000 ---p 00000000 00:00 0 
7f2de4000000-7f2de4021000 rw-p 00000000 00:00 0 
7f2de4021000-7f2de8000000 ---p 00000000 00:00 0 
7f2de8000000-7f2de8021000 rw-p 00000000 00:00 0 
7f2de8021000-7f2dec000000 ---p 00000000 00:00 0 
7f2dec000000-7f2dec021000 rw-p 00000000 00:00 0 
7f2dec021000-7f2df0000000 ---p 00000000 00:00 0 
7f2df0000000-7f2df0290000 rw-p 00000000 00:00 0 
7f2df0290000-7f2df4000000 ---p 00000000 00:00 0 
7f2df4000000-7f2df4021000 rw-p 00000000 00:00 0 
7f2df4021000-7f2df8000000 ---p 00000000 00:00 0 
7f2df8065000-7f2df8068000 ---p 00000000 00:00 0 
7f2df8068000-7f2df8366000 rw-p 00000000 00:00 0 
7f2df8366000-7f2df8566000 rw-p 00000000 00:00 0 
7f2df8566000-7f2df8766000 rw-p 00000000 00:00 0 
7f2df8766000-7f2df8966000 rw-p 00000000 00:00 0 
7f2df8966000-7f2df8b66000 rw-p 00000000 00:00 0 
7f2df8b66000-7f2df8d66000 rw-p 00000000 00:00 0 
7f2df8d66000-7f2df8d69000 ---p 00000000 00:00 0 
7f2df8d69000-7f2df9067000 rw-p 00000000 00:00 0 
7f2df9067000-7f2df906a000 ---p 00000000 00:00 0 
7f2df906a000-7f2df9168000 rw-p 00000000 00:00 0 
7f2df9168000-7f2df916b000 ---p 00000000 00:00 0 
7f2df916b000-7f2df9269000 rw-p 00000000 00:00 0 
7f2df92c2000-7f2df92c7000 r--s 002f9000 08:05 12062869                   /usr/lib/jvm/java-8-oracle/jre/lib/charsets.jar
7f2df92c7000-7f2df92da000 r--s 00345000 08:05 12062875                   /usr/lib/jvm/java-8-oracle/jre/lib/resources.jar
7f2df92da000-7f2df94da000 rw-p 00000000 00:00 0 
7f2df94da000-7f2df94db000 ---p 00000000 00:00 0 
7f2df94db000-7f2df95db000 rw-p 00000000 00:00 0 
7f2df95db000-7f2df95de000 ---p 00000000 00:00 0 
7f2df95de000-7f2df96dc000 rw-p 00000000 00:00 0 
7f2df96dc000-7f2df96df000 ---p 00000000 00:00 0 
7f2df96df000-7f2df97dd000 rw-p 00000000 00:00 0 
7f2df97dd000-7f2df97e0000 ---p 00000000 00:00 0 
7f2df97e0000-7f2df98de000 rw-p 00000000 00:00 0 
7f2df98de000-7f2df98e3000 r--s 0009d000 08:05 12062876                   /usr/lib/jvm/java-8-oracle/jre/lib/jsse.jar
7f2df98e3000-7f2df98ee000 r--s 00069000 08:05 3290432                    /home/vishal/.m2/repository/ch/qos/logback/logback-core/1.1.9/logback-core-1.1.9.jar
7f2df98ee000-7f2df98f4000 r--s 00045000 08:05 3290427                    /home/vishal/.m2/repository/ch/qos/logback/logback-classic/1.1.9/logback-classic-1.1.9.jar
7f2df98f4000-7f2df9900000 r--s 00073000 08:05 3812981                    /home/vishal/.m2/repository/net/logstash/logback/logstash-logback-encoder/5.2/logstash-logback-encoder-5.2.jar
7f2df9900000-7f2df9901000 r--s 00000000 08:05 3812979                    /home/vishal/.m2/repository/io/jaegertracing/jaeger-tracerresolver/0.31.0/jaeger-tracerresolver-0.31.0.jar
7f2df9901000-7f2df9905000 r--s 0001b000 08:05 3812977                    /home/vishal/.m2/repository/io/jaegertracing/jaeger-core/0.31.0/jaeger-core-0.31.0.jar
7f2df9905000-7f2df9906000 r--s 00013000 08:05 3812975                    /home/vishal/.m2/repository/com/squareup/okio/okio/1.13.0/okio-1.13.0.jar
7f2df9906000-7f2df990c000 r--s 0005e000 08:05 3684213                    /home/vishal/.m2/repository/com/squareup/okhttp3/okhttp/3.9.0/okhttp-3.9.0.jar
7f2df990c000-7f2df9914000 r--s 00048000 08:05 3684211                    /home/vishal/.m2/repository/org/apache/httpcomponents/httpcore/4.4.6/httpcore-4.4.6.jar
7f2df9914000-7f2df991b000 r--s 0003f000 08:05 3684209                    /home/vishal/.m2/repository/commons-codec/commons-codec/1.10/commons-codec-1.10.jar
7f2df991b000-7f2df9928000 r--s 000a7000 08:05 3683928                    /home/vishal/.m2/repository/org/apache/httpcomponents/httpclient/4.5.2/httpclient-4.5.2.jar
7f2df9928000-7f2df992e000 r--s 00035000 08:05 3684205                    /home/vishal/.m2/repository/org/apache/thrift/libthrift/0.11.0/libthrift-0.11.0.jar
7f2df992e000-7f2df993d000 r--s 0009c000 08:05 3812973                    /home/vishal/.m2/repository/io/jaegertracing/jaeger-thrift/0.31.0/jaeger-thrift-0.31.0.jar
7f2df993d000-7f2df993e000 r--s 00000000 08:05 3812971                    /home/vishal/.m2/repository/io/jaegertracing/jaeger-client/0.31.0/jaeger-client-0.31.0.jar
7f2df993e000-7f2df9940000 r--s 0000d000 08:05 3812969                    /home/vishal/.m2/repository/io/prometheus/simpleclient/0.4.0/simpleclient-0.4.0.jar
7f2df9940000-7f2df9941000 r--s 00001000 08:05 3812967                    /home/vishal/.m2/repository/io/prometheus/simpleclient_common/0.4.0/simpleclient_common-0.4.0.jar
7f2df9941000-7f2df9943000 r--s 00005000 08:05 3812965                    /home/vishal/.m2/repository/io/micrometer/micrometer-registry-prometheus/1.0.6/micrometer-registry-prometheus-1.0.6.jar
7f2df9943000-7f2df9948000 r--s 0001e000 08:05 3812963                    /home/vishal/.m2/repository/io/micrometer/micrometer-spring-legacy/1.0.6/micrometer-spring-legacy-1.0.6.jar
7f2df9948000-7f2df994a000 r--s 00006000 08:05 3812961                    /home/vishal/.m2/repository/org/latencyutils/LatencyUtils/2.0.3/LatencyUtils-2.0.3.jar
7f2df994a000-7f2df994c000 r--s 0001b000 08:05 3812959                    /home/vishal/.m2/repository/org/hdrhistogram/HdrHistogram/2.1.10/HdrHistogram-2.1.10.jar
7f2df994c000-7f2df9954000 r--s 0004f000 08:05 3812957                    /home/vishal/.m2/repository/io/micrometer/micrometer-core/1.0.6/micrometer-core-1.0.6.jar
7f2df9954000-7f2df9956000 r--s 00003000 08:05 3684203                    /home/vishal/.m2/repository/io/opentracing/contrib/opentracing-spring-jaeger-starter/0.2.2/opentracing-spring-jaeger-starter-0.2.2.jar
7f2df9956000-7f2df9958000 r--s 00002000 08:05 3419167                    /home/vishal/.m2/repository/io/opentracing/opentracing-api/0.31.0/opentracing-api-0.31.0.jar
7f2df9958000-7f2df9959000 r--s 00000000 08:05 6172805                    /home/vishal/.m2/repository/org/springframework/boot/spring-boot-starter-aop/1.5.1.RELEASE/spring-boot-starter-aop-1.5.1.RELEASE.jar
7f2df9959000-7f2df995a000 r--s 00005000 08:05 3684199                    /home/vishal/.m2/repository/io/opentracing/contrib/opentracing-jdbc/0.0.9/opentracing-jdbc-0.0.9.jar
7f2df995a000-7f2df995b000 r--s 00001000 08:05 3549975                    /home/vishal/.m2/repository/io/opentracing/contrib/opentracing-spring-cloud-jdbc-starter/0.2.1/opentracing-spring-cloud-jdbc-starter-0.2.1.jar
7f2df995b000-7f2df995c000 r--s 00001000 08:05 3419165                    /home/vishal/.m2/repository/io/opentracing/opentracing-util/0.31.0/opentracing-util-0.31.0.jar
7f2df995c000-7f2df995d000 r--s 00002000 08:05 3419163                    /home/vishal/.m2/repository/io/opentracing/opentracing-noop/0.31.0/opentracing-noop-0.31.0.jar
7f2df995d000-7f2df995f000 r--s 00000000 08:05 3549973                    /home/vishal/.m2/repository/io/opentracing/contrib/opentracing-spring-tracer-configuration-starter/0.1.0/opentracing-spring-tracer-configuration-starter-0.1.0.jar
7f2df995f000-7f2df9960000 r--s 00001000 08:05 3549971                    /home/vishal/.m2/repository/io/opentracing/contrib/opentracing-tracerresolver/0.1.4/opentracing-tracerresolver-0.1.4.jar
7f2df9960000-7f2df9962000 r--s 00002000 08:05 3419161                    /home/vishal/.m2/repository/io/opentracing/contrib/opentracing-web-servlet-filter/0.1.0/opentracing-web-servlet-filter-0.1.0.jar
7f2df9962000-7f2df9963000 r--s 00004000 08:05 3419159                    /home/vishal/.m2/repository/io/opentracing/contrib/opentracing-spring-web/0.3.3/opentracing-spring-web-0.3.3.jar
7f2df9963000-7f2df9965000 r--s 00003000 08:05 3419157                    /home/vishal/.m2/repository/io/opentracing/contrib/opentracing-spring-web-starter/0.3.3/opentracing-spring-web-starter-0.3.3.jar
7f2df9965000-7f2df9975000 r--s 00076000 08:05 6041832                    /home/vishal/.m2/repository/org/springframework/boot/spring-boot-actuator/1.5.1.RELEASE/spring-boot-actuator-1.5.1.RELEASE.jar
7f2df9975000-7f2df9976000 r--s 00000000 08:05 5914964                    /home/vishal/.m2/repository/org/springframework/boot/spring-boot-starter-actuator/1.5.1.RELEASE/spring-boot-starter-actuator-1.5.1.RELEASE.jar
7f2df9976000-7f2df998f000 r--s 001af000 08:05 3419415                    /home/vishal/.m2/repository/org/aspectj/aspectjweaver/1.8.9/aspectjweaver-1.8.9.jar
7f2df998f000-7f2df9993000 r--s 0002f000 08:05 3419149                    /home/vishal/.m2/repository/commons-io/commons-io/2.5/commons-io-2.5.jar
7f2df9993000-7f2df9995000 r--s 001eb000 08:05 3419147                    /home/vishal/.m2/repository/org/xerial/snappy/snappy-java/1.1.7.1/snappy-java-1.1.7.1.jar
7f2df9995000-7f2df9998000 r--s 00058000 08:05 3419145                    /home/vishal/.m2/repository/org/lz4/lz4-java/1.4.1/lz4-java-1.4.1.jar
7f2df9998000-7f2df99b6000 r--s 00186000 08:05 3419143                    /home/vishal/.m2/repository/org/apache/kafka/kafka-clients/1.1.1/kafka-clients-1.1.1.jar
7f2df99b6000-7f2df99bb000 r--s 0001b000 08:05 3290406                    /home/vishal/.m2/repository/org/springframework/retry/spring-retry/1.2.0.RELEASE/spring-retry-1.2.0.RELEASE.jar
7f2df99bb000-7f2df99c4000 r--s 00055000 08:05 5787449                    /home/vishal/.m2/repository/org/springframework/spring-messaging/4.3.6.RELEASE/spring-messaging-4.3.6.RELEASE.jar
7f2df99c4000-7f2df99c9000 r--s 0001f000 08:05 3942415                    /home/vishal/.m2/repository/org/springframework/kafka/spring-kafka/1.1.2.RELEASE/spring-kafka-1.1.2.RELEASE.jar
7f2df99c9000-7f2df99ca000 r--s 00009000 08:05 5661001                    /home/vishal/.m2/repository/com/fasterxml/jackson/dataformat/jackson-dataformat-yaml/2.8.6/jackson-dataformat-yaml-2.8.6.jar
7f2df99ca000-7f2df99cf000 r--s 00046000 08:05 4073603                    /home/vishal/.m2/repository/org/apache/commons/commons-lang3/3.0/commons-lang3-3.0.jar
7f2df99cf000-7f2df99d1000 r--s 00004000 08:05 3942410                    /home/vishal/.m2/repository/org/egov/mdms-client/0.0.2-SNAPSHOT/mdms-client-0.0.2-SNAPSHOT.jar
7f2df99d1000-7f2df99d6000 r--s 00034000 08:05 3684215                    /home/vishal/.m2/repository/com/google/code/gson/gson/2.8.0/gson-2.8.0.jar
7f2df99d6000-7f2df99d8000 r--s 00009000 08:05 3289498                    /home/vishal/.m2/repository/org/slf4j/slf4j-api/1.7.22/slf4j-api-1.7.22.jar
7f2df99d8000-7f2df99da000 r--s 00012000 08:05 3419173                    /home/vishal/.m2/repository/net/minidev/accessors-smart/1.1/accessors-smart-1.1.jar
7f2df99da000-7f2df99dd000 r--s 0001b000 08:05 3419171                    /home/vishal/.m2/repository/net/minidev/json-smart/2.2.1/json-smart-2.2.1.jar
7f2df99dd000-7f2df99e2000 r--s 0002e000 08:05 3419169                    /home/vishal/.m2/repository/com/jayway/jsonpath/json-path/2.2.0/json-path-2.2.0.jar
7f2df99e2000-7f2df99f8000 r--s 000fb000 08:05 3942744                    /home/vishal/.m2/repository/org/springframework/spring-core/4.3.6.RELEASE/spring-core-4.3.6.RELEASE.jar
7f2df99f8000-7f2df9a17000 r--s 000df000 08:05 4335329                    /home/vishal/.m2/repository/org/springframework/boot/spring-boot-autoconfigure/1.5.1.RELEASE/spring-boot-autoconfigure-1.5.1.RELEASE.jar
7f2df9a17000-7f2df9a27000 r--s 00092000 08:05 3942747                    /home/vishal/.m2/repository/org/springframework/boot/spring-boot/1.5.1.RELEASE/spring-boot-1.5.1.RELEASE.jar
7f2df9a27000-7f2df9a2e000 r--s 0002e000 08:05 4873693                    /home/vishal/.m2/repository/org/springframework/boot/spring-boot-devtools/1.5.1.RELEASE/spring-boot-devtools-1.5.1.RELEASE.jar
7f2df9a2e000-7f2df9a43000 r--s 00145000 08:05 4736187                    /home/vishal/.m2/repository/org/projectlombok/lombok/1.16.12/lombok-1.16.12.jar
7f2df9a43000-7f2df9a48000 r--s 00041000 08:05 3942451                    /home/vishal/.m2/repository/commons-lang/commons-lang/2.6/commons-lang-2.6.jar
7f2df9a48000-7f2df9a4b000 r--s 0000b000 08:05 3028249                    /home/vishal/.m2/repository/com/fasterxml/jackson/core/jackson-annotations/2.8.0/jackson-annotations-2.8.0.jar
7f2df9a4b000-7f2df9a4d000 r--s 00004000 08:05 3028223                    /home/vishal/.m2/repository/org/egov/services/services-common/1.0.0/services-common-1.0.0.jar
7f2df9a4d000-7f2df9ae3000 r--s 0110a000 08:05 12193273                   /usr/lib/jvm/java-8-oracle/jre/lib/ext/jfxrt.jar
7f2df9ae3000-7f2df9af4000 r-xp 00000000 08:05 12193426                   /usr/lib/jvm/java-8-oracle/jre/lib/amd64/libnio.so
7f2df9af4000-7f2df9cf3000 ---p 00011000 08:05 12193426                   /usr/lib/jvm/java-8-oracle/jre/lib/amd64/libnio.so
7f2df9cf3000-7f2df9cf4000 rw-p 00010000 08:05 12193426                   /usr/lib/jvm/java-8-oracle/jre/lib/amd64/libnio.so
7f2df9cf4000-7f2df9d0a000 r-xp 00000000 08:05 12193423                   /usr/lib/jvm/java-8-oracle/jre/lib/amd64/libnet.so
7f2df9d0a000-7f2df9f0a000 ---p 00016000 08:05 12193423                   /usr/lib/jvm/java-8-oracle/jre/lib/amd64/libnet.so
7f2df9f0a000-7f2df9f0b000 rw-p 00016000 08:05 12193423                   /usr/lib/jvm/java-8-oracle/jre/lib/amd64/libnet.so
7f2df9f0b000-7f2df9f14000 r-xp 00000000 08:05 12193431                   /usr/lib/jvm/java-8-oracle/jre/lib/amd64/libmanagement.so
7f2df9f14000-7f2dfa113000 ---p 00009000 08:05 12193431                   /usr/lib/jvm/java-8-oracle/jre/lib/amd64/libmanagement.so
7f2dfa113000-7f2dfa114000 rw-p 00008000 08:05 12193431                   /usr/lib/jvm/java-8-oracle/jre/lib/amd64/libmanagement.so
7f2dfa114000-7f2dfa117000 ---p 00000000 00:00 0 
7f2dfa117000-7f2dfa215000 rw-p 00000000 00:00 0 
7f2dfa215000-7f2dfa218000 ---p 00000000 00:00 0 
7f2dfa218000-7f2dfa316000 rw-p 00000000 00:00 0 
7f2dfa316000-7f2dfa319000 ---p 00000000 00:00 0 
7f2dfa319000-7f2dfa417000 rw-p 00000000 00:00 0 
7f2dfa417000-7f2dfa41a000 ---p 00000000 00:00 0 
7f2dfa41a000-7f2dfa518000 rw-p 00000000 00:00 0 
7f2dfa518000-7f2dfa51b000 ---p 00000000 00:00 0 
7f2dfa51b000-7f2dfa619000 rw-p 00000000 00:00 0 
7f2dfa619000-7f2dfa8f1000 r--p 00000000 08:05 11798673                   /usr/lib/locale/locale-archive
7f2dfa8f1000-7f2dfa8f4000 ---p 00000000 00:00 0 
7f2dfa8f4000-7f2dfa9f2000 rw-p 00000000 00:00 0 
7f2dfa9f2000-7f2dfa9f5000 ---p 00000000 00:00 0 
7f2dfa9f5000-7f2dfaaf3000 rw-p 00000000 00:00 0 
7f2dfaaf3000-7f2dfaaf4000 ---p 00000000 00:00 0 
7f2dfaaf4000-7f2dfc000000 rw-p 00000000 00:00 0 
7f2dfc000000-7f2dfc021000 rw-p 00000000 00:00 0 
7f2dfc021000-7f2e00000000 ---p 00000000 00:00 0 
7f2e00000000-7f2e00007000 r--s 0009f000 08:05 3942441                    /home/vishal/.m2/repository/org/postgresql/postgresql/9.4.1212.jre7/postgresql-9.4.1212.jre7.jar
7f2e00007000-7f2e0000f000 r--s 00040000 08:05 4073896                    /home/vishal/.m2/repository/org/flywaydb/flyway-core/3.2.1/flyway-core-3.2.1.jar
7f2e0000f000-7f2e00017000 r--s 0003a000 08:05 3942752                    /home/vishal/.m2/repository/org/springframework/spring-tx/4.3.6.RELEASE/spring-tx-4.3.6.RELEASE.jar
7f2e00017000-7f2e00021000 r--s 0005f000 08:05 5256145                    /home/vishal/.m2/repository/org/springframework/spring-jdbc/4.3.6.RELEASE/spring-jdbc-4.3.6.RELEASE.jar
7f2e00021000-7f2e00024000 r--s 00020000 08:05 4993866                    /home/vishal/.m2/repository/org/apache/tomcat/tomcat-jdbc/8.5.11/tomcat-jdbc-8.5.11.jar
7f2e00024000-7f2e00029000 r--s 0003c000 08:05 4335327                    /home/vishal/.m2/repository/org/springframework/spring-expression/4.3.6.RELEASE/spring-expression-4.3.6.RELEASE.jar
7f2e00029000-7f2e0003a000 r--s 000cf000 08:05 4736185                    /home/vishal/.m2/repository/org/springframework/spring-webmvc/4.3.6.RELEASE/spring-webmvc-4.3.6.RELEASE.jar
7f2e0003a000-7f2e00053000 r--s 000fd000 08:05 3942746                    /home/vishal/.m2/repository/org/springframework/spring-context/4.3.6.RELEASE/spring-context-4.3.6.RELEASE.jar
7f2e00053000-7f2e00061000 r--s 000ad000 08:05 4206407                    /home/vishal/.m2/repository/org/springframework/spring-beans/4.3.6.RELEASE/spring-beans-4.3.6.RELEASE.jar
7f2e00061000-7f2e00073000 r--s 000b6000 08:05 4736189                    /home/vishal/.m2/repository/org/springframework/spring-web/4.3.6.RELEASE/spring-web-4.3.6.RELEASE.jar
7f2e00073000-7f2e00084000 r--s 0011d000 08:05 3290618                    /home/vishal/.m2/repository/com/fasterxml/jackson/core/jackson-databind/2.8.6/jackson-databind-2.8.6.jar
7f2e00084000-7f2e00095000 r--s 000a1000 08:05 3290624                    /home/vishal/.m2/repository/org/hibernate/hibernate-validator/5.3.4.Final/hibernate-validator-5.3.4.Final.jar
7f2e00095000-7f2e00297000 rw-p 00000000 00:00 0 
7f2e00297000-7f2e00470000 r--s 03d64000 08:05 12062871                   /usr/lib/jvm/java-8-oracle/jre/lib/rt.jar
7f2e00470000-7f2e04000000 rw-p 00000000 00:00 0 
7f2e04000000-7f2e04021000 rw-p 00000000 00:00 0 
7f2e04021000-7f2e08000000 ---p 00000000 00:00 0 
7f2e08000000-7f2e08001000 r--s 0000f000 08:05 4073898                    /home/vishal/.m2/repository/org/json/json/20140107/json-20140107.jar
7f2e08001000-7f2e0800a000 r--s 00054000 08:05 4206411                    /home/vishal/.m2/repository/org/springframework/spring-aop/4.3.6.RELEASE/spring-aop-4.3.6.RELEASE.jar
7f2e0800a000-7f2e08033000 r--s 002b8000 08:05 4473100                    /home/vishal/.m2/repository/org/apache/tomcat/embed/tomcat-embed-core/8.5.11/tomcat-embed-core-8.5.11.jar
7f2e08033000-7f2e085c6000 rw-p 00000000 00:00 0 
7f2e085c6000-7f2e085c7000 ---p 00000000 00:00 0 
7f2e085c7000-7f2e086c7000 rw-p 00000000 00:00 0 
7f2e086c7000-7f2e086c8000 ---p 00000000 00:00 0 
7f2e086c8000-7f2e087c8000 rw-p 00000000 00:00 0 
7f2e087c8000-7f2e087c9000 ---p 00000000 00:00 0 
7f2e087c9000-7f2e088c9000 rw-p 00000000 00:00 0 
7f2e088c9000-7f2e088ca000 ---p 00000000 00:00 0 
7f2e088ca000-7f2e08a01000 rw-p 00000000 00:00 0 
7f2e08a01000-7f2e08c46000 ---p 00000000 00:00 0 
7f2e08c46000-7f2e08c7d000 rw-p 00000000 00:00 0 
7f2e08c7d000-7f2e08ec1000 ---p 00000000 00:00 0 
7f2e08ec1000-7f2e08f76000 rw-p 00000000 00:00 0 
7f2e08f76000-7f2e08fff000 ---p 00000000 00:00 0 
7f2e08fff000-7f2e09000000 rw-p 00000000 00:00 0 
7f2e09000000-7f2e09950000 rwxp 00000000 00:00 0 
7f2e09950000-7f2e18000000 ---p 00000000 00:00 0 
7f2e18000000-7f2e18ad1000 rw-p 00000000 00:00 0 
7f2e18ad1000-7f2e1c000000 ---p 00000000 00:00 0 
7f2e1c000000-7f2e1c001000 r--s 0000c000 08:05 3419175                    /home/vishal/.m2/repository/org/ow2/asm/asm/5.0.3/asm-5.0.3.jar
7f2e1c001000-7f2e1c005000 r--s 00041000 08:05 3290620                    /home/vishal/.m2/repository/com/fasterxml/jackson/core/jackson-core/2.8.6/jackson-core-2.8.6.jar
7f2e1c005000-7f2e1c09b000 rw-p 00000000 00:00 0 
7f2e1c09b000-7f2e1c435000 ---p 00000000 00:00 0 
7f2e1c435000-7f2e1c450000 r-xp 00000000 08:05 12193419                   /usr/lib/jvm/java-8-oracle/jre/lib/amd64/libzip.so
7f2e1c450000-7f2e1c650000 ---p 0001b000 08:05 12193419                   /usr/lib/jvm/java-8-oracle/jre/lib/amd64/libzip.so
7f2e1c650000-7f2e1c651000 rw-p 0001b000 08:05 12193419                   /usr/lib/jvm/java-8-oracle/jre/lib/amd64/libzip.so
7f2e1c651000-7f2e1c65c000 r-xp 00000000 08:05 10754530                   /lib/x86_64-linux-gnu/libnss_files-2.23.so
7f2e1c65c000-7f2e1c85b000 ---p 0000b000 08:05 10754530                   /lib/x86_64-linux-gnu/libnss_files-2.23.so
7f2e1c85b000-7f2e1c85c000 r--p 0000a000 08:05 10754530                   /lib/x86_64-linux-gnu/libnss_files-2.23.so
7f2e1c85c000-7f2e1c85d000 rw-p 0000b000 08:05 10754530                   /lib/x86_64-linux-gnu/libnss_files-2.23.so
7f2e1c85d000-7f2e1c863000 rw-p 00000000 00:00 0 
7f2e1c863000-7f2e1c86e000 r-xp 00000000 08:05 10754534                   /lib/x86_64-linux-gnu/libnss_nis-2.23.so
7f2e1c86e000-7f2e1ca6d000 ---p 0000b000 08:05 10754534                   /lib/x86_64-linux-gnu/libnss_nis-2.23.so
7f2e1ca6d000-7f2e1ca6e000 r--p 0000a000 08:05 10754534                   /lib/x86_64-linux-gnu/libnss_nis-2.23.so
7f2e1ca6e000-7f2e1ca6f000 rw-p 0000b000 08:05 10754534                   /lib/x86_64-linux-gnu/libnss_nis-2.23.so
7f2e1ca6f000-7f2e1ca85000 r-xp 00000000 08:05 10754514                   /lib/x86_64-linux-gnu/libnsl-2.23.so
7f2e1ca85000-7f2e1cc84000 ---p 00016000 08:05 10754514                   /lib/x86_64-linux-gnu/libnsl-2.23.so
7f2e1cc84000-7f2e1cc85000 r--p 00015000 08:05 10754514                   /lib/x86_64-linux-gnu/libnsl-2.23.so
7f2e1cc85000-7f2e1cc86000 rw-p 00016000 08:05 10754514                   /lib/x86_64-linux-gnu/libnsl-2.23.so
7f2e1cc86000-7f2e1cc88000 rw-p 00000000 00:00 0 
7f2e1cc88000-7f2e1cc90000 r-xp 00000000 08:05 10754525                   /lib/x86_64-linux-gnu/libnss_compat-2.23.so
7f2e1cc90000-7f2e1ce8f000 ---p 00008000 08:05 10754525                   /lib/x86_64-linux-gnu/libnss_compat-2.23.so
7f2e1ce8f000-7f2e1ce90000 r--p 00007000 08:05 10754525                   /lib/x86_64-linux-gnu/libnss_compat-2.23.so
7f2e1ce90000-7f2e1ce91000 rw-p 00008000 08:05 10754525                   /lib/x86_64-linux-gnu/libnss_compat-2.23.so
7f2e1ce91000-7f2e1cebc000 r-xp 00000000 08:05 12193413                   /usr/lib/jvm/java-8-oracle/jre/lib/amd64/libjava.so
7f2e1cebc000-7f2e1d0bb000 ---p 0002b000 08:05 12193413                   /usr/lib/jvm/java-8-oracle/jre/lib/amd64/libjava.so
7f2e1d0bb000-7f2e1d0bd000 rw-p 0002a000 08:05 12193413                   /usr/lib/jvm/java-8-oracle/jre/lib/amd64/libjava.so
7f2e1d0bd000-7f2e1d0ca000 r-xp 00000000 08:05 12193418                   /usr/lib/jvm/java-8-oracle/jre/lib/amd64/libverify.so
7f2e1d0ca000-7f2e1d2ca000 ---p 0000d000 08:05 12193418                   /usr/lib/jvm/java-8-oracle/jre/lib/amd64/libverify.so
7f2e1d2ca000-7f2e1d2cc000 rw-p 0000d000 08:05 12193418                   /usr/lib/jvm/java-8-oracle/jre/lib/amd64/libverify.so
7f2e1d2cc000-7f2e1d2d3000 r-xp 00000000 08:05 10754535                   /lib/x86_64-linux-gnu/librt-2.23.so
7f2e1d2d3000-7f2e1d4d2000 ---p 00007000 08:05 10754535                   /lib/x86_64-linux-gnu/librt-2.23.so
7f2e1d4d2000-7f2e1d4d3000 r--p 00006000 08:05 10754535                   /lib/x86_64-linux-gnu/librt-2.23.so
7f2e1d4d3000-7f2e1d4d4000 rw-p 00007000 08:05 10754535                   /lib/x86_64-linux-gnu/librt-2.23.so
7f2e1d4d4000-7f2e1d5dc000 r-xp 00000000 08:05 10754512                   /lib/x86_64-linux-gnu/libm-2.23.so
7f2e1d5dc000-7f2e1d7db000 ---p 00108000 08:05 10754512                   /lib/x86_64-linux-gnu/libm-2.23.so
7f2e1d7db000-7f2e1d7dc000 r--p 00107000 08:05 10754512                   /lib/x86_64-linux-gnu/libm-2.23.so
7f2e1d7dc000-7f2e1d7dd000 rw-p 00108000 08:05 10754512                   /lib/x86_64-linux-gnu/libm-2.23.so
7f2e1d7dd000-7f2e1e4b6000 r-xp 00000000 08:05 12193396                   /usr/lib/jvm/java-8-oracle/jre/lib/amd64/server/libjvm.so
7f2e1e4b6000-7f2e1e6b5000 ---p 00cd9000 08:05 12193396                   /usr/lib/jvm/java-8-oracle/jre/lib/amd64/server/libjvm.so
7f2e1e6b5000-7f2e1e78e000 rw-p 00cd8000 08:05 12193396                   /usr/lib/jvm/java-8-oracle/jre/lib/amd64/server/libjvm.so
7f2e1e78e000-7f2e1e7da000 rw-p 00000000 00:00 0 
7f2e1e7da000-7f2e1e99a000 r-xp 00000000 08:05 10754517                   /lib/x86_64-linux-gnu/libc-2.23.so
7f2e1e99a000-7f2e1eb9a000 ---p 001c0000 08:05 10754517                   /lib/x86_64-linux-gnu/libc-2.23.so
7f2e1eb9a000-7f2e1eb9e000 r--p 001c0000 08:05 10754517                   /lib/x86_64-linux-gnu/libc-2.23.so
7f2e1eb9e000-7f2e1eba0000 rw-p 001c4000 08:05 10754517                   /lib/x86_64-linux-gnu/libc-2.23.so
7f2e1eba0000-7f2e1eba4000 rw-p 00000000 00:00 0 
7f2e1eba4000-7f2e1eba7000 r-xp 00000000 08:05 10754519                   /lib/x86_64-linux-gnu/libdl-2.23.so
7f2e1eba7000-7f2e1eda6000 ---p 00003000 08:05 10754519                   /lib/x86_64-linux-gnu/libdl-2.23.so
7f2e1eda6000-7f2e1eda7000 r--p 00002000 08:05 10754519                   /lib/x86_64-linux-gnu/libdl-2.23.so
7f2e1eda7000-7f2e1eda8000 rw-p 00003000 08:05 10754519                   /lib/x86_64-linux-gnu/libdl-2.23.so
7f2e1eda8000-7f2e1edbe000 r-xp 00000000 08:05 12062251                   /usr/lib/jvm/java-8-oracle/lib/amd64/jli/libjli.so
7f2e1edbe000-7f2e1efbd000 ---p 00016000 08:05 12062251                   /usr/lib/jvm/java-8-oracle/lib/amd64/jli/libjli.so
7f2e1efbd000-7f2e1efbe000 rw-p 00015000 08:05 12062251                   /usr/lib/jvm/java-8-oracle/lib/amd64/jli/libjli.so
7f2e1efbe000-7f2e1efd6000 r-xp 00000000 08:05 10754516                   /lib/x86_64-linux-gnu/libpthread-2.23.so
7f2e1efd6000-7f2e1f1d5000 ---p 00018000 08:05 10754516                   /lib/x86_64-linux-gnu/libpthread-2.23.so
7f2e1f1d5000-7f2e1f1d6000 r--p 00017000 08:05 10754516                   /lib/x86_64-linux-gnu/libpthread-2.23.so
7f2e1f1d6000-7f2e1f1d7000 rw-p 00018000 08:05 10754516                   /lib/x86_64-linux-gnu/libpthread-2.23.so
7f2e1f1d7000-7f2e1f1db000 rw-p 00000000 00:00 0 
7f2e1f1db000-7f2e1f201000 r-xp 00000000 08:05 10754515                   /lib/x86_64-linux-gnu/ld-2.23.so
7f2e1f201000-7f2e1f203000 r--s 00009000 08:05 5256149                    /home/vishal/.m2/repository/org/apache/tomcat/tomcat-juli/8.5.11/tomcat-juli-8.5.11.jar
7f2e1f203000-7f2e1f204000 r--s 00000000 08:05 4993870                    /home/vishal/.m2/repository/org/springframework/boot/spring-boot-starter-jdbc/1.5.1.RELEASE/spring-boot-starter-jdbc-1.5.1.RELEASE.jar
7f2e1f204000-7f2e1f206000 r--s 0000e000 08:05 3290398                    /home/vishal/.m2/repository/com/fasterxml/classmate/1.3.3/classmate-1.3.3.jar
7f2e1f206000-7f2e1f208000 r--s 0000f000 08:05 3290610                    /home/vishal/.m2/repository/org/jboss/logging/jboss-logging/3.3.0.Final/jboss-logging-3.3.0.Final.jar
7f2e1f208000-7f2e1f20c000 r--s 0000c000 08:05 3290394                    /home/vishal/.m2/repository/javax/validation/validation-api/1.1.0.Final/validation-api-1.1.0.Final.jar
7f2e1f20c000-7f2e1f211000 r--s 00036000 08:05 4601706                    /home/vishal/.m2/repository/org/apache/tomcat/embed/tomcat-embed-websocket/8.5.11/tomcat-embed-websocket-8.5.11.jar
7f2e1f211000-7f2e1f2db000 rw-p 00000000 00:00 0 
7f2e1f2db000-7f2e1f2de000 ---p 00000000 00:00 0 
7f2e1f2de000-7f2e1f3e1000 rw-p 00000000 00:00 0 
7f2e1f3e1000-7f2e1f3e6000 r--s 00036000 08:05 4601710                    /home/vishal/.m2/repository/org/apache/tomcat/embed/tomcat-embed-el/8.5.11/tomcat-embed-el-8.5.11.jar
7f2e1f3e6000-7f2e1f3e7000 r--s 00000000 08:05 4335324                    /home/vishal/.m2/repository/org/springframework/boot/spring-boot-starter-tomcat/1.5.1.RELEASE/spring-boot-starter-tomcat-1.5.1.RELEASE.jar
7f2e1f3e7000-7f2e1f3ed000 r--s 0003d000 08:05 3028283                    /home/vishal/.m2/repository/org/yaml/snakeyaml/1.17/snakeyaml-1.17.jar
7f2e1f3ed000-7f2e1f3ef000 r--s 00004000 08:05 3290614                    /home/vishal/.m2/repository/org/slf4j/log4j-over-slf4j/1.7.22/log4j-over-slf4j-1.7.22.jar
7f2e1f3ef000-7f2e1f3f1000 r--s 00000000 08:05 3290612                    /home/vishal/.m2/repository/org/slf4j/jul-to-slf4j/1.7.22/jul-to-slf4j-1.7.22.jar
7f2e1f3f1000-7f2e1f3f3000 r--s 00003000 08:05 3290611                    /home/vishal/.m2/repository/org/slf4j/jcl-over-slf4j/1.7.22/jcl-over-slf4j-1.7.22.jar
7f2e1f3f3000-7f2e1f3f4000 r--s 00000000 08:05 4473099                    /home/vishal/.m2/repository/org/springframework/boot/spring-boot-starter-logging/1.5.1.RELEASE/spring-boot-starter-logging-1.5.1.RELEASE.jar
7f2e1f3f4000-7f2e1f3f5000 r--s 00000000 08:05 3813231                    /home/vishal/.m2/repository/org/springframework/boot/spring-boot-starter/1.5.1.RELEASE/spring-boot-starter-1.5.1.RELEASE.jar
7f2e1f3f5000-7f2e1f3f6000 r--s 00000000 08:05 3813224                    /home/vishal/.m2/repository/org/springframework/boot/spring-boot-starter-web/1.5.1.RELEASE/spring-boot-starter-web-1.5.1.RELEASE.jar
7f2e1f3f6000-7f2e1f3fe000 rw-s 00000000 08:05 12853358                   /tmp/hsperfdata_vishal/20204
7f2e1f3fe000-7f2e1f3ff000 rw-p 00000000 00:00 0 
7f2e1f3ff000-7f2e1f400000 ---p 00000000 00:00 0 
7f2e1f400000-7f2e1f401000 r--p 00025000 08:05 10754515                   /lib/x86_64-linux-gnu/ld-2.23.so
7f2e1f401000-7f2e1f402000 rw-p 00026000 08:05 10754515                   /lib/x86_64-linux-gnu/ld-2.23.so
7f2e1f402000-7f2e1f403000 rw-p 00000000 00:00 0 
7ffea7eb9000-7ffea7edd000 rw-p 00000000 00:00 0                          [stack]
7ffea7fde000-7ffea7fe1000 r--p 00000000 00:00 0                          [vvar]
7ffea7fe1000-7ffea7fe3000 r-xp 00000000 00:00 0                          [vdso]
ffffffffff600000-ffffffffff601000 r-xp 00000000 00:00 0                  [vsyscall]

VM Arguments:
jvm_args: -Dcom.sun.management.jmxremote -Dcom.sun.management.jmxremote.port=34955 -Dcom.sun.management.jmxremote.authenticate=false -Dcom.sun.management.jmxremote.ssl=false -Djava.rmi.server.hostname=localhost -Dspring.liveBeansView.mbeanDomain -Dspring.application.admin.enabled=true -Djava.security.egd=file:/dev/./urandom -Xverify:none -XX:TieredStopAtLevel=1 -Dfile.encoding=UTF-8 
java_command: org.egov.MsevaEventNotifApp
java_class_path (initial): /usr/lib/jvm/java-8-oracle/jre/lib/resources.jar:/usr/lib/jvm/java-8-oracle/jre/lib/rt.jar:/usr/lib/jvm/java-8-oracle/jre/lib/jsse.jar:/usr/lib/jvm/java-8-oracle/jre/lib/jce.jar:/usr/lib/jvm/java-8-oracle/jre/lib/charsets.jar:/usr/lib/jvm/java-8-oracle/jre/lib/jfr.jar:/usr/lib/jvm/java-8-oracle/jre/lib/ext/jaccess.jar:/usr/lib/jvm/java-8-oracle/jre/lib/ext/jfxrt.jar:/usr/lib/jvm/java-8-oracle/jre/lib/ext/zipfs.jar:/usr/lib/jvm/java-8-oracle/jre/lib/ext/nashorn.jar:/usr/lib/jvm/java-8-oracle/jre/lib/ext/sunjce_provider.jar:/usr/lib/jvm/java-8-oracle/jre/lib/ext/sunpkcs11.jar:/usr/lib/jvm/java-8-oracle/jre/lib/ext/dnsns.jar:/usr/lib/jvm/java-8-oracle/jre/lib/ext/sunec.jar:/usr/lib/jvm/java-8-oracle/jre/lib/ext/localedata.jar:/usr/lib/jvm/java-8-oracle/jre/lib/ext/cldrdata.jar:/home/vishal/git/mseva-notif/egov-services/rainmaker/mseva/event-notification/target/classes:/home/vishal/.m2/repository/org/springframework/boot/spring-boot-starter-web/1.5.1.RELEASE/spring-boot-starter-web-1.5.1.RELEASE.jar:/home/vishal/.m2/repository/org/springframework/boot/spring-boot-starter/1.5.1.RELEASE/spring-boot-starter-1.5.1.RELEASE.jar:/home/vishal/.m2/repository/org/springframework/boot/spring-boot-starter-logging/1.5.1.RELEASE/spring-boot-starter-logging-1.5.1.RELEASE.jar:/home/vishal/.m2/repository/org/slf4j/jcl-over-slf4j/1.7.22/jcl-over-slf4j-1.7.22.jar:/home/vishal/.m2/repository/org/slf4j/jul-to-slf4j/1.7.22/jul-to-slf4j-1.7.22.jar:/home/vishal/.m2/repository/org/slf4j/log4j-over-slf4j/1.7.22/log4j-over-slf4j-1.7.22.jar:/home/vishal/.m2/repository/org/yaml/snakeyaml/1.17/snakeyaml-1.17.jar:/home/vishal/.m2/repository/org/springframework/boot/spring-boot-starter-tomcat/1.5.1.RELEASE/spring-boot-starter-tomcat-1.5.1.RELEASE.jar:/home/vishal/.m2/repository/org/apache/tomcat/embed/tomcat-embed-core/8.5.11/tomcat-embed-core-8.5.11.jar:/home/vishal/.m2/repository/org/apache/tomcat/embed/tomcat-embed-el/8.5.11/tomcat-embed-el-8.5.11.jar:/home/vishal/.m2/r
Launcher Type: SUN_STANDARD

Environment Variables:
JAVA_HOME=/usr/lib/jvm/java-8-oracle
PATH=/home/vishal/bin:/home/vishal/.local/bin:/usr/local/sbin:/usr/local/bin:/usr/sbin:/usr/bin:/sbin:/bin:/usr/games:/usr/local/games:/snap/bin:/usr/lib/jvm/java-8-oracle/bin:/usr/lib/jvm/java-8-oracle/db/bin:/usr/lib/jvm/java-8-oracle/jre/bin
SHELL=/bin/bash
DISPLAY=:0

Signal Handlers:
SIGSEGV: [libjvm.so+0xad01e0], sa_mask[0]=11111111011111111101111111111110, sa_flags=SA_RESTART|SA_SIGINFO
SIGBUS: [libjvm.so+0xad01e0], sa_mask[0]=11111111011111111101111111111110, sa_flags=SA_RESTART|SA_SIGINFO
SIGFPE: [libjvm.so+0x927fb0], sa_mask[0]=11111111011111111101111111111110, sa_flags=SA_RESTART|SA_SIGINFO
SIGPIPE: [libjvm.so+0x927fb0], sa_mask[0]=11111111011111111101111111111110, sa_flags=SA_RESTART|SA_SIGINFO
SIGXFSZ: [libjvm.so+0x927fb0], sa_mask[0]=11111111011111111101111111111110, sa_flags=SA_RESTART|SA_SIGINFO
SIGILL: [libjvm.so+0x927fb0], sa_mask[0]=11111111011111111101111111111110, sa_flags=SA_RESTART|SA_SIGINFO
SIGUSR1: SIG_DFL, sa_mask[0]=00000000000000000000000000000000, sa_flags=none
SIGUSR2: [libjvm.so+0x9297f0], sa_mask[0]=00100000000000000000000000000000, sa_flags=SA_RESTART|SA_SIGINFO
SIGHUP: [libjvm.so+0x92abf0], sa_mask[0]=11111111011111111101111111111110, sa_flags=SA_RESTART|SA_SIGINFO
SIGINT: [libjvm.so+0x92abf0], sa_mask[0]=11111111011111111101111111111110, sa_flags=SA_RESTART|SA_SIGINFO
SIGTERM: [libjvm.so+0x92abf0], sa_mask[0]=11111111011111111101111111111110, sa_flags=SA_RESTART|SA_SIGINFO
SIGQUIT: [libjvm.so+0x92abf0], sa_mask[0]=11111111011111111101111111111110, sa_flags=SA_RESTART|SA_SIGINFO


---------------  S Y S T E M  ---------------

OS:DISTRIB_ID=Ubuntu
DISTRIB_RELEASE=16.04
DISTRIB_CODENAME=xenial
DISTRIB_DESCRIPTION="Ubuntu 16.04.4 LTS"

uname:Linux 4.15.0-50-generic #54~16.04.1-Ubuntu SMP Wed May 8 15:55:19 UTC 2019 x86_64
libc:glibc 2.23 NPTL 2.23 
rlimit: STACK 8192k, CORE 0k, NPROC 30257, NOFILE 1048576, AS infinity
load average:10.89 10.69 6.93

/proc/meminfo:
MemTotal:        7806460 kB
MemFree:          107396 kB
MemAvailable:      16448 kB
Buffers:            2168 kB
Cached:           307224 kB
SwapCached:         3236 kB
Active:          4308380 kB
Inactive:         734312 kB
Active(anon):    4293520 kB
Inactive(anon):   715488 kB
Active(file):      14860 kB
Inactive(file):    18824 kB
Unevictable:     2173876 kB
Mlocked:         2173876 kB
SwapTotal:       8020988 kB
SwapFree:           1100 kB
Dirty:               252 kB
Writeback:             0 kB
AnonPages:       6906532 kB
Mapped:            87048 kB
Shmem:            250700 kB
Slab:             148348 kB
SReclaimable:      55912 kB
SUnreclaim:        92436 kB
KernelStack:       30672 kB
PageTables:       162808 kB
NFS_Unstable:          0 kB
Bounce:                0 kB
WritebackTmp:          0 kB
CommitLimit:    11924216 kB
Committed_AS:   31120912 kB
VmallocTotal:   34359738367 kB
VmallocUsed:           0 kB
VmallocChunk:          0 kB
HardwareCorrupted:     0 kB
AnonHugePages:         0 kB
ShmemHugePages:        0 kB
ShmemPmdMapped:        0 kB
CmaTotal:              0 kB
CmaFree:               0 kB
HugePages_Total:       0
HugePages_Free:        0
HugePages_Rsvd:        0
HugePages_Surp:        0
Hugepagesize:       2048 kB
DirectMap4k:     1309188 kB
DirectMap2M:     5664768 kB
DirectMap1G:     1048576 kB


CPU:total 4 (initial active 4) (2 cores per cpu, 2 threads per core) family 6 model 78 stepping 3, cmov, cx8, fxsr, mmx, sse, sse2, sse3, ssse3, sse4.1, sse4.2, popcnt, avx, avx2, aes, clmul, erms, rtm, 3dnowpref, lzcnt, ht, tsc, tscinvbit, bmi1, bmi2, adx

/proc/cpuinfo:
processor	: 0
vendor_id	: GenuineIntel
cpu family	: 6
model		: 78
model name	: Intel(R) Core(TM) i5-6300U CPU @ 2.40GHz
stepping	: 3
microcode	: 0xcc
cpu MHz		: 2800.000
cache size	: 3072 KB
physical id	: 0
siblings	: 4
core id		: 0
cpu cores	: 2
apicid		: 0
initial apicid	: 0
fpu		: yes
fpu_exception	: yes
cpuid level	: 22
wp		: yes
flags		: fpu vme de pse tsc msr pae mce cx8 apic sep mtrr pge mca cmov pat pse36 clflush dts acpi mmx fxsr sse sse2 ss ht tm pbe syscall nx pdpe1gb rdtscp lm constant_tsc art arch_perfmon pebs bts rep_good nopl xtopology nonstop_tsc cpuid aperfmperf tsc_known_freq pni pclmulqdq dtes64 monitor ds_cpl vmx smx est tm2 ssse3 sdbg fma cx16 xtpr pdcm pcid sse4_1 sse4_2 x2apic movbe popcnt tsc_deadline_timer aes xsave avx f16c rdrand lahf_lm abm 3dnowprefetch cpuid_fault epb invpcid_single pti ssbd ibrs ibpb stibp tpr_shadow vnmi flexpriority ept vpid fsgsbase tsc_adjust bmi1 hle avx2 smep bmi2 erms invpcid rtm mpx rdseed adx smap clflushopt intel_pt xsaveopt xsavec xgetbv1 xsaves dtherm ida arat pln pts hwp hwp_notify hwp_act_window hwp_epp md_clear flush_l1d
bugs		: cpu_meltdown spectre_v1 spectre_v2 spec_store_bypass l1tf mds
bogomips	: 4992.00
clflush size	: 64
cache_alignment	: 64
address sizes	: 39 bits physical, 48 bits virtual
power management:

processor	: 1
vendor_id	: GenuineIntel
cpu family	: 6
model		: 78
model name	: Intel(R) Core(TM) i5-6300U CPU @ 2.40GHz
stepping	: 3
microcode	: 0xcc
cpu MHz		: 2800.000
cache size	: 3072 KB
physical id	: 0
siblings	: 4
core id		: 1
cpu cores	: 2
apicid		: 2
initial apicid	: 2
fpu		: yes
fpu_exception	: yes
cpuid level	: 22
wp		: yes
flags		: fpu vme de pse tsc msr pae mce cx8 apic sep mtrr pge mca cmov pat pse36 clflush dts acpi mmx fxsr sse sse2 ss ht tm pbe syscall nx pdpe1gb rdtscp lm constant_tsc art arch_perfmon pebs bts rep_good nopl xtopology nonstop_tsc cpuid aperfmperf tsc_known_freq pni pclmulqdq dtes64 monitor ds_cpl vmx smx est tm2 ssse3 sdbg fma cx16 xtpr pdcm pcid sse4_1 sse4_2 x2apic movbe popcnt tsc_deadline_timer aes xsave avx f16c rdrand lahf_lm abm 3dnowprefetch cpuid_fault epb invpcid_single pti ssbd ibrs ibpb stibp tpr_shadow vnmi flexpriority ept vpid fsgsbase tsc_adjust bmi1 hle avx2 smep bmi2 erms invpcid rtm mpx rdseed adx smap clflushopt intel_pt xsaveopt xsavec xgetbv1 xsaves dtherm ida arat pln pts hwp hwp_notify hwp_act_window hwp_epp md_clear flush_l1d
bugs		: cpu_meltdown spectre_v1 spectre_v2 spec_store_bypass l1tf mds
bogomips	: 4992.00
clflush size	: 64
cache_alignment	: 64
address sizes	: 39 bits physical, 48 bits virtual
power management:

processor	: 2
vendor_id	: GenuineIntel
cpu family	: 6
model		: 78
model name	: Intel(R) Core(TM) i5-6300U CPU @ 2.40GHz
stepping	: 3
microcode	: 0xcc
cpu MHz		: 2799.999
cache size	: 3072 KB
physical id	: 0
siblings	: 4
core id		: 0
cpu cores	: 2
apicid		: 1
initial apicid	: 1
fpu		: yes
fpu_exception	: yes
cpuid level	: 22
wp		: yes
flags		: fpu vme de pse tsc msr pae mce cx8 apic sep mtrr pge mca cmov pat pse36 clflush dts acpi mmx fxsr sse sse2 ss ht tm pbe syscall nx pdpe1gb rdtscp lm constant_tsc art arch_perfmon pebs bts rep_good nopl xtopology nonstop_tsc cpuid aperfmperf tsc_known_freq pni pclmulqdq dtes64 monitor ds_cpl vmx smx est tm2 ssse3 sdbg fma cx16 xtpr pdcm pcid sse4_1 sse4_2 x2apic movbe popcnt tsc_deadline_timer aes xsave avx f16c rdrand lahf_lm abm 3dnowprefetch cpuid_fault epb invpcid_single pti ssbd ibrs ibpb stibp tpr_shadow vnmi flexpriority ept vpid fsgsbase tsc_adjust bmi1 hle avx2 smep bmi2 erms invpcid rtm mpx rdseed adx smap clflushopt intel_pt xsaveopt xsavec xgetbv1 xsaves dtherm ida arat pln pts hwp hwp_notify hwp_act_window hwp_epp md_clear flush_l1d
bugs		: cpu_meltdown spectre_v1 spectre_v2 spec_store_bypass l1tf mds
bogomips	: 4992.00
clflush size	: 64
cache_alignment	: 64
address sizes	: 39 bits physical, 48 bits virtual
power management:

processor	: 3
vendor_id	: GenuineIntel
cpu family	: 6
model		: 78
model name	: Intel(R) Core(TM) i5-6300U CPU @ 2.40GHz
stepping	: 3
microcode	: 0xcc
cpu MHz		: 2799.999
cache size	: 3072 KB
physical id	: 0
siblings	: 4
core id		: 1
cpu cores	: 2
apicid		: 3
initial apicid	: 3
fpu		: yes
fpu_exception	: yes
cpuid level	: 22
wp		: yes
flags		: fpu vme de pse tsc msr pae mce cx8 apic sep mtrr pge mca cmov pat pse36 clflush dts acpi mmx fxsr sse sse2 ss ht tm pbe syscall nx pdpe1gb rdtscp lm constant_tsc art arch_perfmon pebs bts rep_good nopl xtopology nonstop_tsc cpuid aperfmperf tsc_known_freq pni pclmulqdq dtes64 monitor ds_cpl vmx smx est tm2 ssse3 sdbg fma cx16 xtpr pdcm pcid sse4_1 sse4_2 x2apic movbe popcnt tsc_deadline_timer aes xsave avx f16c rdrand lahf_lm abm 3dnowprefetch cpuid_fault epb invpcid_single pti ssbd ibrs ibpb stibp tpr_shadow vnmi flexpriority ept vpid fsgsbase tsc_adjust bmi1 hle avx2 smep bmi2 erms invpcid rtm mpx rdseed adx smap clflushopt intel_pt xsaveopt xsavec xgetbv1 xsaves dtherm ida arat pln pts hwp hwp_notify hwp_act_window hwp_epp md_clear flush_l1d
bugs		: cpu_meltdown spectre_v1 spectre_v2 spec_store_bypass l1tf mds
bogomips	: 4992.00
clflush size	: 64
cache_alignment	: 64
address sizes	: 39 bits physical, 48 bits virtual
power management:



Memory: 4k page, physical 7806460k(119796k free), swap 8020988k(1164k free)

vm_info: Java HotSpot(TM) 64-Bit Server VM (25.161-b12) for linux-amd64 JRE (1.8.0_161-b12), built on Dec 19 2017 16:12:43 by "java_re" with gcc 4.3.0 20080428 (Red Hat 4.3.0-8)

time: Tue Jun 18 16:41:49 2019
elapsed time: 155 seconds (0d 0h 2m 35s)

