#
# There is insufficient memory for the Java Runtime Environment to continue.
# Native memory allocation (mmap) failed to map 136839168 bytes for committing reserved memory.
# Possible reasons:
#   The system is out of physical RAM or swap space
#   In 32 bit mode, the process size limit was hit
# Possible solutions:
#   Reduce memory load on the system
#   Increase physical memory or swap space
#   Check if swap backing store is full
#   Use 64 bit Java on a 64 bit OS
#   Decrease Java heap size (-Xmx/-Xms)
#   Decrease number of Java threads
#   Decrease Java thread stack sizes (-Xss)
#   Set larger code cache with -XX:ReservedCodeCacheSize=
# This output file may be truncated or incomplete.
#
#  Out of Memory Error (os_linux.cpp:2640), pid=12859, tid=0x00007f3e22b45700
#
# JRE version: Java(TM) SE Runtime Environment (8.0_161-b12) (build 1.8.0_161-b12)
# Java VM: Java HotSpot(TM) 64-Bit Server VM (25.161-b12 mixed mode linux-amd64 compressed oops)
# Failed to write core dump. Core dumps have been disabled. To enable core dumping, try "ulimit -c unlimited" before starting Java again
#

---------------  T H R E A D  ---------------

Current thread (0x00007f3e4807e800):  VMThread [stack: 0x00007f3e22a45000,0x00007f3e22b46000] [id=12869]

Stack: [0x00007f3e22a45000,0x00007f3e22b46000],  sp=0x00007f3e22b43fa0,  free space=1019k
Native frames: (J=compiled Java code, j=interpreted, Vv=VM code, C=native code)
V  [libjvm.so+0xacf94a]  VMError::report_and_die()+0x2ba
V  [libjvm.so+0x50050b]  report_vm_out_of_memory(char const*, int, unsigned long, VMErrorType, char const*)+0x8b
V  [libjvm.so+0x92b133]  os::Linux::commit_memory_impl(char*, unsigned long, bool)+0x103
V  [libjvm.so+0x92b5c9]  os::pd_commit_memory(char*, unsigned long, unsigned long, bool)+0x29
V  [libjvm.so+0x924c0a]  os::commit_memory(char*, unsigned long, unsigned long, bool)+0x2a
V  [libjvm.so+0x99ab53]  PSVirtualSpace::expand_by(unsigned long)+0x53
V  [libjvm.so+0x99bf58]  PSYoungGen::resize_generation(unsigned long, unsigned long)+0xf8
V  [libjvm.so+0x99b0b2]  PSYoungGen::resize(unsigned long, unsigned long)+0x22
V  [libjvm.so+0x99838b]  PSScavenge::invoke_no_policy()+0xf3b
V  [libjvm.so+0x998b11]  PSScavenge::invoke()+0x41
V  [libjvm.so+0x94f5a0]  ParallelScavengeHeap::failed_mem_allocate(unsigned long)+0x70
V  [libjvm.so+0xad13c7]  VM_ParallelGCFailedAllocation::doit()+0x97
V  [libjvm.so+0xad8ed5]  VM_Operation::evaluate()+0x55
V  [libjvm.so+0xad729a]  VMThread::evaluate_operation(VM_Operation*)+0xba
V  [libjvm.so+0xad761e]  VMThread::loop()+0x1ce
V  [libjvm.so+0xad7a90]  VMThread::run()+0x70
V  [libjvm.so+0x92da28]  java_start(Thread*)+0x108

VM_Operation (0x00007f3e004fa690): ParallelGCFailedAllocation, mode: safepoint, requested by thread 0x00007f3df8001000


---------------  P R O C E S S  ---------------

Java Threads: ( => current thread )
  0x00007f3df8001000 JavaThread "RMI TCP Connection(idle)" daemon [_thread_blocked, id=13063, stack(0x00007f3e003fb000,0x00007f3e004fc000)]
  0x00007f3df0001000 JavaThread "RMI TCP Connection(1)-127.0.0.1" daemon [_thread_blocked, id=13061, stack(0x00007f3e004fc000,0x00007f3e005fd000)]
  0x00007f3ddc001000 JavaThread "localhost-startStop-1" daemon [_thread_blocked, id=13054, stack(0x00007f3dceef1000,0x00007f3dceff2000)]
  0x00007f3de419a000 JavaThread "Tomcat-startStop-1" daemon [_thread_blocked, id=13053, stack(0x00007f3dcedf0000,0x00007f3dceef1000)]
  0x00007f3dec006800 JavaThread "restartedMain" [_thread_blocked, id=13050, stack(0x00007f3e008fe000,0x00007f3e009ff000)]
  0x00007f3dc4002800 JavaThread "Thread-8" [_thread_blocked, id=13045, stack(0x00007f3e20fae000,0x00007f3e210af000)]
  0x00007f3e487ec000 JavaThread "DestroyJavaVM" [_thread_blocked, id=12864, stack(0x00007f3e4f178000,0x00007f3e4f279000)]
  0x00007f3de0a9a800 JavaThread "Live Reload Server" daemon [_thread_in_native, id=12897, stack(0x00007f3dcfcff000,0x00007f3dcfe00000)]
  0x00007f3e486cf800 JavaThread "RMI TCP Accept-0" daemon [_thread_in_native, id=12879, stack(0x00007f3e213b0000,0x00007f3e214b1000)]
  0x00007f3e486b3800 JavaThread "RMI TCP Accept-41163" daemon [_thread_in_native, id=12878, stack(0x00007f3e214b1000,0x00007f3e215b2000)]
  0x00007f3e4869f000 JavaThread "RMI TCP Accept-0" daemon [_thread_in_native, id=12877, stack(0x00007f3e215b2000,0x00007f3e216b3000)]
  0x00007f3e480d1000 JavaThread "Service Thread" daemon [_thread_blocked, id=12876, stack(0x00007f3e22066000,0x00007f3e22167000)]
  0x00007f3e480c4000 JavaThread "C1 CompilerThread2" daemon [_thread_blocked, id=12875, stack(0x00007f3e22167000,0x00007f3e22268000)]
  0x00007f3e480c2000 JavaThread "C2 CompilerThread1" daemon [_thread_blocked, id=12874, stack(0x00007f3e22268000,0x00007f3e22369000)]
  0x00007f3e480bf000 JavaThread "C2 CompilerThread0" daemon [_thread_blocked, id=12873, stack(0x00007f3e22369000,0x00007f3e2246a000)]
  0x00007f3e480bd800 JavaThread "Signal Dispatcher" daemon [_thread_blocked, id=12872, stack(0x00007f3e2246a000,0x00007f3e2256b000)]
  0x00007f3e4808b000 JavaThread "Finalizer" daemon [_thread_blocked, id=12871, stack(0x00007f3e22843000,0x00007f3e22944000)]
  0x00007f3e48086000 JavaThread "Reference Handler" daemon [_thread_blocked, id=12870, stack(0x00007f3e22944000,0x00007f3e22a45000)]

Other Threads:
=>0x00007f3e4807e800 VMThread [stack: 0x00007f3e22a45000,0x00007f3e22b46000] [id=12869]
  0x00007f3e486d4000 WatcherThread [stack: 0x00007f3e212af000,0x00007f3e213b0000] [id=12880]

VM state:at safepoint (normal execution)

VM Mutex/Monitor currently owned by a thread:  ([mutex/lock_event])
[0x00007f3e4800cf50] Threads_lock - owner thread: 0x00007f3e4807e800
[0x00007f3e4800d450] Heap_lock - owner thread: 0x00007f3df8001000

Heap:
 PSYoungGen      total 492032K, used 22135K [0x00000000d8500000, 0x00000000f7d80000, 0x0000000100000000)
  eden space 467456K, 0% used [0x00000000d8500000,0x00000000d8500000,0x00000000f4d80000)
  from space 24576K, 90% used [0x00000000f6580000,0x00000000f7b1dee0,0x00000000f7d80000)
  to   space 7680K, 0% used [0x00000000f5500000,0x00000000f5500000,0x00000000f5c80000)
 ParOldGen       total 94208K, used 36704K [0x0000000088e00000, 0x000000008ea00000, 0x00000000d8500000)
  object space 94208K, 38% used [0x0000000088e00000,0x000000008b1d8008,0x000000008ea00000)
 Metaspace       used 43777K, capacity 44840K, committed 45056K, reserved 1089536K
  class space    used 5576K, capacity 5795K, committed 5888K, reserved 1048576K

Card table byte_map: [0x00007f3e38886000,0x00007f3e38c40000] byte_map_base: 0x00007f3e3843f000

Marking Bits: (ParMarkBitMap*) 0x00007f3e4e649920
 Begin Bits: [0x00007f3e24470000, 0x00007f3e26238000)
 End Bits:   [0x00007f3e26238000, 0x00007f3e28000000)

Polling page: 0x00007f3e4f29c000

CodeCache: size=245760Kb used=11564Kb max_used=11564Kb free=234195Kb
 bounds [0x00007f3e39000000, 0x00007f3e39b50000, 0x00007f3e48000000]
 total_blobs=6017 nmethods=5306 adapters=624
 compilation: enabled

Compilation events (10 events):
Event: 79.124 Thread 0x00007f3e480c4000 5414       1       java.util.Collections::singletonList (9 bytes)
Event: 79.124 Thread 0x00007f3e480c4000 nmethod 5414 0x00007f3e39b4bd10 code [0x00007f3e39b4be60, 0x00007f3e39b4bfb0]
Event: 79.124 Thread 0x00007f3e480c4000 5415       1       java.util.Collections$SingletonList::<init> (10 bytes)
Event: 79.124 Thread 0x00007f3e480c4000 nmethod 5415 0x00007f3e39b4c010 code [0x00007f3e39b4c160, 0x00007f3e39b4c290]
Event: 79.129 Thread 0x00007f3e480c4000 5418       1       java.util.concurrent.atomic.AtomicReference::<init> (10 bytes)
Event: 79.129 Thread 0x00007f3e480c4000 nmethod 5418 0x00007f3e39b4c310 code [0x00007f3e39b4c460, 0x00007f3e39b4c590]
Event: 79.156 Thread 0x00007f3e480c4000 5419       1       java.lang.invoke.MethodHandles$Lookup::getDirectMethodCommon (271 bytes)
Event: 79.158 Thread 0x00007f3e480c4000 nmethod 5419 0x00007f3e39b4c610 code [0x00007f3e39b4c860, 0x00007f3e39b4cfb8]
Event: 79.158 Thread 0x00007f3e480c4000 5420       1       java.lang.invoke.MethodHandles$Lookup::checkMethod (83 bytes)
Event: 79.158 Thread 0x00007f3e480c4000 nmethod 5420 0x00007f3e39b4d590 code [0x00007f3e39b4d700, 0x00007f3e39b4d938]

GC Heap History (10 events):
Event: 6.137 GC heap after
Heap after GC invocations=12 (full 1):
 PSYoungGen      total 353280K, used 17328K [0x00000000d8500000, 0x00000000f8600000, 0x0000000100000000)
  eden space 332800K, 0% used [0x00000000d8500000,0x00000000d8500000,0x00000000eca00000)
  from space 20480K, 84% used [0x00000000eca00000,0x00000000edaec340,0x00000000ede00000)
  to   space 22016K, 0% used [0x00000000f7080000,0x00000000f7080000,0x00000000f8600000)
 ParOldGen       total 51712K, used 32889K [0x0000000088e00000, 0x000000008c080000, 0x00000000d8500000)
  object space 51712K, 63% used [0x0000000088e00000,0x000000008ae1e648,0x000000008c080000)
 Metaspace       used 34648K, capacity 35418K, committed 35456K, reserved 1079296K
  class space    used 4502K, capacity 4702K, committed 4736K, reserved 1048576K
}
Event: 6.137 GC heap before
{Heap before GC invocations=13 (full 2):
 PSYoungGen      total 353280K, used 17328K [0x00000000d8500000, 0x00000000f8600000, 0x0000000100000000)
  eden space 332800K, 0% used [0x00000000d8500000,0x00000000d8500000,0x00000000eca00000)
  from space 20480K, 84% used [0x00000000eca00000,0x00000000edaec340,0x00000000ede00000)
  to   space 22016K, 0% used [0x00000000f7080000,0x00000000f7080000,0x00000000f8600000)
 ParOldGen       total 51712K, used 32889K [0x0000000088e00000, 0x000000008c080000, 0x00000000d8500000)
  object space 51712K, 63% used [0x0000000088e00000,0x000000008ae1e648,0x000000008c080000)
 Metaspace       used 34648K, capacity 35418K, committed 35456K, reserved 1079296K
  class space    used 4502K, capacity 4702K, committed 4736K, reserved 1048576K
Event: 6.248 GC heap after
Heap after GC invocations=13 (full 2):
 PSYoungGen      total 353280K, used 0K [0x00000000d8500000, 0x00000000f8600000, 0x0000000100000000)
  eden space 332800K, 0% used [0x00000000d8500000,0x00000000d8500000,0x00000000eca00000)
  from space 20480K, 0% used [0x00000000eca00000,0x00000000eca00000,0x00000000ede00000)
  to   space 22016K, 0% used [0x00000000f7080000,0x00000000f7080000,0x00000000f8600000)
 ParOldGen       total 94208K, used 39385K [0x0000000088e00000, 0x000000008ea00000, 0x00000000d8500000)
  object space 94208K, 41% used [0x0000000088e00000,0x000000008b476430,0x000000008ea00000)
 Metaspace       used 34645K, capacity 35412K, committed 35456K, reserved 1079296K
  class space    used 4501K, capacity 4701K, committed 4736K, reserved 1048576K
}
Event: 7.299 GC heap before
{Heap before GC invocations=14 (full 2):
 PSYoungGen      total 353280K, used 332800K [0x00000000d8500000, 0x00000000f8600000, 0x0000000100000000)
  eden space 332800K, 100% used [0x00000000d8500000,0x00000000eca00000,0x00000000eca00000)
  from space 20480K, 0% used [0x00000000eca00000,0x00000000eca00000,0x00000000ede00000)
  to   space 22016K, 0% used [0x00000000f7080000,0x00000000f7080000,0x00000000f8600000)
 ParOldGen       total 94208K, used 39385K [0x0000000088e00000, 0x000000008ea00000, 0x00000000d8500000)
  object space 94208K, 41% used [0x0000000088e00000,0x000000008b476430,0x000000008ea00000)
 Metaspace       used 37655K, capacity 38438K, committed 38656K, reserved 1083392K
  class space    used 4843K, capacity 5044K, committed 5120K, reserved 1048576K
Event: 7.318 GC heap after
Heap after GC invocations=14 (full 2):
 PSYoungGen      total 489472K, used 21982K [0x00000000d8500000, 0x00000000f8600000, 0x0000000100000000)
  eden space 467456K, 0% used [0x00000000d8500000,0x00000000d8500000,0x00000000f4d80000)
  from space 22016K, 99% used [0x00000000f7080000,0x00000000f85f7820,0x00000000f8600000)
  to   space 25088K, 0% used [0x00000000f5500000,0x00000000f5500000,0x00000000f6d80000)
 ParOldGen       total 94208K, used 39385K [0x0000000088e00000, 0x000000008ea00000, 0x00000000d8500000)
  object space 94208K, 41% used [0x0000000088e00000,0x000000008b476430,0x000000008ea00000)
 Metaspace       used 37655K, capacity 38438K, committed 38656K, reserved 1083392K
  class space    used 4843K, capacity 5044K, committed 5120K, reserved 1048576K
}
Event: 77.037 GC heap before
{Heap before GC invocations=15 (full 2):
 PSYoungGen      total 489472K, used 168309K [0x00000000d8500000, 0x00000000f8600000, 0x0000000100000000)
  eden space 467456K, 31% used [0x00000000d8500000,0x00000000e13e5df8,0x00000000f4d80000)
  from space 22016K, 99% used [0x00000000f7080000,0x00000000f85f7820,0x00000000f8600000)
  to   space 25088K, 0% used [0x00000000f5500000,0x00000000f5500000,0x00000000f6d80000)
 ParOldGen       total 94208K, used 39385K [0x0000000088e00000, 0x000000008ea00000, 0x00000000d8500000)
  object space 94208K, 41% used [0x0000000088e00000,0x000000008b476430,0x000000008ea00000)
 Metaspace       used 43510K, capacity 44440K, committed 44672K, reserved 1087488K
  class space    used 5539K, capacity 5744K, committed 5760K, reserved 1048576K
Event: 77.053 GC heap after
Heap after GC invocations=15 (full 2):
 PSYoungGen      total 475136K, used 7452K [0x00000000d8500000, 0x00000000f7d80000, 0x0000000100000000)
  eden space 467456K, 0% used [0x00000000d8500000,0x00000000d8500000,0x00000000f4d80000)
  from space 7680K, 97% used [0x00000000f5500000,0x00000000f5c471a8,0x00000000f5c80000)
  to   space 24576K, 0% used [0x00000000f6580000,0x00000000f6580000,0x00000000f7d80000)
 ParOldGen       total 94208K, used 45717K [0x0000000088e00000, 0x000000008ea00000, 0x00000000d8500000)
  object space 94208K, 48% used [0x0000000088e00000,0x000000008baa5470,0x000000008ea00000)
 Metaspace       used 43510K, capacity 44440K, committed 44672K, reserved 1087488K
  class space    used 5539K, capacity 5744K, committed 5760K, reserved 1048576K
}
Event: 77.053 GC heap before
{Heap before GC invocations=16 (full 3):
 PSYoungGen      total 475136K, used 7452K [0x00000000d8500000, 0x00000000f7d80000, 0x0000000100000000)
  eden space 467456K, 0% used [0x00000000d8500000,0x00000000d8500000,0x00000000f4d80000)
  from space 7680K, 97% used [0x00000000f5500000,0x00000000f5c471a8,0x00000000f5c80000)
  to   space 24576K, 0% used [0x00000000f6580000,0x00000000f6580000,0x00000000f7d80000)
 ParOldGen       total 94208K, used 45717K [0x0000000088e00000, 0x000000008ea00000, 0x00000000d8500000)
  object space 94208K, 48% used [0x0000000088e00000,0x000000008baa5470,0x000000008ea00000)
 Metaspace       used 43510K, capacity 44440K, committed 44672K, reserved 1087488K
  class space    used 5539K, capacity 5744K, committed 5760K, reserved 1048576K
Event: 77.256 GC heap after
Heap after GC invocations=16 (full 3):
 PSYoungGen      total 475136K, used 0K [0x00000000d8500000, 0x00000000f7d80000, 0x0000000100000000)
  eden space 467456K, 0% used [0x00000000d8500000,0x00000000d8500000,0x00000000f4d80000)
  from space 7680K, 0% used [0x00000000f5500000,0x00000000f5500000,0x00000000f5c80000)
  to   space 24576K, 0% used [0x00000000f6580000,0x00000000f6580000,0x00000000f7d80000)
 ParOldGen       total 94208K, used 36696K [0x0000000088e00000, 0x000000008ea00000, 0x00000000d8500000)
  object space 94208K, 38% used [0x0000000088e00000,0x000000008b1d6008,0x000000008ea00000)
 Metaspace       used 43510K, capacity 44440K, committed 44672K, reserved 1087488K
  class space    used 5539K, capacity 5744K, committed 5760K, reserved 1048576K
}
Event: 79.182 GC heap before
{Heap before GC invocations=17 (full 3):
 PSYoungGen      total 475136K, used 467456K [0x00000000d8500000, 0x00000000f7d80000, 0x0000000100000000)
  eden space 467456K, 100% used [0x00000000d8500000,0x00000000f4d80000,0x00000000f4d80000)
  from space 7680K, 0% used [0x00000000f5500000,0x00000000f5500000,0x00000000f5c80000)
  to   space 24576K, 0% used [0x00000000f6580000,0x00000000f6580000,0x00000000f7d80000)
 ParOldGen       total 94208K, used 36696K [0x0000000088e00000, 0x000000008ea00000, 0x00000000d8500000)
  object space 94208K, 38% used [0x0000000088e00000,0x000000008b1d6008,0x000000008ea00000)
 Metaspace       used 43777K, capacity 44840K, committed 45056K, reserved 1089536K
  class space    used 5576K, capacity 5795K, committed 5888K, reserved 1048576K

Deoptimization events (0 events):
No events

Classes redefined (0 events):
No events

Internal exceptions (10 events):
Event: 78.720 Thread 0x00007f3ddc001000 Exception <a 'java/lang/ArrayIndexOutOfBoundsException'> (0x00000000ed2f8778) thrown at [/HUDSON/workspace/8-2-build-linux-amd64/jdk8u161/10277/hotspot/src/share/vm/runtime/sharedRuntime.cpp, line 605]
Event: 78.720 Thread 0x00007f3ddc001000 Exception <a 'java/lang/ArrayIndexOutOfBoundsException'> (0x00000000ed2fa6a0) thrown at [/HUDSON/workspace/8-2-build-linux-amd64/jdk8u161/10277/hotspot/src/share/vm/runtime/sharedRuntime.cpp, line 605]
Event: 78.738 Thread 0x00007f3ddc001000 Exception <a 'java/lang/ArrayIndexOutOfBoundsException'> (0x00000000ed853970) thrown at [/HUDSON/workspace/8-2-build-linux-amd64/jdk8u161/10277/hotspot/src/share/vm/runtime/sharedRuntime.cpp, line 605]
Event: 78.804 Thread 0x00007f3ddc001000 Exception <a 'java/lang/ArrayIndexOutOfBoundsException'> (0x00000000eec18548) thrown at [/HUDSON/workspace/8-2-build-linux-amd64/jdk8u161/10277/hotspot/src/share/vm/runtime/sharedRuntime.cpp, line 605]
Event: 78.804 Thread 0x00007f3ddc001000 Exception <a 'java/lang/ArrayIndexOutOfBoundsException'> (0x00000000eec1a820) thrown at [/HUDSON/workspace/8-2-build-linux-amd64/jdk8u161/10277/hotspot/src/share/vm/runtime/sharedRuntime.cpp, line 605]
Event: 78.804 Thread 0x00007f3ddc001000 Exception <a 'java/lang/ArrayIndexOutOfBoundsException'> (0x00000000eec1d420) thrown at [/HUDSON/workspace/8-2-build-linux-amd64/jdk8u161/10277/hotspot/src/share/vm/runtime/sharedRuntime.cpp, line 605]
Event: 78.804 Thread 0x00007f3ddc001000 Exception <a 'java/lang/ArrayIndexOutOfBoundsException'> (0x00000000eec20a28) thrown at [/HUDSON/workspace/8-2-build-linux-amd64/jdk8u161/10277/hotspot/src/share/vm/runtime/sharedRuntime.cpp, line 605]
Event: 78.804 Thread 0x00007f3ddc001000 Exception <a 'java/lang/ArrayIndexOutOfBoundsException'> (0x00000000eec23bb8) thrown at [/HUDSON/workspace/8-2-build-linux-amd64/jdk8u161/10277/hotspot/src/share/vm/runtime/sharedRuntime.cpp, line 605]
Event: 78.804 Thread 0x00007f3ddc001000 Exception <a 'java/lang/ArrayIndexOutOfBoundsException'> (0x00000000eec272b0) thrown at [/HUDSON/workspace/8-2-build-linux-amd64/jdk8u161/10277/hotspot/src/share/vm/runtime/sharedRuntime.cpp, line 605]
Event: 78.804 Thread 0x00007f3ddc001000 Exception <a 'java/lang/ArrayIndexOutOfBoundsException'> (0x00000000eec2acf8) thrown at [/HUDSON/workspace/8-2-build-linux-amd64/jdk8u161/10277/hotspot/src/share/vm/runtime/sharedRuntime.cpp, line 605]

Events (10 events):
Event: 79.168 loading class java/rmi/server/RMIClassLoader$1 done
Event: 79.168 loading class sun/rmi/server/LoaderHandler
Event: 79.172 loading class sun/rmi/server/LoaderHandler done
Event: 79.172 loading class sun/rmi/transport/DGCAckHandler
Event: 79.172 loading class sun/rmi/transport/DGCAckHandler done
Event: 79.178 loading class sun/rmi/transport/DGCAckHandler$1
Event: 79.179 loading class sun/rmi/transport/DGCAckHandler$1 done
Event: 79.179 loading class java/util/concurrent/ScheduledThreadPoolExecutor$ScheduledFutureTask
Event: 79.180 Thread 0x00007f3df8001000 Thread added: 0x00007f3df8001000
Event: 79.180 Executing VM operation: ParallelGCFailedAllocation


Dynamic libraries:
00400000-00401000 r-xp 00000000 08:05 11930299                           /usr/lib/jvm/java-8-oracle/bin/java
00600000-00601000 rw-p 00000000 08:05 11930299                           /usr/lib/jvm/java-8-oracle/bin/java
0084c000-0086d000 rw-p 00000000 00:00 0                                  [heap]
88e00000-8ea00000 rw-p 00000000 00:00 0 
8ea00000-d8500000 ---p 00000000 00:00 0 
d8500000-f7d80000 rw-p 00000000 00:00 0 
100000000-1005c0000 rw-p 00000000 00:00 0 
1005c0000-140000000 ---p 00000000 00:00 0 
7f3dac000000-7f3dac021000 rw-p 00000000 00:00 0 
7f3dac021000-7f3db0000000 ---p 00000000 00:00 0 
7f3db4000000-7f3db412a000 rw-p 00000000 00:00 0 
7f3db412a000-7f3db8000000 ---p 00000000 00:00 0 
7f3db8000000-7f3db8021000 rw-p 00000000 00:00 0 
7f3db8021000-7f3dbc000000 ---p 00000000 00:00 0 
7f3dbc000000-7f3dbc021000 rw-p 00000000 00:00 0 
7f3dbc021000-7f3dc0000000 ---p 00000000 00:00 0 
7f3dc0000000-7f3dc0021000 rw-p 00000000 00:00 0 
7f3dc0021000-7f3dc4000000 ---p 00000000 00:00 0 
7f3dc4000000-7f3dc4021000 rw-p 00000000 00:00 0 
7f3dc4021000-7f3dc8000000 ---p 00000000 00:00 0 
7f3dc8000000-7f3dc8021000 rw-p 00000000 00:00 0 
7f3dc8021000-7f3dcc000000 ---p 00000000 00:00 0 
7f3dce7f0000-7f3dce830000 rw-p 00000000 00:00 0 
7f3dce830000-7f3dce9f0000 ---p 00000000 00:00 0 
7f3dce9f0000-7f3dcebf0000 rw-p 00000000 00:00 0 
7f3dcebf0000-7f3dcedf0000 rw-p 00000000 00:00 0 
7f3dcedf0000-7f3dcedf3000 ---p 00000000 00:00 0 
7f3dcedf3000-7f3dceef1000 rw-p 00000000 00:00 0 
7f3dceef1000-7f3dceef4000 ---p 00000000 00:00 0 
7f3dceef4000-7f3dceff2000 rw-p 00000000 00:00 0 
7f3dceff2000-7f3dceff5000 ---p 00000000 00:00 0 
7f3dceff5000-7f3dcf0f3000 rw-p 00000000 00:00 0 
7f3dcf0f3000-7f3dcf0f6000 ---p 00000000 00:00 0 
7f3dcf0f6000-7f3dcf1f4000 rw-p 00000000 00:00 0 
7f3dcf1f4000-7f3dcf1f7000 ---p 00000000 00:00 0 
7f3dcf1f7000-7f3dcf2f5000 rw-p 00000000 00:00 0 
7f3dcf2f5000-7f3dcf2f8000 ---p 00000000 00:00 0 
7f3dcf2f8000-7f3dcf3f6000 rw-p 00000000 00:00 0 
7f3dcf3f6000-7f3dcf3f9000 ---p 00000000 00:00 0 
7f3dcf3f9000-7f3dcf4f7000 rw-p 00000000 00:00 0 
7f3dcf4f7000-7f3dcf4fa000 ---p 00000000 00:00 0 
7f3dcf4fa000-7f3dcf5f8000 rw-p 00000000 00:00 0 
7f3dcf5f8000-7f3dcf5fb000 ---p 00000000 00:00 0 
7f3dcf5fb000-7f3dcf6f9000 rw-p 00000000 00:00 0 
7f3dcf6f9000-7f3dcf6fc000 ---p 00000000 00:00 0 
7f3dcf6fc000-7f3dcf7fa000 rw-p 00000000 00:00 0 
7f3dcf7fa000-7f3dcf7fd000 ---p 00000000 00:00 0 
7f3dcf7fd000-7f3dcf8fb000 rw-p 00000000 00:00 0 
7f3dcf8fb000-7f3dcf8fe000 ---p 00000000 00:00 0 
7f3dcf8fe000-7f3dcf9fc000 rw-p 00000000 00:00 0 
7f3dcf9fc000-7f3dcf9ff000 ---p 00000000 00:00 0 
7f3dcf9ff000-7f3dcfafd000 rw-p 00000000 00:00 0 
7f3dcfafd000-7f3dcfb00000 ---p 00000000 00:00 0 
7f3dcfb00000-7f3dcfbfe000 rw-p 00000000 00:00 0 
7f3dcfbfe000-7f3dcfc01000 ---p 00000000 00:00 0 
7f3dcfc01000-7f3dcfcff000 rw-p 00000000 00:00 0 
7f3dcfcff000-7f3dcfd02000 ---p 00000000 00:00 0 
7f3dcfd02000-7f3dd0000000 rw-p 00000000 00:00 0 
7f3dd0000000-7f3dd029a000 rw-p 00000000 00:00 0 
7f3dd029a000-7f3dd4000000 ---p 00000000 00:00 0 
7f3dd4000000-7f3dd4021000 rw-p 00000000 00:00 0 
7f3dd4021000-7f3dd8000000 ---p 00000000 00:00 0 
7f3dd8000000-7f3dd8161000 rw-p 00000000 00:00 0 
7f3dd8161000-7f3ddc000000 ---p 00000000 00:00 0 
7f3ddc000000-7f3ddc021000 rw-p 00000000 00:00 0 
7f3ddc021000-7f3de0000000 ---p 00000000 00:00 0 
7f3de0000000-7f3de0bcf000 rw-p 00000000 00:00 0 
7f3de0bcf000-7f3de4000000 ---p 00000000 00:00 0 
7f3de4000000-7f3de4250000 rw-p 00000000 00:00 0 
7f3de4250000-7f3de8000000 ---p 00000000 00:00 0 
7f3de8000000-7f3de8021000 rw-p 00000000 00:00 0 
7f3de8021000-7f3dec000000 ---p 00000000 00:00 0 
7f3dec000000-7f3dec021000 rw-p 00000000 00:00 0 
7f3dec021000-7f3df0000000 ---p 00000000 00:00 0 
7f3df0000000-7f3df0021000 rw-p 00000000 00:00 0 
7f3df0021000-7f3df4000000 ---p 00000000 00:00 0 
7f3df4000000-7f3df4021000 rw-p 00000000 00:00 0 
7f3df4021000-7f3df8000000 ---p 00000000 00:00 0 
7f3df8000000-7f3df8021000 rw-p 00000000 00:00 0 
7f3df8021000-7f3dfc000000 ---p 00000000 00:00 0 
7f3dfc000000-7f3dfc021000 rw-p 00000000 00:00 0 
7f3dfc021000-7f3e00000000 ---p 00000000 00:00 0 
7f3e000fa000-7f3e000fd000 ---p 00000000 00:00 0 
7f3e000fd000-7f3e003fb000 rw-p 00000000 00:00 0 
7f3e003fb000-7f3e003fe000 ---p 00000000 00:00 0 
7f3e003fe000-7f3e004fc000 rw-p 00000000 00:00 0 
7f3e004fc000-7f3e004ff000 ---p 00000000 00:00 0 
7f3e004ff000-7f3e007fd000 rw-p 00000000 00:00 0 
7f3e007fd000-7f3e00800000 ---p 00000000 00:00 0 
7f3e00800000-7f3e008fe000 rw-p 00000000 00:00 0 
7f3e008fe000-7f3e00901000 ---p 00000000 00:00 0 
7f3e00901000-7f3e00bff000 rw-p 00000000 00:00 0 
7f3e00bff000-7f3e00dff000 rw-p 00000000 00:00 0 
7f3e00dff000-7f3e00fff000 rw-p 00000000 00:00 0 
7f3e00fff000-7f3e04000000 rw-p 00000000 00:00 0 
7f3e04000000-7f3e04021000 rw-p 00000000 00:00 0 
7f3e04021000-7f3e08000000 ---p 00000000 00:00 0 
7f3e08000000-7f3e08747000 rw-p 00000000 00:00 0 
7f3e08747000-7f3e0c000000 ---p 00000000 00:00 0 
7f3e0c000000-7f3e0c021000 rw-p 00000000 00:00 0 
7f3e0c021000-7f3e10000000 ---p 00000000 00:00 0 
7f3e10000000-7f3e1005e000 rw-p 00000000 00:00 0 
7f3e1005e000-7f3e14000000 ---p 00000000 00:00 0 
7f3e14000000-7f3e14021000 rw-p 00000000 00:00 0 
7f3e14021000-7f3e18000000 ---p 00000000 00:00 0 
7f3e18000000-7f3e18021000 rw-p 00000000 00:00 0 
7f3e18021000-7f3e1c000000 ---p 00000000 00:00 0 
7f3e1c000000-7f3e1c2a8000 rw-p 00000000 00:00 0 
7f3e1c2a8000-7f3e20000000 ---p 00000000 00:00 0 
7f3e20093000-7f3e20096000 ---p 00000000 00:00 0 
7f3e20096000-7f3e20394000 rw-p 00000000 00:00 0 
7f3e20394000-7f3e20594000 rw-p 00000000 00:00 0 
7f3e20594000-7f3e20794000 rw-p 00000000 00:00 0 
7f3e20794000-7f3e20994000 rw-p 00000000 00:00 0 
7f3e20994000-7f3e20b94000 rw-p 00000000 00:00 0 
7f3e20b94000-7f3e20b99000 r--s 002f9000 08:05 12062869                   /usr/lib/jvm/java-8-oracle/jre/lib/charsets.jar
7f3e20b99000-7f3e20b9c000 ---p 00000000 00:00 0 
7f3e20b9c000-7f3e20e9a000 rw-p 00000000 00:00 0 
7f3e20e9a000-7f3e20ead000 r--s 00345000 08:05 12062875                   /usr/lib/jvm/java-8-oracle/jre/lib/resources.jar
7f3e20ead000-7f3e20eb0000 ---p 00000000 00:00 0 
7f3e20eb0000-7f3e20fae000 rw-p 00000000 00:00 0 
7f3e20fae000-7f3e20fb1000 ---p 00000000 00:00 0 
7f3e20fb1000-7f3e212af000 rw-p 00000000 00:00 0 
7f3e212af000-7f3e212b0000 ---p 00000000 00:00 0 
7f3e212b0000-7f3e213b0000 rw-p 00000000 00:00 0 
7f3e213b0000-7f3e213b3000 ---p 00000000 00:00 0 
7f3e213b3000-7f3e214b1000 rw-p 00000000 00:00 0 
7f3e214b1000-7f3e214b4000 ---p 00000000 00:00 0 
7f3e214b4000-7f3e215b2000 rw-p 00000000 00:00 0 
7f3e215b2000-7f3e215b5000 ---p 00000000 00:00 0 
7f3e215b5000-7f3e216b3000 rw-p 00000000 00:00 0 
7f3e216b3000-7f3e216b8000 r--s 0009d000 08:05 12062876                   /usr/lib/jvm/java-8-oracle/jre/lib/jsse.jar
7f3e216b8000-7f3e216c7000 r--s 00084000 08:05 1574312                    /home/vishal/.m2/repository/org/springframework/spring-test/4.3.8.RELEASE/spring-test-4.3.8.RELEASE.jar
7f3e216c7000-7f3e216dd000 r--s 000fc000 08:05 1574309                    /home/vishal/.m2/repository/org/springframework/spring-core/4.3.8.RELEASE/spring-core-4.3.8.RELEASE.jar
7f3e216dd000-7f3e216de000 r--s 00004000 08:05 1574306                    /home/vishal/.m2/repository/com/vaadin/external/google/android-json/0.0.20131108.vaadin1/android-json-0.0.20131108.vaadin1.jar
7f3e216de000-7f3e216e0000 r--s 00006000 08:05 1574304                    /home/vishal/.m2/repository/org/skyscreamer/jsonassert/1.4.0/jsonassert-1.4.0.jar
7f3e216e0000-7f3e216e1000 r--s 0000c000 08:05 1574302                    /home/vishal/.m2/repository/org/hamcrest/hamcrest-library/1.3/hamcrest-library-1.3.jar
7f3e216e1000-7f3e216e3000 r--s 00009000 08:05 1574197                    /home/vishal/.m2/repository/org/hamcrest/hamcrest-core/1.3/hamcrest-core-1.3.jar
7f3e216e3000-7f3e216e5000 r--s 00009000 08:05 1574196                    /home/vishal/.m2/repository/org/objenesis/objenesis/2.1/objenesis-2.1.jar
7f3e216e5000-7f3e21701000 r--s 00103000 08:05 1574294                    /home/vishal/.m2/repository/org/mockito/mockito-core/1.10.19/mockito-core-1.10.19.jar
7f3e21701000-7f3e21715000 r--s 000dc000 08:05 1574245                    /home/vishal/.m2/repository/org/assertj/assertj-core/2.6.0/assertj-core-2.6.0.jar
7f3e21715000-7f3e2171d000 r--s 00045000 08:05 526666                     /home/vishal/.m2/repository/junit/junit/4.12/junit-4.12.jar
7f3e2171d000-7f3e21722000 r--s 00019000 08:05 1574193                    /home/vishal/.m2/repository/org/springframework/boot/spring-boot-test-autoconfigure/1.5.3.RELEASE/spring-boot-test-autoconfigure-1.5.3.RELEASE.jar
7f3e21722000-7f3e21726000 r--s 0001f000 08:05 1574291                    /home/vishal/.m2/repository/org/springframework/boot/spring-boot-test/1.5.3.RELEASE/spring-boot-test-1.5.3.RELEASE.jar
7f3e21726000-7f3e21727000 r--s 00000000 08:05 1574289                    /home/vishal/.m2/repository/org/springframework/boot/spring-boot-starter-test/1.5.3.RELEASE/spring-boot-starter-test-1.5.3.RELEASE.jar
7f3e21727000-7f3e2173d000 r--s 0014a000 08:05 1574286                    /home/vishal/.m2/repository/org/projectlombok/lombok/1.16.16/lombok-1.16.16.jar
7f3e2173d000-7f3e21748000 r--s 0006a000 08:05 1574170                    /home/vishal/.m2/repository/ch/qos/logback/logback-core/1.1.11/logback-core-1.1.11.jar
7f3e21748000-7f3e2174f000 r--s 00045000 08:05 1574168                    /home/vishal/.m2/repository/ch/qos/logback/logback-classic/1.1.11/logback-classic-1.1.11.jar
7f3e2174f000-7f3e2175b000 r--s 00073000 08:05 9183164                    /home/vishal/.m2/repository/net/logstash/logback/logstash-logback-encoder/5.2/logstash-logback-encoder-5.2.jar
7f3e2175b000-7f3e2175c000 r--s 00000000 08:05 9179283                    /home/vishal/.m2/repository/io/jaegertracing/jaeger-tracerresolver/0.31.0/jaeger-tracerresolver-0.31.0.jar
7f3e2175c000-7f3e21760000 r--s 0001b000 08:05 9179281                    /home/vishal/.m2/repository/io/jaegertracing/jaeger-core/0.31.0/jaeger-core-0.31.0.jar
7f3e21760000-7f3e21761000 r--s 00013000 08:05 2361727                    /home/vishal/.m2/repository/com/squareup/okio/okio/1.13.0/okio-1.13.0.jar
7f3e21761000-7f3e21767000 r--s 0005e000 08:05 9052402                    /home/vishal/.m2/repository/com/squareup/okhttp3/okhttp/3.9.0/okhttp-3.9.0.jar
7f3e21767000-7f3e2176f000 r--s 00048000 08:05 1704387                    /home/vishal/.m2/repository/org/apache/httpcomponents/httpcore/4.4.6/httpcore-4.4.6.jar
7f3e2176f000-7f3e21776000 r--s 0003f000 08:05 1574318                    /home/vishal/.m2/repository/commons-codec/commons-codec/1.10/commons-codec-1.10.jar
7f3e21776000-7f3e21783000 r--s 000aa000 08:05 1704385                    /home/vishal/.m2/repository/org/apache/httpcomponents/httpclient/4.5.3/httpclient-4.5.3.jar
7f3e21783000-7f3e21789000 r--s 00035000 08:05 14943297                   /home/vishal/.m2/repository/org/apache/thrift/libthrift/0.11.0/libthrift-0.11.0.jar
7f3e21789000-7f3e21798000 r--s 0009c000 08:05 9179279                    /home/vishal/.m2/repository/io/jaegertracing/jaeger-thrift/0.31.0/jaeger-thrift-0.31.0.jar
7f3e21798000-7f3e21799000 r--s 00000000 08:05 9179277                    /home/vishal/.m2/repository/io/jaegertracing/jaeger-client/0.31.0/jaeger-client-0.31.0.jar
7f3e21799000-7f3e2179b000 r--s 0000d000 08:05 9179275                    /home/vishal/.m2/repository/io/prometheus/simpleclient/0.4.0/simpleclient-0.4.0.jar
7f3e2179b000-7f3e2179c000 r--s 00001000 08:05 9179273                    /home/vishal/.m2/repository/io/prometheus/simpleclient_common/0.4.0/simpleclient_common-0.4.0.jar
7f3e2179c000-7f3e2179e000 r--s 00005000 08:05 9179271                    /home/vishal/.m2/repository/io/micrometer/micrometer-registry-prometheus/1.0.6/micrometer-registry-prometheus-1.0.6.jar
7f3e2179e000-7f3e217a3000 r--s 0001e000 08:05 9179269                    /home/vishal/.m2/repository/io/micrometer/micrometer-spring-legacy/1.0.6/micrometer-spring-legacy-1.0.6.jar
7f3e217a3000-7f3e217a5000 r--s 00006000 08:05 9179267                    /home/vishal/.m2/repository/org/latencyutils/LatencyUtils/2.0.3/LatencyUtils-2.0.3.jar
7f3e217a5000-7f3e217a7000 r--s 0001b000 08:05 9179265                    /home/vishal/.m2/repository/org/hdrhistogram/HdrHistogram/2.1.10/HdrHistogram-2.1.10.jar
7f3e217a7000-7f3e217af000 r--s 0004f000 08:05 9179263                    /home/vishal/.m2/repository/io/micrometer/micrometer-core/1.0.6/micrometer-core-1.0.6.jar
7f3e217af000-7f3e217b1000 r--s 00003000 08:05 9179255                    /home/vishal/.m2/repository/io/opentracing/contrib/opentracing-spring-jaeger-starter/0.2.2/opentracing-spring-jaeger-starter-0.2.2.jar
7f3e217b1000-7f3e217b3000 r--s 00002000 08:05 9179253                    /home/vishal/.m2/repository/io/opentracing/opentracing-api/0.31.0/opentracing-api-0.31.0.jar
7f3e217b3000-7f3e217b4000 r--s 00000000 08:05 1714446                    /home/vishal/.m2/repository/org/springframework/boot/spring-boot-starter-aop/1.5.3.RELEASE/spring-boot-starter-aop-1.5.3.RELEASE.jar
7f3e217b4000-7f3e217b5000 r--s 00005000 08:05 9180085                    /home/vishal/.m2/repository/io/opentracing/contrib/opentracing-jdbc/0.0.9/opentracing-jdbc-0.0.9.jar
7f3e217b5000-7f3e217b6000 r--s 00001000 08:05 9179957                    /home/vishal/.m2/repository/io/opentracing/contrib/opentracing-spring-cloud-jdbc-starter/0.2.1/opentracing-spring-cloud-jdbc-starter-0.2.1.jar
7f3e217b6000-7f3e217b7000 r--s 00001000 08:05 9179261                    /home/vishal/.m2/repository/io/opentracing/opentracing-util/0.31.0/opentracing-util-0.31.0.jar
7f3e217b7000-7f3e217b8000 r--s 00002000 08:05 9179259                    /home/vishal/.m2/repository/io/opentracing/opentracing-noop/0.31.0/opentracing-noop-0.31.0.jar
7f3e217b8000-7f3e217ba000 r--s 00000000 08:05 9179257                    /home/vishal/.m2/repository/io/opentracing/contrib/opentracing-spring-tracer-configuration-starter/0.1.0/opentracing-spring-tracer-configuration-starter-0.1.0.jar
7f3e217ba000-7f3e217bb000 r--s 00001000 08:05 9179211                    /home/vishal/.m2/repository/io/opentracing/contrib/opentracing-tracerresolver/0.1.4/opentracing-tracerresolver-0.1.4.jar
7f3e217bb000-7f3e217bd000 r--s 00002000 08:05 9179209                    /home/vishal/.m2/repository/io/opentracing/contrib/opentracing-web-servlet-filter/0.1.0/opentracing-web-servlet-filter-0.1.0.jar
7f3e217bd000-7f3e217be000 r--s 00004000 08:05 9179207                    /home/vishal/.m2/repository/io/opentracing/contrib/opentracing-spring-web/0.3.3/opentracing-spring-web-0.3.3.jar
7f3e217be000-7f3e217c0000 r--s 00003000 08:05 9179205                    /home/vishal/.m2/repository/io/opentracing/contrib/opentracing-spring-web-starter/0.3.3/opentracing-spring-web-starter-0.3.3.jar
7f3e217c0000-7f3e217d0000 r--s 00078000 08:05 9177704                    /home/vishal/.m2/repository/org/springframework/boot/spring-boot-actuator/1.5.3.RELEASE/spring-boot-actuator-1.5.3.RELEASE.jar
7f3e217d0000-7f3e217d1000 r--s 00000000 08:05 9177702                    /home/vishal/.m2/repository/org/springframework/boot/spring-boot-starter-actuator/1.5.3.RELEASE/spring-boot-starter-actuator-1.5.3.RELEASE.jar
7f3e217d1000-7f3e217e9000 r--s 001bf000 08:05 1574062                    /home/vishal/.m2/repository/org/aspectj/aspectjweaver/1.8.10/aspectjweaver-1.8.10.jar
7f3e217e9000-7f3e217eb000 r--s 001eb000 08:05 9183162                    /home/vishal/.m2/repository/org/xerial/snappy/snappy-java/1.1.7.1/snappy-java-1.1.7.1.jar
7f3e217eb000-7f3e217ee000 r--s 00058000 08:05 9183160                    /home/vishal/.m2/repository/org/lz4/lz4-java/1.4.1/lz4-java-1.4.1.jar
7f3e217ee000-7f3e2180c000 r--s 00186000 08:05 9183158                    /home/vishal/.m2/repository/org/apache/kafka/kafka-clients/1.1.1/kafka-clients-1.1.1.jar
7f3e2180c000-7f3e21811000 r--s 0001b000 08:05 1574279                    /home/vishal/.m2/repository/org/springframework/retry/spring-retry/1.2.0.RELEASE/spring-retry-1.2.0.RELEASE.jar
7f3e21811000-7f3e2181a000 r--s 00055000 08:05 1574276                    /home/vishal/.m2/repository/org/springframework/spring-messaging/4.3.8.RELEASE/spring-messaging-4.3.8.RELEASE.jar
7f3e2181a000-7f3e2181f000 r--s 00020000 08:05 1574274                    /home/vishal/.m2/repository/org/springframework/kafka/spring-kafka/1.1.4.RELEASE/spring-kafka-1.1.4.RELEASE.jar
7f3e2181f000-7f3e21821000 r--s 0000a000 08:05 9175088                    /home/vishal/.m2/repository/org/egov/services/tracer/1.1.5-SNAPSHOT/tracer-1.1.5-SNAPSHOT.jar
7f3e21821000-7f3e21828000 r--s 0009f000 08:05 1574271                    /home/vishal/.m2/repository/org/postgresql/postgresql/9.4.1212.jre7/postgresql-9.4.1212.jre7.jar
7f3e21828000-7f3e21830000 r--s 0003a000 08:05 1574269                    /home/vishal/.m2/repository/org/springframework/spring-tx/4.3.8.RELEASE/spring-tx-4.3.8.RELEASE.jar
7f3e21830000-7f3e2183e000 r--s 000ad000 08:05 1574266                    /home/vishal/.m2/repository/org/springframework/spring-beans/4.3.8.RELEASE/spring-beans-4.3.8.RELEASE.jar
7f3e2183e000-7f3e21848000 r--s 0005f000 08:05 1574263                    /home/vishal/.m2/repository/org/springframework/spring-jdbc/4.3.8.RELEASE/spring-jdbc-4.3.8.RELEASE.jar
7f3e21848000-7f3e2184a000 r--s 00009000 08:05 1574261                    /home/vishal/.m2/repository/org/apache/tomcat/tomcat-juli/8.5.14/tomcat-juli-8.5.14.jar
7f3e2184a000-7f3e2184d000 r--s 00021000 08:05 1574259                    /home/vishal/.m2/repository/org/apache/tomcat/tomcat-jdbc/8.5.14/tomcat-jdbc-8.5.14.jar
7f3e2184d000-7f3e2184e000 r--s 00000000 08:05 1574257                    /home/vishal/.m2/repository/org/springframework/boot/spring-boot-starter-jdbc/1.5.3.RELEASE/spring-boot-starter-jdbc-1.5.3.RELEASE.jar
7f3e2184e000-7f3e21855000 r--s 00064000 08:05 1574255                    /home/vishal/.m2/repository/org/apache/commons/commons-lang3/3.4/commons-lang3-3.4.jar
7f3e21855000-7f3e21866000 r--s 00116000 08:05 1574132                    /home/vishal/.m2/repository/com/fasterxml/jackson/core/jackson-databind/2.7.9/jackson-databind-2.7.9.jar
7f3e21866000-7f3e2186c000 r--s 0003d000 08:05 1574253                    /home/vishal/.m2/repository/org/yaml/snakeyaml/1.17/snakeyaml-1.17.jar
7f3e2186c000-7f3e2186f000 r--s 00042000 08:05 1574250                    /home/vishal/.m2/repository/com/fasterxml/jackson/core/jackson-core/2.8.8/jackson-core-2.8.8.jar
7f3e2186f000-7f3e21878000 r--s 00046000 08:05 1574248                    /home/vishal/.m2/repository/com/fasterxml/jackson/dataformat/jackson-dataformat-yaml/2.7.9/jackson-dataformat-yaml-2.7.9.jar
7f3e21878000-7f3e2187a000 r--s 00009000 08:05 1574246                    /home/vishal/.m2/repository/org/slf4j/slf4j-api/1.7.25/slf4j-api-1.7.25.jar
7f3e2187a000-7f3e2187b000 r--s 0000c000 08:05 1574241                    /home/vishal/.m2/repository/org/ow2/asm/asm/5.0.3/asm-5.0.3.jar
7f3e2187b000-7f3e2187d000 r--s 00012000 08:05 1574239                    /home/vishal/.m2/repository/net/minidev/accessors-smart/1.1/accessors-smart-1.1.jar
7f3e2187d000-7f3e21880000 r--s 0001b000 08:05 1574416                    /home/vishal/.m2/repository/net/minidev/json-smart/2.2.1/json-smart-2.2.1.jar
7f3e21880000-7f3e21885000 r--s 0002e000 08:05 14160964                   /home/vishal/.m2/repository/com/jayway/jsonpath/json-path/2.2.0/json-path-2.2.0.jar
7f3e21885000-7f3e21889000 r--s 0002f000 08:05 526658                     /home/vishal/.m2/repository/commons-io/commons-io/2.5/commons-io-2.5.jar
7f3e21889000-7f3e2188e000 r--s 0002a000 08:05 14681816                   /home/vishal/.m2/repository/com/google/code/gson/gson/2.2.2/gson-2.2.2.jar
7f3e2188e000-7f3e218ae000 r--s 000e4000 08:05 1574232                    /home/vishal/.m2/repository/org/springframework/boot/spring-boot-autoconfigure/1.5.3.RELEASE/spring-boot-autoconfigure-1.5.3.RELEASE.jar
7f3e218ae000-7f3e218c8000 r--s 000fd000 08:05 1574229                    /home/vishal/.m2/repository/org/springframework/spring-context/4.3.8.RELEASE/spring-context-4.3.8.RELEASE.jar
7f3e218c8000-7f3e218d8000 r--s 00094000 08:05 1574227                    /home/vishal/.m2/repository/org/springframework/boot/spring-boot/1.5.3.RELEASE/spring-boot-1.5.3.RELEASE.jar
7f3e218d8000-7f3e218de000 r--s 0002f000 08:05 1574224                    /home/vishal/.m2/repository/org/springframework/boot/spring-boot-devtools/1.5.3.RELEASE/spring-boot-devtools-1.5.3.RELEASE.jar
7f3e218de000-7f3e2192b000 r--s 0040d000 08:05 14290484                   /home/vishal/.m2/repository/org/codehaus/groovy/groovy/2.4.10/groovy-2.4.10.jar
7f3e2192b000-7f3e2192e000 r--s 0001a000 08:05 1574218                    /home/vishal/.m2/repository/nz/net/ultraq/thymeleaf/thymeleaf-layout-dialect/1.4.0/thymeleaf-layout-dialect-1.4.0.jar
7f3e2192e000-7f3e21931000 r--s 00020000 08:05 1574150                    /home/vishal/.m2/repository/org/unbescape/unbescape/1.1.0.RELEASE/unbescape-1.1.0.RELEASE.jar
7f3e21931000-7f3e2193b000 r--s 000aa000 08:05 1574215                    /home/vishal/.m2/repository/org/javassist/javassist/3.21.0-GA/javassist-3.21.0-GA.jar
7f3e2193b000-7f3e2193e000 r--s 00035000 08:05 1574213                    /home/vishal/.m2/repository/ognl/ognl/3.0.8/ognl-3.0.8.jar
7f3e2193e000-7f3e2194b000 r--s 000b7000 08:05 1574210                    /home/vishal/.m2/repository/org/thymeleaf/thymeleaf/2.1.5.RELEASE/thymeleaf-2.1.5.RELEASE.jar
7f3e2194b000-7f3e2195c000 r--s 000cf000 08:05 1574203                    /home/vishal/.m2/repository/org/springframework/spring-webmvc/4.3.8.RELEASE/spring-webmvc-4.3.8.RELEASE.jar
7f3e2195c000-7f3e21965000 r--s 00054000 08:05 1574200                    /home/vishal/.m2/repository/org/springframework/spring-aop/4.3.8.RELEASE/spring-aop-4.3.8.RELEASE.jar
7f3e21965000-7f3e21976000 r--s 000b7000 08:05 1574198                    /home/vishal/.m2/repository/org/springframework/spring-web/4.3.8.RELEASE/spring-web-4.3.8.RELEASE.jar
7f3e21976000-7f3e2199f000 r--s 002bf000 08:05 1574184                    /home/vishal/.m2/repository/org/apache/tomcat/embed/tomcat-embed-core/8.5.14/tomcat-embed-core-8.5.14.jar
7f3e2199f000-7f3e21a35000 r--s 0110a000 08:05 12193273                   /usr/lib/jvm/java-8-oracle/jre/lib/ext/jfxrt.jar
7f3e21a35000-7f3e21a46000 r-xp 00000000 08:05 12193426                   /usr/lib/jvm/java-8-oracle/jre/lib/amd64/libnio.so
7f3e21a46000-7f3e21c45000 ---p 00011000 08:05 12193426                   /usr/lib/jvm/java-8-oracle/jre/lib/amd64/libnio.so
7f3e21c45000-7f3e21c46000 rw-p 00010000 08:05 12193426                   /usr/lib/jvm/java-8-oracle/jre/lib/amd64/libnio.so
7f3e21c46000-7f3e21c5c000 r-xp 00000000 08:05 12193423                   /usr/lib/jvm/java-8-oracle/jre/lib/amd64/libnet.so
7f3e21c5c000-7f3e21e5c000 ---p 00016000 08:05 12193423                   /usr/lib/jvm/java-8-oracle/jre/lib/amd64/libnet.so
7f3e21e5c000-7f3e21e5d000 rw-p 00016000 08:05 12193423                   /usr/lib/jvm/java-8-oracle/jre/lib/amd64/libnet.so
7f3e21e5d000-7f3e21e66000 r-xp 00000000 08:05 12193431                   /usr/lib/jvm/java-8-oracle/jre/lib/amd64/libmanagement.so
7f3e21e66000-7f3e22065000 ---p 00009000 08:05 12193431                   /usr/lib/jvm/java-8-oracle/jre/lib/amd64/libmanagement.so
7f3e22065000-7f3e22066000 rw-p 00008000 08:05 12193431                   /usr/lib/jvm/java-8-oracle/jre/lib/amd64/libmanagement.so
7f3e22066000-7f3e22069000 ---p 00000000 00:00 0 
7f3e22069000-7f3e22167000 rw-p 00000000 00:00 0 
7f3e22167000-7f3e2216a000 ---p 00000000 00:00 0 
7f3e2216a000-7f3e22268000 rw-p 00000000 00:00 0 
7f3e22268000-7f3e2226b000 ---p 00000000 00:00 0 
7f3e2226b000-7f3e22369000 rw-p 00000000 00:00 0 
7f3e22369000-7f3e2236c000 ---p 00000000 00:00 0 
7f3e2236c000-7f3e2246a000 rw-p 00000000 00:00 0 
7f3e2246a000-7f3e2246d000 ---p 00000000 00:00 0 
7f3e2246d000-7f3e2256b000 rw-p 00000000 00:00 0 
7f3e2256b000-7f3e22843000 r--p 00000000 08:05 11798673                   /usr/lib/locale/locale-archive
7f3e22843000-7f3e22846000 ---p 00000000 00:00 0 
7f3e22846000-7f3e22944000 rw-p 00000000 00:00 0 
7f3e22944000-7f3e22947000 ---p 00000000 00:00 0 
7f3e22947000-7f3e22a45000 rw-p 00000000 00:00 0 
7f3e22a45000-7f3e22a46000 ---p 00000000 00:00 0 
7f3e22a46000-7f3e23a97000 rw-p 00000000 00:00 0 
7f3e23a97000-7f3e23c70000 r--s 03d64000 08:05 12062871                   /usr/lib/jvm/java-8-oracle/jre/lib/rt.jar
7f3e23c70000-7f3e28000000 rw-p 00000000 00:00 0 
7f3e28000000-7f3e28021000 rw-p 00000000 00:00 0 
7f3e28021000-7f3e2c000000 ---p 00000000 00:00 0 
7f3e2c000000-7f3e2c021000 rw-p 00000000 00:00 0 
7f3e2c021000-7f3e30000000 ---p 00000000 00:00 0 
7f3e30000000-7f3e30021000 rw-p 00000000 00:00 0 
7f3e30021000-7f3e34000000 ---p 00000000 00:00 0 
7f3e34000000-7f3e34025000 rw-p 00000000 00:00 0 
7f3e34025000-7f3e38000000 ---p 00000000 00:00 0 
7f3e38000000-7f3e38011000 r--s 000a1000 08:05 1574190                    /home/vishal/.m2/repository/org/hibernate/hibernate-validator/5.3.5.Final/hibernate-validator-5.3.5.Final.jar
7f3e38011000-7f3e38482000 rw-p 00000000 00:00 0 
7f3e38482000-7f3e38483000 ---p 00000000 00:00 0 
7f3e38483000-7f3e38583000 rw-p 00000000 00:00 0 
7f3e38583000-7f3e38584000 ---p 00000000 00:00 0 
7f3e38584000-7f3e38684000 rw-p 00000000 00:00 0 
7f3e38684000-7f3e38685000 ---p 00000000 00:00 0 
7f3e38685000-7f3e38785000 rw-p 00000000 00:00 0 
7f3e38785000-7f3e38786000 ---p 00000000 00:00 0 
7f3e38786000-7f3e388b4000 rw-p 00000000 00:00 0 
7f3e388b4000-7f3e38b01000 ---p 00000000 00:00 0 
7f3e38b01000-7f3e38bfe000 rw-p 00000000 00:00 0 
7f3e38bfe000-7f3e38c3f000 ---p 00000000 00:00 0 
7f3e38c3f000-7f3e38c6e000 rw-p 00000000 00:00 0 
7f3e38c6e000-7f3e39000000 ---p 00000000 00:00 0 
7f3e39000000-7f3e39b50000 rwxp 00000000 00:00 0 
7f3e39b50000-7f3e48000000 ---p 00000000 00:00 0 
7f3e48000000-7f3e48b57000 rw-p 00000000 00:00 0 
7f3e48b57000-7f3e4c000000 ---p 00000000 00:00 0 
7f3e4c000000-7f3e4c002000 r--s 0008f000 08:05 1574234                    /home/vishal/.m2/repository/org/webjars/bootstrap/3.3.7/bootstrap-3.3.7.jar
7f3e4c002000-7f3e4c007000 r--s 0003c000 08:05 1574205                    /home/vishal/.m2/repository/org/springframework/spring-expression/4.3.8.RELEASE/spring-expression-4.3.8.RELEASE.jar
7f3e4c007000-7f3e4c084000 rw-p 00000000 00:00 0 
7f3e4c084000-7f3e4c2d2000 ---p 00000000 00:00 0 
7f3e4c2d2000-7f3e4c2ed000 r-xp 00000000 08:05 12193419                   /usr/lib/jvm/java-8-oracle/jre/lib/amd64/libzip.so
7f3e4c2ed000-7f3e4c4ed000 ---p 0001b000 08:05 12193419                   /usr/lib/jvm/java-8-oracle/jre/lib/amd64/libzip.so
7f3e4c4ed000-7f3e4c4ee000 rw-p 0001b000 08:05 12193419                   /usr/lib/jvm/java-8-oracle/jre/lib/amd64/libzip.so
7f3e4c4ee000-7f3e4c4f9000 r-xp 00000000 08:05 10754530                   /lib/x86_64-linux-gnu/libnss_files-2.23.so
7f3e4c4f9000-7f3e4c6f8000 ---p 0000b000 08:05 10754530                   /lib/x86_64-linux-gnu/libnss_files-2.23.so
7f3e4c6f8000-7f3e4c6f9000 r--p 0000a000 08:05 10754530                   /lib/x86_64-linux-gnu/libnss_files-2.23.so
7f3e4c6f9000-7f3e4c6fa000 rw-p 0000b000 08:05 10754530                   /lib/x86_64-linux-gnu/libnss_files-2.23.so
7f3e4c6fa000-7f3e4c700000 rw-p 00000000 00:00 0 
7f3e4c700000-7f3e4c70b000 r-xp 00000000 08:05 10754534                   /lib/x86_64-linux-gnu/libnss_nis-2.23.so
7f3e4c70b000-7f3e4c90a000 ---p 0000b000 08:05 10754534                   /lib/x86_64-linux-gnu/libnss_nis-2.23.so
7f3e4c90a000-7f3e4c90b000 r--p 0000a000 08:05 10754534                   /lib/x86_64-linux-gnu/libnss_nis-2.23.so
7f3e4c90b000-7f3e4c90c000 rw-p 0000b000 08:05 10754534                   /lib/x86_64-linux-gnu/libnss_nis-2.23.so
7f3e4c90c000-7f3e4c922000 r-xp 00000000 08:05 10754514                   /lib/x86_64-linux-gnu/libnsl-2.23.so
7f3e4c922000-7f3e4cb21000 ---p 00016000 08:05 10754514                   /lib/x86_64-linux-gnu/libnsl-2.23.so
7f3e4cb21000-7f3e4cb22000 r--p 00015000 08:05 10754514                   /lib/x86_64-linux-gnu/libnsl-2.23.so
7f3e4cb22000-7f3e4cb23000 rw-p 00016000 08:05 10754514                   /lib/x86_64-linux-gnu/libnsl-2.23.so
7f3e4cb23000-7f3e4cb25000 rw-p 00000000 00:00 0 
7f3e4cb25000-7f3e4cb2d000 r-xp 00000000 08:05 10754525                   /lib/x86_64-linux-gnu/libnss_compat-2.23.so
7f3e4cb2d000-7f3e4cd2c000 ---p 00008000 08:05 10754525                   /lib/x86_64-linux-gnu/libnss_compat-2.23.so
7f3e4cd2c000-7f3e4cd2d000 r--p 00007000 08:05 10754525                   /lib/x86_64-linux-gnu/libnss_compat-2.23.so
7f3e4cd2d000-7f3e4cd2e000 rw-p 00008000 08:05 10754525                   /lib/x86_64-linux-gnu/libnss_compat-2.23.so
7f3e4cd2e000-7f3e4cd59000 r-xp 00000000 08:05 12193413                   /usr/lib/jvm/java-8-oracle/jre/lib/amd64/libjava.so
7f3e4cd59000-7f3e4cf58000 ---p 0002b000 08:05 12193413                   /usr/lib/jvm/java-8-oracle/jre/lib/amd64/libjava.so
7f3e4cf58000-7f3e4cf5a000 rw-p 0002a000 08:05 12193413                   /usr/lib/jvm/java-8-oracle/jre/lib/amd64/libjava.so
7f3e4cf5a000-7f3e4cf67000 r-xp 00000000 08:05 12193418                   /usr/lib/jvm/java-8-oracle/jre/lib/amd64/libverify.so
7f3e4cf67000-7f3e4d167000 ---p 0000d000 08:05 12193418                   /usr/lib/jvm/java-8-oracle/jre/lib/amd64/libverify.so
7f3e4d167000-7f3e4d169000 rw-p 0000d000 08:05 12193418                   /usr/lib/jvm/java-8-oracle/jre/lib/amd64/libverify.so
7f3e4d169000-7f3e4d170000 r-xp 00000000 08:05 10754535                   /lib/x86_64-linux-gnu/librt-2.23.so
7f3e4d170000-7f3e4d36f000 ---p 00007000 08:05 10754535                   /lib/x86_64-linux-gnu/librt-2.23.so
7f3e4d36f000-7f3e4d370000 r--p 00006000 08:05 10754535                   /lib/x86_64-linux-gnu/librt-2.23.so
7f3e4d370000-7f3e4d371000 rw-p 00007000 08:05 10754535                   /lib/x86_64-linux-gnu/librt-2.23.so
7f3e4d371000-7f3e4d479000 r-xp 00000000 08:05 10754512                   /lib/x86_64-linux-gnu/libm-2.23.so
7f3e4d479000-7f3e4d678000 ---p 00108000 08:05 10754512                   /lib/x86_64-linux-gnu/libm-2.23.so
7f3e4d678000-7f3e4d679000 r--p 00107000 08:05 10754512                   /lib/x86_64-linux-gnu/libm-2.23.so
7f3e4d679000-7f3e4d67a000 rw-p 00108000 08:05 10754512                   /lib/x86_64-linux-gnu/libm-2.23.so
7f3e4d67a000-7f3e4e353000 r-xp 00000000 08:05 12193396                   /usr/lib/jvm/java-8-oracle/jre/lib/amd64/server/libjvm.so
7f3e4e353000-7f3e4e552000 ---p 00cd9000 08:05 12193396                   /usr/lib/jvm/java-8-oracle/jre/lib/amd64/server/libjvm.so
7f3e4e552000-7f3e4e62b000 rw-p 00cd8000 08:05 12193396                   /usr/lib/jvm/java-8-oracle/jre/lib/amd64/server/libjvm.so
7f3e4e62b000-7f3e4e677000 rw-p 00000000 00:00 0 
7f3e4e677000-7f3e4e837000 r-xp 00000000 08:05 10754517                   /lib/x86_64-linux-gnu/libc-2.23.so
7f3e4e837000-7f3e4ea37000 ---p 001c0000 08:05 10754517                   /lib/x86_64-linux-gnu/libc-2.23.so
7f3e4ea37000-7f3e4ea3b000 r--p 001c0000 08:05 10754517                   /lib/x86_64-linux-gnu/libc-2.23.so
7f3e4ea3b000-7f3e4ea3d000 rw-p 001c4000 08:05 10754517                   /lib/x86_64-linux-gnu/libc-2.23.so
7f3e4ea3d000-7f3e4ea41000 rw-p 00000000 00:00 0 
7f3e4ea41000-7f3e4ea44000 r-xp 00000000 08:05 10754519                   /lib/x86_64-linux-gnu/libdl-2.23.so
7f3e4ea44000-7f3e4ec43000 ---p 00003000 08:05 10754519                   /lib/x86_64-linux-gnu/libdl-2.23.so
7f3e4ec43000-7f3e4ec44000 r--p 00002000 08:05 10754519                   /lib/x86_64-linux-gnu/libdl-2.23.so
7f3e4ec44000-7f3e4ec45000 rw-p 00003000 08:05 10754519                   /lib/x86_64-linux-gnu/libdl-2.23.so
7f3e4ec45000-7f3e4ec5b000 r-xp 00000000 08:05 12062251                   /usr/lib/jvm/java-8-oracle/lib/amd64/jli/libjli.so
7f3e4ec5b000-7f3e4ee5a000 ---p 00016000 08:05 12062251                   /usr/lib/jvm/java-8-oracle/lib/amd64/jli/libjli.so
7f3e4ee5a000-7f3e4ee5b000 rw-p 00015000 08:05 12062251                   /usr/lib/jvm/java-8-oracle/lib/amd64/jli/libjli.so
7f3e4ee5b000-7f3e4ee73000 r-xp 00000000 08:05 10754516                   /lib/x86_64-linux-gnu/libpthread-2.23.so
7f3e4ee73000-7f3e4f072000 ---p 00018000 08:05 10754516                   /lib/x86_64-linux-gnu/libpthread-2.23.so
7f3e4f072000-7f3e4f073000 r--p 00017000 08:05 10754516                   /lib/x86_64-linux-gnu/libpthread-2.23.so
7f3e4f073000-7f3e4f074000 rw-p 00018000 08:05 10754516                   /lib/x86_64-linux-gnu/libpthread-2.23.so
7f3e4f074000-7f3e4f078000 rw-p 00000000 00:00 0 
7f3e4f078000-7f3e4f09e000 r-xp 00000000 08:05 10754515                   /lib/x86_64-linux-gnu/ld-2.23.so
7f3e4f09e000-7f3e4f09f000 r--s 0002b000 08:05 1574236                    /home/vishal/.m2/repository/org/webjars/jquery/1.11.1/jquery-1.11.1.jar
7f3e4f09f000-7f3e4f0a2000 r--s 00034000 08:05 1574208                    /home/vishal/.m2/repository/org/thymeleaf/thymeleaf-spring4/2.1.5.RELEASE/thymeleaf-spring4-2.1.5.RELEASE.jar
7f3e4f0a2000-7f3e4f0a5000 r--s 0000e000 08:05 1574194                    /home/vishal/.m2/repository/org/jboss/logging/jboss-logging/3.3.1.Final/jboss-logging-3.3.1.Final.jar
7f3e4f0a5000-7f3e4f0a9000 r--s 0000c000 08:05 1574287                    /home/vishal/.m2/repository/javax/validation/validation-api/1.1.0.Final/validation-api-1.1.0.Final.jar
7f3e4f0a9000-7f3e4f0ae000 r--s 00036000 08:05 1574188                    /home/vishal/.m2/repository/org/apache/tomcat/embed/tomcat-embed-websocket/8.5.14/tomcat-embed-websocket-8.5.14.jar
7f3e4f0ae000-7f3e4f178000 rw-p 00000000 00:00 0 
7f3e4f178000-7f3e4f17b000 ---p 00000000 00:00 0 
7f3e4f17b000-7f3e4f27e000 rw-p 00000000 00:00 0 
7f3e4f27e000-7f3e4f280000 r--s 0000e000 08:05 1574295                    /home/vishal/.m2/repository/com/fasterxml/classmate/1.3.3/classmate-1.3.3.jar
7f3e4f280000-7f3e4f284000 r--s 00037000 08:05 1574186                    /home/vishal/.m2/repository/org/apache/tomcat/embed/tomcat-embed-el/8.5.14/tomcat-embed-el-8.5.14.jar
7f3e4f284000-7f3e4f285000 r--s 00000000 08:05 1574182                    /home/vishal/.m2/repository/org/springframework/boot/spring-boot-starter-tomcat/1.5.3.RELEASE/spring-boot-starter-tomcat-1.5.3.RELEASE.jar
7f3e4f285000-7f3e4f286000 r--s 00000000 08:05 1574180                    /home/vishal/.m2/repository/org/springframework/boot/spring-boot-starter-web/1.5.3.RELEASE/spring-boot-starter-web-1.5.3.RELEASE.jar
7f3e4f286000-7f3e4f288000 r--s 00004000 08:05 1574177                    /home/vishal/.m2/repository/org/slf4j/log4j-over-slf4j/1.7.25/log4j-over-slf4j-1.7.25.jar
7f3e4f288000-7f3e4f28a000 r--s 00000000 08:05 1574175                    /home/vishal/.m2/repository/org/slf4j/jul-to-slf4j/1.7.25/jul-to-slf4j-1.7.25.jar
7f3e4f28a000-7f3e4f28c000 r--s 00003000 08:05 1574173                    /home/vishal/.m2/repository/org/slf4j/jcl-over-slf4j/1.7.25/jcl-over-slf4j-1.7.25.jar
7f3e4f28c000-7f3e4f28d000 r--s 00000000 08:05 1574166                    /home/vishal/.m2/repository/org/springframework/boot/spring-boot-starter-logging/1.5.3.RELEASE/spring-boot-starter-logging-1.5.3.RELEASE.jar
7f3e4f28d000-7f3e4f28e000 r--s 00000000 08:05 1574163                    /home/vishal/.m2/repository/org/springframework/boot/spring-boot-starter/1.5.3.RELEASE/spring-boot-starter-1.5.3.RELEASE.jar
7f3e4f28e000-7f3e4f28f000 r--s 00000000 08:05 1574161                    /home/vishal/.m2/repository/org/springframework/boot/spring-boot-starter-thymeleaf/1.5.3.RELEASE/spring-boot-starter-thymeleaf-1.5.3.RELEASE.jar
7f3e4f28f000-7f3e4f292000 r--s 0000b000 08:05 1574020                    /home/vishal/.m2/repository/com/fasterxml/jackson/core/jackson-annotations/2.8.0/jackson-annotations-2.8.0.jar
7f3e4f292000-7f3e4f293000 r--s 00004000 08:05 1574054                    /home/vishal/.m2/repository/org/egov/services/services-common/0.9.0/services-common-0.9.0.jar
7f3e4f293000-7f3e4f29b000 rw-s 00000000 08:05 12852302                   /tmp/hsperfdata_vishal/12859
7f3e4f29b000-7f3e4f29c000 rw-p 00000000 00:00 0 
7f3e4f29c000-7f3e4f29d000 ---p 00000000 00:00 0 
7f3e4f29d000-7f3e4f29e000 r--p 00025000 08:05 10754515                   /lib/x86_64-linux-gnu/ld-2.23.so
7f3e4f29e000-7f3e4f29f000 rw-p 00026000 08:05 10754515                   /lib/x86_64-linux-gnu/ld-2.23.so
7f3e4f29f000-7f3e4f2a0000 rw-p 00000000 00:00 0 
7ffc4d487000-7ffc4d4ab000 rw-p 00000000 00:00 0                          [stack]
7ffc4d549000-7ffc4d54c000 r--p 00000000 00:00 0                          [vvar]
7ffc4d54c000-7ffc4d54e000 r-xp 00000000 00:00 0                          [vdso]
ffffffffff600000-ffffffffff601000 r-xp 00000000 00:00 0                  [vsyscall]

VM Arguments:
jvm_args: -Dcom.sun.management.jmxremote -Dcom.sun.management.jmxremote.port=41163 -Dcom.sun.management.jmxremote.authenticate=false -Dcom.sun.management.jmxremote.ssl=false -Djava.rmi.server.hostname=localhost -Dspring.liveBeansView.mbeanDomain -Dspring.application.admin.enabled=true -Djava.security.egd=file:/dev/./urandom -Xverify:none -XX:TieredStopAtLevel=1 -Dfile.encoding=UTF-8 
java_command: org.egov.InfraSearchApplication
java_class_path (initial): /usr/lib/jvm/java-8-oracle/jre/lib/resources.jar:/usr/lib/jvm/java-8-oracle/jre/lib/rt.jar:/usr/lib/jvm/java-8-oracle/jre/lib/jsse.jar:/usr/lib/jvm/java-8-oracle/jre/lib/jce.jar:/usr/lib/jvm/java-8-oracle/jre/lib/charsets.jar:/usr/lib/jvm/java-8-oracle/jre/lib/jfr.jar:/usr/lib/jvm/java-8-oracle/jre/lib/ext/jaccess.jar:/usr/lib/jvm/java-8-oracle/jre/lib/ext/jfxrt.jar:/usr/lib/jvm/java-8-oracle/jre/lib/ext/zipfs.jar:/usr/lib/jvm/java-8-oracle/jre/lib/ext/nashorn.jar:/usr/lib/jvm/java-8-oracle/jre/lib/ext/sunjce_provider.jar:/usr/lib/jvm/java-8-oracle/jre/lib/ext/sunpkcs11.jar:/usr/lib/jvm/java-8-oracle/jre/lib/ext/dnsns.jar:/usr/lib/jvm/java-8-oracle/jre/lib/ext/sunec.jar:/usr/lib/jvm/java-8-oracle/jre/lib/ext/localedata.jar:/usr/lib/jvm/java-8-oracle/jre/lib/ext/cldrdata.jar:/home/vishal/git/weekly_impact_email_feature/egov-services/core/egov-searcher/target/classes:/home/vishal/.m2/repository/org/egov/services/services-common/0.9.0/services-common-0.9.0.jar:/home/vishal/.m2/repository/com/fasterxml/jackson/core/jackson-annotations/2.8.0/jackson-annotations-2.8.0.jar:/home/vishal/.m2/repository/org/springframework/boot/spring-boot-starter-thymeleaf/1.5.3.RELEASE/spring-boot-starter-thymeleaf-1.5.3.RELEASE.jar:/home/vishal/.m2/repository/org/springframework/boot/spring-boot-starter/1.5.3.RELEASE/spring-boot-starter-1.5.3.RELEASE.jar:/home/vishal/.m2/repository/org/springframework/boot/spring-boot-starter-logging/1.5.3.RELEASE/spring-boot-starter-logging-1.5.3.RELEASE.jar:/home/vishal/.m2/repository/org/slf4j/jcl-over-slf4j/1.7.25/jcl-over-slf4j-1.7.25.jar:/home/vishal/.m2/repository/org/slf4j/jul-to-slf4j/1.7.25/jul-to-slf4j-1.7.25.jar:/home/vishal/.m2/repository/org/slf4j/log4j-over-slf4j/1.7.25/log4j-over-slf4j-1.7.25.jar:/home/vishal/.m2/repository/org/springframework/boot/spring-boot-starter-web/1.5.3.RELEASE/spring-boot-starter-web-1.5.3.RELEASE.jar:/home/vishal/.m2/repository/org/springframework/boot/spring-boot-starter-tomcat/1.5.3.
Launcher Type: SUN_STANDARD

Environment Variables:
JAVA_HOME=/usr/lib/jvm/java-8-oracle
PATH=/home/vishal/bin:/home/vishal/.local/bin:/usr/local/sbin:/usr/local/bin:/usr/sbin:/usr/bin:/sbin:/bin:/usr/games:/usr/local/games:/snap/bin:/usr/lib/jvm/java-8-oracle/bin:/usr/lib/jvm/java-8-oracle/db/bin:/usr/lib/jvm/java-8-oracle/jre/bin
SHELL=/bin/bash
DISPLAY=:0

Signal Handlers:
SIGSEGV: [libjvm.so+0xad01e0], sa_mask[0]=11111111011111111101111111111110, sa_flags=SA_RESTART|SA_SIGINFO
SIGBUS: [libjvm.so+0xad01e0], sa_mask[0]=11111111011111111101111111111110, sa_flags=SA_RESTART|SA_SIGINFO
SIGFPE: [libjvm.so+0x927fb0], sa_mask[0]=11111111011111111101111111111110, sa_flags=SA_RESTART|SA_SIGINFO
SIGPIPE: [libjvm.so+0x927fb0], sa_mask[0]=11111111011111111101111111111110, sa_flags=SA_RESTART|SA_SIGINFO
SIGXFSZ: [libjvm.so+0x927fb0], sa_mask[0]=11111111011111111101111111111110, sa_flags=SA_RESTART|SA_SIGINFO
SIGILL: [libjvm.so+0x927fb0], sa_mask[0]=11111111011111111101111111111110, sa_flags=SA_RESTART|SA_SIGINFO
SIGUSR1: SIG_DFL, sa_mask[0]=00000000000000000000000000000000, sa_flags=none
SIGUSR2: [libjvm.so+0x9297f0], sa_mask[0]=00100000000000000000000000000000, sa_flags=SA_RESTART|SA_SIGINFO
SIGHUP: [libjvm.so+0x92abf0], sa_mask[0]=11111111011111111101111111111110, sa_flags=SA_RESTART|SA_SIGINFO
SIGINT: [libjvm.so+0x92abf0], sa_mask[0]=11111111011111111101111111111110, sa_flags=SA_RESTART|SA_SIGINFO
SIGTERM: [libjvm.so+0x92abf0], sa_mask[0]=11111111011111111101111111111110, sa_flags=SA_RESTART|SA_SIGINFO
SIGQUIT: [libjvm.so+0x92abf0], sa_mask[0]=11111111011111111101111111111110, sa_flags=SA_RESTART|SA_SIGINFO


---------------  S Y S T E M  ---------------

OS:DISTRIB_ID=Ubuntu
DISTRIB_RELEASE=16.04
DISTRIB_CODENAME=xenial
DISTRIB_DESCRIPTION="Ubuntu 16.04.4 LTS"

uname:Linux 4.15.0-46-generic #49~16.04.1-Ubuntu SMP Tue Feb 12 17:45:24 UTC 2019 x86_64
libc:glibc 2.23 NPTL 2.23 
rlimit: STACK 8192k, CORE 0k, NPROC 30261, NOFILE 1048576, AS infinity
load average:1.81 1.38 0.95

/proc/meminfo:
MemTotal:        7806476 kB
MemFree:          105104 kB
MemAvailable:       6444 kB
Buffers:             948 kB
Cached:           324188 kB
SwapCached:         6204 kB
Active:          4376876 kB
Inactive:         741828 kB
Active(anon):    4367020 kB
Inactive(anon):   727196 kB
Active(file):       9856 kB
Inactive(file):    14632 kB
Unevictable:     2173676 kB
Mlocked:         2173676 kB
SwapTotal:       8020988 kB
SwapFree:              0 kB
Dirty:               176 kB
Writeback:           160 kB
AnonPages:       6963460 kB
Mapped:           145040 kB
Shmem:            275592 kB
Slab:             136408 kB
SReclaimable:      49928 kB
SUnreclaim:        86480 kB
KernelStack:       25072 kB
PageTables:       140224 kB
NFS_Unstable:          0 kB
Bounce:                0 kB
WritebackTmp:          0 kB
CommitLimit:    11924224 kB
Committed_AS:   26699616 kB
VmallocTotal:   34359738367 kB
VmallocUsed:           0 kB
VmallocChunk:          0 kB
HardwareCorrupted:     0 kB
AnonHugePages:         0 kB
ShmemHugePages:        0 kB
ShmemPmdMapped:        0 kB
CmaTotal:              0 kB
CmaFree:               0 kB
HugePages_Total:       0
HugePages_Free:        0
HugePages_Rsvd:        0
HugePages_Surp:        0
Hugepagesize:       2048 kB
DirectMap4k:      915972 kB
DirectMap2M:     6057984 kB
DirectMap1G:     1048576 kB


CPU:total 4 (initial active 4) (2 cores per cpu, 2 threads per core) family 6 model 78 stepping 3, cmov, cx8, fxsr, mmx, sse, sse2, sse3, ssse3, sse4.1, sse4.2, popcnt, avx, avx2, aes, clmul, erms, rtm, 3dnowpref, lzcnt, ht, tsc, tscinvbit, bmi1, bmi2, adx

/proc/cpuinfo:
processor	: 0
vendor_id	: GenuineIntel
cpu family	: 6
model		: 78
model name	: Intel(R) Core(TM) i5-6300U CPU @ 2.40GHz
stepping	: 3
microcode	: 0xc6
cpu MHz		: 2700.002
cache size	: 3072 KB
physical id	: 0
siblings	: 4
core id		: 0
cpu cores	: 2
apicid		: 0
initial apicid	: 0
fpu		: yes
fpu_exception	: yes
cpuid level	: 22
wp		: yes
flags		: fpu vme de pse tsc msr pae mce cx8 apic sep mtrr pge mca cmov pat pse36 clflush dts acpi mmx fxsr sse sse2 ss ht tm pbe syscall nx pdpe1gb rdtscp lm constant_tsc art arch_perfmon pebs bts rep_good nopl xtopology nonstop_tsc cpuid aperfmperf tsc_known_freq pni pclmulqdq dtes64 monitor ds_cpl vmx smx est tm2 ssse3 sdbg fma cx16 xtpr pdcm pcid sse4_1 sse4_2 x2apic movbe popcnt tsc_deadline_timer aes xsave avx f16c rdrand lahf_lm abm 3dnowprefetch cpuid_fault epb invpcid_single pti ssbd ibrs ibpb stibp tpr_shadow vnmi flexpriority ept vpid fsgsbase tsc_adjust bmi1 hle avx2 smep bmi2 erms invpcid rtm mpx rdseed adx smap clflushopt intel_pt xsaveopt xsavec xgetbv1 xsaves dtherm ida arat pln pts hwp hwp_notify hwp_act_window hwp_epp flush_l1d
bugs		: cpu_meltdown spectre_v1 spectre_v2 spec_store_bypass l1tf
bogomips	: 4992.00
clflush size	: 64
cache_alignment	: 64
address sizes	: 39 bits physical, 48 bits virtual
power management:

processor	: 1
vendor_id	: GenuineIntel
cpu family	: 6
model		: 78
model name	: Intel(R) Core(TM) i5-6300U CPU @ 2.40GHz
stepping	: 3
microcode	: 0xc6
cpu MHz		: 2700.000
cache size	: 3072 KB
physical id	: 0
siblings	: 4
core id		: 1
cpu cores	: 2
apicid		: 2
initial apicid	: 2
fpu		: yes
fpu_exception	: yes
cpuid level	: 22
wp		: yes
flags		: fpu vme de pse tsc msr pae mce cx8 apic sep mtrr pge mca cmov pat pse36 clflush dts acpi mmx fxsr sse sse2 ss ht tm pbe syscall nx pdpe1gb rdtscp lm constant_tsc art arch_perfmon pebs bts rep_good nopl xtopology nonstop_tsc cpuid aperfmperf tsc_known_freq pni pclmulqdq dtes64 monitor ds_cpl vmx smx est tm2 ssse3 sdbg fma cx16 xtpr pdcm pcid sse4_1 sse4_2 x2apic movbe popcnt tsc_deadline_timer aes xsave avx f16c rdrand lahf_lm abm 3dnowprefetch cpuid_fault epb invpcid_single pti ssbd ibrs ibpb stibp tpr_shadow vnmi flexpriority ept vpid fsgsbase tsc_adjust bmi1 hle avx2 smep bmi2 erms invpcid rtm mpx rdseed adx smap clflushopt intel_pt xsaveopt xsavec xgetbv1 xsaves dtherm ida arat pln pts hwp hwp_notify hwp_act_window hwp_epp flush_l1d
bugs		: cpu_meltdown spectre_v1 spectre_v2 spec_store_bypass l1tf
bogomips	: 4992.00
clflush size	: 64
cache_alignment	: 64
address sizes	: 39 bits physical, 48 bits virtual
power management:

processor	: 2
vendor_id	: GenuineIntel
cpu family	: 6
model		: 78
model name	: Intel(R) Core(TM) i5-6300U CPU @ 2.40GHz
stepping	: 3
microcode	: 0xc6
cpu MHz		: 2700.035
cache size	: 3072 KB
physical id	: 0
siblings	: 4
core id		: 0
cpu cores	: 2
apicid		: 1
initial apicid	: 1
fpu		: yes
fpu_exception	: yes
cpuid level	: 22
wp		: yes
flags		: fpu vme de pse tsc msr pae mce cx8 apic sep mtrr pge mca cmov pat pse36 clflush dts acpi mmx fxsr sse sse2 ss ht tm pbe syscall nx pdpe1gb rdtscp lm constant_tsc art arch_perfmon pebs bts rep_good nopl xtopology nonstop_tsc cpuid aperfmperf tsc_known_freq pni pclmulqdq dtes64 monitor ds_cpl vmx smx est tm2 ssse3 sdbg fma cx16 xtpr pdcm pcid sse4_1 sse4_2 x2apic movbe popcnt tsc_deadline_timer aes xsave avx f16c rdrand lahf_lm abm 3dnowprefetch cpuid_fault epb invpcid_single pti ssbd ibrs ibpb stibp tpr_shadow vnmi flexpriority ept vpid fsgsbase tsc_adjust bmi1 hle avx2 smep bmi2 erms invpcid rtm mpx rdseed adx smap clflushopt intel_pt xsaveopt xsavec xgetbv1 xsaves dtherm ida arat pln pts hwp hwp_notify hwp_act_window hwp_epp flush_l1d
bugs		: cpu_meltdown spectre_v1 spectre_v2 spec_store_bypass l1tf
bogomips	: 4992.00
clflush size	: 64
cache_alignment	: 64
address sizes	: 39 bits physical, 48 bits virtual
power management:

processor	: 3
vendor_id	: GenuineIntel
cpu family	: 6
model		: 78
model name	: Intel(R) Core(TM) i5-6300U CPU @ 2.40GHz
stepping	: 3
microcode	: 0xc6
cpu MHz		: 2699.980
cache size	: 3072 KB
physical id	: 0
siblings	: 4
core id		: 1
cpu cores	: 2
apicid		: 3
initial apicid	: 3
fpu		: yes
fpu_exception	: yes
cpuid level	: 22
wp		: yes
flags		: fpu vme de pse tsc msr pae mce cx8 apic sep mtrr pge mca cmov pat pse36 clflush dts acpi mmx fxsr sse sse2 ss ht tm pbe syscall nx pdpe1gb rdtscp lm constant_tsc art arch_perfmon pebs bts rep_good nopl xtopology nonstop_tsc cpuid aperfmperf tsc_known_freq pni pclmulqdq dtes64 monitor ds_cpl vmx smx est tm2 ssse3 sdbg fma cx16 xtpr pdcm pcid sse4_1 sse4_2 x2apic movbe popcnt tsc_deadline_timer aes xsave avx f16c rdrand lahf_lm abm 3dnowprefetch cpuid_fault epb invpcid_single pti ssbd ibrs ibpb stibp tpr_shadow vnmi flexpriority ept vpid fsgsbase tsc_adjust bmi1 hle avx2 smep bmi2 erms invpcid rtm mpx rdseed adx smap clflushopt intel_pt xsaveopt xsavec xgetbv1 xsaves dtherm ida arat pln pts hwp hwp_notify hwp_act_window hwp_epp flush_l1d
bugs		: cpu_meltdown spectre_v1 spectre_v2 spec_store_bypass l1tf
bogomips	: 4992.00
clflush size	: 64
cache_alignment	: 64
address sizes	: 39 bits physical, 48 bits virtual
power management:



Memory: 4k page, physical 7806476k(105304k free), swap 8020988k(4k free)

vm_info: Java HotSpot(TM) 64-Bit Server VM (25.161-b12) for linux-amd64 JRE (1.8.0_161-b12), built on Dec 19 2017 16:12:43 by "java_re" with gcc 4.3.0 20080428 (Red Hat 4.3.0-8)

time: Thu Apr  4 12:04:54 2019
elapsed time: 79 seconds (0d 0h 1m 19s)

