#
# There is insufficient memory for the Java Runtime Environment to continue.
# Native memory allocation (mmap) failed to map 144703488 bytes for committing reserved memory.
# Possible reasons:
#   The system is out of physical RAM or swap space
#   In 32 bit mode, the process size limit was hit
# Possible solutions:
#   Reduce memory load on the system
#   Increase physical memory or swap space
#   Check if swap backing store is full
#   Use 64 bit Java on a 64 bit OS
#   Decrease Java heap size (-Xmx/-Xms)
#   Decrease number of Java threads
#   Decrease Java thread stack sizes (-Xss)
#   Set larger code cache with -XX:ReservedCodeCacheSize=
# This output file may be truncated or incomplete.
#
#  Out of Memory Error (os_linux.cpp:2640), pid=12539, tid=0x00007f061a537700
#
# JRE version: Java(TM) SE Runtime Environment (8.0_161-b12) (build 1.8.0_161-b12)
# Java VM: Java HotSpot(TM) 64-Bit Server VM (25.161-b12 mixed mode linux-amd64 compressed oops)
# Failed to write core dump. Core dumps have been disabled. To enable core dumping, try "ulimit -c unlimited" before starting Java again
#

---------------  T H R E A D  ---------------

Current thread (0x00007f063407e800):  VMThread [stack: 0x00007f061a437000,0x00007f061a538000] [id=12550]

Stack: [0x00007f061a437000,0x00007f061a538000],  sp=0x00007f061a535fa0,  free space=1019k
Native frames: (J=compiled Java code, j=interpreted, Vv=VM code, C=native code)
V  [libjvm.so+0xacf94a]  VMError::report_and_die()+0x2ba
V  [libjvm.so+0x50050b]  report_vm_out_of_memory(char const*, int, unsigned long, VMErrorType, char const*)+0x8b
V  [libjvm.so+0x92b133]  os::Linux::commit_memory_impl(char*, unsigned long, bool)+0x103
V  [libjvm.so+0x92b5c9]  os::pd_commit_memory(char*, unsigned long, unsigned long, bool)+0x29
V  [libjvm.so+0x924c0a]  os::commit_memory(char*, unsigned long, unsigned long, bool)+0x2a
V  [libjvm.so+0x99ab53]  PSVirtualSpace::expand_by(unsigned long)+0x53
V  [libjvm.so+0x99bf58]  PSYoungGen::resize_generation(unsigned long, unsigned long)+0xf8
V  [libjvm.so+0x99b0b2]  PSYoungGen::resize(unsigned long, unsigned long)+0x22
V  [libjvm.so+0x99838b]  PSScavenge::invoke_no_policy()+0xf3b
V  [libjvm.so+0x998b11]  PSScavenge::invoke()+0x41
V  [libjvm.so+0x94f5a0]  ParallelScavengeHeap::failed_mem_allocate(unsigned long)+0x70
V  [libjvm.so+0xad13c7]  VM_ParallelGCFailedAllocation::doit()+0x97
V  [libjvm.so+0xad8ed5]  VM_Operation::evaluate()+0x55
V  [libjvm.so+0xad729a]  VMThread::evaluate_operation(VM_Operation*)+0xba
V  [libjvm.so+0xad761e]  VMThread::loop()+0x1ce
V  [libjvm.so+0xad7a90]  VMThread::run()+0x70
V  [libjvm.so+0x92da28]  java_start(Thread*)+0x108

VM_Operation (0x00007f05ca8e1750): ParallelGCFailedAllocation, mode: safepoint, requested by thread 0x00007f05b8005000


---------------  P R O C E S S  ---------------

Java Threads: ( => current thread )
  0x00007f05b8005000 JavaThread "localhost-startStop-1" daemon [_thread_blocked, id=12832, stack(0x00007f05ca7ec000,0x00007f05ca8ed000)]
  0x00007f05cc11c000 JavaThread "Tomcat-startStop-1" daemon [_thread_blocked, id=12831, stack(0x00007f05ca8ed000,0x00007f05ca9ee000)]
  0x00007f05d01ba000 JavaThread "restartedMain" [_thread_blocked, id=12826, stack(0x00007f05cbdfe000,0x00007f05cbeff000)]
  0x00007f05b4002800 JavaThread "Thread-8" [_thread_blocked, id=12821, stack(0x00007f0618582000,0x00007f0618683000)]
  0x00007f06349c6000 JavaThread "DestroyJavaVM" [_thread_blocked, id=12541, stack(0x00007f063ab61000,0x00007f063ac62000)]
  0x00007f05cca49800 JavaThread "Live Reload Server" daemon [_thread_in_native, id=12579, stack(0x00007f05cb6fb000,0x00007f05cb7fc000)]
  0x00007f06346c7800 JavaThread "RMI TCP Accept-0" daemon [_thread_in_native, id=12560, stack(0x00007f0618d99000,0x00007f0618e9a000)]
  0x00007f06346ab800 JavaThread "RMI TCP Accept-41661" daemon [_thread_in_native, id=12559, stack(0x00007f0618e9a000,0x00007f0618f9b000)]
  0x00007f0634697000 JavaThread "RMI TCP Accept-0" daemon [_thread_in_native, id=12558, stack(0x00007f0618f9b000,0x00007f061909c000)]
  0x00007f06340e1000 JavaThread "Service Thread" daemon [_thread_blocked, id=12557, stack(0x00007f0619a58000,0x00007f0619b59000)]
  0x00007f06340c4000 JavaThread "C1 CompilerThread2" daemon [_thread_blocked, id=12556, stack(0x00007f0619b59000,0x00007f0619c5a000)]
  0x00007f06340c2000 JavaThread "C2 CompilerThread1" daemon [_thread_blocked, id=12555, stack(0x00007f0619c5a000,0x00007f0619d5b000)]
  0x00007f06340bf000 JavaThread "C2 CompilerThread0" daemon [_thread_blocked, id=12554, stack(0x00007f0619d5b000,0x00007f0619e5c000)]
  0x00007f06340bd800 JavaThread "Signal Dispatcher" daemon [_thread_blocked, id=12553, stack(0x00007f0619e5c000,0x00007f0619f5d000)]
  0x00007f063408b000 JavaThread "Finalizer" daemon [_thread_blocked, id=12552, stack(0x00007f061a235000,0x00007f061a336000)]
  0x00007f0634086000 JavaThread "Reference Handler" daemon [_thread_blocked, id=12551, stack(0x00007f061a336000,0x00007f061a437000)]

Other Threads:
=>0x00007f063407e800 VMThread [stack: 0x00007f061a437000,0x00007f061a538000] [id=12550]
  0x00007f06346cc000 WatcherThread [stack: 0x00007f0618c98000,0x00007f0618d99000] [id=12561]

VM state:at safepoint (normal execution)

VM Mutex/Monitor currently owned by a thread:  ([mutex/lock_event])
[0x00007f063400cf50] Threads_lock - owner thread: 0x00007f063407e800
[0x00007f063400d450] Heap_lock - owner thread: 0x00007f05b8005000

Heap:
 PSYoungGen      total 449024K, used 20963K [0x00000000d8500000, 0x00000000f5300000, 0x0000000100000000)
  eden space 424960K, 0% used [0x00000000d8500000,0x00000000d8500000,0x00000000f2400000)
  from space 24064K, 87% used [0x00000000f3b80000,0x00000000f4ff8cd0,0x00000000f5300000)
  to   space 9216K, 0% used [0x00000000f2c80000,0x00000000f2c80000,0x00000000f3580000)
 ParOldGen       total 98304K, used 37687K [0x0000000088e00000, 0x000000008ee00000, 0x00000000d8500000)
  object space 98304K, 38% used [0x0000000088e00000,0x000000008b2cdc90,0x000000008ee00000)
 Metaspace       used 43692K, capacity 44716K, committed 45056K, reserved 1089536K
  class space    used 5564K, capacity 5793K, committed 5888K, reserved 1048576K

Card table byte_map: [0x00007f0624458000,0x00007f0624812000] byte_map_base: 0x00007f0624011000

Marking Bits: (ParMarkBitMap*) 0x00007f063a032920
 Begin Bits: [0x00007f0620248000, 0x00007f0622010000)
 End Bits:   [0x00007f0622010000, 0x00007f0623dd8000)

Polling page: 0x00007f063ac85000

CodeCache: size=245760Kb used=11610Kb max_used=11610Kb free=234149Kb
 bounds [0x00007f0624bd2000, 0x00007f0625732000, 0x00007f0633bd2000]
 total_blobs=6024 nmethods=5312 adapters=624
 compilation: enabled

Compilation events (10 events):
Event: 141.607 Thread 0x00007f06340c4000 5420       1       io.micrometer.spring.autoconfigure.MeterRegistryPostProcessor::postProcessAfterInitialization (20 bytes)
Event: 141.608 Thread 0x00007f06340c4000 nmethod 5420 0x00007f0625729590 code [0x00007f0625729740, 0x00007f0625729b88]
Event: 141.609 Thread 0x00007f06340c4000 5421   !   1       com.sun.proxy.$Proxy10::annotationType (29 bytes)
Event: 141.609 Thread 0x00007f06340c4000 nmethod 5421 0x00007f062572a010 code [0x00007f062572a1a0, 0x00007f062572a418]
Event: 141.614 Thread 0x00007f06340c4000 5422   !   1       com.sun.proxy.$Proxy44::annotationType (29 bytes)
Event: 141.614 Thread 0x00007f06340c4000 nmethod 5422 0x00007f062572a590 code [0x00007f062572a720, 0x00007f062572a998]
Event: 141.676 Thread 0x00007f06340c4000 5423       1       org.aspectj.apache.bcel.classfile.ConstantFloat::<init> (9 bytes)
Event: 141.677 Thread 0x00007f06340c4000 nmethod 5423 0x00007f062572ab10 code [0x00007f062572ac80, 0x00007f062572adc8]
Event: 141.677 Thread 0x00007f06340c4000 5424       1       java.io.DataInputStream::readFloat (8 bytes)
Event: 141.677 Thread 0x00007f06340c4000 nmethod 5424 0x00007f062572ae90 code [0x00007f062572b000, 0x00007f062572b128]

GC Heap History (10 events):
Event: 7.862 GC heap after
Heap after GC invocations=12 (full 1):
 PSYoungGen      total 333824K, used 18146K [0x00000000d8500000, 0x00000000f5e80000, 0x0000000100000000)
  eden space 313856K, 0% used [0x00000000d8500000,0x00000000d8500000,0x00000000eb780000)
  from space 19968K, 90% used [0x00000000eb780000,0x00000000ec938ae0,0x00000000ecb00000)
  to   space 22016K, 0% used [0x00000000f4900000,0x00000000f4900000,0x00000000f5e80000)
 ParOldGen       total 52736K, used 32524K [0x0000000088e00000, 0x000000008c180000, 0x00000000d8500000)
  object space 52736K, 61% used [0x0000000088e00000,0x000000008adc3220,0x000000008c180000)
 Metaspace       used 34628K, capacity 35364K, committed 35456K, reserved 1079296K
  class space    used 4503K, capacity 4701K, committed 4736K, reserved 1048576K
}
Event: 7.862 GC heap before
{Heap before GC invocations=13 (full 2):
 PSYoungGen      total 333824K, used 18146K [0x00000000d8500000, 0x00000000f5e80000, 0x0000000100000000)
  eden space 313856K, 0% used [0x00000000d8500000,0x00000000d8500000,0x00000000eb780000)
  from space 19968K, 90% used [0x00000000eb780000,0x00000000ec938ae0,0x00000000ecb00000)
  to   space 22016K, 0% used [0x00000000f4900000,0x00000000f4900000,0x00000000f5e80000)
 ParOldGen       total 52736K, used 32524K [0x0000000088e00000, 0x000000008c180000, 0x00000000d8500000)
  object space 52736K, 61% used [0x0000000088e00000,0x000000008adc3220,0x000000008c180000)
 Metaspace       used 34628K, capacity 35364K, committed 35456K, reserved 1079296K
  class space    used 4503K, capacity 4701K, committed 4736K, reserved 1048576K
Event: 7.998 GC heap after
Heap after GC invocations=13 (full 2):
 PSYoungGen      total 333824K, used 0K [0x00000000d8500000, 0x00000000f5e80000, 0x0000000100000000)
  eden space 313856K, 0% used [0x00000000d8500000,0x00000000d8500000,0x00000000eb780000)
  from space 19968K, 0% used [0x00000000eb780000,0x00000000eb780000,0x00000000ecb00000)
  to   space 22016K, 0% used [0x00000000f4900000,0x00000000f4900000,0x00000000f5e80000)
 ParOldGen       total 98304K, used 39902K [0x0000000088e00000, 0x000000008ee00000, 0x00000000d8500000)
  object space 98304K, 40% used [0x0000000088e00000,0x000000008b4f7800,0x000000008ee00000)
 Metaspace       used 34624K, capacity 35358K, committed 35456K, reserved 1079296K
  class space    used 4502K, capacity 4700K, committed 4736K, reserved 1048576K
}
Event: 9.683 GC heap before
{Heap before GC invocations=14 (full 2):
 PSYoungGen      total 333824K, used 313856K [0x00000000d8500000, 0x00000000f5e80000, 0x0000000100000000)
  eden space 313856K, 100% used [0x00000000d8500000,0x00000000eb780000,0x00000000eb780000)
  from space 19968K, 0% used [0x00000000eb780000,0x00000000eb780000,0x00000000ecb00000)
  to   space 22016K, 0% used [0x00000000f4900000,0x00000000f4900000,0x00000000f5e80000)
 ParOldGen       total 98304K, used 39902K [0x0000000088e00000, 0x000000008ee00000, 0x00000000d8500000)
  object space 98304K, 40% used [0x0000000088e00000,0x000000008b4f7800,0x000000008ee00000)
 Metaspace       used 37537K, capacity 38390K, committed 38656K, reserved 1083392K
  class space    used 4830K, capacity 5044K, committed 5120K, reserved 1048576K
Event: 9.700 GC heap after
Heap after GC invocations=14 (full 2):
 PSYoungGen      total 445952K, used 20785K [0x00000000d8500000, 0x00000000f5d80000, 0x0000000100000000)
  eden space 424960K, 0% used [0x00000000d8500000,0x00000000d8500000,0x00000000f2400000)
  from space 20992K, 99% used [0x00000000f4900000,0x00000000f5d4c5d0,0x00000000f5d80000)
  to   space 25088K, 0% used [0x00000000f2c80000,0x00000000f2c80000,0x00000000f4500000)
 ParOldGen       total 98304K, used 39910K [0x0000000088e00000, 0x000000008ee00000, 0x00000000d8500000)
  object space 98304K, 40% used [0x0000000088e00000,0x000000008b4f9800,0x000000008ee00000)
 Metaspace       used 37537K, capacity 38390K, committed 38656K, reserved 1083392K
  class space    used 4830K, capacity 5044K, committed 5120K, reserved 1048576K
}
Event: 139.798 GC heap before
{Heap before GC invocations=15 (full 2):
 PSYoungGen      total 445952K, used 198216K [0x00000000d8500000, 0x00000000f5d80000, 0x0000000100000000)
  eden space 424960K, 41% used [0x00000000d8500000,0x00000000e3245ce0,0x00000000f2400000)
  from space 20992K, 99% used [0x00000000f4900000,0x00000000f5d4c5d0,0x00000000f5d80000)
  to   space 25088K, 0% used [0x00000000f2c80000,0x00000000f2c80000,0x00000000f4500000)
 ParOldGen       total 98304K, used 39910K [0x0000000088e00000, 0x000000008ee00000, 0x00000000d8500000)
  object space 98304K, 40% used [0x0000000088e00000,0x000000008b4f9800,0x000000008ee00000)
 Metaspace       used 43605K, capacity 44552K, committed 44800K, reserved 1087488K
  class space    used 5550K, capacity 5776K, committed 5888K, reserved 1048576K
Event: 139.815 GC heap after
Heap after GC invocations=15 (full 2):
 PSYoungGen      total 434176K, used 8772K [0x00000000d8500000, 0x00000000f5300000, 0x0000000100000000)
  eden space 424960K, 0% used [0x00000000d8500000,0x00000000d8500000,0x00000000f2400000)
  from space 9216K, 95% used [0x00000000f2c80000,0x00000000f35113b8,0x00000000f3580000)
  to   space 24064K, 0% used [0x00000000f3b80000,0x00000000f3b80000,0x00000000f5300000)
 ParOldGen       total 98304K, used 45954K [0x0000000088e00000, 0x000000008ee00000, 0x00000000d8500000)
  object space 98304K, 46% used [0x0000000088e00000,0x000000008bae0840,0x000000008ee00000)
 Metaspace       used 43605K, capacity 44552K, committed 44800K, reserved 1087488K
  class space    used 5550K, capacity 5776K, committed 5888K, reserved 1048576K
}
Event: 139.815 GC heap before
{Heap before GC invocations=16 (full 3):
 PSYoungGen      total 434176K, used 8772K [0x00000000d8500000, 0x00000000f5300000, 0x0000000100000000)
  eden space 424960K, 0% used [0x00000000d8500000,0x00000000d8500000,0x00000000f2400000)
  from space 9216K, 95% used [0x00000000f2c80000,0x00000000f35113b8,0x00000000f3580000)
  to   space 24064K, 0% used [0x00000000f3b80000,0x00000000f3b80000,0x00000000f5300000)
 ParOldGen       total 98304K, used 45954K [0x0000000088e00000, 0x000000008ee00000, 0x00000000d8500000)
  object space 98304K, 46% used [0x0000000088e00000,0x000000008bae0840,0x000000008ee00000)
 Metaspace       used 43605K, capacity 44552K, committed 44800K, reserved 1087488K
  class space    used 5550K, capacity 5776K, committed 5888K, reserved 1048576K
Event: 140.031 GC heap after
Heap after GC invocations=16 (full 3):
 PSYoungGen      total 434176K, used 0K [0x00000000d8500000, 0x00000000f5300000, 0x0000000100000000)
  eden space 424960K, 0% used [0x00000000d8500000,0x00000000d8500000,0x00000000f2400000)
  from space 9216K, 0% used [0x00000000f2c80000,0x00000000f2c80000,0x00000000f3580000)
  to   space 24064K, 0% used [0x00000000f3b80000,0x00000000f3b80000,0x00000000f5300000)
 ParOldGen       total 98304K, used 37679K [0x0000000088e00000, 0x000000008ee00000, 0x00000000d8500000)
  object space 98304K, 38% used [0x0000000088e00000,0x000000008b2cbc90,0x000000008ee00000)
 Metaspace       used 43605K, capacity 44552K, committed 44800K, reserved 1087488K
  class space    used 5550K, capacity 5776K, committed 5888K, reserved 1048576K
}
Event: 141.948 GC heap before
{Heap before GC invocations=17 (full 3):
 PSYoungGen      total 434176K, used 424960K [0x00000000d8500000, 0x00000000f5300000, 0x0000000100000000)
  eden space 424960K, 100% used [0x00000000d8500000,0x00000000f2400000,0x00000000f2400000)
  from space 9216K, 0% used [0x00000000f2c80000,0x00000000f2c80000,0x00000000f3580000)
  to   space 24064K, 0% used [0x00000000f3b80000,0x00000000f3b80000,0x00000000f5300000)
 ParOldGen       total 98304K, used 37679K [0x0000000088e00000, 0x000000008ee00000, 0x00000000d8500000)
  object space 98304K, 38% used [0x0000000088e00000,0x000000008b2cbc90,0x000000008ee00000)
 Metaspace       used 43692K, capacity 44716K, committed 45056K, reserved 1089536K
  class space    used 5564K, capacity 5793K, committed 5888K, reserved 1048576K

Deoptimization events (0 events):
No events

Classes redefined (0 events):
No events

Internal exceptions (10 events):
Event: 141.550 Thread 0x00007f05b8005000 Exception <a 'java/lang/ArrayIndexOutOfBoundsException'> (0x00000000ed285098) thrown at [/HUDSON/workspace/8-2-build-linux-amd64/jdk8u161/10277/hotspot/src/share/vm/runtime/sharedRuntime.cpp, line 605]
Event: 141.550 Thread 0x00007f05b8005000 Exception <a 'java/lang/ArrayIndexOutOfBoundsException'> (0x00000000ed286e80) thrown at [/HUDSON/workspace/8-2-build-linux-amd64/jdk8u161/10277/hotspot/src/share/vm/runtime/sharedRuntime.cpp, line 605]
Event: 141.550 Thread 0x00007f05b8005000 Exception <a 'java/lang/ArrayIndexOutOfBoundsException'> (0x00000000ed288da8) thrown at [/HUDSON/workspace/8-2-build-linux-amd64/jdk8u161/10277/hotspot/src/share/vm/runtime/sharedRuntime.cpp, line 605]
Event: 141.572 Thread 0x00007f05b8005000 Exception <a 'java/lang/ArrayIndexOutOfBoundsException'> (0x00000000ed7e1e70) thrown at [/HUDSON/workspace/8-2-build-linux-amd64/jdk8u161/10277/hotspot/src/share/vm/runtime/sharedRuntime.cpp, line 605]
Event: 141.664 Thread 0x00007f05b8005000 Exception <a 'java/lang/ArrayIndexOutOfBoundsException'> (0x00000000eebadb50) thrown at [/HUDSON/workspace/8-2-build-linux-amd64/jdk8u161/10277/hotspot/src/share/vm/runtime/sharedRuntime.cpp, line 605]
Event: 141.664 Thread 0x00007f05b8005000 Exception <a 'java/lang/ArrayIndexOutOfBoundsException'> (0x00000000eebb1120) thrown at [/HUDSON/workspace/8-2-build-linux-amd64/jdk8u161/10277/hotspot/src/share/vm/runtime/sharedRuntime.cpp, line 605]
Event: 141.664 Thread 0x00007f05b8005000 Exception <a 'java/lang/ArrayIndexOutOfBoundsException'> (0x00000000eebb3b18) thrown at [/HUDSON/workspace/8-2-build-linux-amd64/jdk8u161/10277/hotspot/src/share/vm/runtime/sharedRuntime.cpp, line 605]
Event: 141.664 Thread 0x00007f05b8005000 Exception <a 'java/lang/ArrayIndexOutOfBoundsException'> (0x00000000eebb6798) thrown at [/HUDSON/workspace/8-2-build-linux-amd64/jdk8u161/10277/hotspot/src/share/vm/runtime/sharedRuntime.cpp, line 605]
Event: 141.664 Thread 0x00007f05b8005000 Exception <a 'java/lang/ArrayIndexOutOfBoundsException'> (0x00000000eebb9da0) thrown at [/HUDSON/workspace/8-2-build-linux-amd64/jdk8u161/10277/hotspot/src/share/vm/runtime/sharedRuntime.cpp, line 605]
Event: 141.664 Thread 0x00007f05b8005000 Exception <a 'java/lang/ArrayIndexOutOfBoundsException'> (0x00000000eebbda68) thrown at [/HUDSON/workspace/8-2-build-linux-amd64/jdk8u161/10277/hotspot/src/share/vm/runtime/sharedRuntime.cpp, line 605]

Events (10 events):
Event: 141.662 loading class com/fasterxml/jackson/datatype/jsr310$JavaTimeModule done
Event: 141.663 loading class org/joda/time/LocalDate
Event: 141.663 loading class org/joda/time/LocalDate done
Event: 141.663 loading class org/joda/time$LocalDate
Event: 141.663 loading class org/joda/time$LocalDate done
Event: 141.663 loading class kotlin/Unit
Event: 141.663 loading class kotlin/Unit done
Event: 141.663 loading class kotlin$Unit
Event: 141.663 loading class kotlin$Unit done
Event: 141.948 Executing VM operation: ParallelGCFailedAllocation


Dynamic libraries:
00400000-00401000 r-xp 00000000 08:05 11930299                           /usr/lib/jvm/java-8-oracle/bin/java
00600000-00601000 rw-p 00000000 08:05 11930299                           /usr/lib/jvm/java-8-oracle/bin/java
00926000-00947000 rw-p 00000000 00:00 0                                  [heap]
88e00000-8ee00000 rw-p 00000000 00:00 0 
8ee00000-d8500000 ---p 00000000 00:00 0 
d8500000-f5300000 rw-p 00000000 00:00 0 
fdd00000-100000000 ---p 00000000 00:00 0 
100000000-1005c0000 rw-p 00000000 00:00 0 
1005c0000-140000000 ---p 00000000 00:00 0 
7f0598000000-7f0598021000 rw-p 00000000 00:00 0 
7f0598021000-7f059c000000 ---p 00000000 00:00 0 
7f05a0000000-7f05a0148000 rw-p 00000000 00:00 0 
7f05a0148000-7f05a4000000 ---p 00000000 00:00 0 
7f05a4000000-7f05a4021000 rw-p 00000000 00:00 0 
7f05a4021000-7f05a8000000 ---p 00000000 00:00 0 
7f05a8000000-7f05a8021000 rw-p 00000000 00:00 0 
7f05a8021000-7f05ac000000 ---p 00000000 00:00 0 
7f05ac000000-7f05ac021000 rw-p 00000000 00:00 0 
7f05ac021000-7f05b0000000 ---p 00000000 00:00 0 
7f05b0000000-7f05b0021000 rw-p 00000000 00:00 0 
7f05b0021000-7f05b4000000 ---p 00000000 00:00 0 
7f05b4000000-7f05b428f000 rw-p 00000000 00:00 0 
7f05b428f000-7f05b8000000 ---p 00000000 00:00 0 
7f05b8000000-7f05b8021000 rw-p 00000000 00:00 0 
7f05b8021000-7f05bc000000 ---p 00000000 00:00 0 
7f05bc000000-7f05bc021000 rw-p 00000000 00:00 0 
7f05bc021000-7f05c0000000 ---p 00000000 00:00 0 
7f05c0000000-7f05c0021000 rw-p 00000000 00:00 0 
7f05c0021000-7f05c4000000 ---p 00000000 00:00 0 
7f05c4000000-7f05c41e1000 rw-p 00000000 00:00 0 
7f05c41e1000-7f05c8000000 ---p 00000000 00:00 0 
7f05ca1ec000-7f05ca22c000 rw-p 00000000 00:00 0 
7f05ca22c000-7f05ca3ec000 ---p 00000000 00:00 0 
7f05ca3ec000-7f05ca5ec000 rw-p 00000000 00:00 0 
7f05ca5ec000-7f05ca7ec000 rw-p 00000000 00:00 0 
7f05ca7ec000-7f05ca7ef000 ---p 00000000 00:00 0 
7f05ca7ef000-7f05ca8ed000 rw-p 00000000 00:00 0 
7f05ca8ed000-7f05ca8f0000 ---p 00000000 00:00 0 
7f05ca8f0000-7f05ca9ee000 rw-p 00000000 00:00 0 
7f05ca9ee000-7f05ca9f1000 ---p 00000000 00:00 0 
7f05ca9f1000-7f05caaef000 rw-p 00000000 00:00 0 
7f05caaef000-7f05caaf2000 ---p 00000000 00:00 0 
7f05caaf2000-7f05cabf0000 rw-p 00000000 00:00 0 
7f05cabf0000-7f05cabf3000 ---p 00000000 00:00 0 
7f05cabf3000-7f05cacf1000 rw-p 00000000 00:00 0 
7f05cacf1000-7f05cacf4000 ---p 00000000 00:00 0 
7f05cacf4000-7f05cadf2000 rw-p 00000000 00:00 0 
7f05cadf2000-7f05cadf5000 ---p 00000000 00:00 0 
7f05cadf5000-7f05caef3000 rw-p 00000000 00:00 0 
7f05caef3000-7f05caef6000 ---p 00000000 00:00 0 
7f05caef6000-7f05caff4000 rw-p 00000000 00:00 0 
7f05caff4000-7f05caff7000 ---p 00000000 00:00 0 
7f05caff7000-7f05cb0f5000 rw-p 00000000 00:00 0 
7f05cb0f5000-7f05cb0f8000 ---p 00000000 00:00 0 
7f05cb0f8000-7f05cb1f6000 rw-p 00000000 00:00 0 
7f05cb1f6000-7f05cb1f9000 ---p 00000000 00:00 0 
7f05cb1f9000-7f05cb2f7000 rw-p 00000000 00:00 0 
7f05cb2f7000-7f05cb2fa000 ---p 00000000 00:00 0 
7f05cb2fa000-7f05cb3f8000 rw-p 00000000 00:00 0 
7f05cb3f8000-7f05cb3fb000 ---p 00000000 00:00 0 
7f05cb3fb000-7f05cb4f9000 rw-p 00000000 00:00 0 
7f05cb4f9000-7f05cb4fc000 ---p 00000000 00:00 0 
7f05cb4fc000-7f05cb5fa000 rw-p 00000000 00:00 0 
7f05cb5fa000-7f05cb5fd000 ---p 00000000 00:00 0 
7f05cb5fd000-7f05cb6fb000 rw-p 00000000 00:00 0 
7f05cb6fb000-7f05cb6fe000 ---p 00000000 00:00 0 
7f05cb6fe000-7f05cb7fc000 rw-p 00000000 00:00 0 
7f05cb7fc000-7f05cb7ff000 ---p 00000000 00:00 0 
7f05cb7ff000-7f05cbafd000 rw-p 00000000 00:00 0 
7f05cbafd000-7f05cbcfd000 rw-p 00000000 00:00 0 
7f05cbcfd000-7f05cbd00000 ---p 00000000 00:00 0 
7f05cbd00000-7f05cbdfe000 rw-p 00000000 00:00 0 
7f05cbdfe000-7f05cbe01000 ---p 00000000 00:00 0 
7f05cbe01000-7f05cbeff000 rw-p 00000000 00:00 0 
7f05cbeff000-7f05cbf02000 ---p 00000000 00:00 0 
7f05cbf02000-7f05cc000000 rw-p 00000000 00:00 0 
7f05cc000000-7f05ccbc0000 rw-p 00000000 00:00 0 
7f05ccbc0000-7f05d0000000 ---p 00000000 00:00 0 
7f05d0000000-7f05d01bd000 rw-p 00000000 00:00 0 
7f05d01bd000-7f05d4000000 ---p 00000000 00:00 0 
7f05d4000000-7f05d4021000 rw-p 00000000 00:00 0 
7f05d4021000-7f05d8000000 ---p 00000000 00:00 0 
7f05d8000000-7f05d8021000 rw-p 00000000 00:00 0 
7f05d8021000-7f05dc000000 ---p 00000000 00:00 0 
7f05dc000000-7f05dc021000 rw-p 00000000 00:00 0 
7f05dc021000-7f05e0000000 ---p 00000000 00:00 0 
7f05e0000000-7f05e0021000 rw-p 00000000 00:00 0 
7f05e0021000-7f05e4000000 ---p 00000000 00:00 0 
7f05e4000000-7f05e4021000 rw-p 00000000 00:00 0 
7f05e4021000-7f05e8000000 ---p 00000000 00:00 0 
7f05e80fe000-7f05e8101000 ---p 00000000 00:00 0 
7f05e8101000-7f05e83ff000 rw-p 00000000 00:00 0 
7f05e83ff000-7f05e85ff000 rw-p 00000000 00:00 0 
7f05e85ff000-7f05e87ff000 rw-p 00000000 00:00 0 
7f05e87ff000-7f05e89ff000 rw-p 00000000 00:00 0 
7f05e89ff000-7f05e8bff000 rw-p 00000000 00:00 0 
7f05e8bff000-7f05e8dff000 rw-p 00000000 00:00 0 
7f05e8dff000-7f05e8fff000 rw-p 00000000 00:00 0 
7f05e8fff000-7f05ec000000 rw-p 00000000 00:00 0 
7f05ec000000-7f05ec802000 rw-p 00000000 00:00 0 
7f05ec802000-7f05f0000000 ---p 00000000 00:00 0 
7f05f0000000-7f05f0021000 rw-p 00000000 00:00 0 
7f05f0021000-7f05f4000000 ---p 00000000 00:00 0 
7f05f4000000-7f05f4046000 rw-p 00000000 00:00 0 
7f05f4046000-7f05f8000000 ---p 00000000 00:00 0 
7f05f8000000-7f05f8021000 rw-p 00000000 00:00 0 
7f05f8021000-7f05fc000000 ---p 00000000 00:00 0 
7f05fc000000-7f05fc021000 rw-p 00000000 00:00 0 
7f05fc021000-7f0600000000 ---p 00000000 00:00 0 
7f0600000000-7f0600021000 rw-p 00000000 00:00 0 
7f0600021000-7f0604000000 ---p 00000000 00:00 0 
7f0604000000-7f0604298000 rw-p 00000000 00:00 0 
7f0604298000-7f0608000000 ---p 00000000 00:00 0 
7f0608000000-7f0608021000 rw-p 00000000 00:00 0 
7f0608021000-7f060c000000 ---p 00000000 00:00 0 
7f060c000000-7f060c021000 rw-p 00000000 00:00 0 
7f060c021000-7f0610000000 ---p 00000000 00:00 0 
7f0610000000-7f0610021000 rw-p 00000000 00:00 0 
7f0610021000-7f0614000000 ---p 00000000 00:00 0 
7f0614000000-7f0614021000 rw-p 00000000 00:00 0 
7f0614021000-7f0618000000 ---p 00000000 00:00 0 
7f061807c000-7f061807f000 ---p 00000000 00:00 0 
7f061807f000-7f061837d000 rw-p 00000000 00:00 0 
7f061837d000-7f061857d000 rw-p 00000000 00:00 0 
7f061857d000-7f0618582000 r--s 002f9000 08:05 12062869                   /usr/lib/jvm/java-8-oracle/jre/lib/charsets.jar
7f0618582000-7f0618585000 ---p 00000000 00:00 0 
7f0618585000-7f0618883000 rw-p 00000000 00:00 0 
7f0618883000-7f0618896000 r--s 00345000 08:05 12062875                   /usr/lib/jvm/java-8-oracle/jre/lib/resources.jar
7f0618896000-7f0618899000 ---p 00000000 00:00 0 
7f0618899000-7f0618997000 rw-p 00000000 00:00 0 
7f0618997000-7f061899a000 ---p 00000000 00:00 0 
7f061899a000-7f0618c98000 rw-p 00000000 00:00 0 
7f0618c98000-7f0618c99000 ---p 00000000 00:00 0 
7f0618c99000-7f0618d99000 rw-p 00000000 00:00 0 
7f0618d99000-7f0618d9c000 ---p 00000000 00:00 0 
7f0618d9c000-7f0618e9a000 rw-p 00000000 00:00 0 
7f0618e9a000-7f0618e9d000 ---p 00000000 00:00 0 
7f0618e9d000-7f0618f9b000 rw-p 00000000 00:00 0 
7f0618f9b000-7f0618f9e000 ---p 00000000 00:00 0 
7f0618f9e000-7f061909c000 rw-p 00000000 00:00 0 
7f061909c000-7f06190a1000 r--s 0009d000 08:05 12062876                   /usr/lib/jvm/java-8-oracle/jre/lib/jsse.jar
7f06190a1000-7f06190b0000 r--s 00084000 08:05 1574312                    /home/vishal/.m2/repository/org/springframework/spring-test/4.3.8.RELEASE/spring-test-4.3.8.RELEASE.jar
7f06190b0000-7f06190c6000 r--s 000fc000 08:05 1574309                    /home/vishal/.m2/repository/org/springframework/spring-core/4.3.8.RELEASE/spring-core-4.3.8.RELEASE.jar
7f06190c6000-7f06190c7000 r--s 00004000 08:05 1574306                    /home/vishal/.m2/repository/com/vaadin/external/google/android-json/0.0.20131108.vaadin1/android-json-0.0.20131108.vaadin1.jar
7f06190c7000-7f06190c9000 r--s 00006000 08:05 1574304                    /home/vishal/.m2/repository/org/skyscreamer/jsonassert/1.4.0/jsonassert-1.4.0.jar
7f06190c9000-7f06190ca000 r--s 0000c000 08:05 1574302                    /home/vishal/.m2/repository/org/hamcrest/hamcrest-library/1.3/hamcrest-library-1.3.jar
7f06190ca000-7f06190cc000 r--s 00009000 08:05 1574197                    /home/vishal/.m2/repository/org/hamcrest/hamcrest-core/1.3/hamcrest-core-1.3.jar
7f06190cc000-7f06190ce000 r--s 00009000 08:05 1574196                    /home/vishal/.m2/repository/org/objenesis/objenesis/2.1/objenesis-2.1.jar
7f06190ce000-7f06190ea000 r--s 00103000 08:05 1574294                    /home/vishal/.m2/repository/org/mockito/mockito-core/1.10.19/mockito-core-1.10.19.jar
7f06190ea000-7f06190fe000 r--s 000dc000 08:05 1574245                    /home/vishal/.m2/repository/org/assertj/assertj-core/2.6.0/assertj-core-2.6.0.jar
7f06190fe000-7f0619106000 r--s 00045000 08:05 526666                     /home/vishal/.m2/repository/junit/junit/4.12/junit-4.12.jar
7f0619106000-7f061910b000 r--s 00019000 08:05 1574193                    /home/vishal/.m2/repository/org/springframework/boot/spring-boot-test-autoconfigure/1.5.3.RELEASE/spring-boot-test-autoconfigure-1.5.3.RELEASE.jar
7f061910b000-7f061910f000 r--s 0001f000 08:05 1574291                    /home/vishal/.m2/repository/org/springframework/boot/spring-boot-test/1.5.3.RELEASE/spring-boot-test-1.5.3.RELEASE.jar
7f061910f000-7f0619110000 r--s 00000000 08:05 1574289                    /home/vishal/.m2/repository/org/springframework/boot/spring-boot-starter-test/1.5.3.RELEASE/spring-boot-starter-test-1.5.3.RELEASE.jar
7f0619110000-7f0619126000 r--s 0014a000 08:05 1574286                    /home/vishal/.m2/repository/org/projectlombok/lombok/1.16.16/lombok-1.16.16.jar
7f0619126000-7f0619131000 r--s 0006a000 08:05 1574170                    /home/vishal/.m2/repository/ch/qos/logback/logback-core/1.1.11/logback-core-1.1.11.jar
7f0619131000-7f0619138000 r--s 00045000 08:05 1574168                    /home/vishal/.m2/repository/ch/qos/logback/logback-classic/1.1.11/logback-classic-1.1.11.jar
7f0619138000-7f0619144000 r--s 00073000 08:05 9183164                    /home/vishal/.m2/repository/net/logstash/logback/logstash-logback-encoder/5.2/logstash-logback-encoder-5.2.jar
7f0619144000-7f0619145000 r--s 00000000 08:05 9179283                    /home/vishal/.m2/repository/io/jaegertracing/jaeger-tracerresolver/0.31.0/jaeger-tracerresolver-0.31.0.jar
7f0619145000-7f0619149000 r--s 0001b000 08:05 9179281                    /home/vishal/.m2/repository/io/jaegertracing/jaeger-core/0.31.0/jaeger-core-0.31.0.jar
7f0619149000-7f061914a000 r--s 00013000 08:05 2361727                    /home/vishal/.m2/repository/com/squareup/okio/okio/1.13.0/okio-1.13.0.jar
7f061914a000-7f0619150000 r--s 0005e000 08:05 9052402                    /home/vishal/.m2/repository/com/squareup/okhttp3/okhttp/3.9.0/okhttp-3.9.0.jar
7f0619150000-7f0619158000 r--s 00048000 08:05 1704387                    /home/vishal/.m2/repository/org/apache/httpcomponents/httpcore/4.4.6/httpcore-4.4.6.jar
7f0619158000-7f061915f000 r--s 0003f000 08:05 1574318                    /home/vishal/.m2/repository/commons-codec/commons-codec/1.10/commons-codec-1.10.jar
7f061915f000-7f061916c000 r--s 000aa000 08:05 1704385                    /home/vishal/.m2/repository/org/apache/httpcomponents/httpclient/4.5.3/httpclient-4.5.3.jar
7f061916c000-7f0619172000 r--s 00035000 08:05 14943297                   /home/vishal/.m2/repository/org/apache/thrift/libthrift/0.11.0/libthrift-0.11.0.jar
7f0619172000-7f0619181000 r--s 0009c000 08:05 9179279                    /home/vishal/.m2/repository/io/jaegertracing/jaeger-thrift/0.31.0/jaeger-thrift-0.31.0.jar
7f0619181000-7f0619182000 r--s 00000000 08:05 9179277                    /home/vishal/.m2/repository/io/jaegertracing/jaeger-client/0.31.0/jaeger-client-0.31.0.jar
7f0619182000-7f0619184000 r--s 0000d000 08:05 9179275                    /home/vishal/.m2/repository/io/prometheus/simpleclient/0.4.0/simpleclient-0.4.0.jar
7f0619184000-7f0619185000 r--s 00001000 08:05 9179273                    /home/vishal/.m2/repository/io/prometheus/simpleclient_common/0.4.0/simpleclient_common-0.4.0.jar
7f0619185000-7f0619187000 r--s 00005000 08:05 9179271                    /home/vishal/.m2/repository/io/micrometer/micrometer-registry-prometheus/1.0.6/micrometer-registry-prometheus-1.0.6.jar
7f0619187000-7f061918c000 r--s 0001e000 08:05 9179269                    /home/vishal/.m2/repository/io/micrometer/micrometer-spring-legacy/1.0.6/micrometer-spring-legacy-1.0.6.jar
7f061918c000-7f061918e000 r--s 00006000 08:05 9179267                    /home/vishal/.m2/repository/org/latencyutils/LatencyUtils/2.0.3/LatencyUtils-2.0.3.jar
7f061918e000-7f0619190000 r--s 0001b000 08:05 9179265                    /home/vishal/.m2/repository/org/hdrhistogram/HdrHistogram/2.1.10/HdrHistogram-2.1.10.jar
7f0619190000-7f0619198000 r--s 0004f000 08:05 9179263                    /home/vishal/.m2/repository/io/micrometer/micrometer-core/1.0.6/micrometer-core-1.0.6.jar
7f0619198000-7f061919a000 r--s 00003000 08:05 9179255                    /home/vishal/.m2/repository/io/opentracing/contrib/opentracing-spring-jaeger-starter/0.2.2/opentracing-spring-jaeger-starter-0.2.2.jar
7f061919a000-7f061919c000 r--s 00002000 08:05 9179253                    /home/vishal/.m2/repository/io/opentracing/opentracing-api/0.31.0/opentracing-api-0.31.0.jar
7f061919c000-7f061919d000 r--s 00000000 08:05 1714446                    /home/vishal/.m2/repository/org/springframework/boot/spring-boot-starter-aop/1.5.3.RELEASE/spring-boot-starter-aop-1.5.3.RELEASE.jar
7f061919d000-7f061919e000 r--s 00005000 08:05 9180085                    /home/vishal/.m2/repository/io/opentracing/contrib/opentracing-jdbc/0.0.9/opentracing-jdbc-0.0.9.jar
7f061919e000-7f061919f000 r--s 00001000 08:05 9179957                    /home/vishal/.m2/repository/io/opentracing/contrib/opentracing-spring-cloud-jdbc-starter/0.2.1/opentracing-spring-cloud-jdbc-starter-0.2.1.jar
7f061919f000-7f06191a0000 r--s 00001000 08:05 9179261                    /home/vishal/.m2/repository/io/opentracing/opentracing-util/0.31.0/opentracing-util-0.31.0.jar
7f06191a0000-7f06191a1000 r--s 00002000 08:05 9179259                    /home/vishal/.m2/repository/io/opentracing/opentracing-noop/0.31.0/opentracing-noop-0.31.0.jar
7f06191a1000-7f06191a3000 r--s 00000000 08:05 9179257                    /home/vishal/.m2/repository/io/opentracing/contrib/opentracing-spring-tracer-configuration-starter/0.1.0/opentracing-spring-tracer-configuration-starter-0.1.0.jar
7f06191a3000-7f06191a4000 r--s 00001000 08:05 9179211                    /home/vishal/.m2/repository/io/opentracing/contrib/opentracing-tracerresolver/0.1.4/opentracing-tracerresolver-0.1.4.jar
7f06191a4000-7f06191a6000 r--s 00002000 08:05 9179209                    /home/vishal/.m2/repository/io/opentracing/contrib/opentracing-web-servlet-filter/0.1.0/opentracing-web-servlet-filter-0.1.0.jar
7f06191a6000-7f06191a7000 r--s 00004000 08:05 9179207                    /home/vishal/.m2/repository/io/opentracing/contrib/opentracing-spring-web/0.3.3/opentracing-spring-web-0.3.3.jar
7f06191a7000-7f06191a9000 r--s 00003000 08:05 9179205                    /home/vishal/.m2/repository/io/opentracing/contrib/opentracing-spring-web-starter/0.3.3/opentracing-spring-web-starter-0.3.3.jar
7f06191a9000-7f06191b9000 r--s 00078000 08:05 9177704                    /home/vishal/.m2/repository/org/springframework/boot/spring-boot-actuator/1.5.3.RELEASE/spring-boot-actuator-1.5.3.RELEASE.jar
7f06191b9000-7f06191ba000 r--s 00000000 08:05 9177702                    /home/vishal/.m2/repository/org/springframework/boot/spring-boot-starter-actuator/1.5.3.RELEASE/spring-boot-starter-actuator-1.5.3.RELEASE.jar
7f06191ba000-7f06191d2000 r--s 001bf000 08:05 1574062                    /home/vishal/.m2/repository/org/aspectj/aspectjweaver/1.8.10/aspectjweaver-1.8.10.jar
7f06191d2000-7f06191d4000 r--s 001eb000 08:05 9183162                    /home/vishal/.m2/repository/org/xerial/snappy/snappy-java/1.1.7.1/snappy-java-1.1.7.1.jar
7f06191d4000-7f06191d7000 r--s 00058000 08:05 9183160                    /home/vishal/.m2/repository/org/lz4/lz4-java/1.4.1/lz4-java-1.4.1.jar
7f06191d7000-7f06191f5000 r--s 00186000 08:05 9183158                    /home/vishal/.m2/repository/org/apache/kafka/kafka-clients/1.1.1/kafka-clients-1.1.1.jar
7f06191f5000-7f06191fa000 r--s 0001b000 08:05 1574279                    /home/vishal/.m2/repository/org/springframework/retry/spring-retry/1.2.0.RELEASE/spring-retry-1.2.0.RELEASE.jar
7f06191fa000-7f0619203000 r--s 00055000 08:05 1574276                    /home/vishal/.m2/repository/org/springframework/spring-messaging/4.3.8.RELEASE/spring-messaging-4.3.8.RELEASE.jar
7f0619203000-7f0619208000 r--s 00020000 08:05 1574274                    /home/vishal/.m2/repository/org/springframework/kafka/spring-kafka/1.1.4.RELEASE/spring-kafka-1.1.4.RELEASE.jar
7f0619208000-7f061920a000 r--s 0000a000 08:05 9175088                    /home/vishal/.m2/repository/org/egov/services/tracer/1.1.5-SNAPSHOT/tracer-1.1.5-SNAPSHOT.jar
7f061920a000-7f0619211000 r--s 0009f000 08:05 1574271                    /home/vishal/.m2/repository/org/postgresql/postgresql/9.4.1212.jre7/postgresql-9.4.1212.jre7.jar
7f0619211000-7f0619219000 r--s 0003a000 08:05 1574269                    /home/vishal/.m2/repository/org/springframework/spring-tx/4.3.8.RELEASE/spring-tx-4.3.8.RELEASE.jar
7f0619219000-7f0619227000 r--s 000ad000 08:05 1574266                    /home/vishal/.m2/repository/org/springframework/spring-beans/4.3.8.RELEASE/spring-beans-4.3.8.RELEASE.jar
7f0619227000-7f0619231000 r--s 0005f000 08:05 1574263                    /home/vishal/.m2/repository/org/springframework/spring-jdbc/4.3.8.RELEASE/spring-jdbc-4.3.8.RELEASE.jar
7f0619231000-7f0619233000 r--s 00009000 08:05 1574261                    /home/vishal/.m2/repository/org/apache/tomcat/tomcat-juli/8.5.14/tomcat-juli-8.5.14.jar
7f0619233000-7f0619236000 r--s 00021000 08:05 1574259                    /home/vishal/.m2/repository/org/apache/tomcat/tomcat-jdbc/8.5.14/tomcat-jdbc-8.5.14.jar
7f0619236000-7f0619237000 r--s 00000000 08:05 1574257                    /home/vishal/.m2/repository/org/springframework/boot/spring-boot-starter-jdbc/1.5.3.RELEASE/spring-boot-starter-jdbc-1.5.3.RELEASE.jar
7f0619237000-7f061923e000 r--s 00064000 08:05 1574255                    /home/vishal/.m2/repository/org/apache/commons/commons-lang3/3.4/commons-lang3-3.4.jar
7f061923e000-7f061924f000 r--s 00116000 08:05 1574132                    /home/vishal/.m2/repository/com/fasterxml/jackson/core/jackson-databind/2.7.9/jackson-databind-2.7.9.jar
7f061924f000-7f0619255000 r--s 0003d000 08:05 1574253                    /home/vishal/.m2/repository/org/yaml/snakeyaml/1.17/snakeyaml-1.17.jar
7f0619255000-7f0619258000 r--s 00042000 08:05 1574250                    /home/vishal/.m2/repository/com/fasterxml/jackson/core/jackson-core/2.8.8/jackson-core-2.8.8.jar
7f0619258000-7f0619261000 r--s 00046000 08:05 1574248                    /home/vishal/.m2/repository/com/fasterxml/jackson/dataformat/jackson-dataformat-yaml/2.7.9/jackson-dataformat-yaml-2.7.9.jar
7f0619261000-7f0619263000 r--s 00009000 08:05 1574246                    /home/vishal/.m2/repository/org/slf4j/slf4j-api/1.7.25/slf4j-api-1.7.25.jar
7f0619263000-7f0619264000 r--s 0000c000 08:05 1574241                    /home/vishal/.m2/repository/org/ow2/asm/asm/5.0.3/asm-5.0.3.jar
7f0619264000-7f0619266000 r--s 00012000 08:05 1574239                    /home/vishal/.m2/repository/net/minidev/accessors-smart/1.1/accessors-smart-1.1.jar
7f0619266000-7f0619269000 r--s 0001b000 08:05 1574416                    /home/vishal/.m2/repository/net/minidev/json-smart/2.2.1/json-smart-2.2.1.jar
7f0619269000-7f061926e000 r--s 0002e000 08:05 14160964                   /home/vishal/.m2/repository/com/jayway/jsonpath/json-path/2.2.0/json-path-2.2.0.jar
7f061926e000-7f0619272000 r--s 0002f000 08:05 526658                     /home/vishal/.m2/repository/commons-io/commons-io/2.5/commons-io-2.5.jar
7f0619272000-7f0619277000 r--s 0002a000 08:05 14681816                   /home/vishal/.m2/repository/com/google/code/gson/gson/2.2.2/gson-2.2.2.jar
7f0619277000-7f0619279000 r--s 0008f000 08:05 1574234                    /home/vishal/.m2/repository/org/webjars/bootstrap/3.3.7/bootstrap-3.3.7.jar
7f0619279000-7f0619299000 r--s 000e4000 08:05 1574232                    /home/vishal/.m2/repository/org/springframework/boot/spring-boot-autoconfigure/1.5.3.RELEASE/spring-boot-autoconfigure-1.5.3.RELEASE.jar
7f0619299000-7f06192b3000 r--s 000fd000 08:05 1574229                    /home/vishal/.m2/repository/org/springframework/spring-context/4.3.8.RELEASE/spring-context-4.3.8.RELEASE.jar
7f06192b3000-7f06192c3000 r--s 00094000 08:05 1574227                    /home/vishal/.m2/repository/org/springframework/boot/spring-boot/1.5.3.RELEASE/spring-boot-1.5.3.RELEASE.jar
7f06192c3000-7f06192c9000 r--s 0002f000 08:05 1574224                    /home/vishal/.m2/repository/org/springframework/boot/spring-boot-devtools/1.5.3.RELEASE/spring-boot-devtools-1.5.3.RELEASE.jar
7f06192c9000-7f0619316000 r--s 0040d000 08:05 14290484                   /home/vishal/.m2/repository/org/codehaus/groovy/groovy/2.4.10/groovy-2.4.10.jar
7f0619316000-7f0619319000 r--s 0001a000 08:05 1574218                    /home/vishal/.m2/repository/nz/net/ultraq/thymeleaf/thymeleaf-layout-dialect/1.4.0/thymeleaf-layout-dialect-1.4.0.jar
7f0619319000-7f0619323000 r--s 000aa000 08:05 1574215                    /home/vishal/.m2/repository/org/javassist/javassist/3.21.0-GA/javassist-3.21.0-GA.jar
7f0619323000-7f0619330000 r--s 000b7000 08:05 1574210                    /home/vishal/.m2/repository/org/thymeleaf/thymeleaf/2.1.5.RELEASE/thymeleaf-2.1.5.RELEASE.jar
7f0619330000-7f0619335000 r--s 0003c000 08:05 1574205                    /home/vishal/.m2/repository/org/springframework/spring-expression/4.3.8.RELEASE/spring-expression-4.3.8.RELEASE.jar
7f0619335000-7f0619346000 r--s 000cf000 08:05 1574203                    /home/vishal/.m2/repository/org/springframework/spring-webmvc/4.3.8.RELEASE/spring-webmvc-4.3.8.RELEASE.jar
7f0619346000-7f0619357000 r--s 000b7000 08:05 1574198                    /home/vishal/.m2/repository/org/springframework/spring-web/4.3.8.RELEASE/spring-web-4.3.8.RELEASE.jar
7f0619357000-7f0619368000 r--s 000a1000 08:05 1574190                    /home/vishal/.m2/repository/org/hibernate/hibernate-validator/5.3.5.Final/hibernate-validator-5.3.5.Final.jar
7f0619368000-7f0619391000 r--s 002bf000 08:05 1574184                    /home/vishal/.m2/repository/org/apache/tomcat/embed/tomcat-embed-core/8.5.14/tomcat-embed-core-8.5.14.jar
7f0619391000-7f0619427000 r--s 0110a000 08:05 12193273                   /usr/lib/jvm/java-8-oracle/jre/lib/ext/jfxrt.jar
7f0619427000-7f0619438000 r-xp 00000000 08:05 12193426                   /usr/lib/jvm/java-8-oracle/jre/lib/amd64/libnio.so
7f0619438000-7f0619637000 ---p 00011000 08:05 12193426                   /usr/lib/jvm/java-8-oracle/jre/lib/amd64/libnio.so
7f0619637000-7f0619638000 rw-p 00010000 08:05 12193426                   /usr/lib/jvm/java-8-oracle/jre/lib/amd64/libnio.so
7f0619638000-7f061964e000 r-xp 00000000 08:05 12193423                   /usr/lib/jvm/java-8-oracle/jre/lib/amd64/libnet.so
7f061964e000-7f061984e000 ---p 00016000 08:05 12193423                   /usr/lib/jvm/java-8-oracle/jre/lib/amd64/libnet.so
7f061984e000-7f061984f000 rw-p 00016000 08:05 12193423                   /usr/lib/jvm/java-8-oracle/jre/lib/amd64/libnet.so
7f061984f000-7f0619858000 r-xp 00000000 08:05 12193431                   /usr/lib/jvm/java-8-oracle/jre/lib/amd64/libmanagement.so
7f0619858000-7f0619a57000 ---p 00009000 08:05 12193431                   /usr/lib/jvm/java-8-oracle/jre/lib/amd64/libmanagement.so
7f0619a57000-7f0619a58000 rw-p 00008000 08:05 12193431                   /usr/lib/jvm/java-8-oracle/jre/lib/amd64/libmanagement.so
7f0619a58000-7f0619a5b000 ---p 00000000 00:00 0 
7f0619a5b000-7f0619b59000 rw-p 00000000 00:00 0 
7f0619b59000-7f0619b5c000 ---p 00000000 00:00 0 
7f0619b5c000-7f0619c5a000 rw-p 00000000 00:00 0 
7f0619c5a000-7f0619c5d000 ---p 00000000 00:00 0 
7f0619c5d000-7f0619d5b000 rw-p 00000000 00:00 0 
7f0619d5b000-7f0619d5e000 ---p 00000000 00:00 0 
7f0619d5e000-7f0619e5c000 rw-p 00000000 00:00 0 
7f0619e5c000-7f0619e5f000 ---p 00000000 00:00 0 
7f0619e5f000-7f0619f5d000 rw-p 00000000 00:00 0 
7f0619f5d000-7f061a235000 r--p 00000000 08:05 11798673                   /usr/lib/locale/locale-archive
7f061a235000-7f061a238000 ---p 00000000 00:00 0 
7f061a238000-7f061a336000 rw-p 00000000 00:00 0 
7f061a336000-7f061a339000 ---p 00000000 00:00 0 
7f061a339000-7f061a437000 rw-p 00000000 00:00 0 
7f061a437000-7f061a438000 ---p 00000000 00:00 0 
7f061a438000-7f061c000000 rw-p 00000000 00:00 0 
7f061c000000-7f061c021000 rw-p 00000000 00:00 0 
7f061c021000-7f0620000000 ---p 00000000 00:00 0 
7f0620000000-7f0620003000 r--s 00020000 08:05 1574150                    /home/vishal/.m2/repository/org/unbescape/unbescape/1.1.0.RELEASE/unbescape-1.1.0.RELEASE.jar
7f0620003000-7f062000c000 r--s 00054000 08:05 1574200                    /home/vishal/.m2/repository/org/springframework/spring-aop/4.3.8.RELEASE/spring-aop-4.3.8.RELEASE.jar
7f062000c000-7f062006f000 rw-p 00000000 00:00 0 
7f062006f000-7f0620248000 r--s 03d64000 08:05 12062871                   /usr/lib/jvm/java-8-oracle/jre/lib/rt.jar
7f0620248000-7f0623dd8000 rw-p 00000000 00:00 0 
7f0623dd8000-7f0623dd9000 ---p 00000000 00:00 0 
7f0623dd9000-7f0623ed9000 rw-p 00000000 00:00 0 
7f0623ed9000-7f0623eda000 ---p 00000000 00:00 0 
7f0623eda000-7f0623fda000 rw-p 00000000 00:00 0 
7f0623fda000-7f0623fdb000 ---p 00000000 00:00 0 
7f0623fdb000-7f06240db000 rw-p 00000000 00:00 0 
7f06240db000-7f06240dc000 ---p 00000000 00:00 0 
7f06240dc000-7f062420c000 rw-p 00000000 00:00 0 
7f062420c000-7f0624458000 ---p 00000000 00:00 0 
7f0624458000-7f0624488000 rw-p 00000000 00:00 0 
7f0624488000-7f06246d3000 ---p 00000000 00:00 0 
7f06246d3000-7f06247bb000 rw-p 00000000 00:00 0 
7f06247bb000-7f0624811000 ---p 00000000 00:00 0 
7f0624811000-7f0624840000 rw-p 00000000 00:00 0 
7f0624840000-7f0624bd2000 ---p 00000000 00:00 0 
7f0624bd2000-7f0625732000 rwxp 00000000 00:00 0 
7f0625732000-7f0633bd2000 ---p 00000000 00:00 0 
7f0633bd2000-7f0633bed000 r-xp 00000000 08:05 12193419                   /usr/lib/jvm/java-8-oracle/jre/lib/amd64/libzip.so
7f0633bed000-7f0633ded000 ---p 0001b000 08:05 12193419                   /usr/lib/jvm/java-8-oracle/jre/lib/amd64/libzip.so
7f0633ded000-7f0633dee000 rw-p 0001b000 08:05 12193419                   /usr/lib/jvm/java-8-oracle/jre/lib/amd64/libzip.so
7f0633dee000-7f0633df9000 r-xp 00000000 08:05 10754530                   /lib/x86_64-linux-gnu/libnss_files-2.23.so
7f0633df9000-7f0633ff8000 ---p 0000b000 08:05 10754530                   /lib/x86_64-linux-gnu/libnss_files-2.23.so
7f0633ff8000-7f0633ff9000 r--p 0000a000 08:05 10754530                   /lib/x86_64-linux-gnu/libnss_files-2.23.so
7f0633ff9000-7f0633ffa000 rw-p 0000b000 08:05 10754530                   /lib/x86_64-linux-gnu/libnss_files-2.23.so
7f0633ffa000-7f0634000000 rw-p 00000000 00:00 0 
7f0634000000-7f0634bb5000 rw-p 00000000 00:00 0 
7f0634bb5000-7f0638000000 ---p 00000000 00:00 0 
7f0638000000-7f0638003000 r--s 00035000 08:05 1574213                    /home/vishal/.m2/repository/ognl/ognl/3.0.8/ognl-3.0.8.jar
7f0638003000-7f06380e9000 rw-p 00000000 00:00 0 
7f06380e9000-7f06380f4000 r-xp 00000000 08:05 10754534                   /lib/x86_64-linux-gnu/libnss_nis-2.23.so
7f06380f4000-7f06382f3000 ---p 0000b000 08:05 10754534                   /lib/x86_64-linux-gnu/libnss_nis-2.23.so
7f06382f3000-7f06382f4000 r--p 0000a000 08:05 10754534                   /lib/x86_64-linux-gnu/libnss_nis-2.23.so
7f06382f4000-7f06382f5000 rw-p 0000b000 08:05 10754534                   /lib/x86_64-linux-gnu/libnss_nis-2.23.so
7f06382f5000-7f063830b000 r-xp 00000000 08:05 10754514                   /lib/x86_64-linux-gnu/libnsl-2.23.so
7f063830b000-7f063850a000 ---p 00016000 08:05 10754514                   /lib/x86_64-linux-gnu/libnsl-2.23.so
7f063850a000-7f063850b000 r--p 00015000 08:05 10754514                   /lib/x86_64-linux-gnu/libnsl-2.23.so
7f063850b000-7f063850c000 rw-p 00016000 08:05 10754514                   /lib/x86_64-linux-gnu/libnsl-2.23.so
7f063850c000-7f063850e000 rw-p 00000000 00:00 0 
7f063850e000-7f0638516000 r-xp 00000000 08:05 10754525                   /lib/x86_64-linux-gnu/libnss_compat-2.23.so
7f0638516000-7f0638715000 ---p 00008000 08:05 10754525                   /lib/x86_64-linux-gnu/libnss_compat-2.23.so
7f0638715000-7f0638716000 r--p 00007000 08:05 10754525                   /lib/x86_64-linux-gnu/libnss_compat-2.23.so
7f0638716000-7f0638717000 rw-p 00008000 08:05 10754525                   /lib/x86_64-linux-gnu/libnss_compat-2.23.so
7f0638717000-7f0638742000 r-xp 00000000 08:05 12193413                   /usr/lib/jvm/java-8-oracle/jre/lib/amd64/libjava.so
7f0638742000-7f0638941000 ---p 0002b000 08:05 12193413                   /usr/lib/jvm/java-8-oracle/jre/lib/amd64/libjava.so
7f0638941000-7f0638943000 rw-p 0002a000 08:05 12193413                   /usr/lib/jvm/java-8-oracle/jre/lib/amd64/libjava.so
7f0638943000-7f0638950000 r-xp 00000000 08:05 12193418                   /usr/lib/jvm/java-8-oracle/jre/lib/amd64/libverify.so
7f0638950000-7f0638b50000 ---p 0000d000 08:05 12193418                   /usr/lib/jvm/java-8-oracle/jre/lib/amd64/libverify.so
7f0638b50000-7f0638b52000 rw-p 0000d000 08:05 12193418                   /usr/lib/jvm/java-8-oracle/jre/lib/amd64/libverify.so
7f0638b52000-7f0638b59000 r-xp 00000000 08:05 10754535                   /lib/x86_64-linux-gnu/librt-2.23.so
7f0638b59000-7f0638d58000 ---p 00007000 08:05 10754535                   /lib/x86_64-linux-gnu/librt-2.23.so
7f0638d58000-7f0638d59000 r--p 00006000 08:05 10754535                   /lib/x86_64-linux-gnu/librt-2.23.so
7f0638d59000-7f0638d5a000 rw-p 00007000 08:05 10754535                   /lib/x86_64-linux-gnu/librt-2.23.so
7f0638d5a000-7f0638e62000 r-xp 00000000 08:05 10754512                   /lib/x86_64-linux-gnu/libm-2.23.so
7f0638e62000-7f0639061000 ---p 00108000 08:05 10754512                   /lib/x86_64-linux-gnu/libm-2.23.so
7f0639061000-7f0639062000 r--p 00107000 08:05 10754512                   /lib/x86_64-linux-gnu/libm-2.23.so
7f0639062000-7f0639063000 rw-p 00108000 08:05 10754512                   /lib/x86_64-linux-gnu/libm-2.23.so
7f0639063000-7f0639d3c000 r-xp 00000000 08:05 12193396                   /usr/lib/jvm/java-8-oracle/jre/lib/amd64/server/libjvm.so
7f0639d3c000-7f0639f3b000 ---p 00cd9000 08:05 12193396                   /usr/lib/jvm/java-8-oracle/jre/lib/amd64/server/libjvm.so
7f0639f3b000-7f063a014000 rw-p 00cd8000 08:05 12193396                   /usr/lib/jvm/java-8-oracle/jre/lib/amd64/server/libjvm.so
7f063a014000-7f063a060000 rw-p 00000000 00:00 0 
7f063a060000-7f063a220000 r-xp 00000000 08:05 10754517                   /lib/x86_64-linux-gnu/libc-2.23.so
7f063a220000-7f063a420000 ---p 001c0000 08:05 10754517                   /lib/x86_64-linux-gnu/libc-2.23.so
7f063a420000-7f063a424000 r--p 001c0000 08:05 10754517                   /lib/x86_64-linux-gnu/libc-2.23.so
7f063a424000-7f063a426000 rw-p 001c4000 08:05 10754517                   /lib/x86_64-linux-gnu/libc-2.23.so
7f063a426000-7f063a42a000 rw-p 00000000 00:00 0 
7f063a42a000-7f063a42d000 r-xp 00000000 08:05 10754519                   /lib/x86_64-linux-gnu/libdl-2.23.so
7f063a42d000-7f063a62c000 ---p 00003000 08:05 10754519                   /lib/x86_64-linux-gnu/libdl-2.23.so
7f063a62c000-7f063a62d000 r--p 00002000 08:05 10754519                   /lib/x86_64-linux-gnu/libdl-2.23.so
7f063a62d000-7f063a62e000 rw-p 00003000 08:05 10754519                   /lib/x86_64-linux-gnu/libdl-2.23.so
7f063a62e000-7f063a644000 r-xp 00000000 08:05 12062251                   /usr/lib/jvm/java-8-oracle/lib/amd64/jli/libjli.so
7f063a644000-7f063a843000 ---p 00016000 08:05 12062251                   /usr/lib/jvm/java-8-oracle/lib/amd64/jli/libjli.so
7f063a843000-7f063a844000 rw-p 00015000 08:05 12062251                   /usr/lib/jvm/java-8-oracle/lib/amd64/jli/libjli.so
7f063a844000-7f063a85c000 r-xp 00000000 08:05 10754516                   /lib/x86_64-linux-gnu/libpthread-2.23.so
7f063a85c000-7f063aa5b000 ---p 00018000 08:05 10754516                   /lib/x86_64-linux-gnu/libpthread-2.23.so
7f063aa5b000-7f063aa5c000 r--p 00017000 08:05 10754516                   /lib/x86_64-linux-gnu/libpthread-2.23.so
7f063aa5c000-7f063aa5d000 rw-p 00018000 08:05 10754516                   /lib/x86_64-linux-gnu/libpthread-2.23.so
7f063aa5d000-7f063aa61000 rw-p 00000000 00:00 0 
7f063aa61000-7f063aa87000 r-xp 00000000 08:05 10754515                   /lib/x86_64-linux-gnu/ld-2.23.so
7f063aa87000-7f063aa88000 r--s 0002b000 08:05 1574236                    /home/vishal/.m2/repository/org/webjars/jquery/1.11.1/jquery-1.11.1.jar
7f063aa88000-7f063aa8b000 r--s 00034000 08:05 1574208                    /home/vishal/.m2/repository/org/thymeleaf/thymeleaf-spring4/2.1.5.RELEASE/thymeleaf-spring4-2.1.5.RELEASE.jar
7f063aa8b000-7f063aa8e000 r--s 0000e000 08:05 1574194                    /home/vishal/.m2/repository/org/jboss/logging/jboss-logging/3.3.1.Final/jboss-logging-3.3.1.Final.jar
7f063aa8e000-7f063aa92000 r--s 0000c000 08:05 1574287                    /home/vishal/.m2/repository/javax/validation/validation-api/1.1.0.Final/validation-api-1.1.0.Final.jar
7f063aa92000-7f063aa97000 r--s 00036000 08:05 1574188                    /home/vishal/.m2/repository/org/apache/tomcat/embed/tomcat-embed-websocket/8.5.14/tomcat-embed-websocket-8.5.14.jar
7f063aa97000-7f063ab61000 rw-p 00000000 00:00 0 
7f063ab61000-7f063ab64000 ---p 00000000 00:00 0 
7f063ab64000-7f063ac67000 rw-p 00000000 00:00 0 
7f063ac67000-7f063ac69000 r--s 0000e000 08:05 1574295                    /home/vishal/.m2/repository/com/fasterxml/classmate/1.3.3/classmate-1.3.3.jar
7f063ac69000-7f063ac6d000 r--s 00037000 08:05 1574186                    /home/vishal/.m2/repository/org/apache/tomcat/embed/tomcat-embed-el/8.5.14/tomcat-embed-el-8.5.14.jar
7f063ac6d000-7f063ac6e000 r--s 00000000 08:05 1574182                    /home/vishal/.m2/repository/org/springframework/boot/spring-boot-starter-tomcat/1.5.3.RELEASE/spring-boot-starter-tomcat-1.5.3.RELEASE.jar
7f063ac6e000-7f063ac6f000 r--s 00000000 08:05 1574180                    /home/vishal/.m2/repository/org/springframework/boot/spring-boot-starter-web/1.5.3.RELEASE/spring-boot-starter-web-1.5.3.RELEASE.jar
7f063ac6f000-7f063ac71000 r--s 00004000 08:05 1574177                    /home/vishal/.m2/repository/org/slf4j/log4j-over-slf4j/1.7.25/log4j-over-slf4j-1.7.25.jar
7f063ac71000-7f063ac73000 r--s 00000000 08:05 1574175                    /home/vishal/.m2/repository/org/slf4j/jul-to-slf4j/1.7.25/jul-to-slf4j-1.7.25.jar
7f063ac73000-7f063ac75000 r--s 00003000 08:05 1574173                    /home/vishal/.m2/repository/org/slf4j/jcl-over-slf4j/1.7.25/jcl-over-slf4j-1.7.25.jar
7f063ac75000-7f063ac76000 r--s 00000000 08:05 1574166                    /home/vishal/.m2/repository/org/springframework/boot/spring-boot-starter-logging/1.5.3.RELEASE/spring-boot-starter-logging-1.5.3.RELEASE.jar
7f063ac76000-7f063ac77000 r--s 00000000 08:05 1574163                    /home/vishal/.m2/repository/org/springframework/boot/spring-boot-starter/1.5.3.RELEASE/spring-boot-starter-1.5.3.RELEASE.jar
7f063ac77000-7f063ac78000 r--s 00000000 08:05 1574161                    /home/vishal/.m2/repository/org/springframework/boot/spring-boot-starter-thymeleaf/1.5.3.RELEASE/spring-boot-starter-thymeleaf-1.5.3.RELEASE.jar
7f063ac78000-7f063ac7b000 r--s 0000b000 08:05 1574020                    /home/vishal/.m2/repository/com/fasterxml/jackson/core/jackson-annotations/2.8.0/jackson-annotations-2.8.0.jar
7f063ac7b000-7f063ac7c000 r--s 00004000 08:05 1574054                    /home/vishal/.m2/repository/org/egov/services/services-common/0.9.0/services-common-0.9.0.jar
7f063ac7c000-7f063ac84000 rw-s 00000000 08:05 12852302                   /tmp/hsperfdata_vishal/12539
7f063ac84000-7f063ac85000 rw-p 00000000 00:00 0 
7f063ac85000-7f063ac86000 ---p 00000000 00:00 0 
7f063ac86000-7f063ac87000 r--p 00025000 08:05 10754515                   /lib/x86_64-linux-gnu/ld-2.23.so
7f063ac87000-7f063ac88000 rw-p 00026000 08:05 10754515                   /lib/x86_64-linux-gnu/ld-2.23.so
7f063ac88000-7f063ac89000 rw-p 00000000 00:00 0 
7ffd33220000-7ffd33244000 rw-p 00000000 00:00 0                          [stack]
7ffd3337a000-7ffd3337d000 r--p 00000000 00:00 0                          [vvar]
7ffd3337d000-7ffd3337f000 r-xp 00000000 00:00 0                          [vdso]
ffffffffff600000-ffffffffff601000 r-xp 00000000 00:00 0                  [vsyscall]

VM Arguments:
jvm_args: -Dcom.sun.management.jmxremote -Dcom.sun.management.jmxremote.port=41661 -Dcom.sun.management.jmxremote.authenticate=false -Dcom.sun.management.jmxremote.ssl=false -Djava.rmi.server.hostname=localhost -Dspring.liveBeansView.mbeanDomain -Dspring.application.admin.enabled=true -Djava.security.egd=file:/dev/./urandom -Xverify:none -XX:TieredStopAtLevel=1 -Dfile.encoding=UTF-8 
java_command: org.egov.InfraSearchApplication
java_class_path (initial): /usr/lib/jvm/java-8-oracle/jre/lib/resources.jar:/usr/lib/jvm/java-8-oracle/jre/lib/rt.jar:/usr/lib/jvm/java-8-oracle/jre/lib/jsse.jar:/usr/lib/jvm/java-8-oracle/jre/lib/jce.jar:/usr/lib/jvm/java-8-oracle/jre/lib/charsets.jar:/usr/lib/jvm/java-8-oracle/jre/lib/jfr.jar:/usr/lib/jvm/java-8-oracle/jre/lib/ext/jaccess.jar:/usr/lib/jvm/java-8-oracle/jre/lib/ext/jfxrt.jar:/usr/lib/jvm/java-8-oracle/jre/lib/ext/zipfs.jar:/usr/lib/jvm/java-8-oracle/jre/lib/ext/nashorn.jar:/usr/lib/jvm/java-8-oracle/jre/lib/ext/sunjce_provider.jar:/usr/lib/jvm/java-8-oracle/jre/lib/ext/sunpkcs11.jar:/usr/lib/jvm/java-8-oracle/jre/lib/ext/dnsns.jar:/usr/lib/jvm/java-8-oracle/jre/lib/ext/sunec.jar:/usr/lib/jvm/java-8-oracle/jre/lib/ext/localedata.jar:/usr/lib/jvm/java-8-oracle/jre/lib/ext/cldrdata.jar:/home/vishal/git/weekly_impact_email_feature/egov-services/core/egov-searcher/target/classes:/home/vishal/.m2/repository/org/egov/services/services-common/0.9.0/services-common-0.9.0.jar:/home/vishal/.m2/repository/com/fasterxml/jackson/core/jackson-annotations/2.8.0/jackson-annotations-2.8.0.jar:/home/vishal/.m2/repository/org/springframework/boot/spring-boot-starter-thymeleaf/1.5.3.RELEASE/spring-boot-starter-thymeleaf-1.5.3.RELEASE.jar:/home/vishal/.m2/repository/org/springframework/boot/spring-boot-starter/1.5.3.RELEASE/spring-boot-starter-1.5.3.RELEASE.jar:/home/vishal/.m2/repository/org/springframework/boot/spring-boot-starter-logging/1.5.3.RELEASE/spring-boot-starter-logging-1.5.3.RELEASE.jar:/home/vishal/.m2/repository/org/slf4j/jcl-over-slf4j/1.7.25/jcl-over-slf4j-1.7.25.jar:/home/vishal/.m2/repository/org/slf4j/jul-to-slf4j/1.7.25/jul-to-slf4j-1.7.25.jar:/home/vishal/.m2/repository/org/slf4j/log4j-over-slf4j/1.7.25/log4j-over-slf4j-1.7.25.jar:/home/vishal/.m2/repository/org/springframework/boot/spring-boot-starter-web/1.5.3.RELEASE/spring-boot-starter-web-1.5.3.RELEASE.jar:/home/vishal/.m2/repository/org/springframework/boot/spring-boot-starter-tomcat/1.5.3.
Launcher Type: SUN_STANDARD

Environment Variables:
JAVA_HOME=/usr/lib/jvm/java-8-oracle
PATH=/home/vishal/bin:/home/vishal/.local/bin:/usr/local/sbin:/usr/local/bin:/usr/sbin:/usr/bin:/sbin:/bin:/usr/games:/usr/local/games:/snap/bin:/usr/lib/jvm/java-8-oracle/bin:/usr/lib/jvm/java-8-oracle/db/bin:/usr/lib/jvm/java-8-oracle/jre/bin
SHELL=/bin/bash
DISPLAY=:0

Signal Handlers:
SIGSEGV: [libjvm.so+0xad01e0], sa_mask[0]=11111111011111111101111111111110, sa_flags=SA_RESTART|SA_SIGINFO
SIGBUS: [libjvm.so+0xad01e0], sa_mask[0]=11111111011111111101111111111110, sa_flags=SA_RESTART|SA_SIGINFO
SIGFPE: [libjvm.so+0x927fb0], sa_mask[0]=11111111011111111101111111111110, sa_flags=SA_RESTART|SA_SIGINFO
SIGPIPE: [libjvm.so+0x927fb0], sa_mask[0]=11111111011111111101111111111110, sa_flags=SA_RESTART|SA_SIGINFO
SIGXFSZ: [libjvm.so+0x927fb0], sa_mask[0]=11111111011111111101111111111110, sa_flags=SA_RESTART|SA_SIGINFO
SIGILL: [libjvm.so+0x927fb0], sa_mask[0]=11111111011111111101111111111110, sa_flags=SA_RESTART|SA_SIGINFO
SIGUSR1: SIG_DFL, sa_mask[0]=00000000000000000000000000000000, sa_flags=none
SIGUSR2: [libjvm.so+0x9297f0], sa_mask[0]=00100000000000000000000000000000, sa_flags=SA_RESTART|SA_SIGINFO
SIGHUP: [libjvm.so+0x92abf0], sa_mask[0]=11111111011111111101111111111110, sa_flags=SA_RESTART|SA_SIGINFO
SIGINT: [libjvm.so+0x92abf0], sa_mask[0]=11111111011111111101111111111110, sa_flags=SA_RESTART|SA_SIGINFO
SIGTERM: [libjvm.so+0x92abf0], sa_mask[0]=11111111011111111101111111111110, sa_flags=SA_RESTART|SA_SIGINFO
SIGQUIT: [libjvm.so+0x92abf0], sa_mask[0]=11111111011111111101111111111110, sa_flags=SA_RESTART|SA_SIGINFO


---------------  S Y S T E M  ---------------

OS:DISTRIB_ID=Ubuntu
DISTRIB_RELEASE=16.04
DISTRIB_CODENAME=xenial
DISTRIB_DESCRIPTION="Ubuntu 16.04.4 LTS"

uname:Linux 4.15.0-46-generic #49~16.04.1-Ubuntu SMP Tue Feb 12 17:45:24 UTC 2019 x86_64
libc:glibc 2.23 NPTL 2.23 
rlimit: STACK 8192k, CORE 0k, NPROC 30261, NOFILE 1048576, AS infinity
load average:1.38 1.19 0.85

/proc/meminfo:
MemTotal:        7806476 kB
MemFree:          126700 kB
MemAvailable:      38708 kB
Buffers:            6100 kB
Cached:           336804 kB
SwapCached:        10708 kB
Active:          4366132 kB
Inactive:         728944 kB
Active(anon):    4344776 kB
Inactive(anon):   704640 kB
Active(file):      21356 kB
Inactive(file):    24304 kB
Unevictable:     2173676 kB
Mlocked:         2173676 kB
SwapTotal:       8020988 kB
SwapFree:            816 kB
Dirty:               132 kB
Writeback:             0 kB
AnonPages:       6918548 kB
Mapped:           187620 kB
Shmem:            271660 kB
Slab:             136664 kB
SReclaimable:      50088 kB
SUnreclaim:        86576 kB
KernelStack:       24944 kB
PageTables:       140064 kB
NFS_Unstable:          0 kB
Bounce:                0 kB
WritebackTmp:          0 kB
CommitLimit:    11924224 kB
Committed_AS:   26608580 kB
VmallocTotal:   34359738367 kB
VmallocUsed:           0 kB
VmallocChunk:          0 kB
HardwareCorrupted:     0 kB
AnonHugePages:         0 kB
ShmemHugePages:        0 kB
ShmemPmdMapped:        0 kB
CmaTotal:              0 kB
CmaFree:               0 kB
HugePages_Total:       0
HugePages_Free:        0
HugePages_Rsvd:        0
HugePages_Surp:        0
Hugepagesize:       2048 kB
DirectMap4k:      915972 kB
DirectMap2M:     6057984 kB
DirectMap1G:     1048576 kB


CPU:total 4 (initial active 4) (2 cores per cpu, 2 threads per core) family 6 model 78 stepping 3, cmov, cx8, fxsr, mmx, sse, sse2, sse3, ssse3, sse4.1, sse4.2, popcnt, avx, avx2, aes, clmul, erms, rtm, 3dnowpref, lzcnt, ht, tsc, tscinvbit, bmi1, bmi2, adx

/proc/cpuinfo:
processor	: 0
vendor_id	: GenuineIntel
cpu family	: 6
model		: 78
model name	: Intel(R) Core(TM) i5-6300U CPU @ 2.40GHz
stepping	: 3
microcode	: 0xc6
cpu MHz		: 2655.111
cache size	: 3072 KB
physical id	: 0
siblings	: 4
core id		: 0
cpu cores	: 2
apicid		: 0
initial apicid	: 0
fpu		: yes
fpu_exception	: yes
cpuid level	: 22
wp		: yes
flags		: fpu vme de pse tsc msr pae mce cx8 apic sep mtrr pge mca cmov pat pse36 clflush dts acpi mmx fxsr sse sse2 ss ht tm pbe syscall nx pdpe1gb rdtscp lm constant_tsc art arch_perfmon pebs bts rep_good nopl xtopology nonstop_tsc cpuid aperfmperf tsc_known_freq pni pclmulqdq dtes64 monitor ds_cpl vmx smx est tm2 ssse3 sdbg fma cx16 xtpr pdcm pcid sse4_1 sse4_2 x2apic movbe popcnt tsc_deadline_timer aes xsave avx f16c rdrand lahf_lm abm 3dnowprefetch cpuid_fault epb invpcid_single pti ssbd ibrs ibpb stibp tpr_shadow vnmi flexpriority ept vpid fsgsbase tsc_adjust bmi1 hle avx2 smep bmi2 erms invpcid rtm mpx rdseed adx smap clflushopt intel_pt xsaveopt xsavec xgetbv1 xsaves dtherm ida arat pln pts hwp hwp_notify hwp_act_window hwp_epp flush_l1d
bugs		: cpu_meltdown spectre_v1 spectre_v2 spec_store_bypass l1tf
bogomips	: 4992.00
clflush size	: 64
cache_alignment	: 64
address sizes	: 39 bits physical, 48 bits virtual
power management:

processor	: 1
vendor_id	: GenuineIntel
cpu family	: 6
model		: 78
model name	: Intel(R) Core(TM) i5-6300U CPU @ 2.40GHz
stepping	: 3
microcode	: 0xc6
cpu MHz		: 2646.263
cache size	: 3072 KB
physical id	: 0
siblings	: 4
core id		: 1
cpu cores	: 2
apicid		: 2
initial apicid	: 2
fpu		: yes
fpu_exception	: yes
cpuid level	: 22
wp		: yes
flags		: fpu vme de pse tsc msr pae mce cx8 apic sep mtrr pge mca cmov pat pse36 clflush dts acpi mmx fxsr sse sse2 ss ht tm pbe syscall nx pdpe1gb rdtscp lm constant_tsc art arch_perfmon pebs bts rep_good nopl xtopology nonstop_tsc cpuid aperfmperf tsc_known_freq pni pclmulqdq dtes64 monitor ds_cpl vmx smx est tm2 ssse3 sdbg fma cx16 xtpr pdcm pcid sse4_1 sse4_2 x2apic movbe popcnt tsc_deadline_timer aes xsave avx f16c rdrand lahf_lm abm 3dnowprefetch cpuid_fault epb invpcid_single pti ssbd ibrs ibpb stibp tpr_shadow vnmi flexpriority ept vpid fsgsbase tsc_adjust bmi1 hle avx2 smep bmi2 erms invpcid rtm mpx rdseed adx smap clflushopt intel_pt xsaveopt xsavec xgetbv1 xsaves dtherm ida arat pln pts hwp hwp_notify hwp_act_window hwp_epp flush_l1d
bugs		: cpu_meltdown spectre_v1 spectre_v2 spec_store_bypass l1tf
bogomips	: 4992.00
clflush size	: 64
cache_alignment	: 64
address sizes	: 39 bits physical, 48 bits virtual
power management:

processor	: 2
vendor_id	: GenuineIntel
cpu family	: 6
model		: 78
model name	: Intel(R) Core(TM) i5-6300U CPU @ 2.40GHz
stepping	: 3
microcode	: 0xc6
cpu MHz		: 2656.169
cache size	: 3072 KB
physical id	: 0
siblings	: 4
core id		: 0
cpu cores	: 2
apicid		: 1
initial apicid	: 1
fpu		: yes
fpu_exception	: yes
cpuid level	: 22
wp		: yes
flags		: fpu vme de pse tsc msr pae mce cx8 apic sep mtrr pge mca cmov pat pse36 clflush dts acpi mmx fxsr sse sse2 ss ht tm pbe syscall nx pdpe1gb rdtscp lm constant_tsc art arch_perfmon pebs bts rep_good nopl xtopology nonstop_tsc cpuid aperfmperf tsc_known_freq pni pclmulqdq dtes64 monitor ds_cpl vmx smx est tm2 ssse3 sdbg fma cx16 xtpr pdcm pcid sse4_1 sse4_2 x2apic movbe popcnt tsc_deadline_timer aes xsave avx f16c rdrand lahf_lm abm 3dnowprefetch cpuid_fault epb invpcid_single pti ssbd ibrs ibpb stibp tpr_shadow vnmi flexpriority ept vpid fsgsbase tsc_adjust bmi1 hle avx2 smep bmi2 erms invpcid rtm mpx rdseed adx smap clflushopt intel_pt xsaveopt xsavec xgetbv1 xsaves dtherm ida arat pln pts hwp hwp_notify hwp_act_window hwp_epp flush_l1d
bugs		: cpu_meltdown spectre_v1 spectre_v2 spec_store_bypass l1tf
bogomips	: 4992.00
clflush size	: 64
cache_alignment	: 64
address sizes	: 39 bits physical, 48 bits virtual
power management:

processor	: 3
vendor_id	: GenuineIntel
cpu family	: 6
model		: 78
model name	: Intel(R) Core(TM) i5-6300U CPU @ 2.40GHz
stepping	: 3
microcode	: 0xc6
cpu MHz		: 2652.208
cache size	: 3072 KB
physical id	: 0
siblings	: 4
core id		: 1
cpu cores	: 2
apicid		: 3
initial apicid	: 3
fpu		: yes
fpu_exception	: yes
cpuid level	: 22
wp		: yes
flags		: fpu vme de pse tsc msr pae mce cx8 apic sep mtrr pge mca cmov pat pse36 clflush dts acpi mmx fxsr sse sse2 ss ht tm pbe syscall nx pdpe1gb rdtscp lm constant_tsc art arch_perfmon pebs bts rep_good nopl xtopology nonstop_tsc cpuid aperfmperf tsc_known_freq pni pclmulqdq dtes64 monitor ds_cpl vmx smx est tm2 ssse3 sdbg fma cx16 xtpr pdcm pcid sse4_1 sse4_2 x2apic movbe popcnt tsc_deadline_timer aes xsave avx f16c rdrand lahf_lm abm 3dnowprefetch cpuid_fault epb invpcid_single pti ssbd ibrs ibpb stibp tpr_shadow vnmi flexpriority ept vpid fsgsbase tsc_adjust bmi1 hle avx2 smep bmi2 erms invpcid rtm mpx rdseed adx smap clflushopt intel_pt xsaveopt xsavec xgetbv1 xsaves dtherm ida arat pln pts hwp hwp_notify hwp_act_window hwp_epp flush_l1d
bugs		: cpu_meltdown spectre_v1 spectre_v2 spec_store_bypass l1tf
bogomips	: 4992.00
clflush size	: 64
cache_alignment	: 64
address sizes	: 39 bits physical, 48 bits virtual
power management:



Memory: 4k page, physical 7806476k(128332k free), swap 8020988k(824k free)

vm_info: Java HotSpot(TM) 64-Bit Server VM (25.161-b12) for linux-amd64 JRE (1.8.0_161-b12), built on Dec 19 2017 16:12:43 by "java_re" with gcc 4.3.0 20080428 (Red Hat 4.3.0-8)

time: Thu Apr  4 12:03:16 2019
elapsed time: 142 seconds (0d 0h 2m 22s)

